1
 *****************************************************************************************************************************
 *****************************************************************************************************************************
 **************************************************                         **************************************************
 **************************************************          GOSIA          **************************************************
 **************************************************                         **************************************************
 *****************************************************************************************************************************
 *****************************************************************************************************************************





                    ROCHESTER COULOMB EXCITATION DATA ANALYSIS CODE BY T.CZOSNYKA,D.CLINE AND C.Y.WU
                                                  VERS. 20110524.2   NOV 2011






          14C beam on 194Pt target MAP                                                    
          ----------------------------------------------------------------------------------------------------

                                        LEVELS

     INDEX     PARITY         SPIN           ENERGY(MEV)
       1           +           0.0            0.0000
       2           +           2.0            7.0100

                                        MATRIX ELEMENTS


     MULTIPOLARITY=2
    INDEX   NF     NS          ME               LIMITS
       1      1      2        0.06300        0.00000        1.00000
       2      2      2        0.08000       -1.00000        1.00000

                                               REPRINT OF EXPERIMENTAL DATA TO BE FITTED





     EXPERIMENT  1
  PROJECTILE (  6., 14.)  45.000 MEV ---1 GE(LI) DETECTOR(S)  WEIGHT=0.10E+01
                    ** EXPERIMENTAL YIELDS **
    DECAY IS  IF         YIELD+/-ERROR

       1   2   1  0.500000E+03     0.300000E+03



     EXPERIMENT  2
  PROJECTILE (  6., 14.)  45.000 MEV ---1 GE(LI) DETECTOR(S)  WEIGHT=0.10E+01
                    ** EXPERIMENTAL YIELDS **
    DECAY IS  IF         YIELD+/-ERROR

       1   2   1  0.500000E+03     0.300000E+03


        2 EXPERIMENTAL YIELDS            2 MATRIX ELEMENTS TO BE VARIED






          ** EXPERIMENT  1 **


     PROJECTILE EXCITATION OF(  6, 14.000) ON( 78,194.000)
     ENERGY     43.750 MEV     BETA   0.819121E-01
     DISTANCE OF CLOSEST APPROACH FOR HEAD-ON COLLISIONS    16.5143 FM
     CM SCATTERING ANGLE    141.042 DEG     EPSILON     1.0607
     RECOIL ENERGY(MEV)     27.8316
     RECOIL BETA    0.653323E-01
     BOMBARDING ENERGY=     0.896 OF SAFE BOMBARDING ENERGY AT THIS ANGLE



          ** EXPERIMENT  2 **


     PROJECTILE EXCITATION OF(  6, 14.000) ON( 78,194.000)
     ENERGY     43.750 MEV     BETA   0.819121E-01
     DISTANCE OF CLOSEST APPROACH FOR HEAD-ON COLLISIONS    16.5143 FM
     CM SCATTERING ANGLE    154.133 DEG     EPSILON     1.0260
     RECOIL ENERGY(MEV)     27.2207
     RECOIL BETA    0.646113E-01
     BOMBARDING ENERGY=     0.911 OF SAFE BOMBARDING ENERGY AT THIS ANGLE


                              EXPERIMENT  1          MAX.XI=4.1617

                              E2        MI=0     MAX.ZETA= 4.182


     XI             Q1                      Q2


             SLOPE  INTERCEPT       SLOPE     INTERCEPT


  0.0000   0.00E+00  0.00E+00      -.95E-04  0.85E+00
  0.4624   -.12E-02  0.20E+00      0.98E-02  0.44E+00
  0.9248   -.38E-01  0.35E+00      0.43E-01  0.14E+00
  1.3872   -.12E+00  0.61E+00      0.48E-01  0.34E-01
  1.8496   -.26E+00  0.11E+01      0.42E-01  0.80E-02
  2.3120   -.44E+00  0.16E+01      0.35E-01  0.24E-02
  2.7745   -.60E+00  0.21E+01      0.29E-01  0.11E-02
  3.2369   -.66E+00  0.22E+01      0.25E-01  0.67E-03
  3.6993   -.69E+00  0.23E+01      0.22E-01  0.44E-03
  4.1617   -.69E+00  0.23E+01      0.20E-01  0.31E-03


                              E2        MI=+/-1     MAX.ZETA= 4.182


     XI             Q1                      Q2


             SLOPE  INTERCEPT       SLOPE     INTERCEPT


  0.0000   0.00E+00  0.18E-01      0.00E+00  -.00E+00
  1.0404   0.00E+00  0.27E-01      0.00E+00  -.33E-01
  2.0808   0.00E+00  0.97E-01      0.00E+00  -.41E-02
  3.1213   0.00E+00  0.18E+00      0.00E+00  -.19E-02
  4.1617   0.00E+00  0.18E+00      0.00E+00  -.14E-02


                              EXPERIMENT  2          MAX.XI=4.1617

                              E2        MI=0     MAX.ZETA= 4.182


     XI             Q1                      Q2


             SLOPE  INTERCEPT       SLOPE     INTERCEPT


  0.0000   0.00E+00  0.00E+00      -.43E-03  0.90E+00
  0.4624   -.12E-02  0.22E+00      0.12E-01  0.46E+00
  0.9248   -.43E-01  0.37E+00      0.49E-01  0.14E+00
  1.3872   -.13E+00  0.65E+00      0.53E-01  0.35E-01
  1.8496   -.27E+00  0.11E+01      0.46E-01  0.85E-02
  2.3120   -.46E+00  0.16E+01      0.39E-01  0.28E-02
  2.7745   -.61E+00  0.21E+01      0.33E-01  0.13E-02
  3.2369   -.67E+00  0.23E+01      0.28E-01  0.81E-03
  3.6993   -.69E+00  0.23E+01      0.25E-01  0.54E-03
  4.1617   -.68E+00  0.23E+01      0.22E-01  0.38E-03


                              E2        MI=+/-1     MAX.ZETA= 4.182


     XI             Q1                      Q2


             SLOPE  INTERCEPT       SLOPE     INTERCEPT


  0.0000   0.00E+00  0.13E-01      0.00E+00  -.00E+00
  1.0404   0.00E+00  0.19E-01      0.00E+00  -.23E-01
  2.0808   0.00E+00  0.75E-01      0.00E+00  -.25E-02
  3.1213   0.00E+00  0.17E+00      0.00E+00  -.92E-03
  4.1617   0.00E+00  0.18E+00      0.00E+00  -.67E-03


                    CALCULATED LIFETIMES

     LEVEL     LIFETIME(PSEC)     EXP        ERROR

        2       -.1000E+01
               ********* END OF EXECUTION **********
