1
 *****************************************************************************************************************************
 *****************************************************************************************************************************
 **************************************************                         **************************************************
 **************************************************          GOSIA2         **************************************************
 **************************************************                         **************************************************
 *****************************************************************************************************************************
 *****************************************************************************************************************************





                    ROCHESTER COULOMB EXCITATION DATA ANALYSIS CODE BY T.CZOSNYKA,D.CLINE AND C.Y.WU
                                                  LATEST REVISION- JUNE  2006






          14C beam on 194Pt target                                                        
          ----------------------------------------------------------------------------------------------------

                                        LEVELS

     INDEX     PARITY         SPIN           ENERGY(MEV)
       1           +           0.0            0.0000
       2           +           2.0            0.3280
       3           +           4.0            0.8110
       4           +           6.0            1.4118
       5           +           8.0            2.0995
       6           +           2.0            0.6220
       7           +           4.0            1.2295
       8           +           5.0            1.4987
       9           -           3.0            1.4320

                                        MATRIX ELEMENTS


     MULTIPOLARITY=1
    INDEX   NF     NS          ME               LIMITS
       1      2      9        0.00030       -0.00030        0.00030
       2      3      9        0.00044       -0.00050        0.00050
       3      6      9        0.00014       -0.00030        0.00030
       4      7      9        0.00152       -0.00300        0.00300
     MULTIPOLARITY=2
    INDEX   NF     NS          ME               LIMITS
       5      1      2        1.28108        0.00000        2.00000
       6      1      6        0.09835       -1.00000        1.00000
       7      2      2        0.83120       -1.00000        1.00000
       8      2      3        2.25913        0.00000        5.00000
       9      2      6        1.72302       -2.00000        2.00000
      10      2      7        0.14702       -1.00000        1.00000
      11      3      3        0.83120     COUPLED TO   7
      12      3      4        2.41057        0.00000        5.00000
      13      3      7        0.91684       -1.50000        1.50000
      14      4      5        2.38133        0.00000        5.00000
      15      6      6       -0.65960       -5.00000        5.00000
      16      6      7        1.12290       -2.00000        2.00000
      17      6      8        1.00000       -1.00000        1.00000
     MULTIPOLARITY=3
    INDEX   NF     NS          ME               LIMITS
      18      1      9        0.29867       -1.00000        1.00000
     MULTIPOLARITY=7
    INDEX   NF     NS          ME               LIMITS
      19      2      6        0.02992       -1.00000        1.00000
      20      3      7        0.13314       -1.00000        1.00000

                                               REPRINT OF EXPERIMENTAL DATA TO BE FITTED





     EXPERIMENT  1
  PROJECTILE ( 78.,194.)  43.750 MEV ---1 GE(LI) DETECTOR(S)  WEIGHT=0.10E+01
                    ** EXPERIMENTAL YIELDS **
    DECAY IS  IF         YIELD+/-ERROR

       8   4   3  0.402912E+03     0.201387E+02
      11   7   6  0.113034E+04     0.565408E+02
      12   3   2  0.275170E+05     0.137576E+04
      13   6   1  0.246029E+04     0.122973E+03
      14   6   2  0.170858E+05     0.854179E+03
      15   2   1  0.144593E+07     0.722888E+05



     EXPERIMENT  2
  PROJECTILE ( 78.,194.)  43.750 MEV ---1 GE(LI) DETECTOR(S)  WEIGHT=0.10E+01
                    ** EXPERIMENTAL YIELDS **
    DECAY IS  IF         YIELD+/-ERROR

       8   4   3  0.183431E+03     0.918628E+01
      11   7   6  0.515221E+03     0.258006E+02
      12   3   2  0.125405E+05     0.626934E+03
      13   6   1  0.112128E+04     0.560267E+02
      14   6   2  0.778350E+04     0.389141E+03
      15   2   1  0.659718E+06     0.329824E+05


       12 EXPERIMENTAL YIELDS           19 MATRIX ELEMENTS TO BE VARIED



                                        BRANCHING RATIOS

     NS1     NF1     NS2     NF2     RATIO(1:2)         ERROR
      6       1       6       2        0.13690        0.02300
      7       3       7       6        0.14400        0.01400
      7       2       7       6        0.12200        0.00800
      9       7       9       2        0.16000        0.00600
      9       3       9       2        0.39000        0.01100
      9       6       9       2        0.08100        0.00300
     BRANCHING RATIOS ARE TAKEN WITH WEIGHT    0.100000E+01



                              LIFETIMES(PSEC)


     LEVEL         LIFETIME     ERROR

        2           60.46         0.86
        3            5.34         0.29
        4            2.31         0.72
        5            1.59         0.43
        6           50.50         5.77
        7            5.50         0.87
        9          216.00        28.90

          LIFETIMES ARE TAKEN WITH WEIGHT    0.100000E+01


                    EXPERIMENTAL E2/M1 MIXING RATIOS


          TRANSITION            DELTA          ERROR

           6---  2               15.0000           2.0000

          E2/M1 MIXING RATIOS ARE TAKEN WITH WEIGHT    0.100000E+01


                              EXPERIMENTAL MATRIX ELEMENT(S)


          TRANSITION          MAT.EL.          ERROR

           2---  2                0.8300           0.0800
           6---  6               -0.6596           0.6596

           MATRIX ELEMENT(S) ARE TAKEN WITH WEIGHT    0.100000E+01



     *****  RESTART-MATRIX ELEMENTS OVERWRITTEN  *****




                                        MATRIX ELEMENTS


     MULTIPOLARITY=1
    INDEX   NF     NS          ME               LIMITS
       1      2      9        0.00030       -0.00030        0.00030
       2      3      9        0.00044       -0.00050        0.00050
       3      6      9        0.00014       -0.00030        0.00030
       4      7      9        0.00152       -0.00300        0.00300
     MULTIPOLARITY=2
    INDEX   NF     NS          ME               LIMITS
       5      1      2        1.28108        0.00000        2.00000
       6      1      6        0.09835       -1.00000        1.00000
       7      2      2        0.83120       -1.00000        1.00000
       8      2      3        2.25913        0.00000        5.00000
       9      2      6        1.72302       -2.00000        2.00000
      10      2      7        0.14702       -1.00000        1.00000
      11      3      3        0.82017     COUPLED TO   7
      12      3      4        2.41057        0.00000        5.00000
      13      3      7        0.91684       -1.50000        1.50000
      14      4      5        2.38133        0.00000        5.00000
      15      6      6       -0.65960       -5.00000        5.00000
      16      6      7        1.12290       -2.00000        2.00000
      17      6      8        1.00000       -1.00000        1.00000
     MULTIPOLARITY=3
    INDEX   NF     NS          ME               LIMITS
      18      1      9        0.29867       -1.00000        1.00000
     MULTIPOLARITY=7
    INDEX   NF     NS          ME               LIMITS
      19      2      6        0.02992       -1.00000        1.00000
      20      3      7        0.13314       -1.00000        1.00000



          ** EXPERIMENT  1 **


     TARGET EXCITATION OF( 78,194.000) BY(  6, 14.000)
     ENERGY     43.750 MEV     BETA   0.819121E-01
     DISTANCE OF CLOSEST APPROACH FOR HEAD-ON COLLISIONS    16.5143 FM
     CM SCATTERING ANGLE    140.779 DEG     EPSILON     1.0616
     RECOIL ENERGY(MEV)      9.7093
     RECOIL BETA    0.103661E-01
     BOMBARDING ENERGY=     0.896 OF SAFE BOMBARDING ENERGY AT THIS ANGLE



          ** EXPERIMENT  2 **


     TARGET EXCITATION OF( 78,194.000) BY(  6, 14.000)
     ENERGY     43.750 MEV     BETA   0.819121E-01
     DISTANCE OF CLOSEST APPROACH FOR HEAD-ON COLLISIONS    16.5143 FM
     CM SCATTERING ANGLE    153.949 DEG     EPSILON     1.0264
     RECOIL ENERGY(MEV)     10.3860
     RECOIL BETA    0.107213E-01
     BOMBARDING ENERGY=     0.911 OF SAFE BOMBARDING ENERGY AT THIS ANGLE


                              EXPERIMENT  1          MAX.XI=0.5887

                              E1        MI=0     MAX.ZETA= 0.767


     XI             Q1                      Q2


             SLOPE  INTERCEPT       SLOPE     INTERCEPT


  0.0000   0.00E+00  0.00E+00      -.11E-03  0.91E+00
  0.0654   0.16E-02  0.87E-01      -.52E-03  0.83E+00
  0.1308   0.14E-02  0.13E+00      -.43E-03  0.71E+00
  0.1962   0.53E-03  0.16E+00      0.56E-03  0.60E+00
  0.2616   -.54E-03  0.19E+00      0.21E-02  0.51E+00
  0.3270   -.17E-02  0.21E+00      0.40E-02  0.43E+00
  0.3924   -.30E-02  0.22E+00      0.60E-02  0.36E+00
  0.4578   -.46E-02  0.24E+00      0.78E-02  0.30E+00
  0.5232   -.67E-02  0.26E+00      0.95E-02  0.25E+00
  0.5887   -.95E-02  0.28E+00      0.11E-01  0.21E+00


                              E1        MI=+/-1     MAX.ZETA= 0.626


     XI             Q1                      Q2


             SLOPE  INTERCEPT       SLOPE     INTERCEPT


  0.0000   0.00E+00  0.11E-01      0.00E+00  -.00E+00
  0.1472   0.00E+00  0.33E-02      0.00E+00  -.54E-01
  0.2943   0.00E+00  0.49E-02      0.00E+00  -.55E-01
  0.4415   0.00E+00  0.10E-01      0.00E+00  -.45E-01
  0.5887   0.00E+00  0.14E-01      0.00E+00  -.35E-01


                              EXPERIMENT  1          MAX.XI=0.4788

                              E2        MI=0     MAX.ZETA= 0.737


     XI             Q1                      Q2


             SLOPE  INTERCEPT       SLOPE     INTERCEPT


  0.0000   0.00E+00  0.00E+00      -.34E-04  0.89E+00
  0.0532   0.11E-02  0.40E-01      -.21E-03  0.88E+00
  0.1064   0.18E-02  0.74E-01      -.66E-03  0.84E+00
  0.1596   0.21E-02  0.10E+00      -.10E-02  0.79E+00
  0.2128   0.20E-02  0.13E+00      -.12E-02  0.74E+00
  0.2660   0.17E-02  0.15E+00      -.91E-03  0.68E+00
  0.3192   0.11E-02  0.17E+00      -.31E-03  0.62E+00
  0.3724   0.45E-03  0.19E+00      0.61E-03  0.57E+00
  0.4256   -.30E-03  0.20E+00      0.18E-02  0.51E+00
  0.4788   -.11E-02  0.22E+00      0.31E-02  0.46E+00


                              E2        MI=+/-1     MAX.ZETA= 0.737


     XI             Q1                      Q2


             SLOPE  INTERCEPT       SLOPE     INTERCEPT


  0.0000   0.00E+00  0.19E-01      0.00E+00  -.00E+00
  0.1197   0.00E+00  0.15E-01      0.00E+00  -.53E-01
  0.2394   0.00E+00  0.71E-02      0.00E+00  -.78E-01
  0.3591   0.00E+00  0.12E-02      0.00E+00  -.85E-01
  0.4788   0.00E+00  0.82E-02      0.00E+00  -.81E-01


                              EXPERIMENT  1          MAX.XI=0.7589

                              E3        MI=0     MAX.ZETA= 0.500


     XI             Q1                      Q2


             SLOPE  INTERCEPT       SLOPE     INTERCEPT


  0.0000   0.00E+00  0.00E+00      -.13E-04  0.86E+00
  0.0843   0.77E-03  0.41E-01      -.18E-03  0.84E+00
  0.1687   0.13E-02  0.79E-01      -.56E-03  0.80E+00
  0.2530   0.14E-02  0.11E+00      -.86E-03  0.75E+00
  0.3373   0.13E-02  0.14E+00      -.87E-03  0.68E+00
  0.4216   0.88E-03  0.17E+00      -.48E-03  0.61E+00
  0.5060   0.32E-03  0.19E+00      0.30E-03  0.54E+00
  0.5903   -.35E-03  0.21E+00      0.14E-02  0.48E+00
  0.6746   -.12E-02  0.23E+00      0.27E-02  0.41E+00
  0.7589   -.22E-02  0.25E+00      0.42E-02  0.36E+00


                              E3        MI=+/-1     MAX.ZETA= 0.500


     XI             Q1                      Q2


             SLOPE  INTERCEPT       SLOPE     INTERCEPT


  0.0000   0.00E+00  0.24E-01      0.00E+00  -.00E+00
  0.1897   0.00E+00  0.18E-01      0.00E+00  -.68E-01
  0.3795   0.00E+00  0.53E-02      0.00E+00  -.10E+00
  0.5692   0.00E+00  0.71E-02      0.00E+00  -.10E+00
  0.7589   0.00E+00  0.17E-01      0.00E+00  -.89E-01


                              EXPERIMENT  2          MAX.XI=0.5887

                              E1        MI=0     MAX.ZETA= 0.767


     XI             Q1                      Q2


             SLOPE  INTERCEPT       SLOPE     INTERCEPT


  0.0000   0.00E+00  0.00E+00      -.13E-03  0.94E+00
  0.0654   0.18E-02  0.90E-01      -.58E-03  0.85E+00
  0.1308   0.15E-02  0.14E+00      -.48E-03  0.73E+00
  0.1962   0.58E-03  0.17E+00      0.62E-03  0.62E+00
  0.2616   -.61E-03  0.19E+00      0.24E-02  0.53E+00
  0.3270   -.19E-02  0.21E+00      0.44E-02  0.44E+00
  0.3924   -.33E-02  0.23E+00      0.65E-02  0.37E+00
  0.4578   -.51E-02  0.25E+00      0.86E-02  0.31E+00
  0.5232   -.73E-02  0.27E+00      0.10E-01  0.26E+00
  0.5887   -.10E-01  0.29E+00      0.12E-01  0.21E+00


                              E1        MI=+/-1     MAX.ZETA= 0.626


     XI             Q1                      Q2


             SLOPE  INTERCEPT       SLOPE     INTERCEPT


  0.0000   0.00E+00  0.74E-02      0.00E+00  -.00E+00
  0.1472   0.00E+00  0.24E-02      0.00E+00  -.37E-01
  0.2943   0.00E+00  0.33E-02      0.00E+00  -.37E-01
  0.4415   0.00E+00  0.70E-02      0.00E+00  -.31E-01
  0.5887   0.00E+00  0.95E-02      0.00E+00  -.24E-01


                              EXPERIMENT  2          MAX.XI=0.4788

                              E2        MI=0     MAX.ZETA= 0.737


     XI             Q1                      Q2


             SLOPE  INTERCEPT       SLOPE     INTERCEPT


  0.0000   0.00E+00  0.00E+00      -.42E-04  0.95E+00
  0.0532   0.13E-02  0.43E-01      -.26E-03  0.93E+00
  0.1064   0.22E-02  0.79E-01      -.80E-03  0.89E+00
  0.1596   0.25E-02  0.11E+00      -.13E-02  0.84E+00
  0.2128   0.24E-02  0.14E+00      -.14E-02  0.78E+00
  0.2660   0.20E-02  0.16E+00      -.11E-02  0.72E+00
  0.3192   0.13E-02  0.18E+00      -.30E-03  0.66E+00
  0.3724   0.47E-03  0.20E+00      0.83E-03  0.60E+00
  0.4256   -.44E-03  0.21E+00      0.23E-02  0.54E+00
  0.4788   -.14E-02  0.23E+00      0.39E-02  0.48E+00


                              E2        MI=+/-1     MAX.ZETA= 0.737


     XI             Q1                      Q2


             SLOPE  INTERCEPT       SLOPE     INTERCEPT


  0.0000   0.00E+00  0.13E-01      0.00E+00  -.00E+00
  0.1197   0.00E+00  0.11E-01      0.00E+00  -.37E-01
  0.2394   0.00E+00  0.50E-02      0.00E+00  -.55E-01
  0.3591   0.00E+00  0.78E-03      0.00E+00  -.60E-01
  0.4788   0.00E+00  0.57E-02      0.00E+00  -.57E-01


                              EXPERIMENT  2          MAX.XI=0.7589

                              E3        MI=0     MAX.ZETA= 0.500


     XI             Q1                      Q2


             SLOPE  INTERCEPT       SLOPE     INTERCEPT


  0.0000   0.00E+00  0.00E+00      -.17E-04  0.93E+00
  0.0843   0.10E-02  0.46E-01      -.24E-03  0.92E+00
  0.1687   0.17E-02  0.88E-01      -.74E-03  0.87E+00
  0.2530   0.19E-02  0.12E+00      -.11E-02  0.81E+00
  0.3373   0.16E-02  0.16E+00      -.11E-02  0.74E+00
  0.4216   0.11E-02  0.18E+00      -.52E-03  0.66E+00
  0.5060   0.32E-03  0.21E+00      0.55E-03  0.58E+00
  0.5903   -.59E-03  0.23E+00      0.20E-02  0.51E+00
  0.6746   -.17E-02  0.25E+00      0.38E-02  0.44E+00
  0.7589   -.30E-02  0.27E+00      0.57E-02  0.38E+00


                              E3        MI=+/-1     MAX.ZETA= 0.500


     XI             Q1                      Q2


             SLOPE  INTERCEPT       SLOPE     INTERCEPT


  0.0000   0.00E+00  0.18E-01      0.00E+00  -.00E+00
  0.1897   0.00E+00  0.13E-01      0.00E+00  -.49E-01
  0.3795   0.00E+00  0.38E-02      0.00E+00  -.72E-01
  0.5692   0.00E+00  0.51E-02      0.00E+00  -.74E-01
  0.7589   0.00E+00  0.12E-01      0.00E+00  -.64E-01
     *** CHISQ=  0.661057E+01 ***

     MATRIX ELEMENT   1 LOCKED!

     MATRIX ELEMENT   3 LOCKED!

     MATRIX ELEMENT   2 LOCKED!

     MATRIX ELEMENT   4 LOCKED!
     MINIMIZATION STOPPED-NUMBER OF STEPS NPTL=   10 EXCEEDED
     *** CHISQ=  0.656410E+01 ***



          EXP. AND CALCULATED BRANCHING RATIOS

     NS1     NF1     NS2     NF2     RATIO(1:2)         ERROR       CALC.RATIO     (EXP-CAL)/ERROR


      6       1       6       2        0.13690        0.02300        0.14607          -0.4
      7       3       7       6        0.14400        0.01400        0.14310           0.1
      7       2       7       6        0.12200        0.00800        0.12193           0.0
      9       7       9       2        0.16000        0.00600        0.16322          -0.5
      9       3       9       2        0.39000        0.01100        0.38732           0.2
      9       6       9       2        0.08100        0.00300        0.08052           0.2
          EXPERIMENT  1
          D(LOG(Y)/D(LOG(ME))


   4-- 3     (  8  0.20E+01)   (  5  0.20E+01)   ( 12  0.20E+01)   (  9  -.15E-01)   (  7  -.91E-02)   ( 13  -.74E-02)
   7-- 6     (  4  0.73E+00)   ( 18  0.70E+00)   ( 16  0.58E+00)   (  5  0.44E+00)   (  1  -.43E+00)   (  2  -.17E+00)
   3-- 2     (  5  0.17E+01)   (  8  0.16E+01)   ( 18  0.11E+00)   (  2  0.91E-01)   (  1  -.67E-01)   ( 11  0.28E-01)
   6-- 1     (  6  0.21E+01)   (  5  0.14E+01)   (  9  -.39E+00)   ( 18  0.78E-01)   ( 15  -.71E-01)   (  4  0.49E-01)
   6-- 2     (  9  0.17E+01)   (  5  0.14E+01)   ( 18  0.74E-01)   ( 15  -.71E-01)   (  4  0.46E-01)   (  1  -.46E-01)
   2-- 1     (  5  0.17E+01)   (  7  0.32E-01)   (  6  0.10E-01)   ( 18  0.84E-02)   (  8  -.78E-02)   (  9  0.75E-02)
          EXPERIMENT  2
          D(LOG(Y)/D(LOG(ME))


   4-- 3     (  8  0.21E+01)   (  5  0.20E+01)   ( 12  0.20E+01)   (  9  -.18E-01)   (  7  -.12E-01)   ( 13  -.88E-02)
   7-- 6     (  4  0.71E+00)   ( 18  0.68E+00)   ( 16  0.61E+00)   (  5  0.51E+00)   (  1  -.42E+00)   (  9  0.18E+00)
   3-- 2     (  5  0.17E+01)   (  8  0.17E+01)   ( 18  0.98E-01)   (  2  0.84E-01)   (  1  -.62E-01)   ( 11  0.32E-01)
   6-- 1     (  6  0.20E+01)   (  5  0.14E+01)   (  9  -.34E+00)   ( 15  -.76E-01)   ( 18  0.69E-01)   (  4  0.44E-01)
   6-- 2     (  9  0.17E+01)   (  5  0.14E+01)   ( 15  -.76E-01)   ( 18  0.64E-01)   (  4  0.41E-01)   (  1  -.41E-01)
   2-- 1     (  5  0.17E+01)   (  7  0.34E-01)   (  6  0.11E-01)   (  9  0.83E-02)   (  8  -.76E-02)   ( 18  0.76E-02)


                    VACUUM DEPOLARIZATION COEFFICIENTS 


     EXPERIMENT  1
     LEVEL          G2          G4          G6

        2         0.4785      0.2207      0.1054
        3         0.8255      0.6057      0.4435
        4         0.9430      0.8412      0.7406
        5         0.9439      0.8412      0.7342
        6         0.4775      0.2200      0.1049
        7         0.8869      0.7200      0.5750
        8         0.9352      0.8240      0.7153
        9         0.3667      0.1455      0.0686


                    VACUUM DEPOLARIZATION COEFFICIENTS 


     EXPERIMENT  2
     LEVEL          G2          G4          G6

        2         0.4704      0.2147      0.1022
        3         0.8201      0.5971      0.4355
        4         0.9410      0.8365      0.7344
        5         0.9420      0.8365      0.7279
        6         0.4695      0.2140      0.1017
        7         0.8830      0.7128      0.5671
        8         0.9329      0.8189      0.7088
        9         0.3597      0.1413      0.0665


                    NORMALIZATION CONSTANTS

  EXPERIMENT     DETECTORS(1-32)
  1  0.1855E+06
  2  0.1181E+06


                    RECOMMENDED RELATIVE GE(LI) EFFICIENCIES

  EXPERIMENT
  1  0.1000E+01
  2  0.1000E+01


     CALCULATED AND EXPERIMENTAL YIELDS   EXPERIMENT  1 DETECTOR  1

      NI     NF       II        IF         ENERGY(MEV)      YCAL        YEXP       PC. DIFF.  (YE-YC)/SIGMA
       4      3        6.0       4.0         0.6008      .2832E+03      .4029E+03     29.7      5.9          *?!*
       7      6        4.0       2.0         0.6075      .1124E+04      .1130E+04      0.6      0.1              
       3      2        4.0       2.0         0.4830      .3177E+05      .2752E+05    -15.5     -3.1          *?!*
       6      1        2.0       0.0         0.6220      .2581E+04      .2460E+04     -4.9     -1.0              
       6      2        2.0       2.0         0.2940      .2126E+05      .1709E+05    -24.4     -4.9          *?!*
       2      1        2.0       0.0         0.3280      .1258E+07      .1446E+07     13.0      2.6              

                                                  CHISQ SUBTOTAL =   0.765316E+02


     CALCULATED AND EXPERIMENTAL YIELDS   EXPERIMENT  2 DETECTOR  1

      NI     NF       II        IF         ENERGY(MEV)      YCAL        YEXP       PC. DIFF.  (YE-YC)/SIGMA
       4      3        6.0       4.0         0.6008      .1268E+03      .1834E+03     30.9      6.2          *?!*
       7      6        4.0       2.0         0.6075      .4688E+03      .5152E+03      9.0      1.8              
       3      2        4.0       2.0         0.4830      .1380E+05      .1254E+05    -10.1     -2.0              
       6      1        2.0       0.0         0.6220      .1129E+04      .1121E+04     -0.6     -0.1              
       6      2        2.0       2.0         0.2940      .9737E+04      .7783E+04    -25.1     -5.0          *?!*
       2      1        2.0       0.0         0.3280      .5076E+06      .6597E+06     23.1      4.6          *?!*

                                                  CHISQ SUBTOTAL =   0.918596E+02


          E2/M1 MIXING RATIOS
          TRANSITION          EXP.DELTA          CALC.DELTA          SIGMA

           6---  2               15.00              13.56             -0.72


                    CALCULATED LIFETIMES

     LEVEL     LIFETIME(PSEC)     EXP        ERROR

        2       0.6054E+02     0.6046E+02    0.8650E+00
        3       0.5784E+01     0.5340E+01    0.2880E+00
        4       0.1538E+01     0.2310E+01    0.7220E+00
        5       0.1572E+01     0.1590E+01    0.4300E+00
        6       0.6097E+02     0.5050E+02    0.5770E+01
        7       0.3179E+01     0.5500E+01    0.8660E+00
        8       0.1722E+01
        9       0.2086E+03     0.2160E+03    0.2890E+02


CALCULATED AND EXPERIMENTAL MATRIX ELEMENTS


     NI NF  EXP. ME   CURRENT ME   SIGMA
      2   2    0.8300    0.8203   -0.1211
      6   6   -0.6596   -1.0004   -0.5167

                                        MATRIX ELEMENTS


     MULTIPOLARITY=1
    INDEX   NF     NS          ME          PC CHANGE     RED. TRANS. PROB.
       1      2      9        0.00029       -1.26518        0.00000*?*
       2      3      9        0.00044       -1.49676        0.00000   
       3      6      9        0.00013       -1.55966        0.00000   
       4      7      9        0.00152        0.03008        0.00000   
     MULTIPOLARITY=2
    INDEX   NF     NS          ME          PC CHANGE     RED. TRANS. PROB.
       5      1      2        1.28567        0.35833        0.33059   
       6      1      6        0.09157       -6.90020        0.00168   
       7      2      2        0.82031       -1.31009     **********   
       8      2      3        2.16904       -3.98759        0.52275   
       9      2      6        1.55559       -9.71708        0.48397   
      10      2      7        0.19174       30.41631        0.00408   
      11      3      3        0.82031       -1.31009     **********   
      12      3      4        2.94541       22.18735        0.66734   
      13      3      7        1.41469       54.30033        0.22237   
      14      4      5        2.38160        0.01154        0.33365   
      15      6      6       -1.00043       51.67207     **********   
      16      6      7        1.47304       31.18174        0.24109   
      17      6      8        1.00000        0.00000        0.09091*?*
     MULTIPOLARITY=3
    INDEX   NF     NS          ME          PC CHANGE     RED. TRANS. PROB.
      18      1      9        0.64231      115.05250        0.05894   
     MULTIPOLARITY=7
    INDEX   NF     NS          ME          PC CHANGE     RED. TRANS. PROB.
      19      2      6        0.02807       -6.17335        0.00016   
      20      3      7        0.00207      -98.44438        0.00000   
               ********* END OF EXECUTION **********
