1
 *****************************************************************************************************************************
 *****************************************************************************************************************************
 **************************************************                         **************************************************
 **************************************************          GOSIA          **************************************************
 **************************************************                         **************************************************
 *****************************************************************************************************************************
 *****************************************************************************************************************************





                    ROCHESTER COULOMB EXCITATION DATA ANALYSIS CODE BY T.CZOSNYKA,D.CLINE AND C.Y.WU
                                                  VERSION: 20110524.5






          14C beam on 194Pt target                                                        
          ----------------------------------------------------------------------------------------------------

                                        LEVELS

     INDEX     PARITY         SPIN           ENERGY(MEV)
       1           +           0.0            0.0000
       2           +           2.0            0.3280
       3           +           4.0            0.8110
       4           +           6.0            1.4118
       5           +           8.0            2.0995
       6           +           2.0            0.6220
       7           +           4.0            1.2295
       8           +           5.0            1.4987
       9           -           3.0            1.4320

                                        MATRIX ELEMENTS


     MULTIPOLARITY=1
    INDEX   NF     NS          ME               LIMITS
       1      2      9        0.00030        0.00000        1.00000
       2      3      9        0.00044       -1.00000        1.00000
       3      6      9        0.00014       -1.00000        1.00000
       4      7      9        0.00152       -1.00000        1.00000
     MULTIPOLARITY=2
    INDEX   NF     NS          ME               LIMITS
       5      1      2        1.28108        0.00000        2.00000
       6      1      6        0.09835       -1.00000        1.00000
       7      2      2        0.83120       -1.00000        1.00000
       8      2      3        2.25913        0.00000        5.00000
       9      2      6        1.72302       -2.00000        2.00000
      10      2      7        0.14702       -1.00000        1.00000
      11      3      3        0.83120     COUPLED TO   7
      12      3      4        2.41057        0.00000        5.00000
      13      3      7        0.91684       -1.50000        1.50000
      14      4      5        2.38133        0.00000        5.00000
      15      6      6       -0.65960       -5.00000        5.00000
      16      6      7        1.12290       -2.00000        2.00000
      17      6      8        1.00000       -1.00000        1.00000
     MULTIPOLARITY=3
    INDEX   NF     NS          ME               LIMITS
      18      1      9        0.29867       -1.00000        1.00000
     MULTIPOLARITY=7
    INDEX   NF     NS          ME               LIMITS
      19      2      6        0.02992       -1.00000        1.00000
      20      3      7        0.13314       -1.00000        1.00000

                                               REPRINT OF EXPERIMENTAL DATA TO BE FITTED





     EXPERIMENT  1
  PROJECTILE ( 78.,194.)  43.750 MEV ---1 GE(LI) DETECTOR(S)  WEIGHT=0.10E+01
                    ** EXPERIMENTAL YIELDS **
    DECAY IS  IF         YIELD+/-ERROR

       8   4   3  0.586657E+04     0.293368E+03
      11   7   6  0.162513E+05     0.812152E+03
      12   3   2  0.398304E+06     0.199124E+05
      13   6   1  0.355743E+05     0.177890E+04
      14   6   2  0.248105E+06     0.124038E+05
      15   2   1  0.206561E+08     0.619622E+06


        6 EXPERIMENTAL YIELDS           19 MATRIX ELEMENTS TO BE VARIED



                                        BRANCHING RATIOS

     NS1     NF1     NS2     NF2     RATIO(1:2)         ERROR
      6       1       6       2        0.13690        0.02300
      7       3       7       6        0.14400        0.01400
      7       2       7       6        0.12200        0.00800
      9       7       9       2        0.16000        0.00600
      9       3       9       2        0.39000        0.01100
      9       6       9       2        0.08100        0.00300
     BRANCHING RATIOS ARE TAKEN WITH WEIGHT    0.100000E+01



                              LIFETIMES(PSEC)


     LEVEL         LIFETIME     ERROR

        2           60.46         0.86
        3            5.34         0.29
        4            2.31         0.72
        5            1.59         0.43
        6           50.50         5.77
        7            5.50         0.87
        9          216.00        28.90

          LIFETIMES ARE TAKEN WITH WEIGHT    0.100000E+01


                    EXPERIMENTAL E2/M1 MIXING RATIOS


          TRANSITION            DELTA          ERROR

           6---  2               15.0000           2.0000

          E2/M1 MIXING RATIOS ARE TAKEN WITH WEIGHT    0.100000E+01


                              EXPERIMENTAL MATRIX ELEMENT(S)


          TRANSITION          MAT.EL.          ERROR

           2---  2                0.8300           0.0800
           6---  6               -0.6596        1000.0000

           MATRIX ELEMENT(S) ARE TAKEN WITH WEIGHT    0.100000E+01



     *****  RESTART-MATRIX ELEMENTS OVERWRITTEN  *****




                                        MATRIX ELEMENTS


     MULTIPOLARITY=1
    INDEX   NF     NS          ME               LIMITS
       1      2      9        0.00030        0.00000        1.00000
       2      3      9        0.00044       -1.00000        1.00000
       3      6      9        0.00013       -1.00000        1.00000
       4      7      9        0.00152       -1.00000        1.00000
     MULTIPOLARITY=2
    INDEX   NF     NS          ME               LIMITS
       5      1      2        1.28640        0.00000        2.00000
       6      1      6        0.08975       -1.00000        1.00000
       7      2      2        0.82000       -1.00000        1.00000
       8      2      3        2.16685        0.00000        5.00000
       9      2      6        1.56165       -2.00000        2.00000
      10      2      7        0.19183       -1.00000        1.00000
      11      3      3        0.82000     COUPLED TO   7
      12      3      4        2.94298        0.00000        5.00000
      13      3      7        1.41474       -1.50000        1.50000
      14      4      5        2.38160        0.00000        5.00000
      15      6      6       -1.00000       -5.00000        5.00000
      16      6      7        1.47304       -2.00000        2.00000
      17      6      8        1.00000       -1.00000        1.00000
     MULTIPOLARITY=3
    INDEX   NF     NS          ME               LIMITS
      18      1      9        0.64212       -1.00000        1.00000
     MULTIPOLARITY=7
    INDEX   NF     NS          ME               LIMITS
      19      2      6        0.02555       -1.00000        1.00000
      20      3      7        0.00207       -1.00000        1.00000



          ** EXPERIMENT  1 **


     TARGET EXCITATION OF( 78,194.000) BY(  6, 14.000)
     ENERGY     43.750 MEV     BETA   0.819121E-01
     DISTANCE OF CLOSEST APPROACH FOR HEAD-ON COLLISIONS    16.5143 FM
     CM SCATTERING ANGLE    147.382 DEG     EPSILON     1.0419
     RECOIL ENERGY(MEV)     10.0790
     RECOIL BETA    0.105616E-01
     BOMBARDING ENERGY=     0.904 OF SAFE BOMBARDING ENERGY AT THIS ANGLE


                              EXPERIMENT  1          MAX.XI=0.5887

                              E1        MI=0     MAX.ZETA= 0.767


     XI             Q1                      Q2


             SLOPE  INTERCEPT       SLOPE     INTERCEPT


  0.0000   0.00E+00  0.00E+00      -.12E-03  0.93E+00
  0.0654   0.17E-02  0.88E-01      -.55E-03  0.84E+00
  0.1308   0.15E-02  0.13E+00      -.46E-03  0.72E+00
  0.1962   0.55E-03  0.17E+00      0.61E-03  0.61E+00
  0.2616   -.58E-03  0.19E+00      0.23E-02  0.52E+00
  0.3270   -.18E-02  0.21E+00      0.43E-02  0.44E+00
  0.3924   -.32E-02  0.23E+00      0.62E-02  0.37E+00
  0.4578   -.48E-02  0.25E+00      0.82E-02  0.30E+00
  0.5232   -.71E-02  0.26E+00      0.10E-01  0.25E+00
  0.5887   -.10E-01  0.29E+00      0.12E-01  0.21E+00


                              E1        MI=+/-1     MAX.ZETA= 0.626


     XI             Q1                      Q2


             SLOPE  INTERCEPT       SLOPE     INTERCEPT


  0.0000   0.00E+00  0.91E-02      0.00E+00  -.00E+00
  0.1472   0.00E+00  0.29E-02      0.00E+00  -.45E-01
  0.2943   0.00E+00  0.40E-02      0.00E+00  -.46E-01
  0.4415   0.00E+00  0.87E-02      0.00E+00  -.38E-01
  0.5887   0.00E+00  0.12E-01      0.00E+00  -.29E-01


                              EXPERIMENT  1          MAX.XI=0.4788

                              E2        MI=0     MAX.ZETA= 0.737


     XI             Q1                      Q2


             SLOPE  INTERCEPT       SLOPE     INTERCEPT


  0.0000   0.00E+00  0.00E+00      -.38E-04  0.92E+00
  0.0532   0.12E-02  0.41E-01      -.24E-03  0.91E+00
  0.1064   0.20E-02  0.77E-01      -.74E-03  0.87E+00
  0.1596   0.23E-02  0.11E+00      -.12E-02  0.82E+00
  0.2128   0.22E-02  0.13E+00      -.13E-02  0.76E+00
  0.2660   0.18E-02  0.16E+00      -.99E-03  0.70E+00
  0.3192   0.12E-02  0.18E+00      -.31E-03  0.64E+00
  0.3724   0.47E-03  0.19E+00      0.73E-03  0.58E+00
  0.4256   -.37E-03  0.21E+00      0.20E-02  0.53E+00
  0.4788   -.13E-02  0.22E+00      0.36E-02  0.47E+00


                              E2        MI=+/-1     MAX.ZETA= 0.737


     XI             Q1                      Q2


             SLOPE  INTERCEPT       SLOPE     INTERCEPT


  0.0000   0.00E+00  0.16E-01      0.00E+00  -.00E+00
  0.1197   0.00E+00  0.13E-01      0.00E+00  -.45E-01
  0.2394   0.00E+00  0.61E-02      0.00E+00  -.67E-01
  0.3591   0.00E+00  0.97E-03      0.00E+00  -.73E-01
  0.4788   0.00E+00  0.70E-02      0.00E+00  -.70E-01


                              EXPERIMENT  1          MAX.XI=0.7589

                              E3        MI=0     MAX.ZETA= 0.500


     XI             Q1                      Q2


             SLOPE  INTERCEPT       SLOPE     INTERCEPT


  0.0000   0.00E+00  0.00E+00      -.15E-04  0.90E+00
  0.0843   0.90E-03  0.44E-01      -.21E-03  0.88E+00
  0.1687   0.15E-02  0.84E-01      -.65E-03  0.84E+00
  0.2530   0.17E-02  0.12E+00      -.99E-03  0.78E+00
  0.3373   0.15E-02  0.15E+00      -.98E-03  0.71E+00
  0.4216   0.98E-03  0.18E+00      -.50E-03  0.64E+00
  0.5060   0.32E-03  0.20E+00      0.42E-03  0.56E+00
  0.5903   -.47E-03  0.22E+00      0.17E-02  0.49E+00
  0.6746   -.14E-02  0.24E+00      0.33E-02  0.43E+00
  0.7589   -.26E-02  0.26E+00      0.50E-02  0.37E+00


                              E3        MI=+/-1     MAX.ZETA= 0.500


     XI             Q1                      Q2


             SLOPE  INTERCEPT       SLOPE     INTERCEPT


  0.0000   0.00E+00  0.21E-01      0.00E+00  -.00E+00
  0.1897   0.00E+00  0.16E-01      0.00E+00  -.60E-01
  0.3795   0.00E+00  0.46E-02      0.00E+00  -.87E-01
  0.5692   0.00E+00  0.62E-02      0.00E+00  -.89E-01
  0.7589   0.00E+00  0.15E-01      0.00E+00  -.77E-01
     *** CHISQ=  0.376173E+01 ***

     MATRIX ELEMENT   1 LOCKED!

     MATRIX ELEMENT   3 LOCKED!

     MATRIX ELEMENT   2 LOCKED!
     MINIMIZATION STOPPED-NUMBER OF STEPS NPTL=   10 EXCEEDED
     *** CHISQ=  0.376167E+01 ***



          EXP. AND CALCULATED BRANCHING RATIOS

     NS1     NF1     NS2     NF2     RATIO(1:2)         ERROR       CALC.RATIO     (EXP-CAL)/ERROR


      6       1       6       2        0.13690        0.02300        0.13936          -0.1
      7       3       7       6        0.14400        0.01400        0.14311           0.1
      7       2       7       6        0.12200        0.00800        0.12205          -0.0
      9       7       9       2        0.16000        0.00600        0.16045          -0.1
      9       3       9       2        0.39000        0.01100        0.38795           0.2
      9       6       9       2        0.08100        0.00300        0.08091           0.0
          EXPERIMENT  1
          D(LOG(Y)/D(LOG(ME))


   4-- 3     (  8  0.21E+01)   ( 12  0.20E+01)   (  5  0.20E+01)   (  9  -.17E-01)   (  7  -.11E-01)   ( 13  -.82E-02)
   7-- 6     (  4  0.67E+00)   ( 18  0.64E+00)   ( 16  0.63E+00)   (  5  0.51E+00)   (  1  -.39E+00)   (  9  0.18E+00)
   3-- 2     (  8  0.17E+01)   (  5  0.17E+01)   ( 18  0.87E-01)   (  2  0.74E-01)   (  1  -.54E-01)   ( 11  0.31E-01)
   6-- 1     (  6  0.20E+01)   (  5  0.14E+01)   (  9  -.31E+00)   ( 15  -.73E-01)   ( 18  0.67E-01)   (  1  -.42E-01)
   6-- 2     (  9  0.17E+01)   (  5  0.14E+01)   ( 15  -.73E-01)   ( 18  0.68E-01)   (  1  -.43E-01)   (  4  0.43E-01)
   2-- 1     (  5  0.18E+01)   (  7  0.33E-01)   (  6  0.10E-01)   ( 18  0.73E-02)   (  8  -.67E-02)   (  9  0.49E-02)


                    VACUUM DEPOLARIZATION COEFFICIENTS 


     EXPERIMENT  1
     LEVEL          G2          G4          G6

        2         0.4694      0.2155      0.1037
        3         0.8219      0.6003      0.4385
        4         0.9418      0.8383      0.7368
        5         0.9428      0.8386      0.7307
        6         0.4685      0.2148      0.1032
        7         0.8846      0.7159      0.5706
        8         0.9339      0.8211      0.7116
        9         0.3539      0.1400      0.0660


                    NORMALIZATION CONSTANTS

  EXPERIMENT     DETECTORS(1-32)
  1  0.7078E+08


                    RECOMMENDED RELATIVE GE(LI) EFFICIENCIES

  EXPERIMENT
  1  0.1000E+01

                                        MATRIX ELEMENTS


     MULTIPOLARITY=1
    INDEX   NF     NS          ME               LIMITS
       1      2      9        0.00030     FIXED
       2      3      9        0.00044     FIXED
       3      6      9        0.00013     FIXED
       4      7      9        0.00152       -1.00000        1.00000
     MULTIPOLARITY=2
    INDEX   NF     NS          ME               LIMITS
       5      1      2        1.28640        0.00000        2.00000
       6      1      6        0.08975       -1.00000        1.00000
       7      2      2        0.82000       -1.00000        1.00000
       8      2      3        2.16685        0.00000        5.00000
       9      2      6        1.56165       -2.00000        2.00000
      10      2      7        0.19183       -1.00000        1.00000
      11      3      3        0.82000     COUPLED TO   7
      12      3      4        2.94298        0.00000        5.00000
      13      3      7        1.41474       -1.50000        1.50000
      14      4      5        2.38160        0.00000        5.00000
      15      6      6       -1.00000       -5.00000        5.00000
      16      6      7        1.47304       -2.00000        2.00000
      17      6      8        1.00000       -1.00000        1.00000
     MULTIPOLARITY=3
    INDEX   NF     NS          ME               LIMITS
      18      1      9        0.64212       -1.00000        1.00000
     MULTIPOLARITY=7
    INDEX   NF     NS          ME               LIMITS
      19      2      6        0.02555       -1.00000        1.00000
      20      3      7        0.00207       -1.00000        1.00000


     CALCULATED AND EXPERIMENTAL YIELDS   EXPERIMENT  1 DETECTOR  1

      NI     NF       II        IF         ENERGY(MEV)      YCAL        YEXP       PC. DIFF.  (YE-YC)/SIGMA
       4      3        6.0       4.0         0.6008      .4726E+04      .5867E+04     19.4      3.9          *?!*
       7      6        4.0       2.0         0.6075      .1601E+05      .1625E+05      1.5      0.3              
       3      2        4.0       2.0         0.4830      .5083E+06      .3983E+06    -27.6     -5.5          *?!*
       6      1        2.0       0.0         0.6220      .3702E+05      .3557E+05     -4.1     -0.8              
       6      2        2.0       2.0         0.2940      .2694E+06      .2481E+06     -8.6     -1.7              
       2      1        2.0       0.0         0.3280      .1794E+08      .2066E+08     13.1      4.4          *?!*

                                                  CHISQ SUBTOTAL =   0.684899E+02


          E2/M1 MIXING RATIOS
          TRANSITION          EXP.DELTA          CALC.DELTA          SIGMA

           6---  2               15.00              14.96             -0.02


                    CALCULATED LIFETIMES

     LEVEL     LIFETIME(PSEC)     EXP        ERROR

        2       0.6048E+02     0.6046E+02    0.8650E+00
        3       0.5796E+01     0.5340E+01    0.2880E+00
        4       0.1540E+01     0.2310E+01    0.7220E+00
        5       0.1572E+01     0.1590E+01    0.4300E+00
        6       0.6089E+02     0.5050E+02    0.5770E+01
        7       0.3179E+01     0.5500E+01    0.8660E+00
        8       0.1722E+01
        9       0.2059E+03     0.2160E+03    0.2890E+02


CALCULATED AND EXPERIMENTAL MATRIX ELEMENTS


     NI NF  EXP. ME   CURRENT ME   SIGMA
      2   2    0.8300    0.8200   -0.1250
      6   6   -0.6596   -1.0000   -0.0003

                                        MATRIX ELEMENTS


     MULTIPOLARITY=1
    INDEX   NF     NS          ME          PC CHANGE     RED. TRANS. PROB.
       1      2      9        0.00030       -0.00715        0.00000*?*
       2      3      9        0.00044       -0.01161        0.00000   
       3      6      9        0.00013       -0.00772        0.00000   
       4      7      9        0.00152       -0.02437        0.00000   
     MULTIPOLARITY=2
    INDEX   NF     NS          ME          PC CHANGE     RED. TRANS. PROB.
       5      1      2        1.28640        0.00000        0.33096   
       6      1      6        0.08975       -0.00044        0.00161   
       7      2      2        0.82000        0.00000     **********   
       8      2      3        2.16685       -0.00000        0.52169   
       9      2      6        1.56165       -0.00000        0.48775   
      10      2      7        0.19183       -0.00001        0.00409   
      11      3      3        0.82000        0.00000     **********   
      12      3      4        2.94298        0.00000        0.66624   
      13      3      7        1.41474       -0.00000        0.22239   
      14      4      5        2.38160       -0.00000        0.33365   
      15      6      6       -1.00000        0.00000     **********   
      16      6      7        1.47304       -0.00000        0.24109   
      17      6      8        1.00000        0.00000        0.09091*?*
     MULTIPOLARITY=3
    INDEX   NF     NS          ME          PC CHANGE     RED. TRANS. PROB.
      18      1      9        0.64212       -0.00000        0.05890   
     MULTIPOLARITY=7
    INDEX   NF     NS          ME          PC CHANGE     RED. TRANS. PROB.
      19      2      6        0.02555       -0.00002        0.00013   
      20      3      7        0.00207       -0.00000        0.00000   
               ********* END OF EXECUTION **********
