1
 *****************************************************************************************************************************
 *****************************************************************************************************************************
 **************************************************                         **************************************************
 **************************************************          GOSIA          **************************************************
 **************************************************                         **************************************************
 *****************************************************************************************************************************
 *****************************************************************************************************************************





                    ROCHESTER COULOMB EXCITATION DATA ANALYSIS CODE BY T.CZOSNYKA,D.CLINE AND C.Y.WU
                                                  VERSION: 20110524.5






          Gamma Detectors                                                                 
          ----------------------------------------------------------------------------------------------------
          DETECTOR  1


     K=1  C1=  0.981621E+00  C2=  0.293103E-01
     ENERGY(MEV)     FITTED QK     CALC.QK     PC.DIFF.

        0.05         0.9777        0.9777     0.00E+00
        0.06         0.9777        0.9777    -0.41E-02
        0.08         0.9778        0.9779    -0.97E-02
        0.10         0.9780        0.9781    -0.12E-01
        0.15         0.9787        0.9787    -0.23E-13
        0.20         0.9794        0.9791     0.27E-01
        0.30         0.9804        0.9797     0.66E-01
        0.50         0.9811        0.9803     0.84E-01
        1.00         0.9815        0.9811     0.43E-01
        1.50         0.9816        0.9816    -0.23E-13


     K=2  C1=  0.945557E+00  C2=  0.294307E-01
     ENERGY(MEV)     FITTED QK     CALC.QK     PC.DIFF.

        0.05         0.9340        0.9340     0.00E+00
        0.06         0.9341        0.9342    -0.12E-01
        0.08         0.9344        0.9346    -0.29E-01
        0.10         0.9349        0.9353    -0.36E-01
        0.15         0.9369        0.9369    -0.12E-13
        0.20         0.9390        0.9382     0.82E-01
        0.30         0.9419        0.9400     0.20E+00
        0.50         0.9441        0.9417     0.26E+00
        1.00         0.9452        0.9440     0.13E+00
        1.50         0.9454        0.9454     0.12E-13


     K=3  C1=  0.893160E+00  C2=  0.296160E-01
     ENERGY(MEV)     FITTED QK     CALC.QK     PC.DIFF.

        0.05         0.8710        0.8710     0.00E+00
        0.06         0.8710        0.8712    -0.25E-01
        0.08         0.8716        0.8721    -0.60E-01
        0.10         0.8727        0.8733    -0.74E-01
        0.15         0.8766        0.8766     0.00E+00
        0.20         0.8805        0.8791     0.17E+00
        0.30         0.8860        0.8824     0.41E+00
        0.50         0.8903        0.8856     0.53E+00
        1.00         0.8925        0.8901     0.27E+00
        1.50         0.8929        0.8929    -0.12E-13


     K=4  C1=  0.826377E+00  C2=  0.298720E-01
     ENERGY(MEV)     FITTED QK     CALC.QK     PC.DIFF.

        0.05         0.7912        0.7912     0.00E+00
        0.06         0.7914        0.7917    -0.44E-01
        0.08         0.7923        0.7931    -0.10E+00
        0.10         0.7940        0.7950    -0.13E+00
        0.15         0.8001        0.8001     0.00E+00
        0.20         0.8063        0.8040     0.29E+00
        0.30         0.8150        0.8092     0.71E+00
        0.50         0.8219        0.8144     0.91E+00
        1.00         0.8253        0.8214     0.46E+00
        1.50         0.8259        0.8259     0.00E+00


     K=5  C1=  0.782117E+00  C2=  0.303703E-01
     ENERGY(MEV)     FITTED QK     CALC.QK     PC.DIFF.

        0.05         0.7402        0.7402     0.00E+00
        0.06         0.7403        0.7407    -0.55E-01
        0.08         0.7414        0.7424    -0.13E+00
        0.10         0.7434        0.7446    -0.16E+00
        0.15         0.7506        0.7506    -0.15E-13
        0.20         0.7580        0.7553     0.37E+00
        0.30         0.7684        0.7615     0.91E+00
        0.50         0.7766        0.7677     0.12E+01
        1.00         0.7808        0.7762     0.59E+00
        1.50         0.7815        0.7815     0.00E+00


     K=6  C1=  0.659834E+00  C2=  0.306356E-01
     ENERGY(MEV)     FITTED QK     CALC.QK     PC.DIFF.

        0.05         0.5961        0.5961     0.00E+00
        0.06         0.5964        0.5970    -0.10E+00
        0.08         0.5980        0.5994    -0.24E+00
        0.10         0.6010        0.6027    -0.30E+00
        0.15         0.6118        0.6118     0.00E+00
        0.20         0.6231        0.6189     0.68E+00
        0.30         0.6389        0.6284     0.17E+01
        0.50         0.6515        0.6378     0.21E+01
        1.00         0.6577        0.6507     0.11E+01
        1.50         0.6589        0.6589     0.00E+00


     K=7  C1=  0.565996E+00  C2=  0.311743E-01
     ENERGY(MEV)     FITTED QK     CALC.QK     PC.DIFF.

        0.05         0.4889        0.4889     0.00E+00
        0.06         0.4891        0.4899    -0.15E+00
        0.08         0.4911        0.4928    -0.35E+00
        0.10         0.4946        0.4968    -0.43E+00
        0.15         0.5076        0.5076     0.00E+00
        0.20         0.5212        0.5162     0.98E+00
        0.30         0.5403        0.5276     0.24E+01
        0.50         0.5557        0.5391     0.31E+01
        1.00         0.5634        0.5548     0.15E+01
        1.50         0.5649        0.5649     0.00E+00


     K=8  C1=  0.469342E+00  C2=  0.318506E-01
     ENERGY(MEV)     FITTED QK     CALC.QK     PC.DIFF.

        0.05         0.3808        0.3808     0.00E+00
        0.06         0.3811        0.3819    -0.21E+00
        0.08         0.3833        0.3852    -0.50E+00
        0.10         0.3873        0.3897    -0.62E+00
        0.15         0.4020        0.4020     0.00E+00
        0.20         0.4175        0.4117     0.14E+01
        0.30         0.4395        0.4248     0.34E+01
        0.50         0.4573        0.4381     0.44E+01
        1.00         0.4663        0.4563     0.22E+01
        1.50         0.4680        0.4680    -0.12E-13
          DETECTOR  2


     K=1  C1=  0.981790E+00  C2=  0.293499E-01
     ENERGY(MEV)     FITTED QK     CALC.QK     PC.DIFF.

        0.05         0.9779        0.9779     0.00E+00
        0.06         0.9779        0.9779    -0.40E-02
        0.08         0.9780        0.9781    -0.95E-02
        0.10         0.9782        0.9783    -0.12E-01
        0.15         0.9789        0.9789     0.00E+00
        0.20         0.9796        0.9793     0.27E-01
        0.30         0.9805        0.9799     0.65E-01
        0.50         0.9813        0.9805     0.83E-01
        1.00         0.9817        0.9813     0.42E-01
        1.50         0.9817        0.9817     0.00E+00


     K=2  C1=  0.946051E+00  C2=  0.294691E-01
     ENERGY(MEV)     FITTED QK     CALC.QK     PC.DIFF.

        0.05         0.9347        0.9347     0.00E+00
        0.06         0.9347        0.9348    -0.12E-01
        0.08         0.9350        0.9353    -0.29E-01
        0.10         0.9355        0.9359    -0.36E-01
        0.15         0.9375        0.9375    -0.12E-13
        0.20         0.9396        0.9388     0.81E-01
        0.30         0.9424        0.9405     0.20E+00
        0.50         0.9446        0.9422     0.25E+00
        1.00         0.9457        0.9445     0.13E+00
        1.50         0.9459        0.9459     0.00E+00


     K=3  C1=  0.894111E+00  C2=  0.296522E-01
     ENERGY(MEV)     FITTED QK     CALC.QK     PC.DIFF.

        0.05         0.8722        0.8722     0.00E+00
        0.06         0.8722        0.8725    -0.25E-01
        0.08         0.8728        0.8733    -0.59E-01
        0.10         0.8739        0.8745    -0.73E-01
        0.15         0.8777        0.8777    -0.13E-13
        0.20         0.8816        0.8802     0.17E+00
        0.30         0.8871        0.8834     0.41E+00
        0.50         0.8913        0.8867     0.52E+00
        1.00         0.8934        0.8910     0.27E+00
        1.50         0.8938        0.8938    -0.12E-13


     K=4  C1=  0.827881E+00  C2=  0.299053E-01
     ENERGY(MEV)     FITTED QK     CALC.QK     PC.DIFF.

        0.05         0.7932        0.7932     0.00E+00
        0.06         0.7933        0.7936    -0.43E-01
        0.08         0.7942        0.7950    -0.10E+00
        0.10         0.7958        0.7968    -0.13E+00
        0.15         0.8019        0.8019     0.00E+00
        0.20         0.8081        0.8058     0.29E+00
        0.30         0.8166        0.8109     0.70E+00
        0.50         0.8234        0.8161     0.90E+00
        1.00         0.8268        0.8230     0.46E+00
        1.50         0.8274        0.8274     0.13E-13


     K=5  C1=  0.783912E+00  C2=  0.303973E-01
     ENERGY(MEV)     FITTED QK     CALC.QK     PC.DIFF.

        0.05         0.7424        0.7424     0.00E+00
        0.06         0.7426        0.7430    -0.54E-01
        0.08         0.7436        0.7446    -0.13E+00
        0.10         0.7456        0.7468    -0.16E+00
        0.15         0.7527        0.7527     0.00E+00
        0.20         0.7601        0.7573     0.36E+00
        0.30         0.7703        0.7635     0.89E+00
        0.50         0.7785        0.7697     0.11E+01
        1.00         0.7826        0.7780     0.58E+00
        1.50         0.7833        0.7833    -0.43E-13


     K=6  C1=  0.662562E+00  C2=  0.306594E-01
     ENERGY(MEV)     FITTED QK     CALC.QK     PC.DIFF.

        0.05         0.5995        0.5995     0.00E+00
        0.06         0.5997        0.6003    -0.10E+00
        0.08         0.6013        0.6027    -0.24E+00
        0.10         0.6043        0.6060    -0.29E+00
        0.15         0.6150        0.6150     0.00E+00
        0.20         0.6262        0.6220     0.67E+00
        0.30         0.6418        0.6314     0.16E+01
        0.50         0.6543        0.6408     0.21E+01
        1.00         0.6605        0.6535     0.11E+01
        1.50         0.6617        0.6617    -0.17E-13


     K=7  C1=  0.569299E+00  C2=  0.311908E-01
     ENERGY(MEV)     FITTED QK     CALC.QK     PC.DIFF.

        0.05         0.4929        0.4929     0.00E+00
        0.06         0.4931        0.4938    -0.15E+00
        0.08         0.4950        0.4967    -0.35E+00
        0.10         0.4986        0.5007    -0.42E+00
        0.15         0.5114        0.5114     0.00E+00
        0.20         0.5249        0.5199     0.96E+00
        0.30         0.5439        0.5313     0.24E+01
        0.50         0.5591        0.5426     0.30E+01
        1.00         0.5667        0.5582     0.15E+01
        1.50         0.5682        0.5682     0.00E+00


     K=8  C1=  0.473133E+00  C2=  0.318570E-01
     ENERGY(MEV)     FITTED QK     CALC.QK     PC.DIFF.

        0.05         0.3853        0.3853     0.00E+00
        0.06         0.3856        0.3864    -0.21E+00
        0.08         0.3877        0.3897    -0.49E+00
        0.10         0.3917        0.3941    -0.61E+00
        0.15         0.4063        0.4063     0.00E+00
        0.20         0.4217        0.4160     0.14E+01
        0.30         0.4435        0.4290     0.34E+01
        0.50         0.4612        0.4421     0.43E+01
        1.00         0.4701        0.4602     0.22E+01
        1.50         0.4718        0.4718     0.12E-13
          DETECTOR  3


     K=1  C1=  0.977223E+00  C2=  0.284075E-01
     ENERGY(MEV)     FITTED QK     CALC.QK     PC.DIFF.

        0.05         0.9720        0.9720     0.00E+00
        0.06         0.9720        0.9720    -0.57E-02
        0.08         0.9721        0.9722    -0.13E-01
        0.10         0.9724        0.9725    -0.16E-01
        0.15         0.9733        0.9733     0.00E+00
        0.20         0.9743        0.9739     0.36E-01
        0.30         0.9756        0.9747     0.88E-01
        0.50         0.9766        0.9755     0.11E+00
        1.00         0.9771        0.9765     0.56E-01
        1.50         0.9772        0.9772     0.11E-13


     K=2  C1=  0.932737E+00  C2=  0.285628E-01
     ENERGY(MEV)     FITTED QK     CALC.QK     PC.DIFF.

        0.05         0.9174        0.9174     0.00E+00
        0.06         0.9175        0.9176    -0.17E-01
        0.08         0.9179        0.9183    -0.41E-01
        0.10         0.9187        0.9191    -0.50E-01
        0.15         0.9214        0.9214     0.00E+00
        0.20         0.9242        0.9231     0.11E+00
        0.30         0.9279        0.9254     0.27E+00
        0.50         0.9308        0.9277     0.34E+00
        1.00         0.9323        0.9307     0.17E+00
        1.50         0.9325        0.9325     0.00E+00


     K=3  C1=  0.868617E+00  C2=  0.288033E-01
     ENERGY(MEV)     FITTED QK     CALC.QK     PC.DIFF.

        0.05         0.8394        0.8394     0.00E+00
        0.06         0.8395        0.8398    -0.36E-01
        0.08         0.8403        0.8410    -0.85E-01
        0.10         0.8418        0.8426    -0.10E+00
        0.15         0.8470        0.8470     0.13E-13
        0.20         0.8522        0.8503     0.23E+00
        0.30         0.8594        0.8546     0.56E+00
        0.50         0.8650        0.8589     0.71E+00
        1.00         0.8677        0.8646     0.36E+00
        1.50         0.8682        0.8682     0.00E+00


     K=4  C1=  0.787814E+00  C2=  0.291390E-01
     ENERGY(MEV)     FITTED QK     CALC.QK     PC.DIFF.

        0.05         0.7423        0.7423     0.00E+00
        0.06         0.7424        0.7429    -0.63E-01
        0.08         0.7436        0.7447    -0.15E+00
        0.10         0.7459        0.7472    -0.18E+00
        0.15         0.7539        0.7539    -0.15E-13
        0.20         0.7621        0.7591     0.40E+00
        0.30         0.7733        0.7659     0.97E+00
        0.50         0.7821        0.7725     0.12E+01
        1.00         0.7864        0.7815     0.62E+00
        1.50         0.7872        0.7872     0.00E+00


     K=5  C1=  0.736696E+00  C2=  0.298132E-01
     ENERGY(MEV)     FITTED QK     CALC.QK     PC.DIFF.

        0.05         0.6837        0.6837     0.00E+00
        0.06         0.6839        0.6844    -0.77E-01
        0.08         0.6853        0.6865    -0.18E+00
        0.10         0.6878        0.6893    -0.22E+00
        0.15         0.6970        0.6970     0.00E+00
        0.20         0.7065        0.7030     0.50E+00
        0.30         0.7196        0.7109     0.12E+01
        0.50         0.7299        0.7187     0.16E+01
        1.00         0.7350        0.7293     0.79E+00
        1.50         0.7360        0.7360     0.00E+00


     K=6  C1=  0.591287E+00  C2=  0.301657E-01
     ENERGY(MEV)     FITTED QK     CALC.QK     PC.DIFF.

        0.05         0.5118        0.5118     0.00E+00
        0.06         0.5121        0.5129    -0.15E+00
        0.08         0.5141        0.5160    -0.36E+00
        0.10         0.5179        0.5202    -0.44E+00
        0.15         0.5316        0.5316     0.21E-13
        0.20         0.5458        0.5405     0.97E+00
        0.30         0.5654        0.5524     0.24E+01
        0.50         0.5810        0.5641     0.30E+01
        1.00         0.5887        0.5801     0.15E+01
        1.50         0.5902        0.5902     0.00E+00


     K=7  C1=  0.484109E+00  C2=  0.309150E-01
     ENERGY(MEV)     FITTED QK     CALC.QK     PC.DIFF.

        0.05         0.3904        0.3904     0.00E+00
        0.06         0.3907        0.3916    -0.23E+00
        0.08         0.3930        0.3952    -0.54E+00
        0.10         0.3974        0.4000    -0.65E+00
        0.15         0.4133        0.4133     0.00E+00
        0.20         0.4299        0.4237     0.15E+01
        0.30         0.4531        0.4377     0.35E+01
        0.50         0.4717        0.4516     0.45E+01
        1.00         0.4810        0.4706     0.22E+01
        1.50         0.4828        0.4828     0.00E+00


     K=8  C1=  0.376854E+00  C2=  0.318883E-01
     ENERGY(MEV)     FITTED QK     CALC.QK     PC.DIFF.

        0.05         0.2727        0.2727     0.00E+00
        0.06         0.2730        0.2740    -0.35E+00
        0.08         0.2755        0.2778    -0.82E+00
        0.10         0.2803        0.2831    -0.10E+01
        0.15         0.2976        0.2976     0.19E-13
        0.20         0.3158        0.3090     0.22E+01
        0.30         0.3417        0.3245     0.53E+01
        0.50         0.3627        0.3401     0.67E+01
        1.00         0.3733        0.3615     0.33E+01
        1.50         0.3753        0.3753     0.15E-13
          DETECTOR  4


     K=1  C1=  0.980298E+00  C2=  0.290137E-01
     ENERGY(MEV)     FITTED QK     CALC.QK     PC.DIFF.

        0.05         0.9760        0.9760     0.00E+00
        0.06         0.9760        0.9760    -0.45E-02
        0.08         0.9761        0.9762    -0.11E-01
        0.10         0.9763        0.9764    -0.13E-01
        0.15         0.9771        0.9771    -0.11E-13
        0.20         0.9779        0.9776     0.30E-01
        0.30         0.9789        0.9782     0.73E-01
        0.50         0.9798        0.9788     0.93E-01
        1.00         0.9802        0.9797     0.47E-01
        1.50         0.9802        0.9802    -0.23E-13


     K=2  C1=  0.941691E+00  C2=  0.291445E-01
     ENERGY(MEV)     FITTED QK     CALC.QK     PC.DIFF.

        0.05         0.9290        0.9290     0.00E+00
        0.06         0.9291        0.9292    -0.14E-01
        0.08         0.9294        0.9297    -0.33E-01
        0.10         0.9300        0.9304    -0.40E-01
        0.15         0.9323        0.9323     0.00E+00
        0.20         0.9345        0.9337     0.91E-01
        0.30         0.9377        0.9356     0.22E+00
        0.50         0.9401        0.9374     0.28E+00
        1.00         0.9413        0.9399     0.14E+00
        1.50         0.9415        0.9415     0.00E+00


     K=3  C1=  0.885734E+00  C2=  0.293461E-01
     ENERGY(MEV)     FITTED QK     CALC.QK     PC.DIFF.

        0.05         0.8615        0.8615     0.13E-13
        0.06         0.8615        0.8618    -0.28E-01
        0.08         0.8622        0.8628    -0.67E-01
        0.10         0.8634        0.8641    -0.82E-01
        0.15         0.8676        0.8676     0.00E+00
        0.20         0.8720        0.8704     0.19E+00
        0.30         0.8780        0.8740     0.46E+00
        0.50         0.8827        0.8776     0.58E+00
        1.00         0.8850        0.8824     0.29E+00
        1.50         0.8854        0.8854    -0.13E-13


     K=4  C1=  0.814654E+00  C2=  0.296255E-01
     ENERGY(MEV)     FITTED QK     CALC.QK     PC.DIFF.

        0.05         0.7764        0.7764     0.00E+00
        0.06         0.7765        0.7769    -0.49E-01
        0.08         0.7775        0.7784    -0.12E+00
        0.10         0.7794        0.7805    -0.14E+00
        0.15         0.7860        0.7860     0.00E+00
        0.20         0.7929        0.7904     0.32E+00
        0.30         0.8023        0.7961     0.79E+00
        0.50         0.8098        0.8017     0.10E+01
        1.00         0.8134        0.8093     0.51E+00
        1.50         0.8141        0.8141     0.00E+00


     K=5  C1=  0.768186E+00  C2=  0.301745E-01
     ENERGY(MEV)     FITTED QK     CALC.QK     PC.DIFF.

        0.05         0.7229        0.7229     0.00E+00
        0.06         0.7230        0.7235    -0.61E-01
        0.08         0.7242        0.7252    -0.15E+00
        0.10         0.7263        0.7276    -0.18E+00
        0.15         0.7342        0.7342    -0.15E-13
        0.20         0.7422        0.7392     0.41E+00
        0.30         0.7534        0.7460     0.10E+01
        0.50         0.7623        0.7527     0.13E+01
        1.00         0.7667        0.7618     0.65E+00
        1.50         0.7675        0.7675     0.14E-13


     K=6  C1=  0.638716E+00  C2=  0.304651E-01
     ENERGY(MEV)     FITTED QK     CALC.QK     PC.DIFF.

        0.05         0.5701        0.5701     0.00E+00
        0.06         0.5704        0.5710    -0.12E+00
        0.08         0.5721        0.5737    -0.28E+00
        0.10         0.5753        0.5773    -0.34E+00
        0.15         0.5871        0.5871    -0.19E-13
        0.20         0.5993        0.5947     0.76E+00
        0.30         0.6162        0.6050     0.19E+01
        0.50         0.6297        0.6151     0.24E+01
        1.00         0.6365        0.6289     0.12E+01
        1.50         0.6377        0.6377    -0.17E-13


     K=7  C1=  0.540537E+00  C2=  0.310633E-01
     ENERGY(MEV)     FITTED QK     CALC.QK     PC.DIFF.

        0.05         0.4582        0.4582     0.00E+00
        0.06         0.4584        0.4592    -0.17E+00
        0.08         0.4605        0.4623    -0.40E+00
        0.10         0.4643        0.4666    -0.49E+00
        0.15         0.4782        0.4782     0.00E+00
        0.20         0.4928        0.4874     0.11E+01
        0.30         0.5132        0.4996     0.27E+01
        0.50         0.5296        0.5119     0.35E+01
        1.00         0.5378        0.5286     0.17E+01
        1.50         0.5393        0.5393     0.00E+00


     K=8  C1=  0.440268E+00  C2=  0.318215E-01
     ENERGY(MEV)     FITTED QK     CALC.QK     PC.DIFF.

        0.05         0.3466        0.3466     0.00E+00
        0.06         0.3469        0.3478    -0.25E+00
        0.08         0.3492        0.3512    -0.59E+00
        0.10         0.3534        0.3560    -0.72E+00
        0.15         0.3690        0.3690     0.00E+00
        0.20         0.3854        0.3793     0.16E+01
        0.30         0.4087        0.3932     0.39E+01
        0.50         0.4275        0.4072     0.50E+01
        1.00         0.4371        0.4265     0.25E+01
        1.50         0.4389        0.4389    -0.13E-13
               ********* END OF EXECUTION **********
