1
 *****************************************************************************************************************************
 *****************************************************************************************************************************
 **************************************************                         **************************************************
 **************************************************          GOSIA2         **************************************************
 **************************************************                         **************************************************
 *****************************************************************************************************************************
 *****************************************************************************************************************************





                    ROCHESTER COULOMB EXCITATION DATA ANALYSIS CODE BY T.CZOSNYKA,D.CLINE AND C.Y.WU
                                                  LATEST REVISION- JUNE  2006






          14C beam on 194Pt target                                                        
          ----------------------------------------------------------------------------------------------------

                                        LEVELS

     INDEX     PARITY         SPIN           ENERGY(MEV)
       1           +           0.0            0.0000
       2           +           2.0            7.0100

                                        MATRIX ELEMENTS


     MULTIPOLARITY=2
    INDEX   NF     NS          ME               LIMITS
       1      1      2        0.06300        0.00000        3.00000
       2      2      2        0.08000       -3.00000        3.00000

                                               REPRINT OF EXPERIMENTAL DATA TO BE FITTED





     EXPERIMENT  1
  PROJECTILE (  6., 14.)  45.000 MEV ---1 GE(LI) DETECTOR(S)  WEIGHT=0.10E+01
                    ** EXPERIMENTAL YIELDS **
    DECAY IS  IF         YIELD+/-ERROR

       1   2   1  0.500000E+03     0.300000E+03


        1 EXPERIMENTAL YIELDS            2 MATRIX ELEMENTS TO BE VARIED






     *****  RESTART-MATRIX ELEMENTS OVERWRITTEN  *****




                                        MATRIX ELEMENTS


     MULTIPOLARITY=2
    INDEX   NF     NS          ME               LIMITS
       1      1      2        0.06300        0.00000        3.00000
       2      2      2        0.08000       -3.00000        3.00000



          ** EXPERIMENT  1 **


     PROJECTILE EXCITATION OF(  6, 14.000) ON( 78,194.000)
     ENERGY     43.750 MEV     BETA   0.819121E-01
     DISTANCE OF CLOSEST APPROACH FOR HEAD-ON COLLISIONS    16.5143 FM
     CM SCATTERING ANGLE    147.607 DEG     EPSILON     1.0413
     RECOIL ENERGY(MEV)     27.4977
     RECOIL BETA    0.649393E-01
     BOMBARDING ENERGY=     0.905 OF SAFE BOMBARDING ENERGY AT THIS ANGLE


                              EXPERIMENT  1          MAX.XI=4.1617

                              E2        MI=0     MAX.ZETA= 4.182


     XI             Q1                      Q2


             SLOPE  INTERCEPT       SLOPE     INTERCEPT


  0.0000   0.00E+00  0.00E+00      -.39E-03  0.88E+00
  0.4624   -.13E-02  0.21E+00      0.11E-01  0.45E+00
  0.9248   -.41E-01  0.36E+00      0.46E-01  0.14E+00
  1.3872   -.12E+00  0.63E+00      0.51E-01  0.35E-01
  1.8496   -.27E+00  0.11E+01      0.44E-01  0.83E-02
  2.3120   -.45E+00  0.16E+01      0.37E-01  0.26E-02
  2.7745   -.60E+00  0.21E+01      0.31E-01  0.12E-02
  3.2369   -.66E+00  0.22E+01      0.27E-01  0.75E-03
  3.6993   -.67E+00  0.23E+01      0.24E-01  0.50E-03
  4.1617   -.68E+00  0.23E+01      0.21E-01  0.35E-03


                              E2        MI=+/-1     MAX.ZETA= 4.182


     XI             Q1                      Q2


             SLOPE  INTERCEPT       SLOPE     INTERCEPT


  0.0000   0.00E+00  0.16E-01      0.00E+00  -.00E+00
  1.0404   0.00E+00  0.23E-01      0.00E+00  -.28E-01
  2.0808   0.00E+00  0.88E-01      0.00E+00  -.32E-02
  3.1213   0.00E+00  0.18E+00      0.00E+00  -.14E-02
  4.1617   0.00E+00  0.18E+00      0.00E+00  -.10E-02
     ***** EXP(A) EXPANSION FAILURE! *****
     EXPERIMENT  1   NEW SUBDIVISION (2,1)
     *** CHISQ=  0.374773E-05 ***
     AT STEP     1 CHISQ CRITERION FULFILLED
     *** CHISQ=  0.443595E-07 ***
          EXPERIMENT  1
          D(LOG(Y)/D(LOG(ME))


   2-- 1     (  1  0.31E+07)   (  2  -.30E+04)   (  0  0.00E+00)   (  0  0.00E+00)   (  0  0.00E+00)   (  0  0.00E+00)


                    VACUUM DEPOLARIZATION COEFFICIENTS 


     EXPERIMENT  1
     LEVEL          G2          G4          G6

        2         1.0000      1.0000      1.0000


                    NORMALIZATION CONSTANTS

  EXPERIMENT     DETECTORS(1-32)
  1  0.8081E+06


                    RECOMMENDED RELATIVE GE(LI) EFFICIENCIES

  EXPERIMENT
  1  0.1000E+01


     CALCULATED AND EXPERIMENTAL YIELDS   EXPERIMENT  1 DETECTOR  1

      NI     NF       II        IF         ENERGY(MEV)      YCAL        YEXP       PC. DIFF.  (YE-YC)/SIGMA
       2      1        2.0       0.0         7.0100      .4999E+03      .5000E+03      0.0      0.0              

                                                  CHISQ SUBTOTAL =   0.443595E-07


                    CALCULATED LIFETIMES

     LEVEL     LIFETIME(PSEC)     EXP        ERROR

        2       0.6877E-05

                                        MATRIX ELEMENTS


     MULTIPOLARITY=2
    INDEX   NF     NS          ME          PC CHANGE     RED. TRANS. PROB.
       1      1      2        1.87057     2869.15163        0.69980   
       2      2      2       -0.44991     -662.38793     **********   
               ********* END OF EXECUTION **********
