1
 *****************************************************************************************************************************
 *****************************************************************************************************************************
 **************************************************                         **************************************************
 **************************************************          GOSIA          **************************************************
 **************************************************                         **************************************************
 *****************************************************************************************************************************
 *****************************************************************************************************************************





                    ROCHESTER COULOMB EXCITATION DATA ANALYSIS CODE BY T.CZOSNYKA,D.CLINE AND C.Y.WU
                                                  LATEST REVISION- JUNE  2006






          14C beam on 194Pt target integration                                            
          ----------------------------------------------------------------------------------------------------

                                        LEVELS

     INDEX     PARITY         SPIN           ENERGY(MEV)
       1           +           0.0            0.0000
       2           +           2.0            0.3280
       3           +           4.0            0.8110
       4           +           6.0            1.4118
       5           +           8.0            2.0995
       6           +           2.0            0.6220
       7           +           4.0            1.2295
       8           +           6.0            1.9250

                                        MATRIX ELEMENTS


     MULTIPOLARITY=2
    INDEX   NF     NS          ME               LIMITS
       1      1      2        1.20800        0.00010        2.00000
       2      1      6        0.08880       -3.00000        3.00000
       3      2      2        0.54000       -3.00000        3.00000
       4      2      3        1.93500        0.00010        3.00000
       5      2      6        1.51700        0.00010        3.00000
       6      2      7        0.25000       -3.00000        3.00000
       7      3      3        1.00000       -3.00000        3.00000
       8      3      4        2.90000        0.00010        4.00000
       9      3      6        0.25000       -3.00000        3.00000
      10      3      7        1.51000       -3.00000        3.00000
      11      3      8        0.22400       -3.00000        3.00000
      12      4      4        0.28000       -3.00000        3.00000
      13      4      5        3.08000        0.00010        4.00000
      14      4      7        0.16000       -3.00000        3.00000
      15      4      8        1.14000       -3.00000        3.00000
      16      6      6       -0.40000       -3.00000        3.00000
      17      6      7        1.78400        0.00010        3.00000
      18      7      7       -0.07000       -3.00000        3.00000
      19      7      8        2.09000        0.00010        3.00000
     MULTIPOLARITY=7
    INDEX   NF     NS          ME               LIMITS
      20      2      6        0.02800       -3.00000        3.00000
      21      3      7        0.19000       -3.00000        3.00000
                                        BRANCHING RATIOS

     NS1     NF1     NS2     NF2     RATIO(1:2)         ERROR
      6       1       6       2        0.13690        0.02300
      7       3       7       6        0.14400        0.01400
      7       2       7       6        0.12200        0.00800
      8       3       8       7        0.12000        0.04000
      8       4       8       7        0.06000        0.04000
     BRANCHING RATIOS ARE TAKEN WITH WEIGHT    0.100000E+01



                              LIFETIMES(PSEC)


     LEVEL         LIFETIME     ERROR

        2           60.46         0.87
        3            5.34         0.29
        4            2.31         0.72
        5            1.59         0.43
        6           50.50         5.80
        7            5.50         0.90
        8            1.88         0.29

          LIFETIMES ARE TAKEN WITH WEIGHT    0.100000E+01


                    EXPERIMENTAL E2/M1 MIXING RATIOS


          TRANSITION            DELTA          ERROR

           6---  2               15.0000           2.0000

          E2/M1 MIXING RATIOS ARE TAKEN WITH WEIGHT    0.100000E+01


                              EXPERIMENTAL MATRIX ELEMENT(S)


          TRANSITION          MAT.EL.          ERROR

           2---  2                0.5400           0.0700
           3---  3                1.0000           0.1300
           4---  4                0.2800           0.2000
           6---  6               -0.4000           0.0900
           7---  7               -0.0700           0.1400

           MATRIX ELEMENT(S) ARE TAKEN WITH WEIGHT    0.100000E+01



     *****  RESTART-MATRIX ELEMENTS OVERWRITTEN  *****




                                        MATRIX ELEMENTS


     MULTIPOLARITY=2
    INDEX   NF     NS          ME               LIMITS
       1      1      2        1.28670        0.00010        2.00000
       2      1      6        0.10843       -3.00000        3.00000
       3      2      2        0.53307       -3.00000        3.00000
       4      2      3        2.26512        0.00010        3.00000
       5      2      6        1.90732        0.00010        3.00000
       6      2      7        0.32674       -3.00000        3.00000
       7      3      3        0.99530       -3.00000        3.00000
       8      3      4        3.01620        0.00010        4.00000
       9      3      6        0.15910       -3.00000        3.00000
      10      3      7        2.25135       -3.00000        3.00000
      11      3      8        0.18331       -3.00000        3.00000
      12      4      4        0.28601       -3.00000        3.00000
      13      4      5        2.92132        0.00010        4.00000
      14      4      7        0.22746       -3.00000        3.00000
      15      4      8        1.01276       -3.00000        3.00000
      16      6      6       -0.80000       -3.00000        3.00000
      17      6      7        2.50587        0.00010        3.00000
      18      7      7       -0.05621       -3.00000        3.00000
      19      7      8        1.73387        0.00010        3.00000
     MULTIPOLARITY=7
    INDEX   NF     NS          ME               LIMITS
      20      2      6        0.03110       -3.00000        3.00000
      21      3      7        0.29435       -3.00000        3.00000



          ** EXPERIMENT  1 **


     TARGET EXCITATION OF( 78,194.000) BY(  6, 14.000)
     ENERGY     43.750 MEV     BETA   0.819121E-01
     DISTANCE OF CLOSEST APPROACH FOR HEAD-ON COLLISIONS    16.5143 FM
     CM SCATTERING ANGLE    180.000 DEG     EPSILON     1.0000
     RECOIL ENERGY(MEV)     10.9418
     RECOIL BETA    0.110044E-01
     BOMBARDING ENERGY=     0.923 OF SAFE BOMBARDING ENERGY AT THIS ANGLE


                                                  CALCULATED YIELDS

     EXPERIMENT  1  DETECTOR  1
     ENERGY     43.750 MEV  THETA 180.000 DEG

     NI     NF     II     IF     YIELD     NORMALIZED YIELD

      5      4    8.0    6.0   0.17128E-11   0.11907E-05
      8      3    6.0    4.0   0.10062E-11   0.69952E-06
      8      4    6.0    6.0   0.42093E-12   0.29262E-06
      8      7    6.0    4.0   0.85416E-11   0.59379E-05
      4      3    6.0    4.0   0.53904E-09   0.37473E-03
      4      7    6.0    4.0   0.80132E-14   0.55705E-08
      7      2    4.0    2.0   0.24472E-09   0.17012E-03
      7      3    4.0    4.0   0.23146E-09   0.16090E-03
      7      6    4.0    2.0   0.20009E-08   0.13910E-02
      3      2    4.0    2.0   0.49433E-07   0.34365E-01
      3      6    4.0    2.0   0.22424E-11   0.15588E-05
      6      1    2.0    0.0   0.47472E-08   0.33001E-02
      6      2    2.0    2.0   0.37944E-07   0.26378E-01
      2      1    2.0    0.0   0.14385E-05   0.10000E+01


          E2/M1 MIXING RATIOS
          TRANSITION          EXP.DELTA          CALC.DELTA          SIGMA

           6---  2               15.00              15.01              0.01


                    CALCULATED LIFETIMES

     LEVEL     LIFETIME(PSEC)     EXP        ERROR

        2       0.6045E+02     0.6046E+02    0.8700E+00
        3       0.5304E+01     0.5340E+01    0.2900E+00
        4       0.1466E+01     0.2310E+01    0.7200E+00
        5       0.1045E+01     0.1590E+01    0.4300E+00
        6       0.4092E+02     0.5050E+02    0.5800E+01
        7       0.1097E+01     0.5500E+01    0.9000E+00
        8       0.1798E+01     0.1880E+01    0.2900E+00


CALCULATED AND EXPERIMENTAL MATRIX ELEMENTS


     NI NF  EXP. ME   CURRENT ME   SIGMA
      2   2    0.5400    0.5331   -0.0990
      3   3    1.0000    0.9953   -0.0362
      4   4    0.2800    0.2860    0.0301
      6   6   -0.4000   -0.8000   -4.4444
      7   7   -0.0700   -0.0562    0.0985
               ********* END OF EXECUTION **********
