1
 *****************************************************************************************************************************
 *****************************************************************************************************************************
 **************************************************                         **************************************************
 **************************************************          GOSIA          **************************************************
 **************************************************                         **************************************************
 *****************************************************************************************************************************
 *****************************************************************************************************************************





                    ROCHESTER COULOMB EXCITATION DATA ANALYSIS CODE BY T.CZOSNYKA,D.CLINE AND C.Y.WU
                                                  LATEST REVISION- JUNE  2006






          14C beam on 194Pt target                                                        
          ----------------------------------------------------------------------------------------------------

                                        LEVELS

     INDEX     PARITY         SPIN           ENERGY(MEV)
       1           +           0.0            0.0000
       2           +           2.0            0.3280
       3           +           4.0            0.8110
       4           +           6.0            1.4118
       5           +           8.0            2.0995
       6           +           2.0            0.6220
       7           +           4.0            1.2295
       8           +           6.0            1.9250

                                        MATRIX ELEMENTS


     MULTIPOLARITY=2
    INDEX   NF     NS          ME               LIMITS
       1      1      2        1.20800        0.00010        2.00000
       2      1      6        0.08880       -3.00000        3.00000
       3      2      2        0.54000       -3.00000        3.00000
       4      2      3        1.93500        0.00010        3.00000
       5      2      6        1.51700        0.00010        3.00000
       6      2      7        0.25000       -3.00000        3.00000
       7      3      3        1.00000       -3.00000        3.00000
       8      3      4        2.90000        0.00010        4.00000
       9      3      6        0.25000       -3.00000        3.00000
      10      3      7        1.51000       -3.00000        3.00000
      11      3      8        0.22400       -3.00000        3.00000
      12      4      4        0.28000       -3.00000        3.00000
      13      4      5        3.08000        0.00010        4.00000
      14      4      7        0.16000       -3.00000        3.00000
      15      4      8        1.14000       -3.00000        3.00000
      16      6      6       -0.40000       -3.00000        3.00000
      17      6      7        1.78400        0.00010        3.00000
      18      7      7       -0.07000       -3.00000        3.00000
      19      7      8        2.09000        0.00010        3.00000
     MULTIPOLARITY=7
    INDEX   NF     NS          ME               LIMITS
      20      2      6        0.02800       -3.00000        3.00000
      21      3      7        0.19000       -3.00000        3.00000

                                               REPRINT OF EXPERIMENTAL DATA TO BE FITTED





     EXPERIMENT  1
  PROJECTILE ( 78.,194.)  43.750 MEV ---1 GE(LI) DETECTOR(S)  WEIGHT=0.10E+01
                    ** EXPERIMENTAL YIELDS **
    DECAY IS  IF         YIELD+/-ERROR

       5   4   3  0.166470E+04     0.831264E+02
       9   7   6  0.626950E+04     0.312942E+03
      10   3   2  0.150375E+06     0.150361E+05
      13   6   2  0.119706E+06     0.598386E+04
      14   2   1  0.483610E+07     0.241781E+06


        5 EXPERIMENTAL YIELDS           21 MATRIX ELEMENTS TO BE VARIED



                                        BRANCHING RATIOS

     NS1     NF1     NS2     NF2     RATIO(1:2)         ERROR
      6       1       6       2        0.13690        0.02300
      7       3       7       6        0.14400        0.01400
      7       2       7       6        0.12200        0.00800
      8       3       8       7        0.12000        0.04000
      8       4       8       7        0.06000        0.04000
     BRANCHING RATIOS ARE TAKEN WITH WEIGHT    0.100000E+01



                              LIFETIMES(PSEC)


     LEVEL         LIFETIME     ERROR

        2           60.46         0.87
        3            5.34         0.29
        4            2.31         0.72
        5            1.59         0.43
        6           50.50         5.80
        7            5.50         0.90
        8            1.88         0.29

          LIFETIMES ARE TAKEN WITH WEIGHT    0.100000E+01


                    EXPERIMENTAL E2/M1 MIXING RATIOS


          TRANSITION            DELTA          ERROR

           6---  2               15.0000           2.0000

          E2/M1 MIXING RATIOS ARE TAKEN WITH WEIGHT    0.100000E+01


                              EXPERIMENTAL MATRIX ELEMENT(S)


          TRANSITION          MAT.EL.          ERROR

           2---  2                0.5400           0.0700
           3---  3                1.0000           0.1300
           4---  4                0.2800           0.2000
           6---  6               -0.4000           0.0900
           7---  7               -0.0700           0.1400

           MATRIX ELEMENT(S) ARE TAKEN WITH WEIGHT    0.100000E+01



     *****  RESTART-MATRIX ELEMENTS OVERWRITTEN  *****




                                        MATRIX ELEMENTS


     MULTIPOLARITY=2
    INDEX   NF     NS          ME               LIMITS
       1      1      2        1.28670        0.00010        2.00000
       2      1      6        0.10843       -3.00000        3.00000
       3      2      2        0.53307       -3.00000        3.00000
       4      2      3        2.26512        0.00010        3.00000
       5      2      6        1.90732        0.00010        3.00000
       6      2      7        0.32674       -3.00000        3.00000
       7      3      3        0.99530       -3.00000        3.00000
       8      3      4        3.01620        0.00010        4.00000
       9      3      6        0.15910       -3.00000        3.00000
      10      3      7        2.25135       -3.00000        3.00000
      11      3      8        0.18331       -3.00000        3.00000
      12      4      4        0.28601       -3.00000        3.00000
      13      4      5        2.92132        0.00010        4.00000
      14      4      7        0.22746       -3.00000        3.00000
      15      4      8        1.01276       -3.00000        3.00000
      16      6      6       -0.39338       -3.00000        3.00000
      17      6      7        2.50587        0.00010        3.00000
      18      7      7       -0.05621       -3.00000        3.00000
      19      7      8        1.73387        0.00010        3.00000
     MULTIPOLARITY=7
    INDEX   NF     NS          ME               LIMITS
      20      2      6        0.03110       -3.00000        3.00000
      21      3      7        0.29435       -3.00000        3.00000



          ** EXPERIMENT  1 **


     TARGET EXCITATION OF( 78,194.000) BY(  6, 14.000)
     ENERGY     43.750 MEV     BETA   0.819121E-01
     DISTANCE OF CLOSEST APPROACH FOR HEAD-ON COLLISIONS    16.5143 FM
     CM SCATTERING ANGLE    147.382 DEG     EPSILON     1.0419
     RECOIL ENERGY(MEV)     10.0790
     RECOIL BETA    0.105616E-01
     BOMBARDING ENERGY=     0.904 OF SAFE BOMBARDING ENERGY AT THIS ANGLE


                              EXPERIMENT  1          MAX.XI=0.6050

                              E2        MI=0     MAX.ZETA= 1.099


     XI             Q1                      Q2


             SLOPE  INTERCEPT       SLOPE     INTERCEPT


  0.0000   0.00E+00  0.00E+00      -.58E-04  0.92E+00
  0.0672   0.23E-02  0.51E-01      -.56E-03  0.90E+00
  0.1345   0.35E-02  0.93E-01      -.15E-02  0.84E+00
  0.2017   0.35E-02  0.13E+00      -.20E-02  0.77E+00
  0.2689   0.28E-02  0.16E+00      -.15E-02  0.70E+00
  0.3361   0.15E-02  0.18E+00      -.61E-04  0.62E+00
  0.4034   0.29E-04  0.20E+00      0.21E-02  0.55E+00
  0.4706   -.17E-02  0.22E+00      0.49E-02  0.48E+00
  0.5378   -.36E-02  0.24E+00      0.79E-02  0.42E+00
  0.6050   -.58E-02  0.26E+00      0.11E-01  0.36E+00


                              E2        MI=+/-1     MAX.ZETA= 1.099


     XI             Q1                      Q2


             SLOPE  INTERCEPT       SLOPE     INTERCEPT


  0.0000   0.00E+00  0.16E-01      0.00E+00  -.00E+00
  0.1513   0.00E+00  0.11E-01      0.00E+00  -.53E-01
  0.3025   0.00E+00  0.23E-02      0.00E+00  -.72E-01
  0.4538   0.00E+00  0.58E-02      0.00E+00  -.71E-01
  0.6050   0.00E+00  0.12E-01      0.00E+00  -.62E-01



          ***** CENTRAL CHISQ=  0.1348E+01 *****


     ELM(  9)=  0.155125     CHISQ=  0.1348E+01
     ELM(  9)=  0.151147     CHISQ=  0.1348E+01
     ELM( 13)=  2.848283     CHISQ=  0.1335E+01
     ELM( 13)=  2.775250     CHISQ=  0.1322E+01
     ELM( 13)=  2.629184     CHISQ=  0.1299E+01
     ELM( 13)=  2.483118     CHISQ=  0.1283E+01
     ELM( 13)=  2.190987     CHISQ=  0.1295E+01
     WARNING-ME( 13)     INTEGRATION STOPPED AT THE LIMIT
     ELM( 14)=  0.233151     CHISQ=  0.1348E+01
     ELM( 14)=  0.238838     CHISQ=  0.1347E+01
     ELM( 14)=  0.250211     CHISQ=  0.1347E+01
     ELM( 14)=  0.261584     CHISQ=  0.1347E+01
     ELM( 14)=  0.284331     CHISQ=  0.1346E+01
     ELM( 14)=  0.307077     CHISQ=  0.1346E+01
     ELM( 14)=  0.352570     CHISQ=  0.1347E+01
     ELM( 15)=  0.987442     CHISQ=  0.1345E+01
     ELM( 15)=  0.962123     CHISQ=  0.1343E+01
     ELM( 15)=  0.911485     CHISQ=  0.1341E+01
     ELM( 15)=  0.860847     CHISQ=  0.1341E+01
     ELM( 15)=  0.846058     CHISQ=  0.1342E+01
     ELM( 15)=  0.795420     CHISQ=  0.1345E+01
     ELM( 18)= -0.057616     CHISQ=  0.1348E+01
     ELM( 18)= -0.059021     CHISQ=  0.1348E+01
     ELM( 18)= -0.061832     CHISQ=  0.1348E+01
     ELM( 18)= -0.064642     CHISQ=  0.1348E+01
     ELM( 18)= -0.065355     CHISQ=  0.1348E+01
     ELM( 18)= -0.068165     CHISQ=  0.1348E+01
     ELM( 21)=  0.286995     CHISQ=  0.1348E+01
     ELM( 21)=  0.279636     CHISQ=  0.1348E+01
     ELM( 21)=  0.278059     CHISQ=  0.1348E+01



                                           DIAGONAL
                                        ESTIMATED ERRORS

     INDEX     NI     NF     ME AND ERRORS


        1       1      2       1.28670  ( -0.01191 ,  0.01206)......   -0.9 ,    0.9 PC
        2       1      6       0.10843  ( -0.01159 ,  0.00970)......  -10.7 ,    8.9 PC
        3       2      2       0.53307  ( -0.07197 ,  0.07212)......  -13.5 ,   13.5 PC
        4       2      3       2.26512  ( -0.04810 ,  0.04991)......   -2.1 ,    2.2 PC
        5       2      6       1.90732  ( -0.07058 ,  0.07192)......   -3.7 ,    3.8 PC
        6       2      7       0.32674  ( -0.01262 ,  0.01248)......   -3.9 ,    3.8 PC
        7       3      3       0.99530  ( -0.13368 ,  0.13479)......  -13.4 ,   13.5 PC
        8       3      4       3.01620  ( -0.11365 ,  0.11449)......   -3.8 ,    3.8 PC
        9       3      6       0.15910  ( -0.60041 ,  0.64878)...... -377.4 ,  407.8 PC
       10       3      7       2.25135  ( -0.13735 ,  0.13677)......   -6.1 ,    6.1 PC
       11       3      8       0.18331  ( -0.35965 ,  0.02695)...... -196.2 ,   14.7 PC
       12       4      4       0.28601  ( -0.20212 ,  0.20095)......  -70.7 ,   70.3 PC
       13       4      5       2.92132  ( -0.84841 ,  0.48121)......  -29.0 ,   16.5 PC
       14       4      7       0.22746  ( -0.39596 ,  0.54507)...... -174.1 ,  239.6 PC
       15       4      8       1.01276  ( -1.44772 ,  0.20527)...... -142.9 ,   20.3 PC
       16       6      6      -0.39338  ( -0.09822 ,  0.09808)......  -25.0 ,   24.9 PC
       17       6      7       2.50587  ( -0.05850 ,  0.09040)......   -2.3 ,    3.6 PC
       18       7      7      -0.05621  ( -0.15152 ,  0.14293)...... -269.6 ,  254.3 PC
       19       7      8       1.73387  ( -0.15159 ,  0.18753)......   -8.7 ,   10.8 PC
       20       2      6       0.03110  ( -0.00358 ,  0.00638)......  -11.5 ,   20.5 PC
       21       3      7       0.29435  ( -0.57016 ,  0.08967)...... -193.7 ,   30.5 PC



                                           DIAGONAL
                                        ESTIMATED ERRORS

     INDEX     NI     NF     B(E,ML)(OR QUADRUPOLE MOMENT) AND ERRORS


        1       2      1        0.33112  (  -0.00610 ,   0.00624)
        2       6      1        0.00235  (  -0.00048 ,   0.00044)
        3       2      2        0.40403  (  -0.05455 ,   0.05466)
        4       3      2        0.57008  (  -0.02396 ,   0.02540)
        5       6      2        0.72758  (  -0.05285 ,   0.05591)
        6       7      2        0.01186  (  -0.00090 ,   0.00092)
        7       3      3        0.75055  (  -0.10081 ,   0.10164)
        8       4      3        0.69980  (  -0.05174 ,   0.05413)
        9       6      3        0.00506  (  -0.00506 ,   0.12547)
       10       7      3        0.56317  (  -0.06662 ,   0.07050)
       11       8      3        0.00258  (  -0.00258 ,   0.00082)
       12       4      4        0.19941  (  -0.14092 ,   0.14010)
       13       5      4        0.50201  (  -0.24924 ,   0.17900)
       14       7      4        0.00575  (  -0.00575 ,   0.06056)
       15       8      4        0.07890  (  -0.07890 ,   0.03522)
       16       6      6       -0.29816  (  -0.07445 ,   0.07434)
       17       7      6        0.69771  (  -0.03220 ,   0.05125)
       18       7      7       -0.04239  (  -0.11426 ,   0.10778)
       19       8      7        0.23125  (  -0.03867 ,   0.05273)
       20       6      2        0.00019  (  -0.00004 ,   0.00009)
       21       7      3        0.00963  (  -0.00963 ,   0.00676)
               ********* END OF EXECUTION **********
