1
 *****************************************************************************************************************************
 *****************************************************************************************************************************
 **************************************************                         **************************************************
 **************************************************          GOSIA          **************************************************
 **************************************************                         **************************************************
 *****************************************************************************************************************************
 *****************************************************************************************************************************





                    ROCHESTER COULOMB EXCITATION DATA ANALYSIS CODE BY T.CZOSNYKA,D.CLINE AND C.Y.WU
                                                  LATEST REVISION- JUNE  2006






          14C beam on 194Pt target                                                        
          ----------------------------------------------------------------------------------------------------

                                        LEVELS

     INDEX     PARITY         SPIN           ENERGY(MEV)
       1           +           0.0            0.0000
       2           +           2.0            0.3280
       3           +           4.0            0.8110
       4           +           6.0            1.4118
       5           +           8.0            2.0995
       6           +           2.0            0.6220
       7           +           4.0            1.2295
       8           +           6.0            1.9250

                                        MATRIX ELEMENTS


     MULTIPOLARITY=2
    INDEX   NF     NS          ME               LIMITS
       1      1      2        1.20800        0.00010        2.00000
       2      1      6        0.08880       -3.00000        3.00000
       3      2      2        0.54000       -3.00000        3.00000
       4      2      3        1.93500        0.00010        3.00000
       5      2      6        1.51700        0.00010        3.00000
       6      2      7        0.25000       -3.00000        3.00000
       7      3      3        1.00000       -3.00000        3.00000
       8      3      4        2.90000        0.00010        4.00000
       9      3      6        0.25000       -3.00000        3.00000
      10      3      7        1.51000       -3.00000        3.00000
      11      3      8        0.22400       -3.00000        3.00000
      12      4      4        0.28000       -3.00000        3.00000
      13      4      5        3.08000        0.00010        4.00000
      14      4      7        0.16000       -3.00000        3.00000
      15      4      8        1.14000       -3.00000        3.00000
      16      6      6       -0.40000       -3.00000        3.00000
      17      6      7        1.78400        0.00010        3.00000
      18      7      7       -0.07000       -3.00000        3.00000
      19      7      8        2.09000        0.00010        3.00000
     MULTIPOLARITY=7
    INDEX   NF     NS          ME               LIMITS
      20      2      6        0.02800       -3.00000        3.00000
      21      3      7        0.19000       -3.00000        3.00000

                                               REPRINT OF EXPERIMENTAL DATA TO BE FITTED





     EXPERIMENT  1
  PROJECTILE ( 78.,194.)  43.750 MEV ---1 GE(LI) DETECTOR(S)  WEIGHT=0.10E+01
                    ** EXPERIMENTAL YIELDS **
    DECAY IS  IF         YIELD+/-ERROR

       5   4   3  0.166470E+04     0.831264E+02
       9   7   6  0.626950E+04     0.312942E+03
      10   3   2  0.150375E+06     0.150361E+05
      13   6   2  0.119706E+06     0.598386E+04
      14   2   1  0.483610E+07     0.241781E+06


        5 EXPERIMENTAL YIELDS           21 MATRIX ELEMENTS TO BE VARIED



                                        BRANCHING RATIOS

     NS1     NF1     NS2     NF2     RATIO(1:2)         ERROR
      6       1       6       2        0.13690        0.02300
      7       3       7       6        0.14400        0.01400
      7       2       7       6        0.12200        0.00800
      8       3       8       7        0.12000        0.04000
      8       4       8       7        0.06000        0.04000
     BRANCHING RATIOS ARE TAKEN WITH WEIGHT    0.100000E+01



                              LIFETIMES(PSEC)


     LEVEL         LIFETIME     ERROR

        2           60.46         0.87
        3            5.34         0.29
        4            2.31         0.72
        5            1.59         0.43
        6           50.50         5.80
        7            5.50         0.90
        8            1.88         0.29

          LIFETIMES ARE TAKEN WITH WEIGHT    0.100000E+01


                    EXPERIMENTAL E2/M1 MIXING RATIOS


          TRANSITION            DELTA          ERROR

           6---  2               15.0000           2.0000

          E2/M1 MIXING RATIOS ARE TAKEN WITH WEIGHT    0.100000E+01


                              EXPERIMENTAL MATRIX ELEMENT(S)


          TRANSITION          MAT.EL.          ERROR

           2---  2                0.5400           0.0700
           3---  3                1.0000           0.1300
           4---  4                0.2800           0.2000
           6---  6               -0.4000           0.0900
           7---  7               -0.0700           0.1400

           MATRIX ELEMENT(S) ARE TAKEN WITH WEIGHT    0.100000E+01



     *****  RESTART-MATRIX ELEMENTS OVERWRITTEN  *****




                                        MATRIX ELEMENTS


     MULTIPOLARITY=2
    INDEX   NF     NS          ME               LIMITS
       1      1      2        1.28688        0.00010        2.00000
       2      1      6        0.10937       -3.00000        3.00000
       3      2      2        0.53201       -3.00000        3.00000
       4      2      3        2.27197        0.00010        3.00000
       5      2      6        1.90651        0.00010        3.00000
       6      2      7        0.32401       -3.00000        3.00000
       7      3      3        0.99068       -3.00000        3.00000
       8      3      4        2.99008        0.00010        4.00000
       9      3      6        0.16248       -3.00000        3.00000
      10      3      7        2.19254       -3.00000        3.00000
      11      3      8        0.18778       -3.00000        3.00000
      12      4      4        0.28574       -3.00000        3.00000
      13      4      5        2.96967        0.00010        4.00000
      14      4      7        0.21223       -3.00000        3.00000
      15      4      8        1.05276       -3.00000        3.00000
      16      6      6       -0.39581       -3.00000        3.00000
      17      6      7        2.46973        0.00010        3.00000
      18      7      7       -0.04065       -3.00000        3.00000
      19      7      8        1.79484        0.00010        3.00000
     MULTIPOLARITY=7
    INDEX   NF     NS          ME               LIMITS
      20      2      6        0.03118       -3.00000        3.00000
      21      3      7        0.28661       -3.00000        3.00000



          ** EXPERIMENT  1 **


     TARGET EXCITATION OF( 78,194.000) BY(  6, 14.000)
     ENERGY     43.750 MEV     BETA   0.819121E-01
     DISTANCE OF CLOSEST APPROACH FOR HEAD-ON COLLISIONS    16.5143 FM
     CM SCATTERING ANGLE    147.382 DEG     EPSILON     1.0419
     RECOIL ENERGY(MEV)     10.0790
     RECOIL BETA    0.105616E-01
     BOMBARDING ENERGY=     0.904 OF SAFE BOMBARDING ENERGY AT THIS ANGLE


                              EXPERIMENT  1          MAX.XI=0.6050

                              E2        MI=0     MAX.ZETA= 1.099


     XI             Q1                      Q2


             SLOPE  INTERCEPT       SLOPE     INTERCEPT


  0.0000   0.00E+00  0.00E+00      -.58E-04  0.92E+00
  0.0672   0.23E-02  0.51E-01      -.56E-03  0.90E+00
  0.1345   0.35E-02  0.93E-01      -.15E-02  0.84E+00
  0.2017   0.35E-02  0.13E+00      -.20E-02  0.77E+00
  0.2689   0.28E-02  0.16E+00      -.15E-02  0.70E+00
  0.3361   0.15E-02  0.18E+00      -.61E-04  0.62E+00
  0.4034   0.29E-04  0.20E+00      0.21E-02  0.55E+00
  0.4706   -.17E-02  0.22E+00      0.49E-02  0.48E+00
  0.5378   -.36E-02  0.24E+00      0.79E-02  0.42E+00
  0.6050   -.58E-02  0.26E+00      0.11E-01  0.36E+00


                              E2        MI=+/-1     MAX.ZETA= 1.099


     XI             Q1                      Q2


             SLOPE  INTERCEPT       SLOPE     INTERCEPT


  0.0000   0.00E+00  0.16E-01      0.00E+00  -.00E+00
  0.1513   0.00E+00  0.11E-01      0.00E+00  -.53E-01
  0.3025   0.00E+00  0.23E-02      0.00E+00  -.72E-01
  0.4538   0.00E+00  0.58E-02      0.00E+00  -.71E-01
  0.6050   0.00E+00  0.12E-01      0.00E+00  -.62E-01
     *** CHISQ=  0.139316E+01 ***

     MATRIX ELEMENT   2 LOCKED!
     MINIMIZATION STOPPED-NUMBER OF STEPS NPTL=   50 EXCEEDED
     *** CHISQ=  0.134784E+01 ***



          EXP. AND CALCULATED BRANCHING RATIOS

     NS1     NF1     NS2     NF2     RATIO(1:2)         ERROR       CALC.RATIO     (EXP-CAL)/ERROR


      6       1       6       2        0.13690        0.02300        0.13639           0.0
      7       3       7       6        0.14400        0.01400        0.14277           0.1
      7       2       7       6        0.12200        0.00800        0.12235          -0.0
      8       3       8       7        0.12000        0.04000        0.11782           0.1
      8       4       8       7        0.06000        0.04000        0.07462          -0.4
          EXPERIMENT  1
          D(LOG(Y)/D(LOG(ME))


   4-- 3     (  4  0.20E+01)   (  1  0.20E+01)   (  8  0.20E+01)   (  2  0.33E-01)   ( 14  0.32E-01)   (  5  -.22E-01)
   7-- 6     (  1  0.21E+01)   ( 17  0.13E+01)   (  5  0.72E+00)   (  6  0.66E+00)   (  4  0.50E+00)   ( 10  0.31E+00)
   3-- 2     (  1  0.19E+01)   (  4  0.19E+01)   (  7  0.40E-01)   (  5  -.31E-01)   (  2  0.30E-01)   ( 10  0.26E-01)
   6-- 2     (  5  0.18E+01)   (  1  0.16E+01)   ( 17  0.42E-01)   (  6  0.39E-01)   ( 16  -.30E-01)   (  2  0.29E-01)
   2-- 1     (  1  0.18E+01)   (  3  0.22E-01)   (  2  0.16E-01)   (  4  -.72E-02)   (  5  0.65E-02)   ( 17  -.43E-03)


                    VACUUM DEPOLARIZATION COEFFICIENTS 


     EXPERIMENT  1
     LEVEL          G2          G4          G6

        2         0.4695      0.2156      0.1038
        3         0.8321      0.6176      0.4570
        4         0.9447      0.8455      0.7471
        5         0.9632      0.8922      0.8121
        6         0.5281      0.2610      0.1361
        7         0.9588      0.8846      0.8024
        8         0.9321      0.8145      0.7036


                    NORMALIZATION CONSTANTS

  EXPERIMENT     DETECTORS(1-32)
  1  0.2011E+08


                    RECOMMENDED RELATIVE GE(LI) EFFICIENCIES

  EXPERIMENT
  1  0.1000E+01


     CALCULATED AND EXPERIMENTAL YIELDS   EXPERIMENT  1 DETECTOR  1

      NI     NF       II        IF         ENERGY(MEV)      YCAL        YEXP       PC. DIFF.  (YE-YC)/SIGMA
       4      3        6.0       4.0         0.6008      .1652E+04      .1665E+04      0.8      0.2              
       7      6        4.0       2.0         0.6075      .6160E+04      .6269E+04      1.7      0.3              
       3      2        4.0       2.0         0.4830      .1538E+06      .1504E+06     -2.3     -0.2              
       6      2        2.0       2.0         0.2940      .1168E+06      .1197E+06      2.4      0.5              
       2      1        2.0       0.0         0.3280      .5033E+07      .4836E+07     -4.1     -0.8              

                                                  CHISQ SUBTOTAL =   0.108945E+01


          E2/M1 MIXING RATIOS
          TRANSITION          EXP.DELTA          CALC.DELTA          SIGMA

           6---  2               15.00              15.01              0.01


                    CALCULATED LIFETIMES

     LEVEL     LIFETIME(PSEC)     EXP        ERROR

        2       0.6045E+02     0.6046E+02    0.8700E+00
        3       0.5304E+01     0.5340E+01    0.2900E+00
        4       0.1466E+01     0.2310E+01    0.7200E+00
        5       0.1045E+01     0.1590E+01    0.4300E+00
        6       0.4092E+02     0.5050E+02    0.5800E+01
        7       0.1097E+01     0.5500E+01    0.9000E+00
        8       0.1798E+01     0.1880E+01    0.2900E+00


CALCULATED AND EXPERIMENTAL MATRIX ELEMENTS


     NI NF  EXP. ME   CURRENT ME   SIGMA
      2   2    0.5400    0.5331   -0.0990
      3   3    1.0000    0.9953   -0.0362
      4   4    0.2800    0.2860    0.0301
      6   6   -0.4000   -0.3934    0.0735
      7   7   -0.0700   -0.0562    0.0985

                                        MATRIX ELEMENTS


     MULTIPOLARITY=2
    INDEX   NF     NS          ME          PC CHANGE     RED. TRANS. PROB.
       1      1      2        1.28670       -0.01437        0.33112   
       2      1      6        0.10843       -0.85931        0.00235   
       3      2      2        0.53307        0.19800     **********   
       4      2      3        2.26512       -0.30145        0.57008   
       5      2      6        1.90732        0.04244        0.72758   
       6      2      7        0.32674        0.84267        0.01186   
       7      3      3        0.99530        0.46572     **********   
       8      3      4        3.01620        0.87351        0.69980   
       9      3      6        0.15910       -2.08074        0.00506   
      10      3      7        2.25135        2.68207        0.56317   
      11      3      8        0.18331       -2.38168        0.00258   
      12      4      4        0.28601        0.09453     **********   
      13      4      5        2.92132       -1.62823        0.50201   
      14      4      7        0.22746        7.17648        0.00575   
      15      4      8        1.01276       -3.79927        0.07890   
      16      6      6       -0.39338       -0.61349     **********   
      17      6      7        2.50587        1.46313        0.69771   
      18      7      7       -0.05621       38.28467     **********   
      19      7      8        1.73387       -3.39716        0.23125   
     MULTIPOLARITY=7
    INDEX   NF     NS          ME          PC CHANGE     RED. TRANS. PROB.
      20      2      6        0.03110       -0.25440        0.00019   
      21      3      7        0.29435        2.70347        0.00963   
               ********* END OF EXECUTION **********
