1
 *****************************************************************************************************************************
 *****************************************************************************************************************************
 **************************************************                         **************************************************
 **************************************************          GOSIA          **************************************************
 **************************************************                         **************************************************
 *****************************************************************************************************************************
 *****************************************************************************************************************************





                    ROCHESTER COULOMB EXCITATION DATA ANALYSIS CODE BY T.CZOSNYKA,D.CLINE AND C.Y.WU
                                                  VERSION: 20110524.5






          14C beam on 194Pt target integration                                            
          ----------------------------------------------------------------------------------------------------

                                        LEVELS

     INDEX     PARITY         SPIN           ENERGY(MEV)
       1           +           0.0            0.0000
       2           -           1.0            6.0900

                                        MATRIX ELEMENTS


     MULTIPOLARITY=1
    INDEX   NF     NS          ME               LIMITS
       1      1      2        0.00010       -1.00000        1.00000



          ** EXPERIMENT  1 **


     PROJECTILE EXCITATION OF(  6, 14.000) ON( 78,194.000)
     ENERGY     43.750 MEV     BETA   0.819121E-01
     DISTANCE OF CLOSEST APPROACH FOR HEAD-ON COLLISIONS    16.5143 FM
     CM SCATTERING ANGLE    147.572 DEG     EPSILON     1.0414
     RECOIL ENERGY(MEV)     28.3004
     RECOIL BETA    0.658803E-01
     BOMBARDING ENERGY=     0.905 OF SAFE BOMBARDING ENERGY AT THIS ANGLE


                              EXPERIMENT  1          MAX.XI=3.5444

                              E1        MI=0     MAX.ZETA=19.099


     XI             Q1                      Q2


             SLOPE  INTERCEPT       SLOPE     INTERCEPT


  0.0000   0.00E+00  0.00E+00      0.52E-03  0.92E+00
  0.3938   -.11E-01  0.23E+00      0.19E-01  0.39E+00
  0.7877   -.14E-01  0.26E+00      0.24E-01  0.18E+00
  1.1815   -.19E-01  0.33E+00      0.24E-01  0.10E+00
  1.5753   -.25E-01  0.41E+00      0.22E-01  0.62E-01
  1.9691   -.29E-01  0.46E+00      0.20E-01  0.42E-01
  2.3630   -.30E-01  0.47E+00      0.19E-01  0.29E-01
  2.7568   -.32E-01  0.49E+00      0.17E-01  0.21E-01
  3.1506   -.32E-01  0.49E+00      0.16E-01  0.16E-01
  3.5444   -.28E-01  0.45E+00      0.14E-01  0.12E-01


                              E1        MI=+/-1     MAX.ZETA=19.099


     XI             Q1                      Q2


             SLOPE  INTERCEPT       SLOPE     INTERCEPT


  0.0000   0.00E+00  0.90E-02      0.00E+00  -.00E+00
  0.8861   0.00E+00  0.17E-01      0.00E+00  -.16E-01
  1.7722   0.00E+00  0.47E-01      0.00E+00  -.27E-02
  2.6583   0.00E+00  0.57E-01      0.00E+00  -.15E-02
  3.5444   0.00E+00  0.47E-01      0.00E+00  -.12E-02


                    CALCULATED LIFETIMES

     LEVEL     LIFETIME(PSEC)     EXP        ERROR

        2       -.1000E+01
               ********* END OF EXECUTION **********
