1
 *****************************************************************************************************************************
 *****************************************************************************************************************************
 **************************************************                         **************************************************
 **************************************************          GOSIA          **************************************************
 **************************************************                         **************************************************
 *****************************************************************************************************************************
 *****************************************************************************************************************************





                    ROCHESTER COULOMB EXCITATION DATA ANALYSIS CODE BY T.CZOSNYKA,D.CLINE AND C.Y.WU
                                                  VERS. 20110524.2   NOV 2011






          14C beam on 194Pt target integration                                            
          ----------------------------------------------------------------------------------------------------

                                        LEVELS

     INDEX     PARITY         SPIN           ENERGY(MEV)
       1           +           0.0            0.0000
       2           +           2.0            0.3280
       3           +           4.0            0.8110
       4           +           6.0            1.4118
       5           +           8.0            2.0995
       6           +           2.0            0.6220
       7           +           4.0            1.2295
       8           +           5.0            1.4987
       9           -           5.0            1.3730
      10           -           6.0            1.7830
      11           -           3.0            1.4320

                                        MATRIX ELEMENTS


     MULTIPOLARITY=1
    INDEX   NF     NS          ME               LIMITS
       1      2     11        0.00030       -2.00000        2.00000
       2      3      9        1.00000       -2.00000        2.00000
       3      3     11        0.00044       -2.00000        2.00000
       4      4      9        1.00000       -2.00000        2.00000
       5      4     10        1.00000       -2.00000        2.00000
       6      6     11        1.00000       -2.00000        2.00000
       7      7      9        1.00000       -2.00000        2.00000
       8      7     11        0.00152       -2.00000        2.00000
       9      8      9        1.00000       -2.00000        2.00000
      10      8     10        1.00000       -2.00000        2.00000
     MULTIPOLARITY=2
    INDEX   NF     NS          ME               LIMITS
      11      1      2        1.28108       -2.00000        2.00000
      12      1      6        0.09835       -2.00000        2.00000
      13      2      2        1.00000       -2.00000        2.00000
      14      2      3        2.25913       -2.00000        2.00000
      15      2      6        1.72302       -2.00000        2.00000
      16      2      7        0.14702       -2.00000        2.00000
      17      3      3        1.00000       -2.00000        2.00000
      18      3      4        2.41057       -2.00000        2.00000
      19      3      6        1.00000       -2.00000        2.00000
      20      3      7        0.91684       -2.00000        2.00000
      21      3      8        1.00000       -2.00000        2.00000
      22      4      4        1.00000       -2.00000        2.00000
      23      4      5        1.00000       -2.00000        2.00000
      24      4      7        1.00000       -2.00000        2.00000
      25      4      8        1.00000       -2.00000        2.00000
      26      6      7        1.12290       -2.00000        2.00000
      27      7      8        1.00000       -2.00000        2.00000
      28      9     10        1.00000       -2.00000        2.00000
      29      9     11        1.00000       -2.00000        2.00000
     MULTIPOLARITY=3
    INDEX   NF     NS          ME               LIMITS
      30      1     11        0.29867       -2.00000        2.00000
      31      2      9        1.00000       -2.00000        2.00000
      32      2     11        1.00000       -2.00000        2.00000
      33      3      9        1.00000       -2.00000        2.00000
      34      3     10        1.00000       -2.00000        2.00000
      35      3     11        1.00000       -2.00000        2.00000
      36      4      9        1.00000       -2.00000        2.00000
      37      4     10        1.00000       -2.00000        2.00000
      38      4     11        1.00000       -2.00000        2.00000
      39      5      9        1.00000       -2.00000        2.00000
      40      5     10        1.00000       -2.00000        2.00000
      41      6      9        1.00000       -2.00000        2.00000
      42      6     11        1.00000       -2.00000        2.00000
      43      7      9        1.00000       -2.00000        2.00000
      44      7     10        1.00000       -2.00000        2.00000
      45      7     11        1.00000       -2.00000        2.00000
      46      8      9        1.00000       -2.00000        2.00000
      47      8     10        1.00000       -2.00000        2.00000
      48      8     11        1.00000       -2.00000        2.00000
     MULTIPOLARITY=7
    INDEX   NF     NS          ME               LIMITS
      49      2      6        0.02992       -2.00000        2.00000
      50      3      7        0.13314       -2.00000        2.00000
      51      3      8        1.00000       -2.00000        2.00000
      52      4      8        1.00000       -2.00000        2.00000
      53      7      8        1.00000       -2.00000        2.00000
      54      9     10        1.00000       -2.00000        2.00000
                                        BRANCHING RATIOS

     NS1     NF1     NS2     NF2     RATIO(1:2)         ERROR
      6       1       6       2        0.13690        0.02300
      7       3       7       6        0.14400        0.01400
      7       2       7       6        0.12200        0.00800
      9       7       9       3        0.01200        0.00300
     11       0      11       2        0.00330        0.00030
     11       3      11       2        0.08100        0.00300
     11       4      11       2        0.03900        0.01100
     11       7      11       2        0.01600        0.00600
     11       9      11       2        0.00023        0.00003
     BRANCHING RATIOS ARE TAKEN WITH WEIGHT    0.100000E+01



                              LIFETIMES(PSEC)


     LEVEL         LIFETIME     ERROR

        2           60.45         0.86
        3            5.34         0.29
        4            2.31         0.72
        5            1.59         0.43
        6           50.50         5.77
        7            5.50         0.87
       11            0.22        28.90

          LIFETIMES ARE TAKEN WITH WEIGHT    0.100000E+01


                    EXPERIMENTAL E2/M1 MIXING RATIOS


          TRANSITION            DELTA          ERROR

           6---  2               15.0000           2.0000

          E2/M1 MIXING RATIOS ARE TAKEN WITH WEIGHT    0.100000E+01


                              EXPERIMENTAL MATRIX ELEMENT(S)


          TRANSITION          MAT.EL.          ERROR

           2---  2                0.8300           0.0800
           6---  6               -0.6596           0.6596

           MATRIX ELEMENT(S) ARE TAKEN WITH WEIGHT    0.100000E+01



          ** EXPERIMENT  1 **


     TARGET EXCITATION OF( 78,194.000) BY(  6, 14.000)
     ENERGY     43.750 MEV     BETA   0.819121E-01
     DISTANCE OF CLOSEST APPROACH FOR HEAD-ON COLLISIONS    16.5143 FM
     CM SCATTERING ANGLE    138.316 DEG     EPSILON     1.0700
     RECOIL ENERGY(MEV)      9.5568
     RECOIL BETA    0.102844E-01
     BOMBARDING ENERGY=     0.892 OF SAFE BOMBARDING ENERGY AT THIS ANGLE



          ** EXPERIMENT  2 **


     TARGET EXCITATION OF( 78,194.000) BY(  6, 14.000)
     ENERGY     43.750 MEV     BETA   0.819121E-01
     DISTANCE OF CLOSEST APPROACH FOR HEAD-ON COLLISIONS    16.5143 FM
     CM SCATTERING ANGLE    144.745 DEG     EPSILON     1.0493
     RECOIL ENERGY(MEV)      9.9384
     RECOIL BETA    0.104877E-01
     BOMBARDING ENERGY=     0.901 OF SAFE BOMBARDING ENERGY AT THIS ANGLE



          ** EXPERIMENT  3 **


     TARGET EXCITATION OF( 78,194.000) BY(  6, 14.000)
     ENERGY     43.750 MEV     BETA   0.819121E-01
     DISTANCE OF CLOSEST APPROACH FOR HEAD-ON COLLISIONS    16.5143 FM
     CM SCATTERING ANGLE    151.045 DEG     EPSILON     1.0328
     RECOIL ENERGY(MEV)     10.2580
     RECOIL BETA    0.106550E-01
     BOMBARDING ENERGY=     0.908 OF SAFE BOMBARDING ENERGY AT THIS ANGLE



          ** EXPERIMENT  4 **


     TARGET EXCITATION OF( 78,194.000) BY(  6, 14.000)
     ENERGY     43.750 MEV     BETA   0.819121E-01
     DISTANCE OF CLOSEST APPROACH FOR HEAD-ON COLLISIONS    16.5143 FM
     CM SCATTERING ANGLE    157.315 DEG     EPSILON     1.0199
     RECOIL ENERGY(MEV)     10.5186
     RECOIL BETA    0.107895E-01
     BOMBARDING ENERGY=     0.914 OF SAFE BOMBARDING ENERGY AT THIS ANGLE


                              EXPERIMENT  1          MAX.XI=0.5887

                              E1        MI=0     MAX.ZETA= 1.535


     XI             Q1                      Q2


             SLOPE  INTERCEPT       SLOPE     INTERCEPT


  0.0000   0.00E+00  0.00E+00      -.25E-03  0.90E+00
  0.0654   0.35E-02  0.85E-01      -.11E-02  0.82E+00
  0.1308   0.30E-02  0.13E+00      -.96E-03  0.70E+00
  0.1962   0.11E-02  0.16E+00      0.10E-02  0.60E+00
  0.2616   -.95E-03  0.19E+00      0.41E-02  0.50E+00
  0.3270   -.32E-02  0.20E+00      0.76E-02  0.42E+00
  0.3924   -.56E-02  0.22E+00      0.11E-01  0.35E+00
  0.4578   -.84E-02  0.24E+00      0.14E-01  0.29E+00
  0.5232   -.12E-01  0.26E+00      0.17E-01  0.24E+00
  0.5887   -.17E-01  0.28E+00      0.20E-01  0.20E+00


                              E1        MI=+/-1     MAX.ZETA= 1.253


     XI             Q1                      Q2


             SLOPE  INTERCEPT       SLOPE     INTERCEPT


  0.0000   0.00E+00  0.11E-01      0.00E+00  -.00E+00
  0.1472   0.00E+00  0.35E-02      0.00E+00  -.57E-01
  0.2943   0.00E+00  0.52E-02      0.00E+00  -.58E-01
  0.4415   0.00E+00  0.11E-01      0.00E+00  -.48E-01
  0.5887   0.00E+00  0.15E-01      0.00E+00  -.36E-01


                              EXPERIMENT  1          MAX.XI=0.4788

                              E2        MI=0     MAX.ZETA= 0.737


     XI             Q1                      Q2


             SLOPE  INTERCEPT       SLOPE     INTERCEPT


  0.0000   0.00E+00  0.00E+00      -.33E-04  0.88E+00
  0.0532   0.11E-02  0.39E-01      -.20E-03  0.87E+00
  0.1064   0.17E-02  0.72E-01      -.63E-03  0.83E+00
  0.1596   0.20E-02  0.10E+00      -.10E-02  0.78E+00
  0.2128   0.19E-02  0.13E+00      -.11E-02  0.73E+00
  0.2660   0.16E-02  0.15E+00      -.89E-03  0.67E+00
  0.3192   0.11E-02  0.17E+00      -.31E-03  0.62E+00
  0.3724   0.45E-03  0.18E+00      0.57E-03  0.56E+00
  0.4256   -.27E-03  0.20E+00      0.17E-02  0.51E+00
  0.4788   -.11E-02  0.21E+00      0.30E-02  0.46E+00


                              E2        MI=+/-1     MAX.ZETA= 0.737


     XI             Q1                      Q2


             SLOPE  INTERCEPT       SLOPE     INTERCEPT


  0.0000   0.00E+00  0.20E-01      0.00E+00  -.00E+00
  0.1197   0.00E+00  0.16E-01      0.00E+00  -.55E-01
  0.2394   0.00E+00  0.74E-02      0.00E+00  -.82E-01
  0.3591   0.00E+00  0.13E-02      0.00E+00  -.89E-01
  0.4788   0.00E+00  0.86E-02      0.00E+00  -.85E-01


                              EXPERIMENT  1          MAX.XI=0.7589

                              E3        MI=0     MAX.ZETA= 0.500


     XI             Q1                      Q2


             SLOPE  INTERCEPT       SLOPE     INTERCEPT


  0.0000   0.00E+00  0.00E+00      -.13E-04  0.84E+00
  0.0843   0.72E-03  0.40E-01      -.17E-03  0.83E+00
  0.1687   0.12E-02  0.77E-01      -.52E-03  0.79E+00
  0.2530   0.14E-02  0.11E+00      -.81E-03  0.73E+00
  0.3373   0.12E-02  0.14E+00      -.82E-03  0.67E+00
  0.4216   0.84E-03  0.16E+00      -.47E-03  0.60E+00
  0.5060   0.32E-03  0.18E+00      0.25E-03  0.53E+00
  0.5903   -.31E-03  0.20E+00      0.13E-02  0.47E+00
  0.6746   -.11E-02  0.22E+00      0.25E-02  0.41E+00
  0.7589   -.20E-02  0.24E+00      0.39E-02  0.35E+00


                              E3        MI=+/-1     MAX.ZETA= 0.500


     XI             Q1                      Q2


             SLOPE  INTERCEPT       SLOPE     INTERCEPT


  0.0000   0.00E+00  0.25E-01      0.00E+00  -.00E+00
  0.1897   0.00E+00  0.19E-01      0.00E+00  -.71E-01
  0.3795   0.00E+00  0.55E-02      0.00E+00  -.10E+00
  0.5692   0.00E+00  0.74E-02      0.00E+00  -.11E+00
  0.7589   0.00E+00  0.18E-01      0.00E+00  -.93E-01


                              EXPERIMENT  2          MAX.XI=0.5887

                              E1        MI=0     MAX.ZETA= 1.535


     XI             Q1                      Q2


             SLOPE  INTERCEPT       SLOPE     INTERCEPT


  0.0000   0.00E+00  0.00E+00      -.26E-03  0.92E+00
  0.0654   0.38E-02  0.87E-01      -.12E-02  0.84E+00
  0.1308   0.32E-02  0.13E+00      -.10E-02  0.72E+00
  0.1962   0.12E-02  0.16E+00      0.11E-02  0.61E+00
  0.2616   -.10E-02  0.19E+00      0.43E-02  0.51E+00
  0.3270   -.33E-02  0.21E+00      0.80E-02  0.43E+00
  0.3924   -.59E-02  0.23E+00      0.12E-01  0.36E+00
  0.4578   -.89E-02  0.25E+00      0.15E-01  0.30E+00
  0.5232   -.13E-01  0.26E+00      0.18E-01  0.25E+00
  0.5887   -.18E-01  0.29E+00      0.21E-01  0.21E+00


                              E1        MI=+/-1     MAX.ZETA= 1.253


     XI             Q1                      Q2


             SLOPE  INTERCEPT       SLOPE     INTERCEPT


  0.0000   0.00E+00  0.98E-02      0.00E+00  -.00E+00
  0.1472   0.00E+00  0.31E-02      0.00E+00  -.49E-01
  0.2943   0.00E+00  0.44E-02      0.00E+00  -.50E-01
  0.4415   0.00E+00  0.93E-02      0.00E+00  -.41E-01
  0.5887   0.00E+00  0.13E-01      0.00E+00  -.31E-01


                              EXPERIMENT  2          MAX.XI=0.4788

                              E2        MI=0     MAX.ZETA= 0.737


     XI             Q1                      Q2


             SLOPE  INTERCEPT       SLOPE     INTERCEPT


  0.0000   0.00E+00  0.00E+00      -.37E-04  0.91E+00
  0.0532   0.12E-02  0.41E-01      -.23E-03  0.90E+00
  0.1064   0.20E-02  0.76E-01      -.71E-03  0.86E+00
  0.1596   0.23E-02  0.11E+00      -.11E-02  0.81E+00
  0.2128   0.22E-02  0.13E+00      -.12E-02  0.75E+00
  0.2660   0.18E-02  0.15E+00      -.96E-03  0.69E+00
  0.3192   0.12E-02  0.17E+00      -.31E-03  0.64E+00
  0.3724   0.46E-03  0.19E+00      0.68E-03  0.58E+00
  0.4256   -.34E-03  0.21E+00      0.19E-02  0.52E+00
  0.4788   -.12E-02  0.22E+00      0.34E-02  0.47E+00


                              E2        MI=+/-1     MAX.ZETA= 0.737


     XI             Q1                      Q2


             SLOPE  INTERCEPT       SLOPE     INTERCEPT


  0.0000   0.00E+00  0.18E-01      0.00E+00  -.00E+00
  0.1197   0.00E+00  0.14E-01      0.00E+00  -.48E-01
  0.2394   0.00E+00  0.65E-02      0.00E+00  -.72E-01
  0.3591   0.00E+00  0.11E-02      0.00E+00  -.78E-01
  0.4788   0.00E+00  0.75E-02      0.00E+00  -.75E-01


                              EXPERIMENT  2          MAX.XI=0.7589

                              E3        MI=0     MAX.ZETA= 0.500


     XI             Q1                      Q2


             SLOPE  INTERCEPT       SLOPE     INTERCEPT


  0.0000   0.00E+00  0.00E+00      -.15E-04  0.88E+00
  0.0843   0.85E-03  0.43E-01      -.20E-03  0.87E+00
  0.1687   0.14E-02  0.82E-01      -.61E-03  0.83E+00
  0.2530   0.16E-02  0.12E+00      -.94E-03  0.77E+00
  0.3373   0.14E-02  0.15E+00      -.94E-03  0.70E+00
  0.4216   0.94E-03  0.17E+00      -.49E-03  0.63E+00
  0.5060   0.32E-03  0.20E+00      0.37E-03  0.56E+00
  0.5903   -.42E-03  0.22E+00      0.16E-02  0.49E+00
  0.6746   -.13E-02  0.24E+00      0.30E-02  0.42E+00
  0.7589   -.24E-02  0.26E+00      0.47E-02  0.36E+00


                              E3        MI=+/-1     MAX.ZETA= 0.500


     XI             Q1                      Q2


             SLOPE  INTERCEPT       SLOPE     INTERCEPT


  0.0000   0.00E+00  0.23E-01      0.00E+00  -.00E+00
  0.1897   0.00E+00  0.17E-01      0.00E+00  -.63E-01
  0.3795   0.00E+00  0.49E-02      0.00E+00  -.92E-01
  0.5692   0.00E+00  0.66E-02      0.00E+00  -.94E-01
  0.7589   0.00E+00  0.16E-01      0.00E+00  -.82E-01


                              EXPERIMENT  3          MAX.XI=0.5887

                              E1        MI=0     MAX.ZETA= 1.535


     XI             Q1                      Q2


             SLOPE  INTERCEPT       SLOPE     INTERCEPT


  0.0000   0.00E+00  0.00E+00      -.28E-03  0.93E+00
  0.0654   0.40E-02  0.88E-01      -.13E-02  0.85E+00
  0.1308   0.33E-02  0.13E+00      -.11E-02  0.73E+00
  0.1962   0.13E-02  0.17E+00      0.11E-02  0.62E+00
  0.2616   -.10E-02  0.19E+00      0.45E-02  0.52E+00
  0.3270   -.35E-02  0.21E+00      0.84E-02  0.44E+00
  0.3924   -.62E-02  0.23E+00      0.12E-01  0.37E+00
  0.4578   -.93E-02  0.25E+00      0.16E-01  0.30E+00
  0.5232   -.13E-01  0.27E+00      0.19E-01  0.25E+00
  0.5887   -.18E-01  0.29E+00      0.22E-01  0.21E+00


                              E1        MI=+/-1     MAX.ZETA= 1.253


     XI             Q1                      Q2


             SLOPE  INTERCEPT       SLOPE     INTERCEPT


  0.0000   0.00E+00  0.82E-02      0.00E+00  -.00E+00
  0.1472   0.00E+00  0.26E-02      0.00E+00  -.40E-01
  0.2943   0.00E+00  0.36E-02      0.00E+00  -.41E-01
  0.4415   0.00E+00  0.78E-02      0.00E+00  -.34E-01
  0.5887   0.00E+00  0.11E-01      0.00E+00  -.26E-01


                              EXPERIMENT  3          MAX.XI=0.4788

                              E2        MI=0     MAX.ZETA= 0.737


     XI             Q1                      Q2


             SLOPE  INTERCEPT       SLOPE     INTERCEPT


  0.0000   0.00E+00  0.00E+00      -.40E-04  0.94E+00
  0.0532   0.13E-02  0.42E-01      -.25E-03  0.92E+00
  0.1064   0.21E-02  0.78E-01      -.77E-03  0.88E+00
  0.1596   0.25E-02  0.11E+00      -.12E-02  0.83E+00
  0.2128   0.23E-02  0.14E+00      -.13E-02  0.77E+00
  0.2660   0.19E-02  0.16E+00      -.10E-02  0.71E+00
  0.3192   0.13E-02  0.18E+00      -.31E-03  0.65E+00
  0.3724   0.48E-03  0.20E+00      0.79E-03  0.59E+00
  0.4256   -.41E-03  0.21E+00      0.22E-02  0.53E+00
  0.4788   -.14E-02  0.23E+00      0.38E-02  0.48E+00


                              E2        MI=+/-1     MAX.ZETA= 0.737


     XI             Q1                      Q2


             SLOPE  INTERCEPT       SLOPE     INTERCEPT


  0.0000   0.00E+00  0.15E-01      0.00E+00  -.00E+00
  0.1197   0.00E+00  0.12E-01      0.00E+00  -.41E-01
  0.2394   0.00E+00  0.55E-02      0.00E+00  -.60E-01
  0.3591   0.00E+00  0.86E-03      0.00E+00  -.66E-01
  0.4788   0.00E+00  0.63E-02      0.00E+00  -.63E-01


                              EXPERIMENT  3          MAX.XI=0.7589

                              E3        MI=0     MAX.ZETA= 0.500


     XI             Q1                      Q2


             SLOPE  INTERCEPT       SLOPE     INTERCEPT


  0.0000   0.00E+00  0.00E+00      -.16E-04  0.92E+00
  0.0843   0.97E-03  0.45E-01      -.22E-03  0.90E+00
  0.1687   0.16E-02  0.86E-01      -.70E-03  0.86E+00
  0.2530   0.18E-02  0.12E+00      -.11E-02  0.80E+00
  0.3373   0.15E-02  0.15E+00      -.10E-02  0.73E+00
  0.4216   0.10E-02  0.18E+00      -.52E-03  0.65E+00
  0.5060   0.32E-03  0.20E+00      0.49E-03  0.58E+00
  0.5903   -.54E-03  0.23E+00      0.19E-02  0.50E+00
  0.6746   -.16E-02  0.25E+00      0.36E-02  0.43E+00
  0.7589   -.28E-02  0.27E+00      0.54E-02  0.37E+00


                              E3        MI=+/-1     MAX.ZETA= 0.500


     XI             Q1                      Q2


             SLOPE  INTERCEPT       SLOPE     INTERCEPT


  0.0000   0.00E+00  0.19E-01      0.00E+00  -.00E+00
  0.1897   0.00E+00  0.14E-01      0.00E+00  -.54E-01
  0.3795   0.00E+00  0.41E-02      0.00E+00  -.79E-01
  0.5692   0.00E+00  0.56E-02      0.00E+00  -.80E-01
  0.7589   0.00E+00  0.13E-01      0.00E+00  -.70E-01


                              EXPERIMENT  4          MAX.XI=0.5887

                              E1        MI=0     MAX.ZETA= 1.535


     XI             Q1                      Q2


             SLOPE  INTERCEPT       SLOPE     INTERCEPT


  0.0000   0.00E+00  0.00E+00      -.29E-03  0.95E+00
  0.0654   0.42E-02  0.89E-01      -.13E-02  0.86E+00
  0.1308   0.35E-02  0.14E+00      -.11E-02  0.74E+00
  0.1962   0.14E-02  0.17E+00      0.12E-02  0.63E+00
  0.2616   -.11E-02  0.19E+00      0.47E-02  0.53E+00
  0.3270   -.36E-02  0.21E+00      0.86E-02  0.44E+00
  0.3924   -.64E-02  0.23E+00      0.13E-01  0.37E+00
  0.4578   -.96E-02  0.25E+00      0.16E-01  0.31E+00
  0.5232   -.14E-01  0.27E+00      0.20E-01  0.26E+00
  0.5887   -.19E-01  0.29E+00      0.23E-01  0.21E+00


                              E1        MI=+/-1     MAX.ZETA= 1.253


     XI             Q1                      Q2


             SLOPE  INTERCEPT       SLOPE     INTERCEPT


  0.0000   0.00E+00  0.65E-02      0.00E+00  -.00E+00
  0.1472   0.00E+00  0.21E-02      0.00E+00  -.32E-01
  0.2943   0.00E+00  0.28E-02      0.00E+00  -.33E-01
  0.4415   0.00E+00  0.61E-02      0.00E+00  -.27E-01
  0.5887   0.00E+00  0.84E-02      0.00E+00  -.21E-01


                              EXPERIMENT  4          MAX.XI=0.4788

                              E2        MI=0     MAX.ZETA= 0.737


     XI             Q1                      Q2


             SLOPE  INTERCEPT       SLOPE     INTERCEPT


  0.0000   0.00E+00  0.00E+00      -.44E-04  0.96E+00
  0.0532   0.14E-02  0.43E-01      -.27E-03  0.94E+00
  0.1064   0.23E-02  0.80E-01      -.83E-03  0.90E+00
  0.1596   0.26E-02  0.11E+00      -.13E-02  0.85E+00
  0.2128   0.25E-02  0.14E+00      -.14E-02  0.79E+00
  0.2660   0.20E-02  0.16E+00      -.11E-02  0.73E+00
  0.3192   0.13E-02  0.18E+00      -.30E-03  0.66E+00
  0.3724   0.48E-03  0.20E+00      0.88E-03  0.60E+00
  0.4256   -.47E-03  0.22E+00      0.24E-02  0.55E+00
  0.4788   -.15E-02  0.23E+00      0.41E-02  0.49E+00


                              E2        MI=+/-1     MAX.ZETA= 0.737


     XI             Q1                      Q2


             SLOPE  INTERCEPT       SLOPE     INTERCEPT


  0.0000   0.00E+00  0.12E-01      0.00E+00  -.00E+00
  0.1197   0.00E+00  0.95E-02      0.00E+00  -.33E-01
  0.2394   0.00E+00  0.44E-02      0.00E+00  -.48E-01
  0.3591   0.00E+00  0.67E-03      0.00E+00  -.53E-01
  0.4788   0.00E+00  0.50E-02      0.00E+00  -.50E-01


                              EXPERIMENT  4          MAX.XI=0.7589

                              E3        MI=0     MAX.ZETA= 0.500


     XI             Q1                      Q2


             SLOPE  INTERCEPT       SLOPE     INTERCEPT


  0.0000   0.00E+00  0.00E+00      -.18E-04  0.95E+00
  0.0843   0.11E-02  0.47E-01      -.25E-03  0.93E+00
  0.1687   0.18E-02  0.89E-01      -.78E-03  0.89E+00
  0.2530   0.19E-02  0.13E+00      -.12E-02  0.82E+00
  0.3373   0.17E-02  0.16E+00      -.11E-02  0.75E+00
  0.4216   0.11E-02  0.19E+00      -.53E-03  0.67E+00
  0.5060   0.31E-03  0.21E+00      0.61E-03  0.59E+00
  0.5903   -.65E-03  0.24E+00      0.22E-02  0.52E+00
  0.6746   -.18E-02  0.26E+00      0.40E-02  0.45E+00
  0.7589   -.32E-02  0.28E+00      0.61E-02  0.38E+00


                              E3        MI=+/-1     MAX.ZETA= 0.500


     XI             Q1                      Q2


             SLOPE  INTERCEPT       SLOPE     INTERCEPT


  0.0000   0.00E+00  0.16E-01      0.00E+00  -.00E+00
  0.1897   0.00E+00  0.11E-01      0.00E+00  -.44E-01
  0.3795   0.00E+00  0.33E-02      0.00E+00  -.64E-01
  0.5692   0.00E+00  0.46E-02      0.00E+00  -.65E-01
  0.7589   0.00E+00  0.11E-01      0.00E+00  -.57E-01


          E2/M1 MIXING RATIOS
          TRANSITION          EXP.DELTA          CALC.DELTA          SIGMA

           6---  2               15.00              14.10             -0.45


                    CALCULATED LIFETIMES

     LEVEL     LIFETIME(PSEC)     EXP        ERROR

        2       -.1000E+01     0.6045E+02    0.8650E+00
        3       -.1000E+01     0.5340E+01    0.2880E+00
        4       -.1000E+01     0.2310E+01    0.7220E+00
        5       -.1000E+01     0.1590E+01    0.4300E+00
        6       -.1000E+01     0.5050E+02    0.5770E+01
        7       -.1000E+01     0.5500E+01    0.8660E+00
        8       -.1000E+01
        9       -.1000E+01
       10       -.1000E+01
       11       -.1000E+01     0.2160E+00    0.2890E+02


CALCULATED AND EXPERIMENTAL MATRIX ELEMENTS


     NI NF  EXP. ME   CURRENT ME   SIGMA
      2   2    0.8300    1.0000    2.1250
      6   6   -0.6596    1.0000    2.5161
               ********* END OF EXECUTION **********
