1
 *****************************************************************************************************************************
 *****************************************************************************************************************************
 **************************************************                         **************************************************
 **************************************************          GOSIA          **************************************************
 **************************************************                         **************************************************
 *****************************************************************************************************************************
 *****************************************************************************************************************************





                    ROCHESTER COULOMB EXCITATION DATA ANALYSIS CODE BY T.CZOSNYKA,D.CLINE AND C.Y.WU
                                                  VERS. 20110524.2   NOV 2011






          14C beam on 194Pt target integration                                            
          ----------------------------------------------------------------------------------------------------

                                        LEVELS

     INDEX     PARITY         SPIN           ENERGY(MEV)
       1           +           0.0            0.0000
       2           +           2.0            0.3280
       3           +           4.0            0.8110
       4           +           6.0            1.4118
       5           +           8.0            2.0995
       6           +           2.0            0.6220
       7           +           4.0            1.2295
       8           +           5.0            1.4987
       9           -           5.0            1.3730
      10           -           6.0            1.7830
      11           -           3.0            1.4320

                                        MATRIX ELEMENTS


     MULTIPOLARITY=1
    INDEX   NF     NS          ME               LIMITS
       1      2     11        0.00030       -2.00000        2.00000
       2      3      9        0.10000       -2.00000        2.00000
       3      3     11        0.00044       -2.00000        2.00000
       4      4      9        0.10000       -2.00000        2.00000
       5      4     10        0.10000       -2.00000        2.00000
       6      6     11        0.10000       -2.00000        2.00000
       7      7      9        0.10000       -2.00000        2.00000
       8      7     11        0.00152       -2.00000        2.00000
       9      8      9        0.10000       -2.00000        2.00000
      10      8     10        0.10000       -2.00000        2.00000
     MULTIPOLARITY=2
    INDEX   NF     NS          ME               LIMITS
      11      1      2        1.28108        0.00001        2.00000
      12      1      6        0.09835       -2.00000        2.00000
      13      2      2        0.10000       -2.00000        2.00000
      14      2      3        2.25913        0.00001        3.00000
      15      2      6        1.72302       -2.00000        2.00000
      16      2      7        0.14702       -2.00000        2.00000
      17      3      3        0.10000       -2.00000        2.00000
      18      3      4        2.41057        0.00001        3.00000
      19      3      6        0.10000       -2.00000        2.00000
      20      3      7        0.91684       -2.00000        2.00000
      21      3      8        0.10000       -2.00000        2.00000
      22      4      4        0.10000       -2.00000        2.00000
      23      4      5        0.10000        0.00001        2.00000
      24      4      7        0.10000       -2.00000        2.00000
      25      4      8        0.10000       -2.00000        2.00000
      26      6      7        1.12290       -2.00000        2.00000
      27      7      8        0.10000       -2.00000        2.00000
      28      9     10        0.10000       -2.00000        2.00000
      29      9     11        0.10000       -2.00000        2.00000
     MULTIPOLARITY=3
    INDEX   NF     NS          ME               LIMITS
      30      1     11        0.29867       -2.00000        2.00000
      31      2      9        0.10000       -2.00000        2.00000
      32      2     11        0.10000       -2.00000        2.00000
      33      3      9        0.10000       -2.00000        2.00000
      34      3     10        0.10000       -2.00000        2.00000
      35      3     11        0.10000       -2.00000        2.00000
      36      4      9        0.10000       -2.00000        2.00000
      37      4     10        0.10000       -2.00000        2.00000
      38      4     11        0.10000       -2.00000        2.00000
      39      5      9        0.10000       -2.00000        2.00000
      40      5     10        0.10000       -2.00000        2.00000
      41      6      9        0.10000       -2.00000        2.00000
      42      6     11        0.10000       -2.00000        2.00000
      43      7      9        0.10000       -2.00000        2.00000
      44      7     10        0.10000       -2.00000        2.00000
      45      7     11        0.10000       -2.00000        2.00000
      46      8      9        0.10000       -2.00000        2.00000
      47      8     10        0.10000       -2.00000        2.00000
      48      8     11        0.10000       -2.00000        2.00000
     MULTIPOLARITY=7
    INDEX   NF     NS          ME               LIMITS
      49      2      6        0.02992       -2.00000        2.00000
      50      3      7        0.13314       -2.00000        2.00000
      51      3      8        0.10000       -2.00000        2.00000
      52      4      8        0.10000       -2.00000        2.00000
      53      7      8        0.10000       -2.00000        2.00000
      54      9     10        0.10000       -2.00000        2.00000


       48 EXPERIMENTAL YIELDS           54 MATRIX ELEMENTS TO BE VARIED



                                        BRANCHING RATIOS

     NS1     NF1     NS2     NF2     RATIO(1:2)         ERROR
      6       1       6       2        0.13690        0.02300
      7       3       7       6        0.14400        0.01400
      7       2       7       6        0.12200        0.00800
      9       7       9       3        0.01200        0.00300
     11       0      11       2        0.00330        0.00030
     11       3      11       2        0.08100        0.00300
     11       4      11       2        0.03900        0.01100
     11       7      11       2        0.01600        0.00600
     11       9      11       2        0.00023        0.00003
     BRANCHING RATIOS ARE TAKEN WITH WEIGHT    0.100000E+01



                              LIFETIMES(PSEC)


     LEVEL         LIFETIME     ERROR

        2           60.45         0.86
        3            5.34         0.29
        4            2.31         0.72
        5            1.59         0.43
        6           50.50         5.77
        7            5.50         0.87
       11            0.22        28.90

          LIFETIMES ARE TAKEN WITH WEIGHT    0.100000E+01


                    EXPERIMENTAL E2/M1 MIXING RATIOS


          TRANSITION            DELTA          ERROR

           6---  2               15.0000           2.0000

          E2/M1 MIXING RATIOS ARE TAKEN WITH WEIGHT    0.100000E+01


                              EXPERIMENTAL MATRIX ELEMENT(S)


          TRANSITION          MAT.EL.          ERROR

           2---  2                0.8300           0.0800
           6---  6               -0.6596           0.6596

           MATRIX ELEMENT(S) ARE TAKEN WITH WEIGHT    0.100000E+01



     *****  RESTART-MATRIX ELEMENTS OVERWRITTEN  *****




                                        MATRIX ELEMENTS


     MULTIPOLARITY=1
    INDEX   NF     NS          ME               LIMITS
       1      2     11        0.35179       -2.00000        2.00000
       2      3      9        0.40051       -2.00000        2.00000
       3      3     11       -0.27400       -2.00000        2.00000
       4      4      9        0.20198       -2.00000        2.00000
       5      4     10        0.10000       -2.00000        2.00000
       6      6     11        0.16457       -2.00000        2.00000
       7      7      9        0.12994       -2.00000        2.00000
       8      7     11        0.05008       -2.00000        2.00000
       9      8      9        0.10001       -2.00000        2.00000
      10      8     10        0.10000       -2.00000        2.00000
     MULTIPOLARITY=2
    INDEX   NF     NS          ME               LIMITS
      11      1      2        1.29715        0.00001        2.00000
      12      1      6        0.09229       -2.00000        2.00000
      13      2      2        0.13505       -2.00000        2.00000
      14      2      3        2.43238        0.00001        3.00000
      15      2      6        1.66636       -2.00000        2.00000
      16      2      7       -0.06027       -2.00000        2.00000
      17      3      3        0.10183       -2.00000        2.00000
      18      3      4        2.54513        0.00001        3.00000
      19      3      6        0.11428       -2.00000        2.00000
      20      3      7        0.99091       -2.00000        2.00000
      21      3      8        0.10014       -2.00000        2.00000
      22      4      4        0.10645       -2.00000        2.00000
      23      4      5        1.12938        0.00001        2.00000
      24      4      7        0.10917       -2.00000        2.00000
      25      4      8        0.10001       -2.00000        2.00000
      26      6      7        1.16539       -2.00000        2.00000
      27      7      8        0.09929       -2.00000        2.00000
      28      9     10        0.10000       -2.00000        2.00000
      29      9     11        0.11405       -2.00000        2.00000
     MULTIPOLARITY=3
    INDEX   NF     NS          ME               LIMITS
      30      1     11        0.11973       -2.00000        2.00000
      31      2      9        0.37423       -2.00000        2.00000
      32      2     11        0.12620       -2.00000        2.00000
      33      3      9        0.08758       -2.00000        2.00000
      34      3     10        0.10002       -2.00000        2.00000
      35      3     11        0.10356       -2.00000        2.00000
      36      4      9        0.09823       -2.00000        2.00000
      37      4     10        0.10000       -2.00000        2.00000
      38      4     11        0.08048       -2.00000        2.00000
      39      5      9        0.10000       -2.00000        2.00000
      40      5     10        0.10000       -2.00000        2.00000
      41      6      9        0.10165       -2.00000        2.00000
      42      6     11        0.10347       -2.00000        2.00000
      43      7      9        0.09855       -2.00000        2.00000
      44      7     10        0.10000       -2.00000        2.00000
      45      7     11        0.09569       -2.00000        2.00000
      46      8      9        0.10000       -2.00000        2.00000
      47      8     10        0.10000       -2.00000        2.00000
      48      8     11        0.10001       -2.00000        2.00000
     MULTIPOLARITY=7
    INDEX   NF     NS          ME               LIMITS
      49      2      6        0.02929       -2.00000        2.00000
      50      3      7        0.15028       -2.00000        2.00000
      51      3      8        0.10000       -2.00000        2.00000
      52      4      8        0.10000       -2.00000        2.00000
      53      7      8        0.10000       -2.00000        2.00000
      54      9     10        0.10000       -2.00000        2.00000



          ** EXPERIMENT  1 **


     TARGET EXCITATION OF( 78,194.000) BY(  6, 14.000)
     ENERGY     43.750 MEV     BETA   0.819121E-01
     DISTANCE OF CLOSEST APPROACH FOR HEAD-ON COLLISIONS    16.5143 FM
     CM SCATTERING ANGLE    138.316 DEG     EPSILON     1.0700
     RECOIL ENERGY(MEV)      9.5568
     RECOIL BETA    0.102844E-01
     BOMBARDING ENERGY=     0.892 OF SAFE BOMBARDING ENERGY AT THIS ANGLE



          ** EXPERIMENT  2 **


     TARGET EXCITATION OF( 78,194.000) BY(  6, 14.000)
     ENERGY     43.750 MEV     BETA   0.819121E-01
     DISTANCE OF CLOSEST APPROACH FOR HEAD-ON COLLISIONS    16.5143 FM
     CM SCATTERING ANGLE    144.745 DEG     EPSILON     1.0493
     RECOIL ENERGY(MEV)      9.9384
     RECOIL BETA    0.104877E-01
     BOMBARDING ENERGY=     0.901 OF SAFE BOMBARDING ENERGY AT THIS ANGLE



          ** EXPERIMENT  3 **


     TARGET EXCITATION OF( 78,194.000) BY(  6, 14.000)
     ENERGY     43.750 MEV     BETA   0.819121E-01
     DISTANCE OF CLOSEST APPROACH FOR HEAD-ON COLLISIONS    16.5143 FM
     CM SCATTERING ANGLE    151.045 DEG     EPSILON     1.0328
     RECOIL ENERGY(MEV)     10.2580
     RECOIL BETA    0.106550E-01
     BOMBARDING ENERGY=     0.908 OF SAFE BOMBARDING ENERGY AT THIS ANGLE



          ** EXPERIMENT  4 **


     TARGET EXCITATION OF( 78,194.000) BY(  6, 14.000)
     ENERGY     43.750 MEV     BETA   0.819121E-01
     DISTANCE OF CLOSEST APPROACH FOR HEAD-ON COLLISIONS    16.5143 FM
     CM SCATTERING ANGLE    157.315 DEG     EPSILON     1.0199
     RECOIL ENERGY(MEV)     10.5186
     RECOIL BETA    0.107895E-01
     BOMBARDING ENERGY=     0.914 OF SAFE BOMBARDING ENERGY AT THIS ANGLE
     WARNING-EXP. 1  TRANS.  7-- 2     EXCEEDS UPPER LIMIT (RATIO=  0.202679E+01)
     WARNING-EXP. 2  TRANS.  7-- 2     EXCEEDS UPPER LIMIT (RATIO=  0.228847E+01)
     WARNING-EXP. 3  TRANS.  7-- 2     EXCEEDS UPPER LIMIT (RATIO=  0.252217E+01)
     WARNING-EXP. 4  TRANS.  7-- 2     EXCEEDS UPPER LIMIT (RATIO=  0.272276E+01)
     *** CHISQ=  0.914961E+02 ***
     *** CHISQ=  0.913308E+02 ***
     *** CHISQ=  0.909072E+02 ***
     *** CHISQ=  0.909048E+02 ***

     MATRIX ELEMENT  12 LOCKED!
     *** CHISQ=  0.906450E+02 ***
     *** CHISQ=  0.903603E+02 ***
     *** CHISQ=  0.850100E+02 ***
     *** CHISQ=  0.845209E+02 ***
     *** CHISQ=  0.845202E+02 ***
     *** CHISQ=  0.845199E+02 ***

     MATRIX ELEMENT   8 LOCKED!
     MINIMIZATION STOPPED-NUMBER OF STEPS NPTL=   10 EXCEEDED
     *** CHISQ=  0.841859E+02 ***


                    NORMALIZATION CONSTANTS

  EXPERIMENT     DETECTORS(1-32)
  1  0.8432E+07
  2  0.8758E+07
  3  0.7897E+07
  4  0.7189E+07


                    RECOMMENDED RELATIVE GE(LI) EFFICIENCIES

  EXPERIMENT
  1  0.1000E+01
  2  0.1000E+01
  3  0.1000E+01
  4  0.1000E+01


     CALCULATED AND EXPERIMENTAL YIELDS   EXPERIMENT  1 DETECTOR  1

      NI     NF       II        IF         ENERGY(MEV)      YCAL        YEXP       PC. DIFF.  (YE-YC)/SIGMA
      10      9        6.0       5.0         0.4100      .7715E-06      .1331E+04    100.0     20.0          *?!*
      11      2        3.0       2.0         1.1040      .3449E+04      .2610E+04    -32.1     -6.4          *?!*
      11      3        3.0       4.0         0.6210      .3319E+03      .6239E+03     46.8      1.4              
      11      6        3.0       2.0         0.8100      .2727E+03      .4676E+03     41.7      8.3          *?!*
      11      7        3.0       4.0         0.2025      .2425E+01      .1263E+01    -92.1      0.9          UPL!
       4      3        6.0       4.0         0.6008      .2940E+03      .2480E+03    -18.6     -3.7          *?!*
       9      3        5.0       4.0         0.5620      .3582E+03      .6826E+03     47.5      9.5          *?!*
       7      2        4.0       2.0         0.9015      .5046E+01      .1263E+01   -299.7      3.0          UPL!
       7      3        4.0       4.0         0.4185      .4548E+02      .1243E+04     96.3     19.3          *?!*
       7      6        4.0       2.0         0.6075      .2672E+03      .1287E+04     79.2     15.9          *?!*
       3      2        4.0       2.0         0.4830      .3758E+05      .3940E+05      4.6      0.9              
       6      1        2.0       0.0         0.6220      .2803E+04      .3662E+04     23.5      4.4          *?!*
       6      2        2.0       2.0         0.2940      .2575E+05      .3038E+05     15.2      3.1          *?!*
       2      1        2.0       0.0         0.3280      .1263E+07      .9753E+06    -29.5     -5.9          *?!*

                                                  CHISQ SUBTOTAL =   0.131352E+04


     CALCULATED AND EXPERIMENTAL YIELDS   EXPERIMENT  2 DETECTOR  1

      NI     NF       II        IF         ENERGY(MEV)      YCAL        YEXP       PC. DIFF.  (YE-YC)/SIGMA
      10      9        6.0       5.0         0.4100      .6686E-06      .1217E+04    100.0     20.0          *?!*
      11      2        3.0       2.0         1.1040      .3699E+04      .3219E+04    -14.9     -3.0              
      11      3        3.0       4.0         0.6210      .3546E+03      .7542E+03     53.0     10.6          *?!*
      11      6        3.0       2.0         0.8100      .2924E+03      .2158E+03    -35.5     -7.1          *?!*
      11      7        3.0       4.0         0.2025      .2591E+01      .1356E+01    -91.1      0.9          UPL!
       4      3        6.0       4.0         0.6008      .3378E+03      .3374E+03     -0.1     -0.0              
       9      3        5.0       4.0         0.5620      .4110E+03      .6674E+03     38.4      7.7          *?!*
       7      2        4.0       2.0         0.9015      .5913E+01      .1356E+01   -336.0      3.4          UPL!
       7      3        4.0       4.0         0.4185      .5370E+02      .1180E+04     95.5     19.1          *?!*
       7      6        4.0       2.0         0.6075      .3131E+03      .1752E+04     82.1     16.4          *?!*
       3      2        4.0       2.0         0.4830      .4210E+05      .4026E+05     -4.6     -0.9              
       6      1        2.0       0.0         0.6220      .3168E+04      .3828E+04     17.2      3.4          *?!*
       6      2        2.0       2.0         0.2940      .2990E+05      .3175E+05      5.8      1.2              
       2      1        2.0       0.0         0.3280      .1356E+07      .1181E+07    -14.8     -3.0              

                                                  CHISQ SUBTOTAL =   0.130045E+04


     CALCULATED AND EXPERIMENTAL YIELDS   EXPERIMENT  3 DETECTOR  1

      NI     NF       II        IF         ENERGY(MEV)      YCAL        YEXP       PC. DIFF.  (YE-YC)/SIGMA
      10      9        6.0       5.0         0.4100      .4600E-06      .7745E+03    100.0     20.0          *?!*
      11      2        3.0       2.0         1.1040      .3411E+04      .3254E+04     -4.8     -1.0              
      11      3        3.0       4.0         0.6210      .3258E+03      .7627E+03     57.3     11.5          *?!*
      11      6        3.0       2.0         0.8100      .2696E+03      .3158E+03     14.6      2.9              
      11      7        3.0       4.0         0.2025      .2381E+01      .1253E+01    -89.9      0.9          UPL!
       4      3        6.0       4.0         0.6008      .3281E+03      .3573E+03      8.2      1.6              
       9      3        5.0       4.0         0.5620      .4000E+03      .3175E+03    -26.0     -5.2          *?!*
       7      2        4.0       2.0         0.9015      .5860E+01      .1253E+01   -367.5      3.7          UPL!
       7      3        4.0       4.0         0.4185      .5360E+02      .8086E+03     93.4     18.7          *?!*
       7      6        4.0       2.0         0.6075      .3103E+03      .1303E+04     76.2     15.2          *?!*
       3      2        4.0       2.0         0.4830      .4022E+05      .3470E+05    -15.9     -3.2          *?!*
       6      1        2.0       0.0         0.6220      .3051E+04      .3185E+04      4.2      0.8              
       6      2        2.0       2.0         0.2940      .2950E+05      .2642E+05    -11.7     -2.3              
       2      1        2.0       0.0         0.3280      .1253E+07      .1211E+07     -3.5     -0.7              

                                                  CHISQ SUBTOTAL =   0.118287E+04


     CALCULATED AND EXPERIMENTAL YIELDS   EXPERIMENT  4 DETECTOR  1

      NI     NF       II        IF         ENERGY(MEV)      YCAL        YEXP       PC. DIFF.  (YE-YC)/SIGMA
      10      9        6.0       5.0         0.4100      .2824E-06      .3218E+03    100.0     20.0          *?!*
      11      2        3.0       2.0         1.1040      .3159E+04      .2564E+04    -23.2     -4.6          *?!*
      11      3        3.0       4.0         0.6210      .3008E+03      .6011E+03     50.0     10.0          *?!*
      11      6        3.0       2.0         0.8100      .2497E+03      .4098E+03     39.1      7.8          *?!*
      11      7        3.0       4.0         0.2025      .2198E+01      .1162E+01    -89.2      0.9          UPL!
       4      3        6.0       4.0         0.6008      .3153E+03      .4644E+03     32.1      6.4          *?!*
       9      3        5.0       4.0         0.5620      .3858E+03      .3427E+03    -12.6     -2.5              
       7      2        4.0       2.0         0.9015      .5739E+01      .1162E+01   -393.9      3.9          UPL!
       7      3        4.0       4.0         0.4185      .5281E+02      .7284E+03     92.8     18.6          *?!*
       7      6        4.0       2.0         0.6075      .3039E+03      .1055E+04     71.2     14.2          *?!*
       3      2        4.0       2.0         0.4830      .3824E+05      .3056E+05    -25.1     -5.0          *?!*
       6      1        2.0       0.0         0.6220      .2922E+04      .2832E+04     -3.2     -0.6              
       6      2        2.0       2.0         0.2940      .2885E+05      .2352E+05    -22.6     -4.5          *?!*
       2      1        2.0       0.0         0.3280      .1162E+07      .1263E+07      8.0      1.6              

                                                  CHISQ SUBTOTAL =   0.124222E+04



          EXP. AND CALCULATED BRANCHING RATIOS

     NS1     NF1     NS2     NF2     RATIO(1:2)         ERROR       CALC.RATIO     (EXP-CAL)/ERROR


      6       1       6       2        0.13690        0.02300        0.13206           0.2
      7       3       7       6        0.14400        0.01400        0.14632          -0.2
      7       2       7       6        0.12200        0.00800        0.01889          12.9
      9       7       9       3        0.01200        0.00300        0.00180           3.4
      0       0      11       2        0.00330        0.00030        0.00000          11.0
     11       3      11       2        0.08100        0.00300        0.10439          -7.8
     11       4      11       2        0.03900        0.01100        0.00000           3.5
     11       7      11       2        0.01600        0.00600        0.00076           2.5
     11       9      11       2        0.00023        0.00003        0.00000           7.7


          E2/M1 MIXING RATIOS
          TRANSITION          EXP.DELTA          CALC.DELTA          SIGMA

           6---  2               15.00              14.37             -0.32


                    CALCULATED LIFETIMES

     LEVEL     LIFETIME(PSEC)     EXP        ERROR

        2       0.6067E+02     0.6045E+02    0.8650E+00
        3       0.4366E+01     0.5340E+01    0.2880E+00
        4       0.1860E+01     0.2310E+01    0.7220E+00
        5       0.5500E+01     0.1590E+01    0.4300E+00
        6       0.5356E+02     0.5050E+02    0.5770E+01
        7       0.4939E+01     0.5500E+01    0.8660E+00
        8       0.2717E+01
        9       0.1939E-02
       10       0.1081E+00
       11       0.2247E-03     0.2160E+00    0.2890E+02


CALCULATED AND EXPERIMENTAL MATRIX ELEMENTS


     NI NF  EXP. ME   CURRENT ME   SIGMA
      2   2    0.8300    0.1733   -8.2084
      6   6   -0.6596    0.0985    1.1493

                                        MATRIX ELEMENTS


     MULTIPOLARITY=1
    INDEX   NF     NS          ME          PC CHANGE     RED. TRANS. PROB.
       1      2     11        0.35023       -0.44269        0.01752   
       2      3      9        0.44637       11.44953        0.01811   
       3      3     11       -0.26823       -2.10849        0.01028   
       4      4      9        0.10387      -48.57203        0.00098   
       5      4     10        0.10000        0.00090        0.00077   
       6      6     11        0.15670       -4.78186        0.00351   
       7      7      9        0.14677       12.95067        0.00196   
       8      7     11        0.12315      145.89838        0.00217   
       9      8      9        0.10001        0.00134        0.00091   
      10      8     10        0.10000       -0.00101        0.00077   
     MULTIPOLARITY=2
    INDEX   NF     NS          ME          PC CHANGE     RED. TRANS. PROB.
      11      1      2        1.28430       -0.99060        0.32988   
      12      1      6        0.09343        1.22752        0.00175   
      13      2      2        0.17333       28.34690     **********   
      14      2      3        2.49651        2.63669        0.69251   
      15      2      6        1.66973        0.20205        0.55760   
      16      2      7        0.06302     -204.55510        0.00044   
      17      3      3        0.09882       -2.95805     **********   
      18      3      4        2.63949        3.70773        0.53592   
      19      3      6        0.11577        1.30717        0.00268   
      20      3      7        1.11259       12.28012        0.13754   
      21      3      8        0.10017        0.03340        0.00091   
      22      4      4        0.11080        4.08655     **********   
      23      4      5        1.27309       12.72477        0.09534   
      24      4      7        0.12017       10.07295        0.00160   
      25      4      8        0.10001        0.00070        0.00091   
      26      6      7        1.22999        5.54300        0.16810   
      27      7      8        0.09849       -0.80398        0.00088   
      28      9     10        0.10000        0.00035        0.00077   
      29      9     11        0.11692        2.51881        0.00195   
     MULTIPOLARITY=3
    INDEX   NF     NS          ME          PC CHANGE     RED. TRANS. PROB.
      30      1     11        0.13477       12.55945        0.00259   
      31      2      9        0.40582        8.44189        0.01497   
      32      2     11        0.12783        1.28756        0.00233   
      33      3      9        0.08508       -2.85193        0.00066   
      34      3     10        0.10002        0.00695        0.00077   
      35      3     11        0.10451        0.91095        0.00156   
      36      4      9        0.09825        0.01999        0.00088   
      37      4     10        0.10000        0.00019        0.00077   
      38      4     11        0.06949      -13.65801        0.00069   
      39      5      9        0.10002        0.01953        0.00091   
      40      5     10        0.10000        0.00000        0.00077   
      41      6      9        0.10182        0.16433        0.00094   
      42      6     11        0.10404        0.55504        0.00155   
      43      7      9        0.09899        0.44469        0.00089   
      44      7     10        0.10000        0.00004        0.00077   
      45      7     11        0.08292      -13.33836        0.00098   
      46      8      9        0.10000        0.00011        0.00091   
      47      8     10        0.10000        0.00000        0.00077   
      48      8     11        0.10001        0.00226        0.00143   
     MULTIPOLARITY=7
    INDEX   NF     NS          ME          PC CHANGE     RED. TRANS. PROB.
      49      2      6        0.02845       -2.88170        0.00016   
      50      3      7        0.15185        1.03882        0.00256   
      51      3      8        0.10000       -0.00075        0.00091   
      52      4      8        0.10000        0.00001        0.00091   
      53      7      8        0.10000        0.00010        0.00091   
      54      9     10        0.10000        0.00001        0.00077   
               ********* END OF EXECUTION **********
