1
 *****************************************************************************************************************************
 *****************************************************************************************************************************
 **************************************************                         **************************************************
 **************************************************          GOSIA          **************************************************
 **************************************************                         **************************************************
 *****************************************************************************************************************************
 *****************************************************************************************************************************





                    ROCHESTER COULOMB EXCITATION DATA ANALYSIS CODE BY T.CZOSNYKA,D.CLINE AND C.Y.WU
                                                  LATEST REVISION- JUNE  2006






          14C beam on 194Pt target                                                        
          ----------------------------------------------------------------------------------------------------

                                        LEVELS

     INDEX     PARITY         SPIN           ENERGY(MEV)
       1           +           0.0            0.0000
       2           +           2.0            0.3280
       3           +           4.0            0.8110
       4           +           6.0            1.4118
       5           +           8.0            2.0995
       6           +           2.0            0.6220
       7           +           4.0            1.2295
       8           +           6.0            1.9250

                                        MATRIX ELEMENTS


     MULTIPOLARITY=2
    INDEX   NF     NS          ME               LIMITS
       1      1      2        1.20800        0.00010        2.00000
       2      1      6        0.08880       -3.00000        3.00000
       3      2      2        0.54000       -3.00000        3.00000
       4      2      3        1.93500        0.00010        3.00000
       5      2      6        1.51700        0.00010        3.00000
       6      2      7        0.25000       -3.00000        3.00000
       7      3      3        1.00000       -3.00000        3.00000
       8      3      4        2.90000        0.00010        4.00000
       9      3      6        0.25000       -3.00000        3.00000
      10      3      7        1.51000       -3.00000        3.00000
      11      3      8        0.22400       -3.00000        3.00000
      12      4      4        0.28000       -3.00000        3.00000
      13      4      5        3.08000        0.00010        4.00000
      14      4      7        0.16000       -3.00000        3.00000
      15      4      8        1.14000       -3.00000        3.00000
      16      6      6       -0.40000       -3.00000        3.00000
      17      6      7        1.78400        0.00010        3.00000
      18      7      7       -0.07000       -3.00000        3.00000
      19      7      8        2.09000        0.00010        3.00000
     MULTIPOLARITY=7
    INDEX   NF     NS          ME               LIMITS
      20      2      6        0.02800       -3.00000        3.00000
      21      3      7        0.19000       -3.00000        3.00000

                                               REPRINT OF EXPERIMENTAL DATA TO BE FITTED





     EXPERIMENT  1
  PROJECTILE ( 78.,194.)  43.750 MEV ---1 GE(LI) DETECTOR(S)  WEIGHT=0.10E+01
                    ** EXPERIMENTAL YIELDS **
    DECAY IS  IF         YIELD+/-ERROR

       5   4   3  0.278440E+03     0.278412E+03
       9   7   6  0.108049E+04     0.543651E+02
      10   3   2  0.365408E+05     0.365412E+04
      13   6   2  0.303022E+05     0.151511E+04
      14   2   1  0.994977E+06     0.497440E+05



     EXPERIMENT  2
  PROJECTILE ( 78.,194.)  43.750 MEV ---1 GE(LI) DETECTOR(S)  WEIGHT=0.10E+01
                    ** EXPERIMENTAL YIELDS **
    DECAY IS  IF         YIELD+/-ERROR

       5   4   3  0.377254E+03     0.377217E+03
       9   7   6  0.196988E+04     0.981953E+02
      10   3   2  0.468954E+05     0.468918E+04
      13   6   2  0.379835E+05     0.189840E+04
      14   2   1  0.143566E+07     0.717765E+05



     EXPERIMENT  3
  PROJECTILE ( 78.,194.)  43.750 MEV ---1 GE(LI) DETECTOR(S)  WEIGHT=0.10E+01
                    ** EXPERIMENTAL YIELDS **
    DECAY IS  IF         YIELD+/-ERROR

       5   4   3  0.540900E+03     0.540846E+03
       9   7   6  0.198346E+04     0.990255E+02
      10   3   2  0.513971E+05     0.513878E+04
      13   6   2  0.396901E+05     0.198334E+04
      14   2   1  0.176903E+07     0.884419E+05



     EXPERIMENT  4
  PROJECTILE ( 78.,194.)  43.750 MEV ---1 GE(LI) DETECTOR(S)  WEIGHT=0.10E+01
                    ** EXPERIMENTAL YIELDS **
    DECAY IS  IF         YIELD+/-ERROR

       5   4   3  0.979098E+03     0.979000E+03
       9   7   6  0.222635E+04     0.111900E+03
      10   3   2  0.591337E+05     0.591227E+04
      13   6   2  0.455759E+05     0.227857E+04
      14   2   1  0.227756E+07     0.113866E+06


       20 EXPERIMENTAL YIELDS           21 MATRIX ELEMENTS TO BE VARIED



                                        BRANCHING RATIOS

     NS1     NF1     NS2     NF2     RATIO(1:2)         ERROR
      6       1       6       2        0.13690        0.02300
      7       3       7       6        0.14400        0.01400
      7       2       7       6        0.12200        0.00800
      8       3       8       7        0.12000        0.04000
      8       4       8       7        0.06000        0.04000
     BRANCHING RATIOS ARE TAKEN WITH WEIGHT    0.100000E+01



                              LIFETIMES(PSEC)


     LEVEL         LIFETIME     ERROR

        2           60.46         0.87
        3            5.34         0.29
        4            2.31         0.72
        5            1.59         0.43
        6           50.50         5.80
        7            5.50         0.90
        8            1.88         0.29

          LIFETIMES ARE TAKEN WITH WEIGHT    0.100000E+01


                    EXPERIMENTAL E2/M1 MIXING RATIOS


          TRANSITION            DELTA          ERROR

           6---  2               15.0000           2.0000

          E2/M1 MIXING RATIOS ARE TAKEN WITH WEIGHT    0.100000E+01


                              EXPERIMENTAL MATRIX ELEMENT(S)


          TRANSITION          MAT.EL.          ERROR

           2---  2                0.5400           0.0700
           3---  3                1.0000           0.1300
           4---  4                0.2800           0.2000
           6---  6               -0.4000           0.0900
           7---  7               -0.0700           0.1400

           MATRIX ELEMENT(S) ARE TAKEN WITH WEIGHT    0.100000E+01



     *****  RESTART-MATRIX ELEMENTS OVERWRITTEN  *****




                                        MATRIX ELEMENTS


     MULTIPOLARITY=2
    INDEX   NF     NS          ME               LIMITS
       1      1      2        1.28684        0.00010        2.00000
       2      1      6        0.10885       -3.00000        3.00000
       3      2      2        0.53102       -3.00000        3.00000
       4      2      3        2.26344        0.00010        3.00000
       5      2      6        1.95235        0.00010        3.00000
       6      2      7        0.31722       -3.00000        3.00000
       7      3      3        0.99618       -3.00000        3.00000
       8      3      4        2.84812        0.00010        4.00000
       9      3      6        0.22690       -3.00000        3.00000
      10      3      7        1.95499       -3.00000        3.00000
      11      3      8        0.19526       -3.00000        3.00000
      12      4      4        0.27960       -3.00000        3.00000
      13      4      5        3.01904        0.00010        4.00000
      14      4      7        0.16142       -3.00000        3.00000
      15      4      8        1.09416       -3.00000        3.00000
      16      6      6       -0.39168       -3.00000        3.00000
      17      6      7        2.42365        0.00010        3.00000
      18      7      7       -0.04730       -3.00000        3.00000
      19      7      8        1.89457        0.00010        3.00000
     MULTIPOLARITY=7
    INDEX   NF     NS          ME               LIMITS
      20      2      6        0.03205       -3.00000        3.00000
      21      3      7        0.42926       -3.00000        3.00000



          ** EXPERIMENT  1 **


     TARGET EXCITATION OF( 78,194.000) BY(  6, 14.000)
     ENERGY     43.750 MEV     BETA   0.819121E-01
     DISTANCE OF CLOSEST APPROACH FOR HEAD-ON COLLISIONS    16.5143 FM
     CM SCATTERING ANGLE    157.409 DEG     EPSILON     1.0198
     RECOIL ENERGY(MEV)     10.5220
     RECOIL BETA    0.107913E-01
     BOMBARDING ENERGY=     0.914 OF SAFE BOMBARDING ENERGY AT THIS ANGLE



          ** EXPERIMENT  2 **


     TARGET EXCITATION OF( 78,194.000) BY(  6, 14.000)
     ENERGY     43.750 MEV     BETA   0.819121E-01
     DISTANCE OF CLOSEST APPROACH FOR HEAD-ON COLLISIONS    16.5143 FM
     CM SCATTERING ANGLE    149.825 DEG     EPSILON     1.0357
     RECOIL ENERGY(MEV)     10.2005
     RECOIL BETA    0.106251E-01
     BOMBARDING ENERGY=     0.907 OF SAFE BOMBARDING ENERGY AT THIS ANGLE



          ** EXPERIMENT  3 **


     TARGET EXCITATION OF( 78,194.000) BY(  6, 14.000)
     ENERGY     43.750 MEV     BETA   0.819121E-01
     DISTANCE OF CLOSEST APPROACH FOR HEAD-ON COLLISIONS    16.5143 FM
     CM SCATTERING ANGLE    143.189 DEG     EPSILON     1.0539
     RECOIL ENERGY(MEV)      9.8510
     RECOIL BETA    0.104415E-01
     BOMBARDING ENERGY=     0.899 OF SAFE BOMBARDING ENERGY AT THIS ANGLE



          ** EXPERIMENT  4 **


     TARGET EXCITATION OF( 78,194.000) BY(  6, 14.000)
     ENERGY     43.750 MEV     BETA   0.819121E-01
     DISTANCE OF CLOSEST APPROACH FOR HEAD-ON COLLISIONS    16.5143 FM
     CM SCATTERING ANGLE    137.700 DEG     EPSILON     1.0722
     RECOIL ENERGY(MEV)      9.5174
     RECOIL BETA    0.102632E-01
     BOMBARDING ENERGY=     0.891 OF SAFE BOMBARDING ENERGY AT THIS ANGLE


                              EXPERIMENT  1          MAX.XI=0.6050

                              E2        MI=0     MAX.ZETA= 1.099


     XI             Q1                      Q2


             SLOPE  INTERCEPT       SLOPE     INTERCEPT


  0.0000   0.00E+00  0.00E+00      -.67E-04  0.96E+00
  0.0672   0.26E-02  0.53E-01      -.64E-03  0.94E+00
  0.1345   0.39E-02  0.97E-01      -.17E-02  0.88E+00
  0.2017   0.39E-02  0.13E+00      -.22E-02  0.80E+00
  0.2689   0.31E-02  0.16E+00      -.16E-02  0.72E+00
  0.3361   0.17E-02  0.19E+00      0.72E-05  0.65E+00
  0.4034   -.38E-04  0.21E+00      0.25E-02  0.57E+00
  0.4706   -.20E-02  0.23E+00      0.56E-02  0.50E+00
  0.5378   -.41E-02  0.25E+00      0.90E-02  0.43E+00
  0.6050   -.67E-02  0.27E+00      0.13E-01  0.37E+00


                              E2        MI=+/-1     MAX.ZETA= 1.099


     XI             Q1                      Q2


             SLOPE  INTERCEPT       SLOPE     INTERCEPT


  0.0000   0.00E+00  0.12E-01      0.00E+00  -.00E+00
  0.1513   0.00E+00  0.82E-02      0.00E+00  -.38E-01
  0.3025   0.00E+00  0.17E-02      0.00E+00  -.51E-01
  0.4538   0.00E+00  0.42E-02      0.00E+00  -.51E-01
  0.6050   0.00E+00  0.86E-02      0.00E+00  -.45E-01


                              EXPERIMENT  2          MAX.XI=0.6050

                              E2        MI=0     MAX.ZETA= 1.099


     XI             Q1                      Q2


             SLOPE  INTERCEPT       SLOPE     INTERCEPT


  0.0000   0.00E+00  0.00E+00      -.61E-04  0.93E+00
  0.0672   0.24E-02  0.51E-01      -.58E-03  0.91E+00
  0.1345   0.36E-02  0.94E-01      -.16E-02  0.85E+00
  0.2017   0.36E-02  0.13E+00      -.20E-02  0.78E+00
  0.2689   0.28E-02  0.16E+00      -.15E-02  0.71E+00
  0.3361   0.16E-02  0.18E+00      -.44E-04  0.63E+00
  0.4034   0.12E-04  0.20E+00      0.22E-02  0.56E+00
  0.4706   -.17E-02  0.22E+00      0.51E-02  0.49E+00
  0.5378   -.37E-02  0.24E+00      0.82E-02  0.42E+00
  0.6050   -.61E-02  0.26E+00      0.11E-01  0.37E+00


                              E2        MI=+/-1     MAX.ZETA= 1.099


     XI             Q1                      Q2


             SLOPE  INTERCEPT       SLOPE     INTERCEPT


  0.0000   0.00E+00  0.15E-01      0.00E+00  -.00E+00
  0.1513   0.00E+00  0.11E-01      0.00E+00  -.49E-01
  0.3025   0.00E+00  0.21E-02      0.00E+00  -.67E-01
  0.4538   0.00E+00  0.54E-02      0.00E+00  -.66E-01
  0.6050   0.00E+00  0.11E-01      0.00E+00  -.58E-01


                              EXPERIMENT  3          MAX.XI=0.6050

                              E2        MI=0     MAX.ZETA= 1.099


     XI             Q1                      Q2


             SLOPE  INTERCEPT       SLOPE     INTERCEPT


  0.0000   0.00E+00  0.00E+00      -.54E-04  0.90E+00
  0.0672   0.22E-02  0.50E-01      -.52E-03  0.88E+00
  0.1345   0.33E-02  0.91E-01      -.14E-02  0.83E+00
  0.2017   0.33E-02  0.12E+00      -.19E-02  0.76E+00
  0.2689   0.26E-02  0.15E+00      -.14E-02  0.69E+00
  0.3361   0.15E-02  0.18E+00      -.90E-04  0.61E+00
  0.4034   0.58E-04  0.20E+00      0.20E-02  0.54E+00
  0.4706   -.15E-02  0.22E+00      0.45E-02  0.47E+00
  0.5378   -.33E-02  0.23E+00      0.74E-02  0.41E+00
  0.6050   -.54E-02  0.25E+00      0.10E-01  0.36E+00


                              E2        MI=+/-1     MAX.ZETA= 1.099


     XI             Q1                      Q2


             SLOPE  INTERCEPT       SLOPE     INTERCEPT


  0.0000   0.00E+00  0.18E-01      0.00E+00  -.00E+00
  0.1513   0.00E+00  0.13E-01      0.00E+00  -.59E-01
  0.3025   0.00E+00  0.25E-02      0.00E+00  -.79E-01
  0.4538   0.00E+00  0.65E-02      0.00E+00  -.79E-01
  0.6050   0.00E+00  0.13E-01      0.00E+00  -.69E-01


                              EXPERIMENT  4          MAX.XI=0.6050

                              E2        MI=0     MAX.ZETA= 1.099


     XI             Q1                      Q2


             SLOPE  INTERCEPT       SLOPE     INTERCEPT


  0.0000   0.00E+00  0.00E+00      -.49E-04  0.88E+00
  0.0672   0.20E-02  0.48E-01      -.47E-03  0.86E+00
  0.1345   0.30E-02  0.88E-01      -.13E-02  0.80E+00
  0.2017   0.30E-02  0.12E+00      -.17E-02  0.74E+00
  0.2689   0.24E-02  0.15E+00      -.13E-02  0.67E+00
  0.3361   0.14E-02  0.17E+00      -.13E-03  0.60E+00
  0.4034   0.94E-04  0.19E+00      0.17E-02  0.53E+00
  0.4706   -.13E-02  0.21E+00      0.40E-02  0.46E+00
  0.5378   -.30E-02  0.23E+00      0.66E-02  0.40E+00
  0.6050   -.49E-02  0.24E+00      0.93E-02  0.35E+00


                              E2        MI=+/-1     MAX.ZETA= 1.099


     XI             Q1                      Q2


             SLOPE  INTERCEPT       SLOPE     INTERCEPT


  0.0000   0.00E+00  0.20E-01      0.00E+00  -.00E+00
  0.1513   0.00E+00  0.14E-01      0.00E+00  -.66E-01
  0.3025   0.00E+00  0.27E-02      0.00E+00  -.89E-01
  0.4538   0.00E+00  0.73E-02      0.00E+00  -.88E-01
  0.6050   0.00E+00  0.15E-01      0.00E+00  -.76E-01



          ***** CENTRAL CHISQ=  0.1438E+01 *****


          BETTER POINT FOUND...MATRIX ELEMENTS WRITTEN ON 17   CHISQ=  0.1421E+01
     WARNING-ME(  8)     INTEGRATION STOPPED AT THE LIMIT
          BETTER POINT FOUND...MATRIX ELEMENTS WRITTEN ON 17   CHISQ=  0.1388E+01
     WARNING-ME( 13)     INTEGRATION STOPPED AT THE LIMIT
     WARNING-ME( 14)     INTEGRATION STOPPED AT THE LIMIT
     WARNING-ME( 14)     INTEGRATION STOPPED AT THE LIMIT



                    *** BEST POINT FOUND (TAPE17) ***




                                        MATRIX ELEMENTS


     MULTIPOLARITY=2
    INDEX   NF     NS          ME          PC CHANGE     RED. TRANS. PROB.
       1      1      2        1.28683       -0.00045        0.33119   
       2      1      6        0.10907        0.19715        0.00238   
       3      2      2        0.53102        0.00008     **********   
       4      2      3        2.26344        0.00007        0.56924   
       5      2      6        1.95234       -0.00030        0.76233   
       6      2      7        0.31728        0.01924        0.01119   
       7      3      3        0.99618        0.00024     **********   
       8      3      4        2.84808       -0.00124        0.62397   
       9      3      6        0.22690        0.00210        0.01030   
      10      3      7        1.95503        0.00214        0.42468   
      11      3      8        0.19526       -0.00318        0.00293   
      12      4      4        0.27960        0.00002     **********   
      13      4      5        2.49394      -17.39278        0.36587   
      14      4      7        0.16141       -0.00062        0.00289   
      15      4      8        1.09412       -0.00382        0.09208   
      16      6      6       -0.39168       -0.00031     **********   
      17      6      7        2.42368        0.00152        0.65269   
      18      7      7       -0.04731        0.02165     **********   
      19      7      8        1.89444       -0.00695        0.27607   
     MULTIPOLARITY=7
    INDEX   NF     NS          ME          PC CHANGE     RED. TRANS. PROB.
      20      2      6        0.03203       -0.06145        0.00021   
      21      3      7        0.42926        0.00087        0.02047   



                                            OVERALL
                                        ESTIMATED ERRORS

     INDEX     NI     NF     ME AND ERRORS


        1       1      2       1.28684  ( -0.01008 ,  0.01028)......   -0.8 ,    0.8 PC
        2       1      6       0.10885  ( -0.00955 ,  0.00910)......   -8.8 ,    8.4 PC
        3       2      2       0.53102  ( -0.06960 ,  0.06989)......  -13.1 ,   13.2 PC
        4       2      3       2.26344  ( -0.04461 ,  0.04634)......   -2.0 ,    2.0 PC
        5       2      6       1.95235  ( -0.03648 ,  0.03717)......   -1.9 ,    1.9 PC
        6       2      7       0.31722  ( -0.01010 ,  0.00995)......   -3.2 ,    3.1 PC
        7       3      3       0.99618  ( -0.12938 ,  0.13215)......  -13.0 ,   13.3 PC
        8       3      4       2.84812  ( -0.88714 ,  0.40493)......  -31.1 ,   14.2 PC
        9       3      6       0.22690  ( -0.44927 ,  0.54075)...... -198.0 ,  238.3 PC
       10       3      7       1.95499  ( -0.12356 ,  0.14252)......   -6.3 ,    7.3 PC
       11       3      8       0.19526  ( -0.37603 ,  0.03019)...... -192.6 ,   15.5 PC
       12       4      4       0.27960  ( -0.20079 ,  0.20093)......  -71.8 ,   71.9 PC
       13       4      5       3.01904  ( -1.22045 ,  0.44821)......  -40.4 ,   14.8 PC
       14       4      7       0.16142  ( -2.39089 ,  1.68776)......-1481.2 , 1045.6 PC
       15       4      8       1.09416  ( -2.68838 ,  0.20224)...... -245.7 ,   18.5 PC
       16       6      6      -0.39168  ( -0.09010 ,  0.09121)......  -23.0 ,   23.3 PC
       17       6      7       2.42365  ( -0.04739 ,  0.05306)......   -2.0 ,    2.2 PC
       18       7      7      -0.04730  ( -0.14682 ,  0.13162)...... -310.4 ,  278.3 PC
       19       7      8       1.89457  ( -0.35402 ,  0.14723)......  -18.7 ,    7.8 PC
       20       2      6       0.03205  ( -0.00356 ,  0.00608)......  -11.1 ,   19.0 PC
       21       3      7       0.42926  ( -0.82741 ,  0.06782)...... -192.8 ,   15.8 PC



                                            OVERALL
                                        ESTIMATED ERRORS

     INDEX     NI     NF     B(E,ML)(OR QUADRUPOLE MOMENT) AND ERRORS


        1       2      1        0.33119  (  -0.00517 ,   0.00531)
        2       6      1        0.00237  (  -0.00040 ,   0.00041)
        3       2      2        0.40248  (  -0.05275 ,   0.05297)
        4       3      2        0.56924  (  -0.02222 ,   0.02355)
        5       6      2        0.76233  (  -0.02822 ,   0.02930)
        6       7      2        0.01118  (  -0.00070 ,   0.00071)
        7       3      3        0.75122  (  -0.09756 ,   0.09965)
        8       4      3        0.62398  (  -0.32818 ,   0.19004)
        9       6      3        0.01030  (  -0.01030 ,   0.10756)
       10       7      3        0.42467  (  -0.05198 ,   0.06418)
       11       8      3        0.00293  (  -0.00293 ,   0.00098)
       12       4      4        0.19494  (  -0.13999 ,   0.14009)
       13       5      4        0.53615  (  -0.34586 ,   0.17101)
       14       7      4        0.00290  (  -0.00290 ,   0.54939)
       15       8      4        0.09209  (  -0.09209 ,   0.10341)
       16       6      6       -0.29687  (  -0.06829 ,   0.06913)
       17       7      6        0.65267  (  -0.02527 ,   0.02889)
       18       7      7       -0.03567  (  -0.11072 ,   0.09925)
       19       8      7        0.27611  (  -0.09355 ,   0.04458)
       20       6      2        0.00021  (  -0.00004 ,   0.00009)
       21       7      3        0.02047  (  -0.02047 ,   0.00698)
               ********* END OF EXECUTION **********
