1
 *****************************************************************************************************************************
 *****************************************************************************************************************************
 **************************************************                         **************************************************
 **************************************************          GOSIA          **************************************************
 **************************************************                         **************************************************
 *****************************************************************************************************************************
 *****************************************************************************************************************************





                    ROCHESTER COULOMB EXCITATION DATA ANALYSIS CODE BY T.CZOSNYKA,D.CLINE AND C.Y.WU
                                                  LATEST REVISION- JUNE  2006






          14C beam on 194Pt target                                                        
          ----------------------------------------------------------------------------------------------------

                                        LEVELS

     INDEX     PARITY         SPIN           ENERGY(MEV)
       1           +           0.0            0.0000
       2           +           2.0            0.3280
       3           +           4.0            0.8110
       4           +           6.0            1.4118
       5           +           8.0            2.0995
       6           +           2.0            0.6220
       7           +           4.0            1.2295
       8           +           6.0            1.9250

                                        MATRIX ELEMENTS


     MULTIPOLARITY=2
    INDEX   NF     NS          ME               LIMITS
       1      1      2        1.20800        0.00010        2.00000
       2      1      6        0.08880       -3.00000        3.00000
       3      2      2        0.54000       -3.00000        3.00000
       4      2      3        1.93500        0.00010        3.00000
       5      2      6        1.51700        0.00010        3.00000
       6      2      7        0.25000       -3.00000        3.00000
       7      3      3        1.00000       -3.00000        3.00000
       8      3      4        2.90000        0.00010        4.00000
       9      3      6        0.25000       -3.00000        3.00000
      10      3      7        1.51000       -3.00000        3.00000
      11      3      8        0.22400       -3.00000        3.00000
      12      4      4        0.28000       -3.00000        3.00000
      13      4      5        3.08000        0.00010        4.00000
      14      4      7        0.16000       -3.00000        3.00000
      15      4      8        1.14000       -3.00000        3.00000
      16      6      6       -0.40000       -3.00000        3.00000
      17      6      7        1.78400        0.00010        3.00000
      18      7      7       -0.07000       -3.00000        3.00000
      19      7      8        2.09000        0.00010        3.00000
     MULTIPOLARITY=7
    INDEX   NF     NS          ME               LIMITS
      20      2      6        0.02800       -3.00000        3.00000
      21      3      7        0.19000       -3.00000        3.00000

                                               REPRINT OF EXPERIMENTAL DATA TO BE FITTED





     EXPERIMENT  1
  PROJECTILE ( 78.,194.)  43.750 MEV ---1 GE(LI) DETECTOR(S)  WEIGHT=0.10E+01
                    ** EXPERIMENTAL YIELDS **
    DECAY IS  IF         YIELD+/-ERROR

       5   4   3  0.605306E+03     0.307080E+02
       9   7   6  0.278136E+04     0.139203E+03
      10   3   2  0.770805E+05     0.770778E+04
      13   6   2  0.632261E+05     0.316064E+04
      14   2   1  0.222435E+07     0.111206E+06



     EXPERIMENT  2
  PROJECTILE ( 78.,194.)  43.750 MEV ---1 GE(LI) DETECTOR(S)  WEIGHT=0.10E+01
                    ** EXPERIMENTAL YIELDS **
    DECAY IS  IF         YIELD+/-ERROR

       5   4   3  0.101487E+04     0.505280E+02
       9   7   6  0.443304E+04     0.221137E+03
      10   3   2  0.109744E+06     0.109732E+05
      13   6   2  0.869234E+05     0.434545E+04
      14   2   1  0.355021E+07     0.177493E+06


       10 EXPERIMENTAL YIELDS           21 MATRIX ELEMENTS TO BE VARIED



                                        BRANCHING RATIOS

     NS1     NF1     NS2     NF2     RATIO(1:2)         ERROR
      6       1       6       2        0.13690        0.02300
      7       3       7       6        0.14400        0.01400
      7       2       7       6        0.12200        0.00800
      8       3       8       7        0.12000        0.04000
      8       4       8       7        0.06000        0.04000
     BRANCHING RATIOS ARE TAKEN WITH WEIGHT    0.100000E+01



                              LIFETIMES(PSEC)


     LEVEL         LIFETIME     ERROR

        2           60.46         0.87
        3            5.34         0.29
        4            2.31         0.72
        5            1.59         0.43
        6           50.50         5.80
        7            5.50         0.90
        8            1.88         0.29

          LIFETIMES ARE TAKEN WITH WEIGHT    0.100000E+01


                    EXPERIMENTAL E2/M1 MIXING RATIOS


          TRANSITION            DELTA          ERROR

           6---  2               15.0000           2.0000

          E2/M1 MIXING RATIOS ARE TAKEN WITH WEIGHT    0.100000E+01


                              EXPERIMENTAL MATRIX ELEMENT(S)


          TRANSITION          MAT.EL.          ERROR

           2---  2                0.5400           0.0700
           3---  3                1.0000           0.1300
           4---  4                0.2800           0.2000
           6---  6               -0.4000           0.0900
           7---  7               -0.0700           0.1400

           MATRIX ELEMENT(S) ARE TAKEN WITH WEIGHT    0.100000E+01



     *****  RESTART-MATRIX ELEMENTS OVERWRITTEN  *****




                                        MATRIX ELEMENTS


     MULTIPOLARITY=2
    INDEX   NF     NS          ME               LIMITS
       1      1      2        1.28670        0.00010        2.00000
       2      1      6        0.11182       -3.00000        3.00000
       3      2      2        0.52847       -3.00000        3.00000
       4      2      3        2.28324        0.00010        3.00000
       5      2      6        1.99390        0.00010        3.00000
       6      2      7        0.32720       -3.00000        3.00000
       7      3      3        0.99734       -3.00000        3.00000
       8      3      4        2.72014        0.00010        4.00000
       9      3      6        0.25495       -3.00000        3.00000
      10      3      7        2.03784       -3.00000        3.00000
      11      3      8        0.18235       -3.00000        3.00000
      12      4      4        0.28036       -3.00000        3.00000
      13      4      5        2.87224        0.00010        4.00000
      14      4      7        0.15107       -3.00000        3.00000
      15      4      8        0.97951       -3.00000        3.00000
      16      6      6       -0.37928       -3.00000        3.00000
      17      6      7        2.50625        0.00010        3.00000
      18      7      7       -0.06694       -3.00000        3.00000
      19      7      8        1.71737        0.00010        3.00000
     MULTIPOLARITY=7
    INDEX   NF     NS          ME               LIMITS
      20      2      6        0.03281       -3.00000        3.00000
      21      3      7        0.44700       -3.00000        3.00000



          ** EXPERIMENT  1 **


     TARGET EXCITATION OF( 78,194.000) BY(  6, 14.000)
     ENERGY     43.750 MEV     BETA   0.819121E-01
     DISTANCE OF CLOSEST APPROACH FOR HEAD-ON COLLISIONS    16.5143 FM
     CM SCATTERING ANGLE    153.949 DEG     EPSILON     1.0264
     RECOIL ENERGY(MEV)     10.3860
     RECOIL BETA    0.107213E-01
     BOMBARDING ENERGY=     0.911 OF SAFE BOMBARDING ENERGY AT THIS ANGLE



          ** EXPERIMENT  2 **


     TARGET EXCITATION OF( 78,194.000) BY(  6, 14.000)
     ENERGY     43.750 MEV     BETA   0.819121E-01
     DISTANCE OF CLOSEST APPROACH FOR HEAD-ON COLLISIONS    16.5143 FM
     CM SCATTERING ANGLE    140.779 DEG     EPSILON     1.0616
     RECOIL ENERGY(MEV)      9.7093
     RECOIL BETA    0.103661E-01
     BOMBARDING ENERGY=     0.896 OF SAFE BOMBARDING ENERGY AT THIS ANGLE


                              EXPERIMENT  1          MAX.XI=0.6050

                              E2        MI=0     MAX.ZETA= 1.099


     XI             Q1                      Q2


             SLOPE  INTERCEPT       SLOPE     INTERCEPT


  0.0000   0.00E+00  0.00E+00      -.64E-04  0.95E+00
  0.0672   0.25E-02  0.52E-01      -.61E-03  0.92E+00
  0.1345   0.38E-02  0.96E-01      -.17E-02  0.87E+00
  0.2017   0.38E-02  0.13E+00      -.21E-02  0.79E+00
  0.2689   0.30E-02  0.16E+00      -.16E-02  0.72E+00
  0.3361   0.16E-02  0.19E+00      -.15E-04  0.64E+00
  0.4034   -.16E-04  0.21E+00      0.24E-02  0.56E+00
  0.4706   -.19E-02  0.23E+00      0.54E-02  0.49E+00
  0.5378   -.39E-02  0.25E+00      0.87E-02  0.43E+00
  0.6050   -.64E-02  0.27E+00      0.12E-01  0.37E+00


                              E2        MI=+/-1     MAX.ZETA= 1.099


     XI             Q1                      Q2


             SLOPE  INTERCEPT       SLOPE     INTERCEPT


  0.0000   0.00E+00  0.13E-01      0.00E+00  -.00E+00
  0.1513   0.00E+00  0.94E-02      0.00E+00  -.43E-01
  0.3025   0.00E+00  0.19E-02      0.00E+00  -.59E-01
  0.4538   0.00E+00  0.48E-02      0.00E+00  -.58E-01
  0.6050   0.00E+00  0.98E-02      0.00E+00  -.51E-01


                              EXPERIMENT  2          MAX.XI=0.6050

                              E2        MI=0     MAX.ZETA= 1.099


     XI             Q1                      Q2


             SLOPE  INTERCEPT       SLOPE     INTERCEPT


  0.0000   0.00E+00  0.00E+00      -.52E-04  0.89E+00
  0.0672   0.21E-02  0.49E-01      -.50E-03  0.87E+00
  0.1345   0.31E-02  0.89E-01      -.14E-02  0.82E+00
  0.2017   0.32E-02  0.12E+00      -.18E-02  0.75E+00
  0.2689   0.25E-02  0.15E+00      -.14E-02  0.68E+00
  0.3361   0.14E-02  0.17E+00      -.11E-03  0.61E+00
  0.4034   0.74E-04  0.20E+00      0.19E-02  0.53E+00
  0.4706   -.14E-02  0.21E+00      0.43E-02  0.47E+00
  0.5378   -.32E-02  0.23E+00      0.70E-02  0.41E+00
  0.6050   -.52E-02  0.25E+00      0.99E-02  0.35E+00


                              E2        MI=+/-1     MAX.ZETA= 1.099


     XI             Q1                      Q2


             SLOPE  INTERCEPT       SLOPE     INTERCEPT


  0.0000   0.00E+00  0.19E-01      0.00E+00  -.00E+00
  0.1513   0.00E+00  0.13E-01      0.00E+00  -.62E-01
  0.3025   0.00E+00  0.26E-02      0.00E+00  -.83E-01
  0.4538   0.00E+00  0.68E-02      0.00E+00  -.83E-01
  0.6050   0.00E+00  0.14E-01      0.00E+00  -.72E-01



          ***** CENTRAL CHISQ=  0.1349E+01 *****


     ELM(  9)=  0.261320     CHISQ=  0.1348E+01
     ELM(  9)=  0.267693     CHISQ=  0.1348E+01
     ELM(  9)=  0.280441     CHISQ=  0.1347E+01
     ELM(  9)=  0.293188     CHISQ=  0.1347E+01
     ELM(  9)=  0.318683     CHISQ=  0.1346E+01
     ELM(  9)=  0.344177     CHISQ=  0.1345E+01
     ELM(  9)=  0.395167     CHISQ=  0.1345E+01
     ELM(  9)=  0.446156     CHISQ=  0.1346E+01
     ELM(  9)=  0.436664     CHISQ=  0.1345E+01
     ELM(  9)=  0.487653     CHISQ=  0.1347E+01
     ELM( 13)=  2.800430     CHISQ=  0.1338E+01
     ELM( 13)=  2.728624     CHISQ=  0.1328E+01
     ELM( 13)=  2.585012     CHISQ=  0.1311E+01
     ELM( 13)=  2.441401     CHISQ=  0.1300E+01
     ELM( 13)=  2.154177     CHISQ=  0.1319E+01
     WARNING-ME( 13)     INTEGRATION STOPPED AT THE LIMIT
     ELM( 14)=  0.154842     CHISQ=  0.1348E+01
     ELM( 14)=  0.158619     CHISQ=  0.1348E+01
     ELM( 14)=  0.166172     CHISQ=  0.1348E+01
     ELM( 14)=  0.173726     CHISQ=  0.1348E+01
     ELM( 14)=  0.188832     CHISQ=  0.1348E+01
     ELM( 14)=  0.203939     CHISQ=  0.1348E+01
     ELM( 15)=  0.955027     CHISQ=  0.1347E+01
     ELM( 15)=  0.930539     CHISQ=  0.1346E+01
     ELM( 15)=  0.881563     CHISQ=  0.1345E+01
     ELM( 15)=  0.832588     CHISQ=  0.1347E+01
     ELM( 15)=  0.845121     CHISQ=  0.1346E+01
     ELM( 16)= -0.388760     CHISQ=  0.1348E+01
     ELM( 16)= -0.398242     CHISQ=  0.1348E+01
     ELM( 16)= -0.399313     CHISQ=  0.1349E+01
     ELM( 18)= -0.065266     CHISQ=  0.1349E+01



                                           DIAGONAL
                                        ESTIMATED ERRORS

     INDEX     NI     NF     ME AND ERRORS


        1       1      2       1.28670  ( -0.01191 ,  0.01205)......   -0.9 ,    0.9 PC
        2       1      6       0.11182  ( -0.01157 ,  0.01024)......  -10.3 ,    9.2 PC
        3       2      2       0.52847  ( -0.07088 ,  0.07243)......  -13.4 ,   13.7 PC
        4       2      3       2.28324  ( -0.04467 ,  0.04544)......   -2.0 ,    2.0 PC
        5       2      6       1.99390  ( -0.04525 ,  0.04650)......   -2.3 ,    2.3 PC
        6       2      7       0.32720  ( -0.01250 ,  0.01224)......   -3.8 ,    3.7 PC
        7       3      3       0.99734  ( -0.13271 ,  0.13562)......  -13.3 ,   13.6 PC
        8       3      4       2.72014  ( -0.06016 ,  0.06143)......   -2.2 ,    2.3 PC
        9       3      6       0.25495  ( -0.34773 ,  0.59371)...... -136.4 ,  232.9 PC
       10       3      7       2.03784  ( -0.16063 ,  0.15420)......   -7.9 ,    7.6 PC
       11       3      8       0.18235  ( -0.35843 ,  0.02661)...... -196.6 ,   14.6 PC
       12       4      4       0.28036  ( -0.19946 ,  0.19941)......  -71.1 ,   71.1 PC
       13       4      5       2.87224  ( -0.83095 ,  0.49402)......  -28.9 ,   17.2 PC
       14       4      7       0.15107  ( -0.26758 ,  0.32235)...... -177.1 ,  213.4 PC
       15       4      8       0.97951  ( -1.77444 ,  0.21660)...... -181.2 ,   22.1 PC
       16       6      6      -0.37928  ( -0.10751 ,  0.09251)......  -28.3 ,   24.4 PC
       17       6      7       2.50625  ( -0.05492 ,  0.05701)......   -2.2 ,    2.3 PC
       18       7      7      -0.06694  ( -0.14716 ,  0.14926)...... -219.8 ,  223.0 PC
       19       7      8       1.71737  ( -0.14336 ,  0.18985)......   -8.3 ,   11.1 PC
       20       2      6       0.03281  ( -0.00386 ,  0.00654)......  -11.8 ,   19.9 PC
       21       3      7       0.44700  ( -0.87474 ,  0.06415)...... -195.7 ,   14.4 PC



                                           DIAGONAL
                                        ESTIMATED ERRORS

     INDEX     NI     NF     B(E,ML)(OR QUADRUPOLE MOMENT) AND ERRORS


        1       2      1        0.33112  (  -0.00610 ,   0.00623)
        2       6      1        0.00250  (  -0.00049 ,   0.00048)
        3       2      2        0.40055  (  -0.05372 ,   0.05489)
        4       3      2        0.57924  (  -0.02244 ,   0.02329)
        5       6      2        0.79513  (  -0.03568 ,   0.03752)
        6       7      2        0.01190  (  -0.00089 ,   0.00091)
        7       3      3        0.75209  (  -0.10007 ,   0.10227)
        8       4      3        0.56917  (  -0.02490 ,   0.02600)
        9       6      3        0.01300  (  -0.01300 ,   0.13104)
       10       7      3        0.46142  (  -0.06987 ,   0.07247)
       11       8      3        0.00256  (  -0.00256 ,   0.00080)
       12       4      4        0.19546  (  -0.13906 ,   0.13903)
       13       5      4        0.48528  (  -0.24017 ,   0.18129)
       14       7      4        0.00254  (  -0.00254 ,   0.02237)
       15       8      4        0.07380  (  -0.07380 ,   0.03625)
       16       6      6       -0.28747  (  -0.08148 ,   0.07012)
       17       7      6        0.69792  (  -0.03025 ,   0.03211)
       18       7      7       -0.05048  (  -0.11097 ,   0.11256)
       19       8      7        0.22687  (  -0.03630 ,   0.05293)
       20       6      2        0.00022  (  -0.00005 ,   0.00009)
       21       7      3        0.02220  (  -0.02220 ,   0.00683)
               ********* END OF EXECUTION **********
