1
 *****************************************************************************************************************************
 *****************************************************************************************************************************
 **************************************************                         **************************************************
 **************************************************          GOSIA          **************************************************
 **************************************************                         **************************************************
 *****************************************************************************************************************************
 *****************************************************************************************************************************





                    ROCHESTER COULOMB EXCITATION DATA ANALYSIS CODE BY T.CZOSNYKA,D.CLINE AND C.Y.WU
                                                  LATEST REVISION- JUNE  2006






          14C beam on 194Pt target                                                        
          ----------------------------------------------------------------------------------------------------

                                        LEVELS

     INDEX     PARITY         SPIN           ENERGY(MEV)
       1           +           0.0            0.0000
       2           +           2.0            0.3280
       3           +           4.0            0.8110
       4           +           6.0            1.4118
       5           +           8.0            2.0995
       6           +           2.0            0.6220
       7           +           4.0            1.2295
       8           +           6.0            1.9250

                                        MATRIX ELEMENTS


     MULTIPOLARITY=2
    INDEX   NF     NS          ME               LIMITS
       1      1      2        1.20800        0.00010        2.00000
       2      1      6        0.08880       -3.00000        3.00000
       3      2      2        0.54000       -3.00000        3.00000
       4      2      3        1.93500        0.00010        3.00000
       5      2      6        1.51700        0.00010        3.00000
       6      2      7        0.25000       -3.00000        3.00000
       7      3      3        1.00000       -3.00000        3.00000
       8      3      4        2.90000        0.00010        4.00000
       9      3      6        0.25000       -3.00000        3.00000
      10      3      7        1.51000       -3.00000        3.00000
      11      3      8        0.22400       -3.00000        3.00000
      12      4      4        0.28000       -3.00000        3.00000
      13      4      5        3.08000        0.00010        4.00000
      14      4      7        0.16000       -3.00000        3.00000
      15      4      8        1.14000       -3.00000        3.00000
      16      6      6       -0.40000       -3.00000        3.00000
      17      6      7        1.78400        0.00010        3.00000
      18      7      7       -0.07000       -3.00000        3.00000
      19      7      8        2.09000        0.00010        3.00000
     MULTIPOLARITY=7
    INDEX   NF     NS          ME               LIMITS
      20      2      6        0.02800       -3.00000        3.00000
      21      3      7        0.19000       -3.00000        3.00000

                                               REPRINT OF EXPERIMENTAL DATA TO BE FITTED





     EXPERIMENT  1
  PROJECTILE ( 78.,194.)  43.750 MEV ---1 GE(LI) DETECTOR(S)  WEIGHT=0.10E+01
                    ** EXPERIMENTAL YIELDS **
    DECAY IS  IF         YIELD+/-ERROR

       5   4   3  0.605306E+03     0.307080E+02
       9   7   6  0.278136E+04     0.139203E+03
      10   3   2  0.770805E+05     0.770778E+04
      13   6   2  0.632261E+05     0.316064E+04
      14   2   1  0.222435E+07     0.111206E+06



     EXPERIMENT  2
  PROJECTILE ( 78.,194.)  43.750 MEV ---1 GE(LI) DETECTOR(S)  WEIGHT=0.10E+01
                    ** EXPERIMENTAL YIELDS **
    DECAY IS  IF         YIELD+/-ERROR

       5   4   3  0.101487E+04     0.505280E+02
       9   7   6  0.443304E+04     0.221137E+03
      10   3   2  0.109744E+06     0.109732E+05
      13   6   2  0.869234E+05     0.434545E+04
      14   2   1  0.355021E+07     0.177493E+06


       10 EXPERIMENTAL YIELDS           21 MATRIX ELEMENTS TO BE VARIED



                                        BRANCHING RATIOS

     NS1     NF1     NS2     NF2     RATIO(1:2)         ERROR
      6       1       6       2        0.13690        0.02300
      7       3       7       6        0.14400        0.01400
      7       2       7       6        0.12200        0.00800
      8       3       8       7        0.12000        0.04000
      8       4       8       7        0.06000        0.04000
     BRANCHING RATIOS ARE TAKEN WITH WEIGHT    0.100000E+01



                              LIFETIMES(PSEC)


     LEVEL         LIFETIME     ERROR

        2           60.46         0.87
        3            5.34         0.29
        4            2.31         0.72
        5            1.59         0.43
        6           50.50         5.80
        7            5.50         0.90
        8            1.88         0.29

          LIFETIMES ARE TAKEN WITH WEIGHT    0.100000E+01


                    EXPERIMENTAL E2/M1 MIXING RATIOS


          TRANSITION            DELTA          ERROR

           6---  2               15.0000           2.0000

          E2/M1 MIXING RATIOS ARE TAKEN WITH WEIGHT    0.100000E+01


                              EXPERIMENTAL MATRIX ELEMENT(S)


          TRANSITION          MAT.EL.          ERROR

           2---  2                0.5400           0.0700
           3---  3                1.0000           0.1300
           4---  4                0.2800           0.2000
           6---  6               -0.4000           0.0900
           7---  7               -0.0700           0.1400

           MATRIX ELEMENT(S) ARE TAKEN WITH WEIGHT    0.100000E+01



     *****  RESTART-MATRIX ELEMENTS OVERWRITTEN  *****




                                        MATRIX ELEMENTS


     MULTIPOLARITY=2
    INDEX   NF     NS          ME               LIMITS
       1      1      2        1.28670        0.00010        2.00000
       2      1      6        0.11182       -3.00000        3.00000
       3      2      2        0.52847       -3.00000        3.00000
       4      2      3        2.28324        0.00010        3.00000
       5      2      6        1.99390        0.00010        3.00000
       6      2      7        0.32720       -3.00000        3.00000
       7      3      3        0.99734       -3.00000        3.00000
       8      3      4        2.72014        0.00010        4.00000
       9      3      6        0.25495       -3.00000        3.00000
      10      3      7        2.03784       -3.00000        3.00000
      11      3      8        0.18235       -3.00000        3.00000
      12      4      4        0.28036       -3.00000        3.00000
      13      4      5        2.87224        0.00010        4.00000
      14      4      7        0.15107       -3.00000        3.00000
      15      4      8        0.97951       -3.00000        3.00000
      16      6      6       -0.37928       -3.00000        3.00000
      17      6      7        2.50625        0.00010        3.00000
      18      7      7       -0.06694       -3.00000        3.00000
      19      7      8        1.71737        0.00010        3.00000
     MULTIPOLARITY=7
    INDEX   NF     NS          ME               LIMITS
      20      2      6        0.03281       -3.00000        3.00000
      21      3      7        0.44700       -3.00000        3.00000



          ** EXPERIMENT  1 **


     TARGET EXCITATION OF( 78,194.000) BY(  6, 14.000)
     ENERGY     43.750 MEV     BETA   0.819121E-01
     DISTANCE OF CLOSEST APPROACH FOR HEAD-ON COLLISIONS    16.5143 FM
     CM SCATTERING ANGLE    153.949 DEG     EPSILON     1.0264
     RECOIL ENERGY(MEV)     10.3860
     RECOIL BETA    0.107213E-01
     BOMBARDING ENERGY=     0.911 OF SAFE BOMBARDING ENERGY AT THIS ANGLE



          ** EXPERIMENT  2 **


     TARGET EXCITATION OF( 78,194.000) BY(  6, 14.000)
     ENERGY     43.750 MEV     BETA   0.819121E-01
     DISTANCE OF CLOSEST APPROACH FOR HEAD-ON COLLISIONS    16.5143 FM
     CM SCATTERING ANGLE    140.779 DEG     EPSILON     1.0616
     RECOIL ENERGY(MEV)      9.7093
     RECOIL BETA    0.103661E-01
     BOMBARDING ENERGY=     0.896 OF SAFE BOMBARDING ENERGY AT THIS ANGLE


                              EXPERIMENT  1          MAX.XI=0.6050

                              E2        MI=0     MAX.ZETA= 1.099


     XI             Q1                      Q2


             SLOPE  INTERCEPT       SLOPE     INTERCEPT


  0.0000   0.00E+00  0.00E+00      -.64E-04  0.95E+00
  0.0672   0.25E-02  0.52E-01      -.61E-03  0.92E+00
  0.1345   0.38E-02  0.96E-01      -.17E-02  0.87E+00
  0.2017   0.38E-02  0.13E+00      -.21E-02  0.79E+00
  0.2689   0.30E-02  0.16E+00      -.16E-02  0.72E+00
  0.3361   0.16E-02  0.19E+00      -.15E-04  0.64E+00
  0.4034   -.16E-04  0.21E+00      0.24E-02  0.56E+00
  0.4706   -.19E-02  0.23E+00      0.54E-02  0.49E+00
  0.5378   -.39E-02  0.25E+00      0.87E-02  0.43E+00
  0.6050   -.64E-02  0.27E+00      0.12E-01  0.37E+00


                              E2        MI=+/-1     MAX.ZETA= 1.099


     XI             Q1                      Q2


             SLOPE  INTERCEPT       SLOPE     INTERCEPT


  0.0000   0.00E+00  0.13E-01      0.00E+00  -.00E+00
  0.1513   0.00E+00  0.94E-02      0.00E+00  -.43E-01
  0.3025   0.00E+00  0.19E-02      0.00E+00  -.59E-01
  0.4538   0.00E+00  0.48E-02      0.00E+00  -.58E-01
  0.6050   0.00E+00  0.98E-02      0.00E+00  -.51E-01


                              EXPERIMENT  2          MAX.XI=0.6050

                              E2        MI=0     MAX.ZETA= 1.099


     XI             Q1                      Q2


             SLOPE  INTERCEPT       SLOPE     INTERCEPT


  0.0000   0.00E+00  0.00E+00      -.52E-04  0.89E+00
  0.0672   0.21E-02  0.49E-01      -.50E-03  0.87E+00
  0.1345   0.31E-02  0.89E-01      -.14E-02  0.82E+00
  0.2017   0.32E-02  0.12E+00      -.18E-02  0.75E+00
  0.2689   0.25E-02  0.15E+00      -.14E-02  0.68E+00
  0.3361   0.14E-02  0.17E+00      -.11E-03  0.61E+00
  0.4034   0.74E-04  0.20E+00      0.19E-02  0.53E+00
  0.4706   -.14E-02  0.21E+00      0.43E-02  0.47E+00
  0.5378   -.32E-02  0.23E+00      0.70E-02  0.41E+00
  0.6050   -.52E-02  0.25E+00      0.99E-02  0.35E+00


                              E2        MI=+/-1     MAX.ZETA= 1.099


     XI             Q1                      Q2


             SLOPE  INTERCEPT       SLOPE     INTERCEPT


  0.0000   0.00E+00  0.19E-01      0.00E+00  -.00E+00
  0.1513   0.00E+00  0.13E-01      0.00E+00  -.62E-01
  0.3025   0.00E+00  0.26E-02      0.00E+00  -.83E-01
  0.4538   0.00E+00  0.68E-02      0.00E+00  -.83E-01
  0.6050   0.00E+00  0.14E-01      0.00E+00  -.72E-01



          ***** CENTRAL CHISQ=  0.1349E+01 *****


          BETTER POINT FOUND...MATRIX ELEMENTS WRITTEN ON 17   CHISQ=  0.1346E+01
          BETTER POINT FOUND...MATRIX ELEMENTS WRITTEN ON 17   CHISQ=  0.1301E+01
     WARNING-ME( 13)     INTEGRATION STOPPED AT THE LIMIT



                    *** BEST POINT FOUND (TAPE17) ***




                                        MATRIX ELEMENTS


     MULTIPOLARITY=2
    INDEX   NF     NS          ME          PC CHANGE     RED. TRANS. PROB.
       1      1      2        1.28670       -0.00012        0.33112   
       2      1      6        0.11181       -0.00379        0.00250   
       3      2      2        0.52848        0.00058     **********   
       4      2      3        2.28325        0.00017        0.57925   
       5      2      6        1.99390        0.00002        0.79513   
       6      2      7        0.32709       -0.03558        0.01189   
       7      3      3        0.99734        0.00017     **********   
       8      3      4        2.72037        0.00828        0.56926   
       9      3      6        0.25508        0.05304        0.01301   
      10      3      7        2.03784        0.00014        0.46142   
      11      3      8        0.18235       -0.00004        0.00256   
      12      4      4        0.28036        0.00010     **********   
      13      4      5        2.45676      -14.46527        0.35504   
      14      4      7        0.15107        0.00260        0.00254   
      15      4      8        0.97935       -0.01698        0.07378   
      16      6      6       -0.37948        0.05392     **********   
      17      6      7        2.50613       -0.00454        0.69786   
      18      7      7       -0.06694       -0.00056     **********   
      19      7      8        1.71737       -0.00017        0.22687   
     MULTIPOLARITY=7
    INDEX   NF     NS          ME          PC CHANGE     RED. TRANS. PROB.
      20      2      6        0.03283        0.08065        0.00022   
      21      3      7        0.44688       -0.02643        0.02219   



                                            OVERALL
                                        ESTIMATED ERRORS

     INDEX     NI     NF     ME AND ERRORS


        1       1      2       1.28670  ( -0.01007 ,  0.01027)......   -0.8 ,    0.8 PC
        2       1      6       0.11182  ( -0.01053 ,  0.00911)......   -9.4 ,    8.1 PC
        3       2      2       0.52847  ( -0.06914 ,  0.07105)......  -13.1 ,   13.4 PC
        4       2      3       2.28324  ( -0.04002 ,  0.04081)......   -1.8 ,    1.8 PC
        5       2      6       1.99390  ( -0.04511 ,  0.04679)......   -2.3 ,    2.3 PC
        6       2      7       0.32720  ( -0.01095 ,  0.01055)......   -3.3 ,    3.2 PC
        7       3      3       0.99734  ( -0.12917 ,  0.13279)......  -13.0 ,   13.3 PC
        8       3      4       2.72014  ( -0.05745 ,  0.06373)......   -2.1 ,    2.3 PC
        9       3      6       0.25495  ( -0.39475 ,  0.68730)...... -154.8 ,  269.6 PC
       10       3      7       2.03784  ( -0.14431 ,  0.13763)......   -7.1 ,    6.8 PC
       11       3      8       0.18235  ( -0.36009 ,  0.02652)...... -197.5 ,   14.5 PC
       12       4      4       0.28036  ( -0.19792 ,  0.19782)......  -70.6 ,   70.6 PC
       13       4      5       2.87224  ( -0.97231 ,  0.48046)......  -33.9 ,   16.7 PC
       14       4      7       0.15107  ( -0.25795 ,  0.35170)...... -170.8 ,  232.8 PC
       15       4      8       0.97951  ( -2.98640 ,  0.20196)...... -304.9 ,   20.6 PC
       16       6      6      -0.37928  ( -0.09801 ,  0.08673)......  -25.8 ,   22.9 PC
       17       6      7       2.50625  ( -0.06195 ,  0.06304)......   -2.5 ,    2.5 PC
       18       7      7      -0.06694  ( -0.14043 ,  0.14213)...... -209.8 ,  212.3 PC
       19       7      8       1.71737  ( -0.12496 ,  0.17539)......   -7.3 ,   10.2 PC
       20       2      6       0.03281  ( -0.00369 ,  0.00616)......  -11.3 ,   18.8 PC
       21       3      7       0.44700  ( -0.83656 ,  0.06344)...... -187.2 ,   14.2 PC



                                            OVERALL
                                        ESTIMATED ERRORS

     INDEX     NI     NF     B(E,ML)(OR QUADRUPOLE MOMENT) AND ERRORS


        1       2      1        0.33112  (  -0.00516 ,   0.00531)
        2       6      1        0.00250  (  -0.00045 ,   0.00042)
        3       2      2        0.40055  (  -0.05241 ,   0.05385)
        4       3      2        0.57924  (  -0.02013 ,   0.02089)
        5       6      2        0.79513  (  -0.03557 ,   0.03775)
        6       7      2        0.01190  (  -0.00078 ,   0.00078)
        7       3      3        0.75209  (  -0.09741 ,   0.10014)
        8       4      3        0.56917  (  -0.02379 ,   0.02698)
        9       6      3        0.01300  (  -0.01300 ,   0.16457)
       10       7      3        0.46142  (  -0.06304 ,   0.06443)
       11       8      3        0.00256  (  -0.00256 ,   0.00080)
       12       4      4        0.19546  (  -0.13799 ,   0.13792)
       13       5      4        0.48528  (  -0.27294 ,   0.17593)
       14       7      4        0.00254  (  -0.00254 ,   0.02555)
       15       8      4        0.07380  (  -0.07380 ,   0.23601)
       16       6      6       -0.28747  (  -0.07429 ,   0.06573)
       17       7      6        0.69792  (  -0.03407 ,   0.03555)
       18       7      7       -0.05048  (  -0.10590 ,   0.10718)
       19       8      7        0.22687  (  -0.03181 ,   0.04870)
       20       6      2        0.00022  (  -0.00005 ,   0.00009)
       21       7      3        0.02220  (  -0.02220 ,   0.00675)
               ********* END OF EXECUTION **********
