1
 *****************************************************************************************************************************
 *****************************************************************************************************************************
 **************************************************                         **************************************************
 **************************************************          GOSIA          **************************************************
 **************************************************                         **************************************************
 *****************************************************************************************************************************
 *****************************************************************************************************************************





                    ROCHESTER COULOMB EXCITATION DATA ANALYSIS CODE BY T.CZOSNYKA,D.CLINE AND C.Y.WU
                                                  LATEST REVISION- JUNE  2006






          14C beam on 194Pt target                                                        
          ----------------------------------------------------------------------------------------------------

                                        LEVELS

     INDEX     PARITY         SPIN           ENERGY(MEV)
       1           +           0.0            0.0000
       2           +           2.0            0.3280
       3           +           4.0            0.8110
       4           +           6.0            1.4118
       5           +           8.0            2.0995
       6           +           2.0            0.6220
       7           +           4.0            1.2295
       8           +           6.0            1.9250

                                        MATRIX ELEMENTS


     MULTIPOLARITY=2
    INDEX   NF     NS          ME               LIMITS
       1      1      2        1.20800        0.00010        2.00000
       2      1      6        0.08880       -3.00000        3.00000
       3      2      2        0.54000       -3.00000        3.00000
       4      2      3        1.93500        0.00010        3.00000
       5      2      6        1.51700        0.00010        3.00000
       6      2      7        0.25000       -3.00000        3.00000
       7      3      3        1.00000       -3.00000        3.00000
       8      3      4        2.90000        0.00010        4.00000
       9      3      6        0.25000       -3.00000        3.00000
      10      3      7        1.51000       -3.00000        3.00000
      11      3      8        0.22400       -3.00000        3.00000
      12      4      4        0.28000       -3.00000        3.00000
      13      4      5        3.08000        0.00010        4.00000
      14      4      7        0.16000       -3.00000        3.00000
      15      4      8        1.14000       -3.00000        3.00000
      16      6      6       -0.40000       -3.00000        3.00000
      17      6      7        1.78400        0.00010        3.00000
      18      7      7       -0.07000       -3.00000        3.00000
      19      7      8        2.09000        0.00010        3.00000
     MULTIPOLARITY=7
    INDEX   NF     NS          ME               LIMITS
      20      2      6        0.02800       -3.00000        3.00000
      21      3      7        0.19000       -3.00000        3.00000

                                               REPRINT OF EXPERIMENTAL DATA TO BE FITTED





     EXPERIMENT  1
  PROJECTILE ( 78.,194.)  43.750 MEV ---1 GE(LI) DETECTOR(S)  WEIGHT=0.10E+01
                    ** EXPERIMENTAL YIELDS **
    DECAY IS  IF         YIELD+/-ERROR

       5   4   3  0.605306E+03     0.307080E+02
       9   7   6  0.278136E+04     0.139203E+03
      10   3   2  0.770805E+05     0.770778E+04
      13   6   2  0.632261E+05     0.316064E+04
      14   2   1  0.222435E+07     0.111206E+06



     EXPERIMENT  2
  PROJECTILE ( 78.,194.)  43.750 MEV ---1 GE(LI) DETECTOR(S)  WEIGHT=0.10E+01
                    ** EXPERIMENTAL YIELDS **
    DECAY IS  IF         YIELD+/-ERROR

       5   4   3  0.101487E+04     0.505280E+02
       9   7   6  0.443304E+04     0.221137E+03
      10   3   2  0.109744E+06     0.109732E+05
      13   6   2  0.869234E+05     0.434545E+04
      14   2   1  0.355021E+07     0.177493E+06


       10 EXPERIMENTAL YIELDS           21 MATRIX ELEMENTS TO BE VARIED



                                        BRANCHING RATIOS

     NS1     NF1     NS2     NF2     RATIO(1:2)         ERROR
      6       1       6       2        0.13690        0.02300
      7       3       7       6        0.14400        0.01400
      7       2       7       6        0.12200        0.00800
      8       3       8       7        0.12000        0.04000
      8       4       8       7        0.06000        0.04000
     BRANCHING RATIOS ARE TAKEN WITH WEIGHT    0.100000E+01



                              LIFETIMES(PSEC)


     LEVEL         LIFETIME     ERROR

        2           60.46         0.87
        3            5.34         0.29
        4            2.31         0.72
        5            1.59         0.43
        6           50.50         5.80
        7            5.50         0.90
        8            1.88         0.29

          LIFETIMES ARE TAKEN WITH WEIGHT    0.100000E+01


                    EXPERIMENTAL E2/M1 MIXING RATIOS


          TRANSITION            DELTA          ERROR

           6---  2               15.0000           2.0000

          E2/M1 MIXING RATIOS ARE TAKEN WITH WEIGHT    0.100000E+01


                              EXPERIMENTAL MATRIX ELEMENT(S)


          TRANSITION          MAT.EL.          ERROR

           2---  2                0.5400           0.0700
           3---  3                1.0000           0.1300
           4---  4                0.2800           0.2000
           6---  6               -0.4000           0.0900
           7---  7               -0.0700           0.1400

           MATRIX ELEMENT(S) ARE TAKEN WITH WEIGHT    0.100000E+01



     *****  RESTART-MATRIX ELEMENTS OVERWRITTEN  *****




                                        MATRIX ELEMENTS


     MULTIPOLARITY=2
    INDEX   NF     NS          ME               LIMITS
       1      1      2        1.28693        0.00010        2.00000
       2      1      6        0.11110       -3.00000        3.00000
       3      2      2        0.51833       -3.00000        3.00000
       4      2      3        2.28670        0.00010        3.00000
       5      2      6        1.98404        0.00010        3.00000
       6      2      7        0.32795       -3.00000        3.00000
       7      3      3        0.99458       -3.00000        3.00000
       8      3      4        2.70769        0.00010        4.00000
       9      3      6        0.24724       -3.00000        3.00000
      10      3      7        2.03589       -3.00000        3.00000
      11      3      8        0.18263       -3.00000        3.00000
      12      4      4        0.28004       -3.00000        3.00000
      13      4      5        2.89029        0.00010        4.00000
      14      4      7        0.14630       -3.00000        3.00000
      15      4      8        0.98973       -3.00000        3.00000
      16      6      6       -0.35886       -3.00000        3.00000
      17      6      7        2.51410        0.00010        3.00000
      18      7      7       -0.06738       -3.00000        3.00000
      19      7      8        1.72180        0.00010        3.00000
     MULTIPOLARITY=7
    INDEX   NF     NS          ME               LIMITS
      20      2      6        0.03271       -3.00000        3.00000
      21      3      7        0.45574       -3.00000        3.00000



          ** EXPERIMENT  1 **


     TARGET EXCITATION OF( 78,194.000) BY(  6, 14.000)
     ENERGY     43.750 MEV     BETA   0.819121E-01
     DISTANCE OF CLOSEST APPROACH FOR HEAD-ON COLLISIONS    16.5143 FM
     CM SCATTERING ANGLE    153.949 DEG     EPSILON     1.0264
     RECOIL ENERGY(MEV)     10.3860
     RECOIL BETA    0.107213E-01
     BOMBARDING ENERGY=     0.911 OF SAFE BOMBARDING ENERGY AT THIS ANGLE



          ** EXPERIMENT  2 **


     TARGET EXCITATION OF( 78,194.000) BY(  6, 14.000)
     ENERGY     43.750 MEV     BETA   0.819121E-01
     DISTANCE OF CLOSEST APPROACH FOR HEAD-ON COLLISIONS    16.5143 FM
     CM SCATTERING ANGLE    140.779 DEG     EPSILON     1.0616
     RECOIL ENERGY(MEV)      9.7093
     RECOIL BETA    0.103661E-01
     BOMBARDING ENERGY=     0.896 OF SAFE BOMBARDING ENERGY AT THIS ANGLE


                              EXPERIMENT  1          MAX.XI=0.6050

                              E2        MI=0     MAX.ZETA= 1.099


     XI             Q1                      Q2


             SLOPE  INTERCEPT       SLOPE     INTERCEPT


  0.0000   0.00E+00  0.00E+00      -.64E-04  0.95E+00
  0.0672   0.25E-02  0.52E-01      -.61E-03  0.92E+00
  0.1345   0.38E-02  0.96E-01      -.17E-02  0.87E+00
  0.2017   0.38E-02  0.13E+00      -.21E-02  0.79E+00
  0.2689   0.30E-02  0.16E+00      -.16E-02  0.72E+00
  0.3361   0.16E-02  0.19E+00      -.15E-04  0.64E+00
  0.4034   -.16E-04  0.21E+00      0.24E-02  0.56E+00
  0.4706   -.19E-02  0.23E+00      0.54E-02  0.49E+00
  0.5378   -.39E-02  0.25E+00      0.87E-02  0.43E+00
  0.6050   -.64E-02  0.27E+00      0.12E-01  0.37E+00


                              E2        MI=+/-1     MAX.ZETA= 1.099


     XI             Q1                      Q2


             SLOPE  INTERCEPT       SLOPE     INTERCEPT


  0.0000   0.00E+00  0.13E-01      0.00E+00  -.00E+00
  0.1513   0.00E+00  0.94E-02      0.00E+00  -.43E-01
  0.3025   0.00E+00  0.19E-02      0.00E+00  -.59E-01
  0.4538   0.00E+00  0.48E-02      0.00E+00  -.58E-01
  0.6050   0.00E+00  0.98E-02      0.00E+00  -.51E-01


                              EXPERIMENT  2          MAX.XI=0.6050

                              E2        MI=0     MAX.ZETA= 1.099


     XI             Q1                      Q2


             SLOPE  INTERCEPT       SLOPE     INTERCEPT


  0.0000   0.00E+00  0.00E+00      -.52E-04  0.89E+00
  0.0672   0.21E-02  0.49E-01      -.50E-03  0.87E+00
  0.1345   0.31E-02  0.89E-01      -.14E-02  0.82E+00
  0.2017   0.32E-02  0.12E+00      -.18E-02  0.75E+00
  0.2689   0.25E-02  0.15E+00      -.14E-02  0.68E+00
  0.3361   0.14E-02  0.17E+00      -.11E-03  0.61E+00
  0.4034   0.74E-04  0.20E+00      0.19E-02  0.53E+00
  0.4706   -.14E-02  0.21E+00      0.43E-02  0.47E+00
  0.5378   -.32E-02  0.23E+00      0.70E-02  0.41E+00
  0.6050   -.52E-02  0.25E+00      0.99E-02  0.35E+00


                              E2        MI=+/-1     MAX.ZETA= 1.099


     XI             Q1                      Q2


             SLOPE  INTERCEPT       SLOPE     INTERCEPT


  0.0000   0.00E+00  0.19E-01      0.00E+00  -.00E+00
  0.1513   0.00E+00  0.13E-01      0.00E+00  -.62E-01
  0.3025   0.00E+00  0.26E-02      0.00E+00  -.83E-01
  0.4538   0.00E+00  0.68E-02      0.00E+00  -.83E-01
  0.6050   0.00E+00  0.14E-01      0.00E+00  -.72E-01
     *** CHISQ=  0.136221E+01 ***
     MINIMIZATION STOPPED-NUMBER OF STEPS NPTL=   50 EXCEEDED
     *** CHISQ=  0.134860E+01 ***



          EXP. AND CALCULATED BRANCHING RATIOS

     NS1     NF1     NS2     NF2     RATIO(1:2)         ERROR       CALC.RATIO     (EXP-CAL)/ERROR


      6       1       6       2        0.13690        0.02300        0.13271           0.2
      7       3       7       6        0.14400        0.01400        0.14301           0.1
      7       2       7       6        0.12200        0.00800        0.12266          -0.1
      8       3       8       7        0.12000        0.04000        0.11885           0.0
      8       4       8       7        0.06000        0.04000        0.07115          -0.3
          EXPERIMENT  1
          D(LOG(Y)/D(LOG(ME))


   4-- 3     (  4  0.20E+01)   (  8  0.20E+01)   (  1  0.20E+01)   (  2  0.40E-01)   (  5  -.26E-01)   ( 14  0.24E-01)
   7-- 6     (  1  0.21E+01)   ( 17  0.14E+01)   (  5  0.78E+00)   (  6  0.65E+00)   (  4  0.46E+00)   ( 10  0.33E+00)
   3-- 2     (  1  0.19E+01)   (  4  0.19E+01)   (  7  0.43E-01)   (  2  0.36E-01)   (  5  -.32E-01)   (  9  0.24E-01)
   6-- 2     (  5  0.18E+01)   (  1  0.16E+01)   ( 17  0.42E-01)   (  6  0.37E-01)   ( 16  -.29E-01)   (  4  -.25E-01)
   2-- 1     (  1  0.17E+01)   (  3  0.23E-01)   (  2  0.17E-01)   (  4  -.72E-02)   (  5  0.69E-02)   ( 17  -.47E-03)
          EXPERIMENT  2
          D(LOG(Y)/D(LOG(ME))


   4-- 3     (  4  0.20E+01)   (  8  0.20E+01)   (  1  0.20E+01)   (  2  0.38E-01)   ( 14  0.24E-01)   (  9  0.21E-01)
   7-- 6     (  1  0.20E+01)   ( 17  0.14E+01)   (  5  0.71E+00)   (  6  0.67E+00)   (  4  0.42E+00)   ( 10  0.28E+00)
   3-- 2     (  1  0.19E+01)   (  4  0.19E+01)   (  7  0.38E-01)   (  2  0.35E-01)   (  5  -.27E-01)   (  9  0.24E-01)
   6-- 2     (  5  0.18E+01)   (  1  0.16E+01)   (  2  0.49E-01)   ( 17  0.39E-01)   (  6  0.36E-01)   ( 16  -.28E-01)
   2-- 1     (  1  0.18E+01)   (  3  0.21E-01)   (  2  0.17E-01)   (  4  -.76E-02)   (  5  0.65E-02)   ( 17  -.42E-03)


                    VACUUM DEPOLARIZATION COEFFICIENTS 


     EXPERIMENT  1
     LEVEL          G2          G4          G6

        2         0.4620      0.2114      0.1024
        3         0.8313      0.6168      0.4567
        4         0.9308      0.8116      0.7000
        5         0.9611      0.8867      0.8036
        6         0.5351      0.2678      0.1422
        7         0.9582      0.8833      0.8006
        8         0.9296      0.8087      0.6959


                    VACUUM DEPOLARIZATION COEFFICIENTS 


     EXPERIMENT  2
     LEVEL          G2          G4          G6

        2         0.4699      0.2173      0.1056
        3         0.8365      0.6252      0.4648
        4         0.9332      0.8170      0.7066
        5         0.9624      0.8901      0.8086
        6         0.5434      0.2748      0.1465
        7         0.9597      0.8869      0.8057
        8         0.9320      0.8141      0.7026


                    NORMALIZATION CONSTANTS

  EXPERIMENT     DETECTORS(1-32)
  1  0.8675E+07
  2  0.1553E+08


                    RECOMMENDED RELATIVE GE(LI) EFFICIENCIES

  EXPERIMENT
  1  0.1000E+01
  2  0.1000E+01


     CALCULATED AND EXPERIMENTAL YIELDS   EXPERIMENT  1 DETECTOR  1

      NI     NF       II        IF         ENERGY(MEV)      YCAL        YEXP       PC. DIFF.  (YE-YC)/SIGMA
       4      3        6.0       4.0         0.6008      .6363E+03      .6053E+03     -5.1     -1.0              
       7      6        4.0       2.0         0.6075      .2829E+04      .2781E+04     -1.7     -0.3              
       3      2        4.0       2.0         0.4830      .7249E+05      .7708E+05      6.0      0.6              
       6      2        2.0       2.0         0.2940      .5939E+05      .6323E+05      6.1      1.2              
       2      1        2.0       0.0         0.3280      .2227E+07      .2224E+07     -0.1     -0.0              

                                                  CHISQ SUBTOTAL =   0.296310E+01


     CALCULATED AND EXPERIMENTAL YIELDS   EXPERIMENT  2 DETECTOR  1

      NI     NF       II        IF         ENERGY(MEV)      YCAL        YEXP       PC. DIFF.  (YE-YC)/SIGMA
       4      3        6.0       4.0         0.6008      .9515E+03      .1015E+04      6.2      1.3              
       7      6        4.0       2.0         0.6075      .4300E+04      .4433E+04      3.0      0.6              
       3      2        4.0       2.0         0.4830      .1113E+06      .1097E+06     -1.5     -0.1              
       6      2        2.0       2.0         0.2940      .8873E+05      .8692E+05     -2.1     -0.4              
       2      1        2.0       0.0         0.3280      .3762E+07      .3550E+07     -6.0     -1.2              

                                                  CHISQ SUBTOTAL =   0.355328E+01


          E2/M1 MIXING RATIOS
          TRANSITION          EXP.DELTA          CALC.DELTA          SIGMA

           6---  2               15.00              14.88             -0.06


                    CALCULATED LIFETIMES

     LEVEL     LIFETIME(PSEC)     EXP        ERROR

        2       0.6045E+02     0.6046E+02    0.8700E+00
        3       0.5219E+01     0.5340E+01    0.2900E+00
        4       0.1803E+01     0.2310E+01    0.7200E+00
        5       0.1081E+01     0.1590E+01    0.4300E+00
        6       0.3755E+02     0.5050E+02    0.5800E+01
        7       0.1095E+01     0.5500E+01    0.9000E+00
        8       0.1836E+01     0.1880E+01    0.2900E+00


CALCULATED AND EXPERIMENTAL MATRIX ELEMENTS


     NI NF  EXP. ME   CURRENT ME   SIGMA
      2   2    0.5400    0.5285   -0.1647
      3   3    1.0000    0.9973   -0.0205
      4   4    0.2800    0.2804    0.0018
      6   6   -0.4000   -0.3793    0.2302
      7   7   -0.0700   -0.0669    0.0219

                                        MATRIX ELEMENTS


     MULTIPOLARITY=2
    INDEX   NF     NS          ME          PC CHANGE     RED. TRANS. PROB.
       1      1      2        1.28670       -0.01756        0.33112   
       2      1      6        0.11182        0.65031        0.00250   
       3      2      2        0.52847        1.95621     **********   
       4      2      3        2.28324       -0.15112        0.57924   
       5      2      6        1.99390        0.49673        0.79513   
       6      2      7        0.32720       -0.22823        0.01190   
       7      3      3        0.99734        0.27793     **********   
       8      3      4        2.72014        0.45984        0.56917   
       9      3      6        0.25495        3.11663        0.01300   
      10      3      7        2.03784        0.09562        0.46142   
      11      3      8        0.18235       -0.15150        0.00256   
      12      4      4        0.28036        0.11307     **********   
      13      4      5        2.87224       -0.62447        0.48528   
      14      4      7        0.15107        3.25928        0.00254   
      15      4      8        0.97951       -1.03237        0.07380   
      16      6      6       -0.37928        5.69002     **********   
      17      6      7        2.50625       -0.31245        0.69792   
      18      7      7       -0.06694       -0.66040     **********   
      19      7      8        1.71737       -0.25739        0.22687   
     MULTIPOLARITY=7
    INDEX   NF     NS          ME          PC CHANGE     RED. TRANS. PROB.
      20      2      6        0.03281        0.30210        0.00022   
      21      3      7        0.44700       -1.91941        0.02220   
               ********* END OF EXECUTION **********
