1
 *****************************************************************************************************************************
     INDEX= 1     SPIN= 0.0     ENERGY= 0.0000

 *****************************************************************************************************************************
          Q2                  ERROR
         1.6681      -0.0265       0.0267
 --------------------------------------------------------------------------------
          Q4(0)     VARIANCE               ERROR              SQRT(VAR)           ERROR           SQRT(VAR)/Q2           ERROR
         2.7826       0.0000      -0.0000       0.0000       0.0005       0.0000       0.0000       0.0003       0.0000       0.0000
 --------------------------------------------------------------------------------
          Q4(2)     VARIANCE               ERROR              SQRT(VAR)           ERROR           SQRT(VAR)/Q2           ERROR
         5.0271       2.2445      -0.3023       0.3137       1.4982      -0.1045       0.1013       0.8981      -0.0627       0.0607
 --------------------------------------------------------------------------------
          Q4(4)     VARIANCE               ERROR              SQRT(VAR)           ERROR           SQRT(VAR)/Q2           ERROR
         3.6132       0.8306      -0.2860       0.3025       0.9114      -0.1734       0.1531       0.5464      -0.1039       0.0918
 --------------------------------------------------------------------------------
          Q6(0)     SKEWNESS               ERROR
         4.6417      -0.0000       0.0000       0.0000
 --------------------------------------------------------------------------------
          Q6(2)     SKEWNESS               ERROR
        11.7969      -4.0770       0.0000       0.0000
 --------------------------------------------------------------------------------
          Q6(4)     SKEWNESS               ERROR
         7.7974      -1.0009       0.0000       0.0000
 --------------------------------------------------------------------------------
          Q3COS(3D)   COS(3D)              ERROR             INT.Q3
        -1.2081      -0.5607      -0.0548       0.0546       2.1545
 --------------------------------------------------------------------------------
          Q5COS(3D)(0) COS(3D)             ERROR             INT.Q5
        -2.0152      -0.5607      -0.0548       0.0546       3.5939
 --------------------------------------------------------------------------------
          Q5COS(3D)(2) COS(3D)             ERROR             INT.Q5
        -2.6388      -0.3439      -0.0994       0.1089       7.6720
 --------------------------------------------------------------------------------
          Q5COS(3D)(4) COS(3D)             ERROR             INT.Q5
        -4.3062      -0.8197      -0.0527       0.0670       5.2535
 --------------------------------------------------------------------------------
          <COS2(3D)>(1) VARIANCE           ERROR            SQRT(VAR)              ERROR
         0.3144      -0.0000       0.0000       0.0000       0.0000       0.0000       0.0000
 --------------------------------------------------------------------------------
          <COS2(3D)>(2) VARIANCE           ERROR            SQRT(VAR)              ERROR
         2.1388       1.8243       0.0000       0.0000       1.3507       0.0000       0.0000
 --------------------------------------------------------------------------------
          <COS2(3D)>(3) VARIANCE           ERROR            SQRT(VAR)              ERROR
         2.0947       1.7803       0.0000       0.0000       1.3343       0.0000       0.0000
1
 *****************************************************************************************************************************
     INDEX= 2     SPIN= 2.0     ENERGY= 0.3280

 *****************************************************************************************************************************
          Q2                  ERROR
         2.2462      -0.0815       0.0833
 --------------------------------------------------------------------------------
          Q4(0)     VARIANCE               ERROR              SQRT(VAR)           ERROR           SQRT(VAR)/Q2           ERROR
         5.1812       0.1359      -0.1325       0.3314       0.3687      -0.3103       0.3149       0.1641      -0.1381       0.1402
 --------------------------------------------------------------------------------
          Q4(2)     VARIANCE               ERROR              SQRT(VAR)           ERROR           SQRT(VAR)/Q2           ERROR
         3.8127      -1.2326      -0.3137       0.3364       0.0000   **********       0.5800       0.0000   **********       0.2582
 --------------------------------------------------------------------------------
          Q4(4)     VARIANCE               ERROR              SQRT(VAR)           ERROR           SQRT(VAR)/Q2           ERROR
         4.8257      -0.2195      -0.3708       0.4094       0.0000   **********       0.6398       0.0000   **********       0.2848
 --------------------------------------------------------------------------------
          Q6(0)     SKEWNESS               ERROR
        12.2279      -0.0205       0.0000       0.0000
 --------------------------------------------------------------------------------
          Q6(2)     SKEWNESS               ERROR
         7.7990       4.7722       0.0000       0.0000
 --------------------------------------------------------------------------------
          Q6(4)     SKEWNESS               ERROR
         8.5111      -1.3423       0.0000       0.0000
 --------------------------------------------------------------------------------
          Q3COS(3D)   COS(3D)              ERROR             INT.Q3
        -1.5927      -0.4684      -0.0742       0.0825       3.4001
 --------------------------------------------------------------------------------
          Q5COS(3D)(0) COS(3D)             ERROR             INT.Q5
        -4.5128      -0.5687      -0.1216       0.1621       7.9358
 --------------------------------------------------------------------------------
          Q5COS(3D)(2) COS(3D)             ERROR             INT.Q5
        -4.1293      -0.7602      -0.1983       0.2411       5.4321
 --------------------------------------------------------------------------------
          Q5COS(3D)(4) COS(3D)             ERROR             INT.Q5
        -3.3127      -0.5071      -0.1344       0.1835       6.5326
 --------------------------------------------------------------------------------
          <COS2(3D)>(1) VARIANCE           ERROR            SQRT(VAR)              ERROR
         0.7337       0.5143       0.0000       0.0000       0.7171       0.0000       0.0000
 --------------------------------------------------------------------------------
          <COS2(3D)>(2) VARIANCE           ERROR            SQRT(VAR)              ERROR
         0.3512       0.1318       0.0000       0.0000       0.3630       0.0000       0.0000
 --------------------------------------------------------------------------------
          <COS2(3D)>(3) VARIANCE           ERROR            SQRT(VAR)              ERROR
         0.2874       0.0680       0.0000       0.0000       0.2608       0.0000       0.0000
1
 *****************************************************************************************************************************
     INDEX= 3     SPIN= 4.0     ENERGY= 0.8110

 *****************************************************************************************************************************
          Q2                  ERROR
         1.9842      -0.0616       0.0997
 --------------------------------------------------------------------------------
          Q4(0)     VARIANCE               ERROR              SQRT(VAR)           ERROR           SQRT(VAR)/Q2           ERROR
         4.1353       0.1981      -0.1551       0.2687       0.4451      -0.2378       0.2381       0.2243      -0.1198       0.1200
 --------------------------------------------------------------------------------
          Q4(2)     VARIANCE               ERROR              SQRT(VAR)           ERROR           SQRT(VAR)/Q2           ERROR
         3.1440      -0.7932      -0.3017       2.6057       0.0000   **********       1.6142       0.0000   **********       0.8135
 --------------------------------------------------------------------------------
          Q4(4)     VARIANCE               ERROR              SQRT(VAR)           ERROR           SQRT(VAR)/Q2           ERROR
         3.4223      -0.5149      -0.6994       0.9185       0.0000   **********       0.9584       0.0000   **********       0.4830
 --------------------------------------------------------------------------------
          Q6(0)     SKEWNESS               ERROR
         8.8962      -0.0956       0.0000       0.0000
 --------------------------------------------------------------------------------
          Q6(2)     SKEWNESS               ERROR
         6.4266       3.3361       0.0000       0.0000
 --------------------------------------------------------------------------------
          Q6(4)     SKEWNESS               ERROR
         5.2513       0.5038       0.0000       0.0000
 --------------------------------------------------------------------------------
          Q3COS(3D)   COS(3D)              ERROR             INT.Q3
        -1.2861      -0.4517      -0.1766       0.2002       2.8471
 --------------------------------------------------------------------------------
          Q5COS(3D)(0) COS(3D)             ERROR             INT.Q5
        -3.4672      -0.5743      -0.1966       0.2476       6.0373
 --------------------------------------------------------------------------------
          Q5COS(3D)(2) COS(3D)             ERROR             INT.Q5
        -3.3416      -0.7520      -0.1035       0.3800       4.4436
 --------------------------------------------------------------------------------
          Q5COS(3D)(4) COS(3D)             ERROR             INT.Q5
        -2.2296      -0.5175      -0.1924       0.2310       4.3085
 --------------------------------------------------------------------------------
          <COS2(3D)>(1) VARIANCE           ERROR            SQRT(VAR)              ERROR
         0.6612       0.4571       0.0000       0.0000       0.6761       0.0000       0.0000
 --------------------------------------------------------------------------------
          <COS2(3D)>(2) VARIANCE           ERROR            SQRT(VAR)              ERROR
         1.0743       0.8702       0.0000       0.0000       0.9328       0.0000       0.0000
 --------------------------------------------------------------------------------
          <COS2(3D)>(3) VARIANCE           ERROR            SQRT(VAR)              ERROR
         0.6640       0.4600       0.0000       0.0000       0.6782       0.0000       0.0000
1
 *****************************************************************************************************************************
     INDEX= 4     SPIN= 6.0     ENERGY= 1.4118

 *****************************************************************************************************************************
          Q2                  ERROR
         1.2854      -0.4317       1.5014
 --------------------------------------------------------------------------------
          Q4(0)     VARIANCE               ERROR              SQRT(VAR)           ERROR           SQRT(VAR)/Q2           ERROR
         1.6584       0.0063      -0.0060       0.0287       0.0792      -0.0628       0.1078       0.0616      -0.0488       0.0838
 --------------------------------------------------------------------------------
          Q4(2)     VARIANCE               ERROR              SQRT(VAR)           ERROR           SQRT(VAR)/Q2           ERROR
         1.6953       0.0431      -6.5456       6.5456       0.2076   **********       2.3592       0.1615   **********       1.8355
 --------------------------------------------------------------------------------
          Q4(4)     VARIANCE               ERROR              SQRT(VAR)           ERROR           SQRT(VAR)/Q2           ERROR
         1.1251      -0.5270      -3.3636       0.5207       0.0000   **********       0.7216       0.0000   **********       0.5614
 --------------------------------------------------------------------------------
          Q6(0)     SKEWNESS               ERROR
         2.1417      -0.0062       0.0000       0.0000
 --------------------------------------------------------------------------------
          Q6(2)     SKEWNESS               ERROR
         2.4422       0.1523       0.0000       0.0000
 --------------------------------------------------------------------------------
          Q6(4)     SKEWNESS               ERROR
         2.4069       2.3156       0.0000       0.0000
 --------------------------------------------------------------------------------
          Q3COS(3D)   COS(3D)              ERROR             INT.Q3
        -0.3847      -0.2636      -0.2375       0.2375       1.4593
 --------------------------------------------------------------------------------
          Q5COS(3D)(0) COS(3D)             ERROR             INT.Q5
        -0.5405      -0.2868      -0.0269       0.2561       1.8842
 --------------------------------------------------------------------------------
          Q5COS(3D)(2) COS(3D)             ERROR             INT.Q5
        -0.6145      -0.3045      -0.4480       0.0521       2.0180
 --------------------------------------------------------------------------------
          Q5COS(3D)(4) COS(3D)             ERROR             INT.Q5
        -1.0737      -0.6858      -0.2456       0.5480       1.5655
 --------------------------------------------------------------------------------
          <COS2(3D)>(1) VARIANCE           ERROR            SQRT(VAR)              ERROR
         0.2265       0.1570       0.0000       0.0000       0.3963       0.0000       0.0000
 --------------------------------------------------------------------------------
          <COS2(3D)>(2) VARIANCE           ERROR            SQRT(VAR)              ERROR
         0.6277       0.5583       0.0000       0.0000       0.7472       0.0000       0.0000
 --------------------------------------------------------------------------------
          <COS2(3D)>(3) VARIANCE           ERROR            SQRT(VAR)              ERROR
         0.9503       0.8808       0.0000       0.0000       0.9385       0.0000       0.0000
1
 *****************************************************************************************************************************
     INDEX= 5     SPIN= 8.0     ENERGY= 2.0995

 *****************************************************************************************************************************
          Q2                  ERROR
         0.4853      -0.2732       0.3847
 --------------------------------------------------------------------------------
          Q4(0)     VARIANCE               ERROR              SQRT(VAR)           ERROR           SQRT(VAR)/Q2           ERROR
         0.2355      -0.0000      -0.0000       0.0000       0.0000       0.0000       0.0000       0.0000       0.0000       0.0000
 --------------------------------------------------------------------------------
          Q4(2)     VARIANCE               ERROR              SQRT(VAR)           ERROR           SQRT(VAR)/Q2           ERROR
         0.3599       0.1244      -0.1034       0.5866       0.3528      -0.2076       0.4905       0.7269      -0.4277       1.0107
 --------------------------------------------------------------------------------
          Q4(4)     VARIANCE               ERROR              SQRT(VAR)           ERROR           SQRT(VAR)/Q2           ERROR
         0.5865       0.3510      -0.0001       0.5479       0.5925      -0.0001       0.3556       1.2209      -0.0002       0.7329
 --------------------------------------------------------------------------------
          Q6(0)     SKEWNESS               ERROR
         0.1143       0.0000       0.0000       0.0000
 --------------------------------------------------------------------------------
          Q6(2)     SKEWNESS               ERROR
         0.1731      -0.1224       0.0000       0.0000
 --------------------------------------------------------------------------------
          Q6(4)     SKEWNESS               ERROR
         1.1162       0.4908       0.0000       0.0000
 --------------------------------------------------------------------------------
          Q3COS(3D)   COS(3D)              ERROR             INT.Q3
        -0.0299      -0.0885      -0.0871       0.0642       0.3381
 --------------------------------------------------------------------------------
          Q5COS(3D)(0) COS(3D)             ERROR             INT.Q5
        -0.0145      -0.0885      -0.0871       0.0642       0.1641
 --------------------------------------------------------------------------------
          Q5COS(3D)(2) COS(3D)             ERROR             INT.Q5
        -0.0524      -0.2060      -0.0957       0.2156       0.2545
 --------------------------------------------------------------------------------
          Q5COS(3D)(4) COS(3D)             ERROR             INT.Q5
        -0.2635      -0.3463      -0.1012       0.1360       0.7609
 --------------------------------------------------------------------------------
          <COS2(3D)>(1) VARIANCE           ERROR            SQRT(VAR)              ERROR
         0.0078       0.0000       0.0000       0.0000       0.0000       0.0000       0.0000
 --------------------------------------------------------------------------------
          <COS2(3D)>(2) VARIANCE           ERROR            SQRT(VAR)              ERROR
        -1.0055      -1.0133       0.0000       0.0000       0.0000       0.0000       0.0000
 --------------------------------------------------------------------------------
          <COS2(3D)>(3) VARIANCE           ERROR            SQRT(VAR)              ERROR
        -1.0222      -1.0300       0.0000       0.0000       0.0000       0.0000       0.0000
1
 *****************************************************************************************************************************
     INDEX= 6     SPIN= 2.0     ENERGY= 0.6220

 *****************************************************************************************************************************
          Q2                  ERROR
         2.0956      -0.0919       0.1375
 --------------------------------------------------------------------------------
          Q4(0)     VARIANCE               ERROR              SQRT(VAR)           ERROR           SQRT(VAR)/Q2           ERROR
         4.5277       0.1359      -0.1325       0.3314       0.3687      -0.3103       0.3149       0.1759      -0.1481       0.1503
 --------------------------------------------------------------------------------
          Q4(2)     VARIANCE               ERROR              SQRT(VAR)           ERROR           SQRT(VAR)/Q2           ERROR
         3.5988      -0.7930      -0.4734       0.2942       0.0000   **********       0.5424       0.0000   **********       0.2588
 --------------------------------------------------------------------------------
          Q4(4)     VARIANCE               ERROR              SQRT(VAR)           ERROR           SQRT(VAR)/Q2           ERROR
         2.4614      -1.9304      -0.1708       0.1710       0.0000   **********       0.4135       0.0000   **********       0.1973
 --------------------------------------------------------------------------------
          Q6(0)     SKEWNESS               ERROR
        10.0787       0.0205       0.0000       0.0000
 --------------------------------------------------------------------------------
          Q6(2)     SKEWNESS               ERROR
         6.9865       2.7683       0.0000       0.0000
 --------------------------------------------------------------------------------
          Q6(4)     SKEWNESS               ERROR
         3.5135       6.4461       0.0000       0.0000
 --------------------------------------------------------------------------------
          Q3COS(3D)   COS(3D)              ERROR             INT.Q3
        -0.3764      -0.1227      -0.2769       0.3109       3.0687
 --------------------------------------------------------------------------------
          Q5COS(3D)(0) COS(3D)             ERROR             INT.Q5
        -1.7242      -0.2562      -0.3149       0.4231       6.7301
 --------------------------------------------------------------------------------
          Q5COS(3D)(2) COS(3D)             ERROR             INT.Q5
        -1.3848      -0.2767      -0.3931       0.4830       5.0047
 --------------------------------------------------------------------------------
          Q5COS(3D)(4) COS(3D)             ERROR             INT.Q5
        -1.0186      -0.3436      -0.3802       0.3444       2.9645
 --------------------------------------------------------------------------------
          <COS2(3D)>(1) VARIANCE           ERROR            SQRT(VAR)              ERROR
         0.6525       0.6375       0.0000       0.0000       0.7984       0.0000       0.0000
 --------------------------------------------------------------------------------
          <COS2(3D)>(2) VARIANCE           ERROR            SQRT(VAR)              ERROR
         2.4066       2.3915       0.0000       0.0000       1.5465       0.0000       0.0000
 --------------------------------------------------------------------------------
          <COS2(3D)>(3) VARIANCE           ERROR            SQRT(VAR)              ERROR
         1.5142       1.4991       0.0000       0.0000       1.2244       0.0000       0.0000
1
 *****************************************************************************************************************************
     INDEX= 7     SPIN= 4.0     ENERGY= 1.2295

 *****************************************************************************************************************************
          Q2                  ERROR
         1.5020      -0.0737       0.0807
 --------------------------------------------------------------------------------
          Q4(0)     VARIANCE               ERROR              SQRT(VAR)           ERROR           SQRT(VAR)/Q2           ERROR
         2.4541       0.1981      -0.1551       0.2687       0.4451      -0.2378       0.2381       0.2964      -0.1583       0.1585
 --------------------------------------------------------------------------------
          Q4(2)     VARIANCE               ERROR              SQRT(VAR)           ERROR           SQRT(VAR)/Q2           ERROR
         2.4243       0.1684      -0.4161       1.4153       0.4104   **********       0.8481       0.2732   **********       0.5646
 --------------------------------------------------------------------------------
          Q4(4)     VARIANCE               ERROR              SQRT(VAR)           ERROR           SQRT(VAR)/Q2           ERROR
         2.0342      -0.2218      -0.1817       0.2834       0.0000   **********       0.5323       0.0000   **********       0.3544
 --------------------------------------------------------------------------------
          Q6(0)     SKEWNESS               ERROR
         4.3767       0.0956       0.0000       0.0000
 --------------------------------------------------------------------------------
          Q6(2)     SKEWNESS               ERROR
         4.6160       0.4689       0.0000       0.0000
 --------------------------------------------------------------------------------
          Q6(4)     SKEWNESS               ERROR
         3.8627       1.4735       0.0000       0.0000
 --------------------------------------------------------------------------------
          Q3COS(3D)   COS(3D)              ERROR             INT.Q3
        -0.2514      -0.1323      -0.2063       0.2214       1.9001
 --------------------------------------------------------------------------------
          Q5COS(3D)(0) COS(3D)             ERROR             INT.Q5
        -1.2929      -0.3987      -0.2798       0.3389       3.2430
 --------------------------------------------------------------------------------
          Q5COS(3D)(2) COS(3D)             ERROR             INT.Q5
        -1.2762      -0.3877      -0.2208       0.3030       3.2920
 --------------------------------------------------------------------------------
          Q5COS(3D)(4) COS(3D)             ERROR             INT.Q5
        -1.0718      -0.3910      -0.1873       0.2048       2.7409
 --------------------------------------------------------------------------------
          <COS2(3D)>(1) VARIANCE           ERROR            SQRT(VAR)              ERROR
         0.9805       0.9629       0.0000       0.0000       0.9813       0.0000       0.0000
 --------------------------------------------------------------------------------
          <COS2(3D)>(2) VARIANCE           ERROR            SQRT(VAR)              ERROR
         1.3060       1.2885       0.0000       0.0000       1.1351       0.0000       0.0000
 --------------------------------------------------------------------------------
          <COS2(3D)>(3) VARIANCE           ERROR            SQRT(VAR)              ERROR
         0.9042       0.8867       0.0000       0.0000       0.9416       0.0000       0.0000
1
 *****************************************************************************************************************************
     INDEX= 8     SPIN= 6.0     ENERGY= 1.9250

 *****************************************************************************************************************************
          Q2                  ERROR
         0.3032      -0.0765       1.4936
 --------------------------------------------------------------------------------
          Q4(0)     VARIANCE               ERROR              SQRT(VAR)           ERROR           SQRT(VAR)/Q2           ERROR
         0.0982       0.0063      -0.0060       0.0287       0.0792      -0.0628       0.1077       0.2613      -0.2070       0.3553
 --------------------------------------------------------------------------------
          Q4(2)     VARIANCE               ERROR              SQRT(VAR)           ERROR           SQRT(VAR)/Q2           ERROR
         0.3338       0.2418      -0.3499       0.8034       0.4918   **********       0.5306       1.6217   **********       1.7498
 --------------------------------------------------------------------------------
          Q4(4)     VARIANCE               ERROR              SQRT(VAR)           ERROR           SQRT(VAR)/Q2           ERROR
         0.5400       0.4480      -0.1403       0.6138       0.6694      -0.1146       0.3611       2.2074      -0.3780       1.1908
 --------------------------------------------------------------------------------
          Q6(0)     SKEWNESS               ERROR
         0.0398       0.0062       0.0000       0.0000
 --------------------------------------------------------------------------------
          Q6(2)     SKEWNESS               ERROR
         0.5490       0.3011       0.0000       0.0000
 --------------------------------------------------------------------------------
          Q6(4)     SKEWNESS               ERROR
         1.0842       0.6488       0.0000       0.0000
 --------------------------------------------------------------------------------
          Q3COS(3D)   COS(3D)              ERROR             INT.Q3
        -0.0549      -0.3207      -0.5234       0.4868       0.1712
 --------------------------------------------------------------------------------
          Q5COS(3D)(0) COS(3D)             ERROR             INT.Q5
        -0.0627      -1.0230      -0.0075       1.1850       0.0612
 --------------------------------------------------------------------------------
          Q5COS(3D)(2) COS(3D)             ERROR             INT.Q5
        -0.1114      -0.2786      -0.2802       0.2136       0.3998
 --------------------------------------------------------------------------------
          Q5COS(3D)(4) COS(3D)             ERROR             INT.Q5
        -0.2381      -0.3324      -0.3263       0.3751       0.7161
 --------------------------------------------------------------------------------
          <COS2(3D)>(1) VARIANCE           ERROR            SQRT(VAR)              ERROR
         8.5545       8.4516       0.0000       0.0000       2.9072       0.0000       0.0000
 --------------------------------------------------------------------------------
          <COS2(3D)>(2) VARIANCE           ERROR            SQRT(VAR)              ERROR
         0.1875       0.0847       0.0000       0.0000       0.2910       0.0000       0.0000
 --------------------------------------------------------------------------------
          <COS2(3D)>(3) VARIANCE           ERROR            SQRT(VAR)              ERROR
         0.7772       0.6744       0.0000       0.0000       0.8212       0.0000       0.0000
