1
 *****************************************************************************************************************************
 *****************************************************************************************************************************
 **************************************************                         **************************************************
 **************************************************          GOSIA          **************************************************
 **************************************************                         **************************************************
 *****************************************************************************************************************************
 *****************************************************************************************************************************





                    ROCHESTER COULOMB EXCITATION DATA ANALYSIS CODE BY T.CZOSNYKA,D.CLINE AND C.Y.WU
                                                  LATEST REVISION- JUNE  2006






          14C beam on 194Pt target                                                        
          ----------------------------------------------------------------------------------------------------

                                        LEVELS

     INDEX     PARITY         SPIN           ENERGY(MEV)
       1           +           0.0            0.0000
       2           +           2.0            0.3280
       3           +           4.0            0.8110
       4           +           6.0            1.4118
       5           +           8.0            2.0995
       6           +           2.0            0.6220
       7           +           4.0            1.2295
       8           +           6.0            1.9250

                                        MATRIX ELEMENTS


     MULTIPOLARITY=2
    INDEX   NF     NS          ME               LIMITS
       1      1      2        1.20800        0.00010        2.00000
       2      1      6        0.08880       -3.00000        3.00000
       3      2      2        0.54000       -3.00000        3.00000
       4      2      3        1.93500        0.00010        3.00000
       5      2      6        1.51700        0.00010        3.00000
       6      2      7        0.25000       -3.00000        3.00000
       7      3      3        1.00000       -3.00000        3.00000
       8      3      4        2.90000        0.00010        4.00000
       9      3      6        0.25000       -3.00000        3.00000
      10      3      7        1.51000       -3.00000        3.00000
      11      3      8        0.22400       -3.00000        3.00000
      12      4      4        0.28000       -3.00000        3.00000
      13      4      5        3.08000        0.00010        4.00000
      14      4      7        0.16000       -3.00000        3.00000
      15      4      8        1.14000       -3.00000        3.00000
      16      6      6       -0.40000       -3.00000        3.00000
      17      6      7        1.78400        0.00010        3.00000
      18      7      7       -0.07000       -3.00000        3.00000
      19      7      8        2.09000        0.00010        3.00000
     MULTIPOLARITY=7
    INDEX   NF     NS          ME               LIMITS
      20      2      6        0.02800       -3.00000        3.00000
      21      3      7        0.19000       -3.00000        3.00000

                                               REPRINT OF EXPERIMENTAL DATA TO BE FITTED





     EXPERIMENT  1
  PROJECTILE ( 78.,194.)  43.750 MEV ---1 GE(LI) DETECTOR(S)  WEIGHT=0.10E+01
                    ** EXPERIMENTAL YIELDS **
    DECAY IS  IF         YIELD+/-ERROR

       5   4   3  0.166470E+04     0.831264E+02
       9   7   6  0.626950E+04     0.312942E+03
      10   3   2  0.150375E+06     0.150361E+05
      13   6   2  0.119706E+06     0.598386E+04
      14   2   1  0.483610E+07     0.241781E+06


        5 EXPERIMENTAL YIELDS           21 MATRIX ELEMENTS TO BE VARIED



                                        BRANCHING RATIOS

     NS1     NF1     NS2     NF2     RATIO(1:2)         ERROR
      6       1       6       2        0.13690        0.02300
      7       3       7       6        0.14400        0.01400
      7       2       7       6        0.12200        0.00800
      8       3       8       7        0.12000        0.04000
      8       4       8       7        0.06000        0.04000
     BRANCHING RATIOS ARE TAKEN WITH WEIGHT    0.100000E+01



                              LIFETIMES(PSEC)


     LEVEL         LIFETIME     ERROR

        2           60.46         0.87
        3            5.34         0.29
        4            2.31         0.72
        5            1.59         0.43
        6           50.50         5.80
        7            5.50         0.90
        8            1.88         0.29

          LIFETIMES ARE TAKEN WITH WEIGHT    0.100000E+01


                    EXPERIMENTAL E2/M1 MIXING RATIOS


          TRANSITION            DELTA          ERROR

           6---  2               15.0000           2.0000

          E2/M1 MIXING RATIOS ARE TAKEN WITH WEIGHT    0.100000E+01


                              EXPERIMENTAL MATRIX ELEMENT(S)


          TRANSITION          MAT.EL.          ERROR

           2---  2                0.5400           0.0700
           3---  3                1.0000           0.1300
           4---  4                0.2800           0.2000
           6---  6               -0.4000           0.0900
           7---  7               -0.0700           0.1400

           MATRIX ELEMENT(S) ARE TAKEN WITH WEIGHT    0.100000E+01



     *****  RESTART-MATRIX ELEMENTS OVERWRITTEN  *****




                                        MATRIX ELEMENTS


     MULTIPOLARITY=2
    INDEX   NF     NS          ME               LIMITS
       1      1      2        1.28670        0.00010        2.00000
       2      1      6        0.10843       -3.00000        3.00000
       3      2      2        0.53307       -3.00000        3.00000
       4      2      3        2.26512        0.00010        3.00000
       5      2      6        1.90732        0.00010        3.00000
       6      2      7        0.32674       -3.00000        3.00000
       7      3      3        0.99530       -3.00000        3.00000
       8      3      4        3.01620        0.00010        4.00000
       9      3      6        0.15910       -3.00000        3.00000
      10      3      7        2.25135       -3.00000        3.00000
      11      3      8        0.18331       -3.00000        3.00000
      12      4      4        0.28601       -3.00000        3.00000
      13      4      5        2.92132        0.00010        4.00000
      14      4      7        0.22746       -3.00000        3.00000
      15      4      8        1.01276       -3.00000        3.00000
      16      6      6       -0.39338       -3.00000        3.00000
      17      6      7        2.50587        0.00010        3.00000
      18      7      7       -0.05621       -3.00000        3.00000
      19      7      8        1.73387        0.00010        3.00000
     MULTIPOLARITY=7
    INDEX   NF     NS          ME               LIMITS
      20      2      6        0.03110       -3.00000        3.00000
      21      3      7        0.29435       -3.00000        3.00000



          ** EXPERIMENT  1 **


     TARGET EXCITATION OF( 78,194.000) BY(  6, 14.000)
     ENERGY     43.750 MEV     BETA   0.819121E-01
     DISTANCE OF CLOSEST APPROACH FOR HEAD-ON COLLISIONS    16.5143 FM
     CM SCATTERING ANGLE    147.382 DEG     EPSILON     1.0419
     RECOIL ENERGY(MEV)     10.0790
     RECOIL BETA    0.105616E-01
     BOMBARDING ENERGY=     0.904 OF SAFE BOMBARDING ENERGY AT THIS ANGLE


                              EXPERIMENT  1          MAX.XI=0.6050

                              E2        MI=0     MAX.ZETA= 1.099


     XI             Q1                      Q2


             SLOPE  INTERCEPT       SLOPE     INTERCEPT


  0.0000   0.00E+00  0.00E+00      -.58E-04  0.92E+00
  0.0672   0.23E-02  0.51E-01      -.56E-03  0.90E+00
  0.1345   0.35E-02  0.93E-01      -.15E-02  0.84E+00
  0.2017   0.35E-02  0.13E+00      -.20E-02  0.77E+00
  0.2689   0.28E-02  0.16E+00      -.15E-02  0.70E+00
  0.3361   0.15E-02  0.18E+00      -.61E-04  0.62E+00
  0.4034   0.29E-04  0.20E+00      0.21E-02  0.55E+00
  0.4706   -.17E-02  0.22E+00      0.49E-02  0.48E+00
  0.5378   -.36E-02  0.24E+00      0.79E-02  0.42E+00
  0.6050   -.58E-02  0.26E+00      0.11E-01  0.36E+00


                              E2        MI=+/-1     MAX.ZETA= 1.099


     XI             Q1                      Q2


             SLOPE  INTERCEPT       SLOPE     INTERCEPT


  0.0000   0.00E+00  0.16E-01      0.00E+00  -.00E+00
  0.1513   0.00E+00  0.11E-01      0.00E+00  -.53E-01
  0.3025   0.00E+00  0.23E-02      0.00E+00  -.72E-01
  0.4538   0.00E+00  0.58E-02      0.00E+00  -.71E-01
  0.6050   0.00E+00  0.12E-01      0.00E+00  -.62E-01



          ***** CENTRAL CHISQ=  0.1348E+01 *****


     WARNING-ME(  9)     INTEGRATION STOPPED AT THE LIMIT
          BETTER POINT FOUND...MATRIX ELEMENTS WRITTEN ON 17   CHISQ=  0.1284E+01
     WARNING-ME( 13)     INTEGRATION STOPPED AT THE LIMIT



                    *** BEST POINT FOUND (TAPE17) ***




                                        MATRIX ELEMENTS


     MULTIPOLARITY=2
    INDEX   NF     NS          ME          PC CHANGE     RED. TRANS. PROB.
       1      1      2        1.28670       -0.00014        0.33112   
       2      1      6        0.10820       -0.21588        0.00234   
       3      2      2        0.53307        0.00022     **********   
       4      2      3        2.26513        0.00041        0.57009   
       5      2      6        1.90732       -0.00032        0.72757   
       6      2      7        0.32687        0.04146        0.01187   
       7      3      3        0.99530        0.00027     **********   
       8      3      4        3.01622        0.00079        0.69982   
       9      3      6        0.15910        0.00047        0.00506   
      10      3      7        2.25137        0.00124        0.56319   
      11      3      8        0.18331        0.00047        0.00258   
      12      4      4        0.28601       -0.00017     **********   
      13      4      5        2.49711      -14.52098        0.36680   
      14      4      7        0.22748        0.00840        0.00575   
      15      4      8        1.01271       -0.00534        0.07889   
      16      6      6       -0.39338        0.00026     **********   
      17      6      7        2.50585       -0.00054        0.69770   
      18      7      7       -0.05622        0.01702     **********   
      19      7      8        1.73383       -0.00214        0.23124   
     MULTIPOLARITY=7
    INDEX   NF     NS          ME          PC CHANGE     RED. TRANS. PROB.
      20      2      6        0.03110        0.00217        0.00019   
      21      3      7        0.29433       -0.00771        0.00963   



                                            OVERALL
                                        ESTIMATED ERRORS

     INDEX     NI     NF     ME AND ERRORS


        1       1      2       1.28670  ( -0.01007 ,  0.01028)......   -0.8 ,    0.8 PC
        2       1      6       0.10843  ( -0.01063 ,  0.00860)......   -9.8 ,    7.9 PC
        3       2      2       0.53307  ( -0.07033 ,  0.07053)......  -13.2 ,   13.2 PC
        4       2      3       2.26512  ( -0.04559 ,  0.04817)......   -2.0 ,    2.1 PC
        5       2      6       1.90732  ( -0.06175 ,  0.06344)......   -3.2 ,    3.3 PC
        6       2      7       0.32674  ( -0.01148 ,  0.01101)......   -3.5 ,    3.4 PC
        7       3      3       0.99530  ( -0.13047 ,  0.13184)......  -13.1 ,   13.2 PC
        8       3      4       3.01620  ( -0.10137 ,  0.10286)......   -3.4 ,    3.4 PC
        9       3      6       0.15910  ( -0.65711 ,  0.71594)...... -413.0 ,  450.0 PC
       10       3      7       2.25135  ( -0.12991 ,  0.12873)......   -5.8 ,    5.7 PC
       11       3      8       0.18331  ( -0.29939 ,  0.02692)...... -163.3 ,   14.7 PC
       12       4      4       0.28601  ( -0.20019 ,  0.19881)......  -70.0 ,   69.5 PC
       13       4      5       2.92132  ( -1.02336 ,  0.47185)......  -35.0 ,   16.2 PC
       14       4      7       0.22746  ( -0.43154 ,  0.53433)...... -189.7 ,  234.9 PC
       15       4      8       1.01276  ( -2.87343 ,  0.19211)...... -283.7 ,   19.0 PC
       16       6      6      -0.39338  ( -0.09219 ,  0.09199)......  -23.4 ,   23.4 PC
       17       6      7       2.50587  ( -0.07776 ,  0.08244)......   -3.1 ,    3.3 PC
       18       7      7      -0.05621  ( -0.14493 ,  0.13823)...... -257.8 ,  245.9 PC
       19       7      8       1.73387  ( -0.13361 ,  0.17333)......   -7.7 ,   10.0 PC
       20       2      6       0.03110  ( -0.00338 ,  0.00599)......  -10.9 ,   19.2 PC
       21       3      7       0.29435  ( -0.95959 ,  0.09495)...... -326.0 ,   32.3 PC



                                            OVERALL
                                        ESTIMATED ERRORS

     INDEX     NI     NF     B(E,ML)(OR QUADRUPOLE MOMENT) AND ERRORS


        1       2      1        0.33112  (  -0.00516 ,   0.00531)
        2       6      1        0.00235  (  -0.00044 ,   0.00039)
        3       2      2        0.40403  (  -0.05331 ,   0.05345)
        4       3      2        0.57008  (  -0.02272 ,   0.02451)
        5       6      2        0.72758  (  -0.04635 ,   0.04920)
        6       7      2        0.01186  (  -0.00082 ,   0.00081)
        7       3      3        0.75055  (  -0.09839 ,   0.09942)
        8       4      3        0.69980  (  -0.04625 ,   0.04855)
        9       6      3        0.00506  (  -0.00506 ,   0.14808)
       10       7      3        0.56317  (  -0.06312 ,   0.06625)
       11       8      3        0.00258  (  -0.00258 ,   0.00081)
       12       4      4        0.19941  (  -0.13958 ,   0.13861)
       13       5      4        0.50201  (  -0.29011 ,   0.17526)
       14       7      4        0.00575  (  -0.00575 ,   0.05873)
       15       8      4        0.07890  (  -0.07890 ,   0.18742)
       16       6      6       -0.29816  (  -0.06987 ,   0.06972)
       17       7      6        0.69771  (  -0.04263 ,   0.04666)
       18       7      7       -0.04239  (  -0.10929 ,   0.10424)
       19       8      7        0.23125  (  -0.03427 ,   0.04855)
       20       6      2        0.00019  (  -0.00004 ,   0.00008)
       21       7      3        0.00963  (  -0.00963 ,   0.03954)
               ********* END OF EXECUTION **********
