   4.5962088021510444E-002
  0.48495722097772137     
   5.9021851954132734     
   4.0086679144295019E-012
   3.5457807417516372     
   12.151750224942566     
   269.35604705223335     
   4.7551382213977977E-002
  0.44321658301539785     
   5.1705290299599680     
   4.0086679144295019E-012
   2.9877656901145477     
   10.354406282055265     
   196.89372713889568     
   6.3906045926372487E-002
  0.54561418702540787     
   6.2032605850732763     
   4.0086679144295019E-012
   3.5558591112669369     
   12.417729493502222     
   208.10280716273772     
   7.9176525031361286E-002
  0.63043775812850866     
   7.0535042595382729     
   4.0086679144295019E-012
   4.1340680857824053     
   14.460157702971870     
   213.54588935167340     
   8.8198325001229302E-002
  0.67099567233098034     
   7.4757845016485547     
   4.0086679144295019E-012
   4.6686792130065298     
   16.143821549818981     
   210.66094054105349     
   8.5783161560361462E-002
  0.64339822450194284     
   7.2378939911690203     
   4.0086679144295019E-012
   5.0674729076846781     
   16.964112922251154     
   196.96748238388861     
