1
 *****************************************************************************************************************************
 *****************************************************************************************************************************
 **************************************************                         **************************************************
 **************************************************          GOSIA          **************************************************
 **************************************************                         **************************************************
 *****************************************************************************************************************************
 *****************************************************************************************************************************





                    ROCHESTER COULOMB EXCITATION DATA ANALYSIS CODE BY T.CZOSNYKA,D.CLINE AND C.Y.WU
                                                  LATEST REVISION- JUNE  2006






          14C beam on 194Pt target                                                        
          ----------------------------------------------------------------------------------------------------

                                        LEVELS

     INDEX     PARITY         SPIN           ENERGY(MEV)
       1           +           0.0            0.0000
       2           +           2.0            0.3280
       3           +           4.0            0.8110
       4           +           6.0            1.4118
       5           +           8.0            2.0995
       6           +           2.0            0.6220
       7           +           4.0            1.2295
       8           +           6.0            1.9250

                                        MATRIX ELEMENTS


     MULTIPOLARITY=2
    INDEX   NF     NS          ME               LIMITS
       1      1      2        1.20800        0.00010        2.00000
       2      1      6        0.08880       -3.00000        3.00000
       3      2      2        0.54000       -3.00000        3.00000
       4      2      3        1.93500        0.00010        3.00000
       5      2      6        1.51700        0.00010        3.00000
       6      2      7        0.25000       -3.00000        3.00000
       7      3      3        1.00000       -3.00000        3.00000
       8      3      4        2.90000        0.00010        4.00000
       9      3      6        0.25000       -3.00000        3.00000
      10      3      7        1.51000       -3.00000        3.00000
      11      3      8        0.22400       -3.00000        3.00000
      12      4      4        0.28000       -3.00000        3.00000
      13      4      5        3.08000        0.00010        4.00000
      14      4      7        0.16000       -3.00000        3.00000
      15      4      8        1.14000       -3.00000        3.00000
      16      6      6       -0.40000       -3.00000        3.00000
      17      6      7        1.78400        0.00010        3.00000
      18      7      7       -0.07000       -3.00000        3.00000
      19      7      8        2.09000        0.00010        3.00000
     MULTIPOLARITY=7
    INDEX   NF     NS          ME               LIMITS
      20      2      6        0.02800       -3.00000        3.00000
      21      3      7        0.19000       -3.00000        3.00000

                                               REPRINT OF EXPERIMENTAL DATA TO BE FITTED





     EXPERIMENT  1
  PROJECTILE ( 78.,194.)  43.750 MEV ---1 GE(LI) DETECTOR(S)  WEIGHT=0.10E+01
                    ** EXPERIMENTAL YIELDS **
    DECAY IS  IF         YIELD+/-ERROR

       5   4   3  0.278440E+03     0.278412E+03
       9   7   6  0.108049E+04     0.543651E+02
      10   3   2  0.365408E+05     0.365412E+04
      13   6   2  0.303022E+05     0.151511E+04
      14   2   1  0.994977E+06     0.497440E+05



     EXPERIMENT  2
  PROJECTILE ( 78.,194.)  43.750 MEV ---1 GE(LI) DETECTOR(S)  WEIGHT=0.10E+01
                    ** EXPERIMENTAL YIELDS **
    DECAY IS  IF         YIELD+/-ERROR

       5   4   3  0.377254E+03     0.377217E+03
       9   7   6  0.196988E+04     0.981953E+02
      10   3   2  0.468954E+05     0.468918E+04
      13   6   2  0.379835E+05     0.189840E+04
      14   2   1  0.143566E+07     0.717765E+05



     EXPERIMENT  3
  PROJECTILE ( 78.,194.)  43.750 MEV ---1 GE(LI) DETECTOR(S)  WEIGHT=0.10E+01
                    ** EXPERIMENTAL YIELDS **
    DECAY IS  IF         YIELD+/-ERROR

       5   4   3  0.540900E+03     0.540846E+03
       9   7   6  0.198346E+04     0.990255E+02
      10   3   2  0.513971E+05     0.513878E+04
      13   6   2  0.396901E+05     0.198334E+04
      14   2   1  0.176903E+07     0.884419E+05



     EXPERIMENT  4
  PROJECTILE ( 78.,194.)  43.750 MEV ---1 GE(LI) DETECTOR(S)  WEIGHT=0.10E+01
                    ** EXPERIMENTAL YIELDS **
    DECAY IS  IF         YIELD+/-ERROR

       5   4   3  0.979098E+03     0.979000E+03
       9   7   6  0.222635E+04     0.111900E+03
      10   3   2  0.591337E+05     0.591227E+04
      13   6   2  0.455759E+05     0.227857E+04
      14   2   1  0.227756E+07     0.113866E+06


       20 EXPERIMENTAL YIELDS           21 MATRIX ELEMENTS TO BE VARIED



                                        BRANCHING RATIOS

     NS1     NF1     NS2     NF2     RATIO(1:2)         ERROR
      6       1       6       2        0.13690        0.02300
      7       3       7       6        0.14400        0.01400
      7       2       7       6        0.12200        0.00800
      8       3       8       7        0.12000        0.04000
      8       4       8       7        0.06000        0.04000
     BRANCHING RATIOS ARE TAKEN WITH WEIGHT    0.100000E+01



                              LIFETIMES(PSEC)


     LEVEL         LIFETIME     ERROR

        2           60.46         0.87
        3            5.34         0.29
        4            2.31         0.72
        5            1.59         0.43
        6           50.50         5.80
        7            5.50         0.90
        8            1.88         0.29

          LIFETIMES ARE TAKEN WITH WEIGHT    0.100000E+01


                    EXPERIMENTAL E2/M1 MIXING RATIOS


          TRANSITION            DELTA          ERROR

           6---  2               15.0000           2.0000

          E2/M1 MIXING RATIOS ARE TAKEN WITH WEIGHT    0.100000E+01


                              EXPERIMENTAL MATRIX ELEMENT(S)


          TRANSITION          MAT.EL.          ERROR

           2---  2                0.5400           0.0700
           3---  3                1.0000           0.1300
           4---  4                0.2800           0.2000
           6---  6               -0.4000           0.0900
           7---  7               -0.0700           0.1400

           MATRIX ELEMENT(S) ARE TAKEN WITH WEIGHT    0.100000E+01



     *****  RESTART-MATRIX ELEMENTS OVERWRITTEN  *****




                                        MATRIX ELEMENTS


     MULTIPOLARITY=2
    INDEX   NF     NS          ME               LIMITS
       1      1      2        1.28679        0.00010        2.00000
       2      1      6        0.11002       -3.00000        3.00000
       3      2      2        0.53070       -3.00000        3.00000
       4      2      3        2.26362        0.00010        3.00000
       5      2      6        1.95238        0.00010        3.00000
       6      2      7        0.31717       -3.00000        3.00000
       7      3      3        0.99550       -3.00000        3.00000
       8      3      4        2.85307        0.00010        4.00000
       9      3      6        0.22563       -3.00000        3.00000
      10      3      7        1.94883       -3.00000        3.00000
      11      3      8        0.19685       -3.00000        3.00000
      12      4      4        0.27959       -3.00000        3.00000
      13      4      5        3.02581        0.00010        4.00000
      14      4      7        0.16168       -3.00000        3.00000
      15      4      8        1.09990       -3.00000        3.00000
      16      6      6       -0.39217       -3.00000        3.00000
      17      6      7        2.42075        0.00010        3.00000
      18      7      7       -0.04451       -3.00000        3.00000
      19      7      8        1.91351        0.00010        3.00000
     MULTIPOLARITY=7
    INDEX   NF     NS          ME               LIMITS
      20      2      6        0.03258       -3.00000        3.00000
      21      3      7        0.42627       -3.00000        3.00000



          ** EXPERIMENT  1 **


     TARGET EXCITATION OF( 78,194.000) BY(  6, 14.000)
     ENERGY     43.750 MEV     BETA   0.819121E-01
     DISTANCE OF CLOSEST APPROACH FOR HEAD-ON COLLISIONS    16.5143 FM
     CM SCATTERING ANGLE    157.409 DEG     EPSILON     1.0198
     RECOIL ENERGY(MEV)     10.5220
     RECOIL BETA    0.107913E-01
     BOMBARDING ENERGY=     0.914 OF SAFE BOMBARDING ENERGY AT THIS ANGLE



          ** EXPERIMENT  2 **


     TARGET EXCITATION OF( 78,194.000) BY(  6, 14.000)
     ENERGY     43.750 MEV     BETA   0.819121E-01
     DISTANCE OF CLOSEST APPROACH FOR HEAD-ON COLLISIONS    16.5143 FM
     CM SCATTERING ANGLE    149.825 DEG     EPSILON     1.0357
     RECOIL ENERGY(MEV)     10.2005
     RECOIL BETA    0.106251E-01
     BOMBARDING ENERGY=     0.907 OF SAFE BOMBARDING ENERGY AT THIS ANGLE



          ** EXPERIMENT  3 **


     TARGET EXCITATION OF( 78,194.000) BY(  6, 14.000)
     ENERGY     43.750 MEV     BETA   0.819121E-01
     DISTANCE OF CLOSEST APPROACH FOR HEAD-ON COLLISIONS    16.5143 FM
     CM SCATTERING ANGLE    143.189 DEG     EPSILON     1.0539
     RECOIL ENERGY(MEV)      9.8510
     RECOIL BETA    0.104415E-01
     BOMBARDING ENERGY=     0.899 OF SAFE BOMBARDING ENERGY AT THIS ANGLE



          ** EXPERIMENT  4 **


     TARGET EXCITATION OF( 78,194.000) BY(  6, 14.000)
     ENERGY     43.750 MEV     BETA   0.819121E-01
     DISTANCE OF CLOSEST APPROACH FOR HEAD-ON COLLISIONS    16.5143 FM
     CM SCATTERING ANGLE    137.700 DEG     EPSILON     1.0722
     RECOIL ENERGY(MEV)      9.5174
     RECOIL BETA    0.102632E-01
     BOMBARDING ENERGY=     0.891 OF SAFE BOMBARDING ENERGY AT THIS ANGLE


                              EXPERIMENT  1          MAX.XI=0.6050

                              E2        MI=0     MAX.ZETA= 1.099


     XI             Q1                      Q2


             SLOPE  INTERCEPT       SLOPE     INTERCEPT


  0.0000   0.00E+00  0.00E+00      -.67E-04  0.96E+00
  0.0672   0.26E-02  0.53E-01      -.64E-03  0.94E+00
  0.1345   0.39E-02  0.97E-01      -.17E-02  0.88E+00
  0.2017   0.39E-02  0.13E+00      -.22E-02  0.80E+00
  0.2689   0.31E-02  0.16E+00      -.16E-02  0.72E+00
  0.3361   0.17E-02  0.19E+00      0.72E-05  0.65E+00
  0.4034   -.38E-04  0.21E+00      0.25E-02  0.57E+00
  0.4706   -.20E-02  0.23E+00      0.56E-02  0.50E+00
  0.5378   -.41E-02  0.25E+00      0.90E-02  0.43E+00
  0.6050   -.67E-02  0.27E+00      0.13E-01  0.37E+00


                              E2        MI=+/-1     MAX.ZETA= 1.099


     XI             Q1                      Q2


             SLOPE  INTERCEPT       SLOPE     INTERCEPT


  0.0000   0.00E+00  0.12E-01      0.00E+00  -.00E+00
  0.1513   0.00E+00  0.82E-02      0.00E+00  -.38E-01
  0.3025   0.00E+00  0.17E-02      0.00E+00  -.51E-01
  0.4538   0.00E+00  0.42E-02      0.00E+00  -.51E-01
  0.6050   0.00E+00  0.86E-02      0.00E+00  -.45E-01


                              EXPERIMENT  2          MAX.XI=0.6050

                              E2        MI=0     MAX.ZETA= 1.099


     XI             Q1                      Q2


             SLOPE  INTERCEPT       SLOPE     INTERCEPT


  0.0000   0.00E+00  0.00E+00      -.61E-04  0.93E+00
  0.0672   0.24E-02  0.51E-01      -.58E-03  0.91E+00
  0.1345   0.36E-02  0.94E-01      -.16E-02  0.85E+00
  0.2017   0.36E-02  0.13E+00      -.20E-02  0.78E+00
  0.2689   0.28E-02  0.16E+00      -.15E-02  0.71E+00
  0.3361   0.16E-02  0.18E+00      -.44E-04  0.63E+00
  0.4034   0.12E-04  0.20E+00      0.22E-02  0.56E+00
  0.4706   -.17E-02  0.22E+00      0.51E-02  0.49E+00
  0.5378   -.37E-02  0.24E+00      0.82E-02  0.42E+00
  0.6050   -.61E-02  0.26E+00      0.11E-01  0.37E+00


                              E2        MI=+/-1     MAX.ZETA= 1.099


     XI             Q1                      Q2


             SLOPE  INTERCEPT       SLOPE     INTERCEPT


  0.0000   0.00E+00  0.15E-01      0.00E+00  -.00E+00
  0.1513   0.00E+00  0.11E-01      0.00E+00  -.49E-01
  0.3025   0.00E+00  0.21E-02      0.00E+00  -.67E-01
  0.4538   0.00E+00  0.54E-02      0.00E+00  -.66E-01
  0.6050   0.00E+00  0.11E-01      0.00E+00  -.58E-01


                              EXPERIMENT  3          MAX.XI=0.6050

                              E2        MI=0     MAX.ZETA= 1.099


     XI             Q1                      Q2


             SLOPE  INTERCEPT       SLOPE     INTERCEPT


  0.0000   0.00E+00  0.00E+00      -.54E-04  0.90E+00
  0.0672   0.22E-02  0.50E-01      -.52E-03  0.88E+00
  0.1345   0.33E-02  0.91E-01      -.14E-02  0.83E+00
  0.2017   0.33E-02  0.12E+00      -.19E-02  0.76E+00
  0.2689   0.26E-02  0.15E+00      -.14E-02  0.69E+00
  0.3361   0.15E-02  0.18E+00      -.90E-04  0.61E+00
  0.4034   0.58E-04  0.20E+00      0.20E-02  0.54E+00
  0.4706   -.15E-02  0.22E+00      0.45E-02  0.47E+00
  0.5378   -.33E-02  0.23E+00      0.74E-02  0.41E+00
  0.6050   -.54E-02  0.25E+00      0.10E-01  0.36E+00


                              E2        MI=+/-1     MAX.ZETA= 1.099


     XI             Q1                      Q2


             SLOPE  INTERCEPT       SLOPE     INTERCEPT


  0.0000   0.00E+00  0.18E-01      0.00E+00  -.00E+00
  0.1513   0.00E+00  0.13E-01      0.00E+00  -.59E-01
  0.3025   0.00E+00  0.25E-02      0.00E+00  -.79E-01
  0.4538   0.00E+00  0.65E-02      0.00E+00  -.79E-01
  0.6050   0.00E+00  0.13E-01      0.00E+00  -.69E-01


                              EXPERIMENT  4          MAX.XI=0.6050

                              E2        MI=0     MAX.ZETA= 1.099


     XI             Q1                      Q2


             SLOPE  INTERCEPT       SLOPE     INTERCEPT


  0.0000   0.00E+00  0.00E+00      -.49E-04  0.88E+00
  0.0672   0.20E-02  0.48E-01      -.47E-03  0.86E+00
  0.1345   0.30E-02  0.88E-01      -.13E-02  0.80E+00
  0.2017   0.30E-02  0.12E+00      -.17E-02  0.74E+00
  0.2689   0.24E-02  0.15E+00      -.13E-02  0.67E+00
  0.3361   0.14E-02  0.17E+00      -.13E-03  0.60E+00
  0.4034   0.94E-04  0.19E+00      0.17E-02  0.53E+00
  0.4706   -.13E-02  0.21E+00      0.40E-02  0.46E+00
  0.5378   -.30E-02  0.23E+00      0.66E-02  0.40E+00
  0.6050   -.49E-02  0.24E+00      0.93E-02  0.35E+00


                              E2        MI=+/-1     MAX.ZETA= 1.099


     XI             Q1                      Q2


             SLOPE  INTERCEPT       SLOPE     INTERCEPT


  0.0000   0.00E+00  0.20E-01      0.00E+00  -.00E+00
  0.1513   0.00E+00  0.14E-01      0.00E+00  -.66E-01
  0.3025   0.00E+00  0.27E-02      0.00E+00  -.89E-01
  0.4538   0.00E+00  0.73E-02      0.00E+00  -.88E-01
  0.6050   0.00E+00  0.15E-01      0.00E+00  -.76E-01
     *** CHISQ=  0.144664E+01 ***
     MINIMIZATION STOPPED-NUMBER OF STEPS NPTL=   20 EXCEEDED
     *** CHISQ=  0.143783E+01 ***



          EXP. AND CALCULATED BRANCHING RATIOS

     NS1     NF1     NS2     NF2     RATIO(1:2)         ERROR       CALC.RATIO     (EXP-CAL)/ERROR


      6       1       6       2        0.13690        0.02300        0.13117           0.2
      7       3       7       6        0.14400        0.01400        0.14082           0.2
      7       2       7       6        0.12200        0.00800        0.12328          -0.2
      8       3       8       7        0.12000        0.04000        0.11197           0.2
      8       4       8       7        0.06000        0.04000        0.07295          -0.3
          EXPERIMENT  1
          D(LOG(Y)/D(LOG(ME))


   4-- 3     (  4  0.20E+01)   (  1  0.20E+01)   (  8  0.20E+01)   (  2  0.37E-01)   (  5  -.26E-01)   ( 14  0.24E-01)
   7-- 6     (  1  0.21E+01)   ( 17  0.14E+01)   (  5  0.79E+00)   (  6  0.66E+00)   (  4  0.47E+00)   ( 10  0.34E+00)
   3-- 2     (  1  0.19E+01)   (  4  0.19E+01)   (  7  0.44E-01)   (  5  -.33E-01)   (  2  0.33E-01)   ( 10  0.22E-01)
   6-- 2     (  5  0.18E+01)   (  1  0.16E+01)   ( 17  0.41E-01)   (  6  0.36E-01)   ( 16  -.31E-01)   (  4  -.26E-01)
   2-- 1     (  1  0.17E+01)   (  3  0.23E-01)   (  2  0.16E-01)   (  4  -.69E-02)   (  5  0.66E-02)   ( 17  -.43E-03)
          EXPERIMENT  2
          D(LOG(Y)/D(LOG(ME))


   4-- 3     (  4  0.20E+01)   (  8  0.20E+01)   (  1  0.20E+01)   (  2  0.36E-01)   ( 14  0.24E-01)   (  5  -.23E-01)
   7-- 6     (  1  0.21E+01)   ( 17  0.14E+01)   (  5  0.75E+00)   (  6  0.67E+00)   (  4  0.45E+00)   ( 10  0.31E+00)
   3-- 2     (  1  0.19E+01)   (  4  0.19E+01)   (  7  0.41E-01)   (  2  0.32E-01)   (  5  -.30E-01)   (  9  0.21E-01)
   6-- 2     (  5  0.18E+01)   (  1  0.16E+01)   ( 17  0.40E-01)   (  6  0.36E-01)   ( 16  -.30E-01)   (  3  -.25E-01)
   2-- 1     (  1  0.18E+01)   (  3  0.22E-01)   (  2  0.16E-01)   (  4  -.72E-02)   (  5  0.65E-02)   ( 17  -.41E-03)
          EXPERIMENT  3
          D(LOG(Y)/D(LOG(ME))


   4-- 3     (  4  0.20E+01)   (  8  0.20E+01)   (  1  0.20E+01)   (  2  0.36E-01)   ( 14  0.23E-01)   (  5  -.21E-01)
   7-- 6     (  1  0.20E+01)   ( 17  0.14E+01)   (  5  0.72E+00)   (  6  0.68E+00)   (  4  0.42E+00)   ( 10  0.29E+00)
   3-- 2     (  1  0.19E+01)   (  4  0.19E+01)   (  7  0.39E-01)   (  2  0.32E-01)   (  5  -.28E-01)   (  9  0.21E-01)
   6-- 2     (  5  0.18E+01)   (  1  0.16E+01)   (  2  0.41E-01)   ( 17  0.38E-01)   (  6  0.35E-01)   ( 16  -.29E-01)
   2-- 1     (  1  0.18E+01)   (  3  0.21E-01)   (  2  0.16E-01)   (  4  -.74E-02)   (  5  0.63E-02)   ( 17  -.39E-03)
          EXPERIMENT  4
          D(LOG(Y)/D(LOG(ME))


   4-- 3     (  4  0.20E+01)   (  8  0.20E+01)   (  1  0.20E+01)   (  2  0.35E-01)   ( 14  0.23E-01)   (  5  -.19E-01)
   7-- 6     (  1  0.20E+01)   ( 17  0.13E+01)   (  6  0.69E+00)   (  5  0.68E+00)   (  4  0.40E+00)   (  2  0.27E+00)
   3-- 2     (  1  0.19E+01)   (  4  0.19E+01)   (  7  0.37E-01)   (  2  0.31E-01)   (  5  -.25E-01)   (  9  0.21E-01)
   6-- 2     (  5  0.18E+01)   (  1  0.16E+01)   (  2  0.62E-01)   ( 17  0.37E-01)   (  6  0.35E-01)   ( 16  -.28E-01)
   2-- 1     (  1  0.18E+01)   (  3  0.21E-01)   (  2  0.16E-01)   (  4  -.76E-02)   (  5  0.61E-02)   ( 17  -.37E-03)


                    VACUUM DEPOLARIZATION COEFFICIENTS 


     EXPERIMENT  1
     LEVEL          G2          G4          G6

        2         0.4588      0.2097      0.1018
        3         0.8281      0.6117      0.4514
        4         0.9363      0.8252      0.7188
        5         0.9651      0.8976      0.8208
        6         0.5254      0.2603      0.1374
        7         0.9545      0.8739      0.7864
        8         0.9414      0.8376      0.7363


                    VACUUM DEPOLARIZATION COEFFICIENTS 


     EXPERIMENT  2
     LEVEL          G2          G4          G6

        2         0.4625      0.2124      0.1032
        3         0.8306      0.6156      0.4551
        4         0.9373      0.8275      0.7217
        5         0.9657      0.8991      0.8230
        6         0.5292      0.2635      0.1393
        7         0.9553      0.8757      0.7889
        8         0.9423      0.8398      0.7391


                    VACUUM DEPOLARIZATION COEFFICIENTS 


     EXPERIMENT  3
     LEVEL          G2          G4          G6

        2         0.4665      0.2154      0.1049
        3         0.8333      0.6199      0.4593
        4         0.9385      0.8301      0.7250
        5         0.9663      0.9007      0.8254
        6         0.5334      0.2671      0.1414
        7         0.9561      0.8776      0.7917
        8         0.9434      0.8423      0.7423


                    VACUUM DEPOLARIZATION COEFFICIENTS 


     EXPERIMENT  4
     LEVEL          G2          G4          G6

        2         0.4705      0.2184      0.1066
        3         0.8359      0.6242      0.4635
        4         0.9395      0.8326      0.7282
        5         0.9669      0.9023      0.8278
        6         0.5376      0.2706      0.1436
        7         0.9569      0.8796      0.7944
        8         0.9444      0.8447      0.7454


                    NORMALIZATION CONSTANTS

  EXPERIMENT     DETECTORS(1-32)
  1  0.3890E+07
  2  0.6116E+07
  3  0.7212E+07
  4  0.9152E+07


                    RECOMMENDED RELATIVE GE(LI) EFFICIENCIES

  EXPERIMENT
  1  0.1000E+01
  2  0.1000E+01
  3  0.1000E+01
  4  0.1000E+01


     CALCULATED AND EXPERIMENTAL YIELDS   EXPERIMENT  1 DETECTOR  1

      NI     NF       II        IF         ENERGY(MEV)      YCAL        YEXP       PC. DIFF.  (YE-YC)/SIGMA
       4      3        6.0       4.0         0.6008      .3166E+03      .2784E+03    -13.7     -0.1              
       7      6        4.0       2.0         0.6075      .1199E+04      .1080E+04    -11.0     -2.2              
       3      2        4.0       2.0         0.4830      .3277E+05      .3654E+05     10.3      1.0              
       6      2        2.0       2.0         0.2940      .2643E+05      .3030E+05     12.8      2.6              
       2      1        2.0       0.0         0.3280      .1008E+07      .9950E+06     -1.4     -0.3              

                                                  CHISQ SUBTOTAL =   0.124870E+02


     CALCULATED AND EXPERIMENTAL YIELDS   EXPERIMENT  2 DETECTOR  1

      NI     NF       II        IF         ENERGY(MEV)      YCAL        YEXP       PC. DIFF.  (YE-YC)/SIGMA
       4      3        6.0       4.0         0.6008      .4609E+03      .3773E+03    -22.2     -0.2              
       7      6        4.0       2.0         0.6075      .1755E+04      .1970E+04     10.9      2.2              
       3      2        4.0       2.0         0.4830      .4811E+05      .4690E+05     -2.6     -0.3              
       6      2        2.0       2.0         0.2940      .3823E+05      .3798E+05     -0.6     -0.1              
       2      1        2.0       0.0         0.3280      .1548E+07      .1436E+07     -7.8     -1.6              

                                                  CHISQ SUBTOTAL =   0.737109E+01


     CALCULATED AND EXPERIMENTAL YIELDS   EXPERIMENT  3 DETECTOR  1

      NI     NF       II        IF         ENERGY(MEV)      YCAL        YEXP       PC. DIFF.  (YE-YC)/SIGMA
       4      3        6.0       4.0         0.6008      .4949E+03      .5409E+03      8.5      0.1              
       7      6        4.0       2.0         0.6075      .1900E+04      .1983E+04      4.2      0.8              
       3      2        4.0       2.0         0.4830      .5238E+05      .5140E+05     -1.9     -0.2              
       6      2        2.0       2.0         0.2940      .4104E+05      .3969E+05     -3.4     -0.7              
       2      1        2.0       0.0         0.3280      .1770E+07      .1769E+07     -0.1     -0.0              

                                                  CHISQ SUBTOTAL =   0.121609E+01


     CALCULATED AND EXPERIMENTAL YIELDS   EXPERIMENT  4 DETECTOR  1

      NI     NF       II        IF         ENERGY(MEV)      YCAL        YEXP       PC. DIFF.  (YE-YC)/SIGMA
       4      3        6.0       4.0         0.6008      .5688E+03      .9791E+03     41.9      0.4              
       7      6        4.0       2.0         0.6075      .2208E+04      .2226E+04      0.8      0.2              
       3      2        4.0       2.0         0.4830      .6128E+05      .5913E+05     -3.6     -0.4              
       6      2        2.0       2.0         0.2940      .4745E+05      .4558E+05     -4.1     -0.8              
       2      1        2.0       0.0         0.3280      .2173E+07      .2278E+07      4.6      0.9              

                                                  CHISQ SUBTOTAL =   0.184731E+01


          E2/M1 MIXING RATIOS
          TRANSITION          EXP.DELTA          CALC.DELTA          SIGMA

           6---  2               15.00              14.91             -0.04


                    CALCULATED LIFETIMES

     LEVEL     LIFETIME(PSEC)     EXP        ERROR

        2       0.6044E+02     0.6046E+02    0.8700E+00
        3       0.5311E+01     0.5340E+01    0.2900E+00
        4       0.1644E+01     0.2310E+01    0.7200E+00
        5       0.9780E+00     0.1590E+01    0.4300E+00
        6       0.3922E+02     0.5050E+02    0.5800E+01
        7       0.1172E+01     0.5500E+01    0.9000E+00
        8       0.1515E+01     0.1880E+01    0.2900E+00


CALCULATED AND EXPERIMENTAL MATRIX ELEMENTS


     NI NF  EXP. ME   CURRENT ME   SIGMA
      2   2    0.5400    0.5310   -0.1283
      3   3    1.0000    0.9962   -0.0294
      4   4    0.2800    0.2796   -0.0020
      6   6   -0.4000   -0.3917    0.0925
      7   7   -0.0700   -0.0473    0.1622

                                        MATRIX ELEMENTS


     MULTIPOLARITY=2
    INDEX   NF     NS          ME          PC CHANGE     RED. TRANS. PROB.
       1      1      2        1.28684        0.00317        0.33119   
       2      1      6        0.10885       -1.06053        0.00237   
       3      2      2        0.53102        0.06158     **********   
       4      2      3        2.26344       -0.00823        0.56924   
       5      2      6        1.95235       -0.00150        0.76233   
       6      2      7        0.31722        0.01514        0.01118   
       7      3      3        0.99618        0.06865     **********   
       8      3      4        2.84812       -0.17346        0.62398   
       9      3      6        0.22690        0.55975        0.01030   
      10      3      7        1.95499        0.31610        0.42467   
      11      3      8        0.19526       -0.80490        0.00293   
      12      4      4        0.27960        0.00448     **********   
      13      4      5        3.01904       -0.22384        0.53615   
      14      4      7        0.16142       -0.16136        0.00290   
      15      4      8        1.09416       -0.52161        0.09209   
      16      6      6       -0.39168       -0.12517     **********   
      17      6      7        2.42365        0.11975        0.65267   
      18      7      7       -0.04730        6.25531     **********   
      19      7      8        1.89457       -0.98984        0.27611   
     MULTIPOLARITY=7
    INDEX   NF     NS          ME          PC CHANGE     RED. TRANS. PROB.
      20      2      6        0.03205       -1.65025        0.00021   
      21      3      7        0.42926        0.70231        0.02047   
               ********* END OF EXECUTION **********
