1
 *****************************************************************************************************************************
 *****************************************************************************************************************************
 **************************************************                         **************************************************
 **************************************************          GOSIA          **************************************************
 **************************************************                         **************************************************
 *****************************************************************************************************************************
 *****************************************************************************************************************************





                    ROCHESTER COULOMB EXCITATION DATA ANALYSIS CODE BY T.CZOSNYKA,D.CLINE AND C.Y.WU
                                                  LATEST REVISION- JUNE  2006






          14C beam on 194Pt target                                                        
          ----------------------------------------------------------------------------------------------------

                                        LEVELS

     INDEX     PARITY         SPIN           ENERGY(MEV)
       1           +           0.0            0.0000
       2           +           2.0            0.3280
       3           +           4.0            0.8110
       4           +           6.0            1.4118
       5           +           8.0            2.0995
       6           +           2.0            0.6220
       7           +           4.0            1.2295
       8           +           6.0            1.9250

                                        MATRIX ELEMENTS


     MULTIPOLARITY=2
    INDEX   NF     NS          ME               LIMITS
       1      1      2        1.20800        0.00010        2.00000
       2      1      6        0.08880       -3.00000        3.00000
       3      2      2        0.54000       -3.00000        3.00000
       4      2      3        1.93500        0.00010        3.00000
       5      2      6        1.51700        0.00010        3.00000
       6      2      7        0.25000       -3.00000        3.00000
       7      3      3        1.00000       -3.00000        3.00000
       8      3      4        2.90000        0.00010        4.00000
       9      3      6        0.25000       -3.00000        3.00000
      10      3      7        1.51000       -3.00000        3.00000
      11      3      8        0.22400       -3.00000        3.00000
      12      4      4        0.28000       -3.00000        3.00000
      13      4      5        3.08000        0.00010        4.00000
      14      4      7        0.16000       -3.00000        3.00000
      15      4      8        1.14000       -3.00000        3.00000
      16      6      6       -0.40000       -3.00000        3.00000
      17      6      7        1.78400        0.00010        3.00000
      18      7      7       -0.07000       -3.00000        3.00000
      19      7      8        2.09000        0.00010        3.00000
     MULTIPOLARITY=7
    INDEX   NF     NS          ME               LIMITS
      20      2      6        0.02800       -3.00000        3.00000
      21      3      7        0.19000       -3.00000        3.00000

                                               REPRINT OF EXPERIMENTAL DATA TO BE FITTED





     EXPERIMENT  1
  PROJECTILE ( 78.,194.)  43.750 MEV ---1 GE(LI) DETECTOR(S)  WEIGHT=0.10E+01
                    ** EXPERIMENTAL YIELDS **
    DECAY IS  IF         YIELD+/-ERROR

       5   4   3  0.278440E+03     0.278412E+03
       9   7   6  0.108049E+04     0.543651E+02
      10   3   2  0.365408E+05     0.365412E+04
      13   6   2  0.303022E+05     0.151511E+04
      14   2   1  0.994977E+06     0.497440E+05



     EXPERIMENT  2
  PROJECTILE ( 78.,194.)  43.750 MEV ---1 GE(LI) DETECTOR(S)  WEIGHT=0.10E+01
                    ** EXPERIMENTAL YIELDS **
    DECAY IS  IF         YIELD+/-ERROR

       5   4   3  0.377254E+03     0.377217E+03
       9   7   6  0.196988E+04     0.981953E+02
      10   3   2  0.468954E+05     0.468918E+04
      13   6   2  0.379835E+05     0.189840E+04
      14   2   1  0.143566E+07     0.717765E+05



     EXPERIMENT  3
  PROJECTILE ( 78.,194.)  43.750 MEV ---1 GE(LI) DETECTOR(S)  WEIGHT=0.10E+01
                    ** EXPERIMENTAL YIELDS **
    DECAY IS  IF         YIELD+/-ERROR

       5   4   3  0.540900E+03     0.540846E+03
       9   7   6  0.198346E+04     0.990255E+02
      10   3   2  0.513971E+05     0.513878E+04
      13   6   2  0.396901E+05     0.198334E+04
      14   2   1  0.176903E+07     0.884419E+05



     EXPERIMENT  4
  PROJECTILE ( 78.,194.)  43.750 MEV ---1 GE(LI) DETECTOR(S)  WEIGHT=0.10E+01
                    ** EXPERIMENTAL YIELDS **
    DECAY IS  IF         YIELD+/-ERROR

       5   4   3  0.979098E+03     0.979000E+03
       9   7   6  0.222635E+04     0.111900E+03
      10   3   2  0.591337E+05     0.591227E+04
      13   6   2  0.455759E+05     0.227857E+04
      14   2   1  0.227756E+07     0.113866E+06


       20 EXPERIMENTAL YIELDS           21 MATRIX ELEMENTS TO BE VARIED



                                        BRANCHING RATIOS

     NS1     NF1     NS2     NF2     RATIO(1:2)         ERROR
      6       1       6       2        0.13690        0.02300
      7       3       7       6        0.14400        0.01400
      7       2       7       6        0.12200        0.00800
      8       3       8       7        0.12000        0.04000
      8       4       8       7        0.06000        0.04000
     BRANCHING RATIOS ARE TAKEN WITH WEIGHT    0.100000E+01



                              LIFETIMES(PSEC)


     LEVEL         LIFETIME     ERROR

        2           60.46         0.87
        3            5.34         0.29
        4            2.31         0.72
        5            1.59         0.43
        6           50.50         5.80
        7            5.50         0.90
        8            1.88         0.29

          LIFETIMES ARE TAKEN WITH WEIGHT    0.100000E+01


                    EXPERIMENTAL E2/M1 MIXING RATIOS


          TRANSITION            DELTA          ERROR

           6---  2               15.0000           2.0000

          E2/M1 MIXING RATIOS ARE TAKEN WITH WEIGHT    0.100000E+01


                              EXPERIMENTAL MATRIX ELEMENT(S)


          TRANSITION          MAT.EL.          ERROR

           2---  2                0.5400           0.0700
           3---  3                1.0000           0.1300
           4---  4                0.2800           0.2000
           6---  6               -0.4000           0.0900
           7---  7               -0.0700           0.1400

           MATRIX ELEMENT(S) ARE TAKEN WITH WEIGHT    0.100000E+01



     *****  RESTART-MATRIX ELEMENTS OVERWRITTEN  *****




                                        MATRIX ELEMENTS


     MULTIPOLARITY=2
    INDEX   NF     NS          ME               LIMITS
       1      1      2        1.28684        0.00010        2.00000
       2      1      6        0.10885       -3.00000        3.00000
       3      2      2        0.53102       -3.00000        3.00000
       4      2      3        2.26344        0.00010        3.00000
       5      2      6        1.95235        0.00010        3.00000
       6      2      7        0.31722       -3.00000        3.00000
       7      3      3        0.99618       -3.00000        3.00000
       8      3      4        2.84812        0.00010        4.00000
       9      3      6        0.22690       -3.00000        3.00000
      10      3      7        1.95499       -3.00000        3.00000
      11      3      8        0.19526       -3.00000        3.00000
      12      4      4        0.27960       -3.00000        3.00000
      13      4      5        3.01904        0.00010        4.00000
      14      4      7        0.16142       -3.00000        3.00000
      15      4      8        1.09416       -3.00000        3.00000
      16      6      6       -0.39168       -3.00000        3.00000
      17      6      7        2.42365        0.00010        3.00000
      18      7      7       -0.04730       -3.00000        3.00000
      19      7      8        1.89457        0.00010        3.00000
     MULTIPOLARITY=7
    INDEX   NF     NS          ME               LIMITS
      20      2      6        0.03205       -3.00000        3.00000
      21      3      7        0.42926       -3.00000        3.00000



          ** EXPERIMENT  1 **


     TARGET EXCITATION OF( 78,194.000) BY(  6, 14.000)
     ENERGY     43.750 MEV     BETA   0.819121E-01
     DISTANCE OF CLOSEST APPROACH FOR HEAD-ON COLLISIONS    16.5143 FM
     CM SCATTERING ANGLE    157.409 DEG     EPSILON     1.0198
     RECOIL ENERGY(MEV)     10.5220
     RECOIL BETA    0.107913E-01
     BOMBARDING ENERGY=     0.914 OF SAFE BOMBARDING ENERGY AT THIS ANGLE



          ** EXPERIMENT  2 **


     TARGET EXCITATION OF( 78,194.000) BY(  6, 14.000)
     ENERGY     43.750 MEV     BETA   0.819121E-01
     DISTANCE OF CLOSEST APPROACH FOR HEAD-ON COLLISIONS    16.5143 FM
     CM SCATTERING ANGLE    149.825 DEG     EPSILON     1.0357
     RECOIL ENERGY(MEV)     10.2005
     RECOIL BETA    0.106251E-01
     BOMBARDING ENERGY=     0.907 OF SAFE BOMBARDING ENERGY AT THIS ANGLE



          ** EXPERIMENT  3 **


     TARGET EXCITATION OF( 78,194.000) BY(  6, 14.000)
     ENERGY     43.750 MEV     BETA   0.819121E-01
     DISTANCE OF CLOSEST APPROACH FOR HEAD-ON COLLISIONS    16.5143 FM
     CM SCATTERING ANGLE    143.189 DEG     EPSILON     1.0539
     RECOIL ENERGY(MEV)      9.8510
     RECOIL BETA    0.104415E-01
     BOMBARDING ENERGY=     0.899 OF SAFE BOMBARDING ENERGY AT THIS ANGLE



          ** EXPERIMENT  4 **


     TARGET EXCITATION OF( 78,194.000) BY(  6, 14.000)
     ENERGY     43.750 MEV     BETA   0.819121E-01
     DISTANCE OF CLOSEST APPROACH FOR HEAD-ON COLLISIONS    16.5143 FM
     CM SCATTERING ANGLE    137.700 DEG     EPSILON     1.0722
     RECOIL ENERGY(MEV)      9.5174
     RECOIL BETA    0.102632E-01
     BOMBARDING ENERGY=     0.891 OF SAFE BOMBARDING ENERGY AT THIS ANGLE


                              EXPERIMENT  1          MAX.XI=0.6050

                              E2        MI=0     MAX.ZETA= 1.099


     XI             Q1                      Q2


             SLOPE  INTERCEPT       SLOPE     INTERCEPT


  0.0000   0.00E+00  0.00E+00      -.67E-04  0.96E+00
  0.0672   0.26E-02  0.53E-01      -.64E-03  0.94E+00
  0.1345   0.39E-02  0.97E-01      -.17E-02  0.88E+00
  0.2017   0.39E-02  0.13E+00      -.22E-02  0.80E+00
  0.2689   0.31E-02  0.16E+00      -.16E-02  0.72E+00
  0.3361   0.17E-02  0.19E+00      0.72E-05  0.65E+00
  0.4034   -.38E-04  0.21E+00      0.25E-02  0.57E+00
  0.4706   -.20E-02  0.23E+00      0.56E-02  0.50E+00
  0.5378   -.41E-02  0.25E+00      0.90E-02  0.43E+00
  0.6050   -.67E-02  0.27E+00      0.13E-01  0.37E+00


                              E2        MI=+/-1     MAX.ZETA= 1.099


     XI             Q1                      Q2


             SLOPE  INTERCEPT       SLOPE     INTERCEPT


  0.0000   0.00E+00  0.12E-01      0.00E+00  -.00E+00
  0.1513   0.00E+00  0.82E-02      0.00E+00  -.38E-01
  0.3025   0.00E+00  0.17E-02      0.00E+00  -.51E-01
  0.4538   0.00E+00  0.42E-02      0.00E+00  -.51E-01
  0.6050   0.00E+00  0.86E-02      0.00E+00  -.45E-01


                              EXPERIMENT  2          MAX.XI=0.6050

                              E2        MI=0     MAX.ZETA= 1.099


     XI             Q1                      Q2


             SLOPE  INTERCEPT       SLOPE     INTERCEPT


  0.0000   0.00E+00  0.00E+00      -.61E-04  0.93E+00
  0.0672   0.24E-02  0.51E-01      -.58E-03  0.91E+00
  0.1345   0.36E-02  0.94E-01      -.16E-02  0.85E+00
  0.2017   0.36E-02  0.13E+00      -.20E-02  0.78E+00
  0.2689   0.28E-02  0.16E+00      -.15E-02  0.71E+00
  0.3361   0.16E-02  0.18E+00      -.44E-04  0.63E+00
  0.4034   0.12E-04  0.20E+00      0.22E-02  0.56E+00
  0.4706   -.17E-02  0.22E+00      0.51E-02  0.49E+00
  0.5378   -.37E-02  0.24E+00      0.82E-02  0.42E+00
  0.6050   -.61E-02  0.26E+00      0.11E-01  0.37E+00


                              E2        MI=+/-1     MAX.ZETA= 1.099


     XI             Q1                      Q2


             SLOPE  INTERCEPT       SLOPE     INTERCEPT


  0.0000   0.00E+00  0.15E-01      0.00E+00  -.00E+00
  0.1513   0.00E+00  0.11E-01      0.00E+00  -.49E-01
  0.3025   0.00E+00  0.21E-02      0.00E+00  -.67E-01
  0.4538   0.00E+00  0.54E-02      0.00E+00  -.66E-01
  0.6050   0.00E+00  0.11E-01      0.00E+00  -.58E-01


                              EXPERIMENT  3          MAX.XI=0.6050

                              E2        MI=0     MAX.ZETA= 1.099


     XI             Q1                      Q2


             SLOPE  INTERCEPT       SLOPE     INTERCEPT


  0.0000   0.00E+00  0.00E+00      -.54E-04  0.90E+00
  0.0672   0.22E-02  0.50E-01      -.52E-03  0.88E+00
  0.1345   0.33E-02  0.91E-01      -.14E-02  0.83E+00
  0.2017   0.33E-02  0.12E+00      -.19E-02  0.76E+00
  0.2689   0.26E-02  0.15E+00      -.14E-02  0.69E+00
  0.3361   0.15E-02  0.18E+00      -.90E-04  0.61E+00
  0.4034   0.58E-04  0.20E+00      0.20E-02  0.54E+00
  0.4706   -.15E-02  0.22E+00      0.45E-02  0.47E+00
  0.5378   -.33E-02  0.23E+00      0.74E-02  0.41E+00
  0.6050   -.54E-02  0.25E+00      0.10E-01  0.36E+00


                              E2        MI=+/-1     MAX.ZETA= 1.099


     XI             Q1                      Q2


             SLOPE  INTERCEPT       SLOPE     INTERCEPT


  0.0000   0.00E+00  0.18E-01      0.00E+00  -.00E+00
  0.1513   0.00E+00  0.13E-01      0.00E+00  -.59E-01
  0.3025   0.00E+00  0.25E-02      0.00E+00  -.79E-01
  0.4538   0.00E+00  0.65E-02      0.00E+00  -.79E-01
  0.6050   0.00E+00  0.13E-01      0.00E+00  -.69E-01


                              EXPERIMENT  4          MAX.XI=0.6050

                              E2        MI=0     MAX.ZETA= 1.099


     XI             Q1                      Q2


             SLOPE  INTERCEPT       SLOPE     INTERCEPT


  0.0000   0.00E+00  0.00E+00      -.49E-04  0.88E+00
  0.0672   0.20E-02  0.48E-01      -.47E-03  0.86E+00
  0.1345   0.30E-02  0.88E-01      -.13E-02  0.80E+00
  0.2017   0.30E-02  0.12E+00      -.17E-02  0.74E+00
  0.2689   0.24E-02  0.15E+00      -.13E-02  0.67E+00
  0.3361   0.14E-02  0.17E+00      -.13E-03  0.60E+00
  0.4034   0.94E-04  0.19E+00      0.17E-02  0.53E+00
  0.4706   -.13E-02  0.21E+00      0.40E-02  0.46E+00
  0.5378   -.30E-02  0.23E+00      0.66E-02  0.40E+00
  0.6050   -.49E-02  0.24E+00      0.93E-02  0.35E+00


                              E2        MI=+/-1     MAX.ZETA= 1.099


     XI             Q1                      Q2


             SLOPE  INTERCEPT       SLOPE     INTERCEPT


  0.0000   0.00E+00  0.20E-01      0.00E+00  -.00E+00
  0.1513   0.00E+00  0.14E-01      0.00E+00  -.66E-01
  0.3025   0.00E+00  0.27E-02      0.00E+00  -.89E-01
  0.4538   0.00E+00  0.73E-02      0.00E+00  -.88E-01
  0.6050   0.00E+00  0.15E-01      0.00E+00  -.76E-01



          ***** CENTRAL CHISQ=  0.1438E+01 *****


     ELM(  8)=  2.776914     CHISQ=  0.1432E+01
     ELM(  8)=  2.705712     CHISQ=  0.1428E+01
     ELM(  8)=  2.563306     CHISQ=  0.1422E+01
     ELM(  8)=  2.420900     CHISQ=  0.1421E+01
     WARNING-ME(  8)     INTEGRATION STOPPED AT THE LIMIT
     ELM(  9)=  0.232569     CHISQ=  0.1438E+01
     ELM(  9)=  0.238242     CHISQ=  0.1438E+01
     ELM(  9)=  0.249587     CHISQ=  0.1438E+01
     ELM(  9)=  0.260931     CHISQ=  0.1437E+01
     ELM(  9)=  0.283621     CHISQ=  0.1437E+01
     ELM(  9)=  0.306311     CHISQ=  0.1437E+01
     ELM(  9)=  0.314707     CHISQ=  0.1437E+01
     ELM(  9)=  0.337397     CHISQ=  0.1438E+01
     ELM( 10)=  2.003867     CHISQ=  0.1437E+01
     ELM( 13)=  2.943562     CHISQ=  0.1429E+01
     ELM( 13)=  2.868086     CHISQ=  0.1421E+01
     ELM( 13)=  2.717134     CHISQ=  0.1405E+01
     ELM( 13)=  2.566182     CHISQ=  0.1392E+01
     ELM( 13)=  2.264278     CHISQ=  0.1388E+01
     ELM( 13)=  2.081565     CHISQ=  0.1416E+01
     WARNING-ME( 13)     INTEGRATION STOPPED AT THE LIMIT
     ELM( 14)=  0.157381     CHISQ=  0.1438E+01
     ELM( 14)=  0.153345     CHISQ=  0.1438E+01
     ELM( 14)=  0.145274     CHISQ=  0.1438E+01
     ELM( 14)=  0.137204     CHISQ=  0.1438E+01
     ELM( 14)=  0.121062     CHISQ=  0.1438E+01
     ELM( 14)=  0.104920     CHISQ=  0.1438E+01
     ELM( 14)=  0.072637     CHISQ=  0.1438E+01
     ELM( 14)=  0.040354     CHISQ=  0.1437E+01
     ELM( 14)= -0.024212     CHISQ=  0.1437E+01
     ELM( 14)= -0.088779     CHISQ=  0.1437E+01
     ELM( 14)= -0.217912     CHISQ=  0.1437E+01
     ELM( 14)= -0.347044     CHISQ=  0.1437E+01
     ELM( 14)= -0.605310     CHISQ=  0.1437E+01
     ELM( 14)= -0.863575     CHISQ=  0.1438E+01
     WARNING-ME( 14)     INTEGRATION STOPPED AT THE LIMIT
     WARNING-ME( 14)     INTEGRATION STOPPED AT THE LIMIT
     ELM( 15)=  1.066808     CHISQ=  0.1435E+01
     ELM( 15)=  1.039454     CHISQ=  0.1434E+01
     ELM( 15)=  0.984745     CHISQ=  0.1431E+01
     ELM( 15)=  0.930037     CHISQ=  0.1430E+01
     ELM( 15)=  0.820621     CHISQ=  0.1432E+01
     ELM( 15)=  0.711205     CHISQ=  0.1437E+01
     ELM( 18)= -0.048480     CHISQ=  0.1438E+01
     ELM( 18)= -0.049663     CHISQ=  0.1438E+01
     ELM( 18)= -0.052028     CHISQ=  0.1438E+01
     ELM( 18)= -0.054392     CHISQ=  0.1438E+01
     ELM( 18)= -0.059122     CHISQ=  0.1438E+01
     ELM( 18)= -0.063852     CHISQ=  0.1438E+01
     ELM( 18)= -0.065330     CHISQ=  0.1438E+01
     ELM( 18)= -0.070059     CHISQ=  0.1438E+01
     ELM( 19)=  1.847208     CHISQ=  0.1425E+01
     ELM( 19)=  1.799844     CHISQ=  0.1416E+01
     ELM( 19)=  1.705116     CHISQ=  0.1415E+01
     ELM( 19)=  1.651616     CHISQ=  0.1426E+01



                                           DIAGONAL
                                        ESTIMATED ERRORS

     INDEX     NI     NF     ME AND ERRORS


        1       1      2       1.28684  ( -0.01192 ,  0.01206)......   -0.9 ,    0.9 PC
        2       1      6       0.10885  ( -0.01045 ,  0.01014)......   -9.6 ,    9.3 PC
        3       2      2       0.53102  ( -0.07125 ,  0.07135)......  -13.4 ,   13.4 PC
        4       2      3       2.26344  ( -0.04759 ,  0.04904)......   -2.1 ,    2.2 PC
        5       2      6       1.95235  ( -0.03987 ,  0.04017)......   -2.0 ,    2.1 PC
        6       2      7       0.31722  ( -0.01177 ,  0.01170)......   -3.7 ,    3.7 PC
        7       3      3       0.99618  ( -0.13279 ,  0.13475)......  -13.3 ,   13.5 PC
        8       3      4       2.84812  ( -0.82293 ,  0.40806)......  -28.9 ,   14.3 PC
        9       3      6       0.22690  ( -0.44096 ,  0.54415)...... -194.3 ,  239.8 PC
       10       3      7       1.95499  ( -0.13024 ,  0.16350)......   -6.7 ,    8.4 PC
       11       3      8       0.19526  ( -0.38035 ,  0.03068)...... -194.8 ,   15.7 PC
       12       4      4       0.27960  ( -0.20184 ,  0.20196)......  -72.2 ,   72.2 PC
       13       4      5       3.01904  ( -1.05019 ,  0.44846)......  -34.8 ,   14.9 PC
       14       4      7       0.16142  ( -2.20971 ,  1.70219)......-1369.0 , 1054.5 PC
       15       4      8       1.09416  ( -1.59736 ,  0.21511)...... -146.0 ,   19.7 PC
       16       6      6      -0.39168  ( -0.09636 ,  0.09695)......  -24.6 ,   24.8 PC
       17       6      7       2.42365  ( -0.04882 ,  0.05258)......   -2.0 ,    2.2 PC
       18       7      7      -0.04730  ( -0.15052 ,  0.13352)...... -318.2 ,  282.3 PC
       19       7      8       1.89457  ( -0.29471 ,  0.16282)......  -15.6 ,    8.6 PC
       20       2      6       0.03205  ( -0.00375 ,  0.00645)......  -11.7 ,   20.1 PC
       21       3      7       0.42926  ( -0.84779 ,  0.06266)...... -197.5 ,   14.6 PC



                                           DIAGONAL
                                        ESTIMATED ERRORS

     INDEX     NI     NF     B(E,ML)(OR QUADRUPOLE MOMENT) AND ERRORS


        1       2      1        0.33119  (  -0.00611 ,   0.00624)
        2       6      1        0.00237  (  -0.00043 ,   0.00046)
        3       2      2        0.40248  (  -0.05400 ,   0.05408)
        4       3      2        0.56924  (  -0.02369 ,   0.02493)
        5       6      2        0.76233  (  -0.03081 ,   0.03169)
        6       7      2        0.01118  (  -0.00081 ,   0.00084)
        7       3      3        0.75122  (  -0.10014 ,   0.10162)
        8       4      3        0.62398  (  -0.30849 ,   0.19161)
        9       6      3        0.01030  (  -0.01030 ,   0.10861)
       10       7      3        0.42467  (  -0.05470 ,   0.07400)
       11       8      3        0.00293  (  -0.00293 ,   0.00099)
       12       4      4        0.19494  (  -0.14072 ,   0.14081)
       13       5      4        0.53615  (  -0.30813 ,   0.17111)
       14       7      4        0.00290  (  -0.00290 ,   0.46327)
       15       8      4        0.09209  (  -0.09209 ,   0.03977)
       16       6      6       -0.29687  (  -0.07303 ,   0.07348)
       17       7      6        0.65267  (  -0.02603 ,   0.02862)
       18       7      7       -0.03567  (  -0.11351 ,   0.10069)
       19       8      7        0.27611  (  -0.07922 ,   0.04950)
       20       6      2        0.00021  (  -0.00005 ,   0.00009)
       21       7      3        0.02047  (  -0.02047 ,   0.00641)
               ********* END OF EXECUTION **********
