1
 *****************************************************************************************************************************
 *****************************************************************************************************************************
 **************************************************                         **************************************************
 **************************************************          GOSIA          **************************************************
 **************************************************                         **************************************************
 *****************************************************************************************************************************
 *****************************************************************************************************************************





                    ROCHESTER COULOMB EXCITATION DATA ANALYSIS CODE BY T.CZOSNYKA,D.CLINE AND C.Y.WU
                                                  VERS. 20110524.2   NOV 2011






          14C beam on 194Pt target integration                                            
          ----------------------------------------------------------------------------------------------------

                                        LEVELS

     INDEX     PARITY         SPIN           ENERGY(MEV)
       1           +           0.0            0.0000
       2           +           2.0            0.3280
       3           +           4.0            0.8110
       4           +           6.0            1.4118
       5           +           8.0            2.0995
       6           +           2.0            0.6220
       7           +           4.0            1.2290

                                        MATRIX ELEMENTS


     MULTIPOLARITY=2
    INDEX   NF     NS          ME               LIMITS
       1      1      2        1.28108        0.00010        3.00000
       2      1      6        0.09835       -2.00000        2.00000
       3      2      2        0.83000       -2.00000        2.00000
       4      2      3        2.25913        0.00010        3.00000
       5      2      6        1.72302       -2.00000        2.00000
       6      2      7        0.14702       -2.00000        2.00000
       7      3      3        0.10000       -2.00000        2.00000
       8      3      4        2.41057        0.00010        3.00000
       9      3      6        0.10000       -2.00000        2.00000
      10      3      7        0.91684       -2.00000        2.00000
      11      4      4        0.10000     COUPLED TO   7
      12      4      5        2.41057        0.00010        3.00000
      13      4      7        0.10000       -2.00000        2.00000
      14      6      6       -0.65960       -2.00000        2.00000
      15      6      7        1.12290        0.00010        2.00000
      16      7      7       -0.65960     COUPLED TO  14
     MULTIPOLARITY=7
    INDEX   NF     NS          ME               LIMITS
      17      2      6        0.02992       -2.00000        2.00000
      18      3      7        0.13314       -2.00000        2.00000

                                               REPRINT OF EXPERIMENTAL DATA TO BE FITTED





     EXPERIMENT  1
  PROJECTILE ( 78.,194.)  45.000 MEV ---1 GE(LI) DETECTOR(S)  WEIGHT=0.10E+01
                    ** EXPERIMENTAL YIELDS **
    DECAY IS  IF         YIELD+/-ERROR

      11   2   1  0.483610E+07     0.289187E+04
       7   3   2  0.149279E+06     0.563094E+03
       2   4   3  0.166234E+04     0.163400E+03
       9   6   1  0.142688E+05     0.119450E+03
      10   6   2  0.118497E+06     0.440920E+03
       6   7   6  0.624957E+04     0.123388E+03


        6 EXPERIMENTAL YIELDS           16 MATRIX ELEMENTS TO BE VARIED



                                        BRANCHING RATIOS

     NS1     NF1     NS2     NF2     RATIO(1:2)         ERROR
      6       1       6       2        0.13690        0.02300
      7       3       7       6        0.14400        0.01400
      7       2       7       6        0.12200        0.00800
     BRANCHING RATIOS ARE TAKEN WITH WEIGHT    0.100000E+01



                              LIFETIMES(PSEC)


     LEVEL         LIFETIME     ERROR

        2           60.45         0.86
        3            5.34         0.29
        4            2.31         0.72
        5            1.59         0.43
        6           50.50         5.77
        7            5.50         0.87

          LIFETIMES ARE TAKEN WITH WEIGHT    0.100000E+01


                    EXPERIMENTAL E2/M1 MIXING RATIOS


          TRANSITION            DELTA          ERROR

           6---  2               15.0000           2.0000

          E2/M1 MIXING RATIOS ARE TAKEN WITH WEIGHT    0.100000E+01


                              EXPERIMENTAL MATRIX ELEMENT(S)


          TRANSITION          MAT.EL.          ERROR

           2---  2                0.8300           0.0800
           6---  6               -0.6596           0.6596

           MATRIX ELEMENT(S) ARE TAKEN WITH WEIGHT    0.100000E+01



     *****  RESTART-MATRIX ELEMENTS OVERWRITTEN  *****




                                        MATRIX ELEMENTS


     MULTIPOLARITY=2
    INDEX   NF     NS          ME               LIMITS
       1      1      2        1.28737        0.00010        3.00000
       2      1      6        0.10719       -2.00000        2.00000
       3      2      2        0.82025       -2.00000        2.00000
       4      2      3        2.36723        0.00010        3.00000
       5      2      6        1.78146       -2.00000        2.00000
       6      2      7        0.41571       -2.00000        2.00000
       7      3      3        0.86509       -2.00000        2.00000
       8      3      4        3.03189        0.00010        3.00000
       9      3      6        0.85234       -2.00000        2.00000
      10      3      7        2.00480       -2.00000        2.00000
      11      4      4        0.85725     COUPLED TO   7
      12      4      5        2.36867        0.00010        3.00000
      13      4      7        0.28547       -2.00000        2.00000
      14      6      6       -0.41468       -2.00000        2.00000
      15      6      7        3.18380        0.00010        2.00000
      16      7      7       -0.41468     COUPLED TO  14
     MULTIPOLARITY=7
    INDEX   NF     NS          ME               LIMITS
      17      2      6        0.02968       -2.00000        2.00000
      18      3      7        0.80352       -2.00000        2.00000


                                                  CALCULATED YIELDS

     EXPERIMENT  1  DETECTOR  1
     ENERGY     42.000 MEV  THETA 132.000 DEG

     NI     NF     II     IF     YIELD     NORMALIZED YIELD

      5      4    8.0    6.0   0.11847E-04   0.39282E-06
      4      3    6.0    4.0   0.65646E-02   0.21767E-03
      4      7    6.0    4.0   0.15214E-06   0.50445E-08
      7      2    4.0    2.0   0.35395E-02   0.11736E-03
      7      3    4.0    4.0   0.41251E-02   0.13678E-03
      7      6    4.0    2.0   0.28819E-01   0.95556E-03
      3      2    4.0    2.0   0.74799E+00   0.24802E-01
      3      6    4.0    2.0   0.89141E-03   0.29557E-04
      6      1    2.0    0.0   0.72683E-01   0.24100E-02
      6      2    2.0    2.0   0.57668E+00   0.19121E-01
      2      1    2.0    0.0   0.30159E+02   0.10000E+01


                                                  CALCULATED YIELDS

     EXPERIMENT  1  DETECTOR  1
     ENERGY     42.000 MEV  THETA 134.000 DEG

     NI     NF     II     IF     YIELD     NORMALIZED YIELD

      5      4    8.0    6.0   0.11931E-04   0.40293E-06
      4      3    6.0    4.0   0.65938E-02   0.22268E-03
      4      7    6.0    4.0   0.15283E-06   0.51612E-08
      7      2    4.0    2.0   0.35221E-02   0.11895E-03
      7      3    4.0    4.0   0.41100E-02   0.13880E-03
      7      6    4.0    2.0   0.28678E-01   0.96851E-03
      3      2    4.0    2.0   0.74582E+00   0.25188E-01
      3      6    4.0    2.0   0.88893E-03   0.30021E-04
      6      1    2.0    0.0   0.72624E-01   0.24526E-02
      6      2    2.0    2.0   0.58141E+00   0.19635E-01
      2      1    2.0    0.0   0.29611E+02   0.10000E+01


                                                  CALCULATED YIELDS

     EXPERIMENT  1  DETECTOR  1
     ENERGY     42.000 MEV  THETA 136.000 DEG

     NI     NF     II     IF     YIELD     NORMALIZED YIELD

      5      4    8.0    6.0   0.11988E-04   0.41213E-06
      4      3    6.0    4.0   0.66148E-02   0.22741E-03
      4      7    6.0    4.0   0.15333E-06   0.52714E-08
      7      2    4.0    2.0   0.35030E-02   0.12043E-03
      7      3    4.0    4.0   0.40931E-02   0.14071E-03
      7      6    4.0    2.0   0.28523E-01   0.98059E-03
      3      2    4.0    2.0   0.74339E+00   0.25557E-01
      3      6    4.0    2.0   0.88614E-03   0.30464E-04
      6      1    2.0    0.0   0.72546E-01   0.24940E-02
      6      2    2.0    2.0   0.58598E+00   0.20145E-01
      2      1    2.0    0.0   0.29088E+02   0.10000E+01


                                                  CALCULATED YIELDS

     EXPERIMENT  1  DETECTOR  1
     ENERGY     42.000 MEV  THETA 138.000 DEG

     NI     NF     II     IF     YIELD     NORMALIZED YIELD

      5      4    8.0    6.0   0.12019E-04   0.42041E-06
      4      3    6.0    4.0   0.66284E-02   0.23185E-03
      4      7    6.0    4.0   0.15366E-06   0.53747E-08
      7      2    4.0    2.0   0.34824E-02   0.12181E-03
      7      3    4.0    4.0   0.40744E-02   0.14251E-03
      7      6    4.0    2.0   0.28356E-01   0.99181E-03
      3      2    4.0    2.0   0.74075E+00   0.25909E-01
      3      6    4.0    2.0   0.88308E-03   0.30888E-04
      6      1    2.0    0.0   0.72451E-01   0.25341E-02
      6      2    2.0    2.0   0.59037E+00   0.20650E-01
      2      1    2.0    0.0   0.28590E+02   0.10000E+01


                                                  CALCULATED YIELDS

     EXPERIMENT  1  DETECTOR  1
     ENERGY     42.000 MEV  THETA 140.000 DEG

     NI     NF     II     IF     YIELD     NORMALIZED YIELD

      5      4    8.0    6.0   0.12027E-04   0.42775E-06
      4      3    6.0    4.0   0.66352E-02   0.23599E-03
      4      7    6.0    4.0   0.15383E-06   0.54712E-08
      7      2    4.0    2.0   0.34605E-02   0.12308E-03
      7      3    4.0    4.0   0.40544E-02   0.14420E-03
      7      6    4.0    2.0   0.28178E-01   0.10022E-02
      3      2    4.0    2.0   0.73793E+00   0.26245E-01
      3      6    4.0    2.0   0.87982E-03   0.31292E-04
      6      1    2.0    0.0   0.72342E-01   0.25729E-02
      6      2    2.0    2.0   0.59458E+00   0.21147E-01
      2      1    2.0    0.0   0.28117E+02   0.10000E+01


                                                  CALCULATED YIELDS

     EXPERIMENT  1  DETECTOR  1
     ENERGY     42.000 MEV  THETA 142.000 DEG

     NI     NF     II     IF     YIELD     NORMALIZED YIELD

      5      4    8.0    6.0   0.12013E-04   0.43418E-06
      4      3    6.0    4.0   0.66358E-02   0.23983E-03
      4      7    6.0    4.0   0.15386E-06   0.55609E-08
      7      2    4.0    2.0   0.34376E-02   0.12424E-03
      7      3    4.0    4.0   0.40333E-02   0.14577E-03
      7      6    4.0    2.0   0.27992E-01   0.10117E-02
      3      2    4.0    2.0   0.73497E+00   0.26563E-01
      3      6    4.0    2.0   0.87639E-03   0.31675E-04
      6      1    2.0    0.0   0.72221E-01   0.26102E-02
      6      2    2.0    2.0   0.59861E+00   0.21635E-01
      2      1    2.0    0.0   0.27669E+02   0.10000E+01


                                                  CALCULATED YIELDS

     EXPERIMENT  1  DETECTOR  1
     ENERGY     42.000 MEV  THETA 144.000 DEG

     NI     NF     II     IF     YIELD     NORMALIZED YIELD

      5      4    8.0    6.0   0.11980E-04   0.43970E-06
      4      3    6.0    4.0   0.66309E-02   0.24338E-03
      4      7    6.0    4.0   0.15376E-06   0.56438E-08
      7      2    4.0    2.0   0.34140E-02   0.12531E-03
      7      3    4.0    4.0   0.40113E-02   0.14723E-03
      7      6    4.0    2.0   0.27800E-01   0.10204E-02
      3      2    4.0    2.0   0.73192E+00   0.26865E-01
      3      6    4.0    2.0   0.87285E-03   0.32037E-04
      6      1    2.0    0.0   0.72091E-01   0.26460E-02
      6      2    2.0    2.0   0.60246E+00   0.22113E-01
      2      1    2.0    0.0   0.27245E+02   0.10000E+01


                                                  CALCULATED YIELDS

     EXPERIMENT  1  DETECTOR  1
     ENERGY     42.000 MEV  THETA 146.000 DEG

     NI     NF     II     IF     YIELD     NORMALIZED YIELD

      5      4    8.0    6.0   0.11929E-04   0.44436E-06
      4      3    6.0    4.0   0.66212E-02   0.24665E-03
      4      7    6.0    4.0   0.15356E-06   0.57201E-08
      7      2    4.0    2.0   0.33899E-02   0.12628E-03
      7      3    4.0    4.0   0.39888E-02   0.14859E-03
      7      6    4.0    2.0   0.27604E-01   0.10283E-02
      3      2    4.0    2.0   0.72880E+00   0.27149E-01
      3      6    4.0    2.0   0.86923E-03   0.32380E-04
      6      1    2.0    0.0   0.71953E-01   0.26803E-02
      6      2    2.0    2.0   0.60610E+00   0.22578E-01
      2      1    2.0    0.0   0.26845E+02   0.10000E+01


                                                  CALCULATED YIELDS

     EXPERIMENT  1  DETECTOR  1
     ENERGY     42.000 MEV  THETA 148.000 DEG

     NI     NF     II     IF     YIELD     NORMALIZED YIELD

      5      4    8.0    6.0   0.11863E-04   0.44819E-06
      4      3    6.0    4.0   0.66075E-02   0.24963E-03
      4      7    6.0    4.0   0.15325E-06   0.57898E-08
      7      2    4.0    2.0   0.33655E-02   0.12715E-03
      7      3    4.0    4.0   0.39659E-02   0.14983E-03
      7      6    4.0    2.0   0.27406E-01   0.10354E-02
      3      2    4.0    2.0   0.72566E+00   0.27416E-01
      3      6    4.0    2.0   0.86558E-03   0.32701E-04
      6      1    2.0    0.0   0.71810E-01   0.27130E-02
      6      2    2.0    2.0   0.60956E+00   0.23029E-01
      2      1    2.0    0.0   0.26469E+02   0.10000E+01


                                                  CALCULATED YIELDS

     EXPERIMENT  1  DETECTOR  1
     ENERGY     42.000 MEV  THETA 150.000 DEG

     NI     NF     II     IF     YIELD     NORMALIZED YIELD

      5      4    8.0    6.0   0.11785E-04   0.45124E-06
      4      3    6.0    4.0   0.65904E-02   0.25234E-03
      4      7    6.0    4.0   0.15287E-06   0.58533E-08
      7      2    4.0    2.0   0.33411E-02   0.12793E-03
      7      3    4.0    4.0   0.39429E-02   0.15097E-03
      7      6    4.0    2.0   0.27208E-01   0.10418E-02
      3      2    4.0    2.0   0.72254E+00   0.27665E-01
      3      6    4.0    2.0   0.86194E-03   0.33003E-04
      6      1    2.0    0.0   0.71665E-01   0.27440E-02
      6      2    2.0    2.0   0.61282E+00   0.23464E-01
      2      1    2.0    0.0   0.26117E+02   0.10000E+01


                                                  CALCULATED YIELDS

     EXPERIMENT  1  DETECTOR  1
     ENERGY     42.000 MEV  THETA 152.000 DEG

     NI     NF     II     IF     YIELD     NORMALIZED YIELD

      5      4    8.0    6.0   0.11697E-04   0.45358E-06
      4      3    6.0    4.0   0.65707E-02   0.25479E-03
      4      7    6.0    4.0   0.15243E-06   0.59106E-08
      7      2    4.0    2.0   0.33170E-02   0.12862E-03
      7      3    4.0    4.0   0.39202E-02   0.15201E-03
      7      6    4.0    2.0   0.27012E-01   0.10474E-02
      3      2    4.0    2.0   0.71945E+00   0.27898E-01
      3      6    4.0    2.0   0.85834E-03   0.33284E-04
      6      1    2.0    0.0   0.71519E-01   0.27733E-02
      6      2    2.0    2.0   0.61587E+00   0.23881E-01
      2      1    2.0    0.0   0.25789E+02   0.10000E+01


                                                  CALCULATED YIELDS

     EXPERIMENT  1  DETECTOR  1
     ENERGY     42.000 MEV  THETA 154.000 DEG

     NI     NF     II     IF     YIELD     NORMALIZED YIELD

      5      4    8.0    6.0   0.11602E-04   0.45528E-06
      4      3    6.0    4.0   0.65490E-02   0.25698E-03
      4      7    6.0    4.0   0.15194E-06   0.59621E-08
      7      2    4.0    2.0   0.32934E-02   0.12924E-03
      7      3    4.0    4.0   0.38978E-02   0.15295E-03
      7      6    4.0    2.0   0.26820E-01   0.10524E-02
      3      2    4.0    2.0   0.71644E+00   0.28114E-01
      3      6    4.0    2.0   0.85484E-03   0.33544E-04
      6      1    2.0    0.0   0.71374E-01   0.28007E-02
      6      2    2.0    2.0   0.61872E+00   0.24279E-01
      2      1    2.0    0.0   0.25484E+02   0.10000E+01


                                                  CALCULATED YIELDS

     EXPERIMENT  1  DETECTOR  1
     ENERGY     42.000 MEV  THETA 156.000 DEG

     NI     NF     II     IF     YIELD     NORMALIZED YIELD

      5      4    8.0    6.0   0.11503E-04   0.45642E-06
      4      3    6.0    4.0   0.65259E-02   0.25894E-03
      4      7    6.0    4.0   0.15141E-06   0.60080E-08
      7      2    4.0    2.0   0.32705E-02   0.12977E-03
      7      3    4.0    4.0   0.38761E-02   0.15380E-03
      7      6    4.0    2.0   0.26635E-01   0.10568E-02
      3      2    4.0    2.0   0.71354E+00   0.28312E-01
      3      6    4.0    2.0   0.85145E-03   0.33785E-04
      6      1    2.0    0.0   0.71232E-01   0.28264E-02
      6      2    2.0    2.0   0.62137E+00   0.24655E-01
      2      1    2.0    0.0   0.25202E+02   0.10000E+01


                                                  CALCULATED YIELDS

     EXPERIMENT  1  DETECTOR  1
     ENERGY     42.000 MEV  THETA 158.000 DEG

     NI     NF     II     IF     YIELD     NORMALIZED YIELD

      5      4    8.0    6.0   0.11401E-04   0.45706E-06
      4      3    6.0    4.0   0.65022E-02   0.26067E-03
      4      7    6.0    4.0   0.15088E-06   0.60487E-08
      7      2    4.0    2.0   0.32486E-02   0.13024E-03
      7      3    4.0    4.0   0.38553E-02   0.15456E-03
      7      6    4.0    2.0   0.26457E-01   0.10607E-02
      3      2    4.0    2.0   0.71076E+00   0.28495E-01
      3      6    4.0    2.0   0.84821E-03   0.34005E-04
      6      1    2.0    0.0   0.71094E-01   0.28502E-02
      6      2    2.0    2.0   0.62381E+00   0.25009E-01
      2      1    2.0    0.0   0.24944E+02   0.10000E+01


                                                  CALCULATED YIELDS

     EXPERIMENT  1  DETECTOR  1
     ENERGY     42.000 MEV  THETA 160.000 DEG

     NI     NF     II     IF     YIELD     NORMALIZED YIELD

      5      4    8.0    6.0   0.11299E-04   0.45729E-06
      4      3    6.0    4.0   0.64784E-02   0.26219E-03
      4      7    6.0    4.0   0.15034E-06   0.60845E-08
      7      2    4.0    2.0   0.32279E-02   0.13064E-03
      7      3    4.0    4.0   0.38355E-02   0.15523E-03
      7      6    4.0    2.0   0.26288E-01   0.10639E-02
      3      2    4.0    2.0   0.70814E+00   0.28660E-01
      3      6    4.0    2.0   0.84515E-03   0.34205E-04
      6      1    2.0    0.0   0.70963E-01   0.28721E-02
      6      2    2.0    2.0   0.62604E+00   0.25338E-01
      2      1    2.0    0.0   0.24708E+02   0.10000E+01


                                                  CALCULATED YIELDS

     EXPERIMENT  1  DETECTOR  1
     ENERGY     43.000 MEV  THETA 132.000 DEG

     NI     NF     II     IF     YIELD     NORMALIZED YIELD

      5      4    8.0    6.0   0.16840E-04   0.53870E-06
      4      3    6.0    4.0   0.83143E-02   0.26596E-03
      4      7    6.0    4.0   0.19268E-06   0.61637E-08
      7      2    4.0    2.0   0.42723E-02   0.13666E-03
      7      3    4.0    4.0   0.49788E-02   0.15926E-03
      7      6    4.0    2.0   0.34785E-01   0.11127E-02
      3      2    4.0    2.0   0.85254E+00   0.27272E-01
      3      6    4.0    2.0   0.10160E-02   0.32501E-04
      6      1    2.0    0.0   0.81041E-01   0.25924E-02
      6      2    2.0    2.0   0.64231E+00   0.20546E-01
      2      1    2.0    0.0   0.31261E+02   0.10000E+01


                                                  CALCULATED YIELDS

     EXPERIMENT  1  DETECTOR  1
     ENERGY     43.000 MEV  THETA 134.000 DEG

     NI     NF     II     IF     YIELD     NORMALIZED YIELD

      5      4    8.0    6.0   0.16988E-04   0.55341E-06
      4      3    6.0    4.0   0.83599E-02   0.27233E-03
      4      7    6.0    4.0   0.19376E-06   0.63120E-08
      7      2    4.0    2.0   0.42555E-02   0.13863E-03
      7      3    4.0    4.0   0.49655E-02   0.16176E-03
      7      6    4.0    2.0   0.34650E-01   0.11287E-02
      3      2    4.0    2.0   0.85046E+00   0.27705E-01
      3      6    4.0    2.0   0.10136E-02   0.33020E-04
      6      1    2.0    0.0   0.81018E-01   0.26392E-02
      6      2    2.0    2.0   0.64784E+00   0.21104E-01
      2      1    2.0    0.0   0.30697E+02   0.10000E+01


                                                  CALCULATED YIELDS

     EXPERIMENT  1  DETECTOR  1
     ENERGY     43.000 MEV  THETA 136.000 DEG

     NI     NF     II     IF     YIELD     NORMALIZED YIELD

      5      4    8.0    6.0   0.17098E-04   0.56692E-06
      4      3    6.0    4.0   0.83953E-02   0.27836E-03
      4      7    6.0    4.0   0.19460E-06   0.64523E-08
      7      2    4.0    2.0   0.42365E-02   0.14047E-03
      7      3    4.0    4.0   0.49497E-02   0.16412E-03
      7      6    4.0    2.0   0.34495E-01   0.11437E-02
      3      2    4.0    2.0   0.84808E+00   0.28120E-01
      3      6    4.0    2.0   0.10109E-02   0.33519E-04
      6      1    2.0    0.0   0.80972E-01   0.26848E-02
      6      2    2.0    2.0   0.65318E+00   0.21658E-01
      2      1    2.0    0.0   0.30160E+02   0.10000E+01


                                                  CALCULATED YIELDS

     EXPERIMENT  1  DETECTOR  1
     ENERGY     43.000 MEV  THETA 138.000 DEG

     NI     NF     II     IF     YIELD     NORMALIZED YIELD

      5      4    8.0    6.0   0.17172E-04   0.57919E-06
      4      3    6.0    4.0   0.84211E-02   0.28404E-03
      4      7    6.0    4.0   0.19522E-06   0.65846E-08
      7      2    4.0    2.0   0.42154E-02   0.14218E-03
      7      3    4.0    4.0   0.49318E-02   0.16635E-03
      7      6    4.0    2.0   0.34324E-01   0.11577E-02
      3      2    4.0    2.0   0.84543E+00   0.28516E-01
      3      6    4.0    2.0   0.10079E-02   0.33995E-04
      6      1    2.0    0.0   0.80906E-01   0.27289E-02
      6      2    2.0    2.0   0.65832E+00   0.22205E-01
      2      1    2.0    0.0   0.29648E+02   0.10000E+01


                                                  CALCULATED YIELDS

     EXPERIMENT  1  DETECTOR  1
     ENERGY     43.000 MEV  THETA 140.000 DEG

     NI     NF     II     IF     YIELD     NORMALIZED YIELD

      5      4    8.0    6.0   0.17212E-04   0.59021E-06
      4      3    6.0    4.0   0.84381E-02   0.28936E-03
      4      7    6.0    4.0   0.19563E-06   0.67086E-08
      7      2    4.0    2.0   0.41927E-02   0.14378E-03
      7      3    4.0    4.0   0.49120E-02   0.16844E-03
      7      6    4.0    2.0   0.34140E-01   0.11707E-02
      3      2    4.0    2.0   0.84258E+00   0.28894E-01
      3      6    4.0    2.0   0.10046E-02   0.34449E-04
      6      1    2.0    0.0   0.80823E-01   0.27715E-02
      6      2    2.0    2.0   0.66324E+00   0.22744E-01
      2      1    2.0    0.0   0.29161E+02   0.10000E+01


                                                  CALCULATED YIELDS

     EXPERIMENT  1  DETECTOR  1
     ENERGY     43.000 MEV  THETA 142.000 DEG

     NI     NF     II     IF     YIELD     NORMALIZED YIELD

      5      4    8.0    6.0   0.17220E-04   0.60000E-06
      4      3    6.0    4.0   0.84473E-02   0.29432E-03
      4      7    6.0    4.0   0.19586E-06   0.68244E-08
      7      2    4.0    2.0   0.41687E-02   0.14525E-03
      7      3    4.0    4.0   0.48908E-02   0.17041E-03
      7      6    4.0    2.0   0.33945E-01   0.11827E-02
      3      2    4.0    2.0   0.83956E+00   0.29252E-01
      3      6    4.0    2.0   0.10011E-02   0.34880E-04
      6      1    2.0    0.0   0.80725E-01   0.28126E-02
      6      2    2.0    2.0   0.66795E+00   0.23273E-01
      2      1    2.0    0.0   0.28701E+02   0.10000E+01


                                                  CALCULATED YIELDS

     EXPERIMENT  1  DETECTOR  1
     ENERGY     43.000 MEV  THETA 144.000 DEG

     NI     NF     II     IF     YIELD     NORMALIZED YIELD

      5      4    8.0    6.0   0.17201E-04   0.60856E-06
      4      3    6.0    4.0   0.84493E-02   0.29893E-03
      4      7    6.0    4.0   0.19593E-06   0.69319E-08
      7      2    4.0    2.0   0.41435E-02   0.14660E-03
      7      3    4.0    4.0   0.48683E-02   0.17224E-03
      7      6    4.0    2.0   0.33741E-01   0.11937E-02
      3      2    4.0    2.0   0.83641E+00   0.29592E-01
      3      6    4.0    2.0   0.99745E-03   0.35289E-04
      6      1    2.0    0.0   0.80615E-01   0.28521E-02
      6      2    2.0    2.0   0.67244E+00   0.23791E-01
      2      1    2.0    0.0   0.28265E+02   0.10000E+01


                                                  CALCULATED YIELDS

     EXPERIMENT  1  DETECTOR  1
     ENERGY     43.000 MEV  THETA 146.000 DEG

     NI     NF     II     IF     YIELD     NORMALIZED YIELD

      5      4    8.0    6.0   0.17156E-04   0.61594E-06
      4      3    6.0    4.0   0.84450E-02   0.30319E-03
      4      7    6.0    4.0   0.19585E-06   0.70313E-08
      7      2    4.0    2.0   0.41176E-02   0.14783E-03
      7      3    4.0    4.0   0.48450E-02   0.17394E-03
      7      6    4.0    2.0   0.33530E-01   0.12038E-02
      3      2    4.0    2.0   0.83318E+00   0.29912E-01
      3      6    4.0    2.0   0.99371E-03   0.35676E-04
      6      1    2.0    0.0   0.80495E-01   0.28899E-02
      6      2    2.0    2.0   0.67670E+00   0.24295E-01
      2      1    2.0    0.0   0.27854E+02   0.10000E+01


                                                  CALCULATED YIELDS

     EXPERIMENT  1  DETECTOR  1
     ENERGY     43.000 MEV  THETA 148.000 DEG

     NI     NF     II     IF     YIELD     NORMALIZED YIELD

      5      4    8.0    6.0   0.17090E-04   0.62218E-06
      4      3    6.0    4.0   0.84354E-02   0.30710E-03
      4      7    6.0    4.0   0.19565E-06   0.71227E-08
      7      2    4.0    2.0   0.40913E-02   0.14895E-03
      7      3    4.0    4.0   0.48211E-02   0.17552E-03
      7      6    4.0    2.0   0.33316E-01   0.12129E-02
      3      2    4.0    2.0   0.82991E+00   0.30214E-01
      3      6    4.0    2.0   0.98992E-03   0.36039E-04
      6      1    2.0    0.0   0.80368E-01   0.29259E-02
      6      2    2.0    2.0   0.68073E+00   0.24783E-01
      2      1    2.0    0.0   0.27468E+02   0.10000E+01


                                                  CALCULATED YIELDS

     EXPERIMENT  1  DETECTOR  1
     ENERGY     43.000 MEV  THETA 150.000 DEG

     NI     NF     II     IF     YIELD     NORMALIZED YIELD

      5      4    8.0    6.0   0.17005E-04   0.62736E-06
      4      3    6.0    4.0   0.84213E-02   0.31068E-03
      4      7    6.0    4.0   0.19534E-06   0.72063E-08
      7      2    4.0    2.0   0.40648E-02   0.14996E-03
      7      3    4.0    4.0   0.47969E-02   0.17697E-03
      7      6    4.0    2.0   0.33101E-01   0.12212E-02
      3      2    4.0    2.0   0.82664E+00   0.30496E-01
      3      6    4.0    2.0   0.98611E-03   0.36379E-04
      6      1    2.0    0.0   0.80237E-01   0.29601E-02
      6      2    2.0    2.0   0.68454E+00   0.25254E-01
      2      1    2.0    0.0   0.27106E+02   0.10000E+01


                                                  CALCULATED YIELDS

     EXPERIMENT  1  DETECTOR  1
     ENERGY     43.000 MEV  THETA 152.000 DEG

     NI     NF     II     IF     YIELD     NORMALIZED YIELD

      5      4    8.0    6.0   0.16906E-04   0.63154E-06
      4      3    6.0    4.0   0.84034E-02   0.31392E-03
      4      7    6.0    4.0   0.19494E-06   0.72823E-08
      7      2    4.0    2.0   0.40384E-02   0.15086E-03
      7      3    4.0    4.0   0.47727E-02   0.17829E-03
      7      6    4.0    2.0   0.32887E-01   0.12286E-02
      3      2    4.0    2.0   0.82340E+00   0.30760E-01
      3      6    4.0    2.0   0.98235E-03   0.36697E-04
      6      1    2.0    0.0   0.80102E-01   0.29924E-02
      6      2    2.0    2.0   0.68810E+00   0.25705E-01
      2      1    2.0    0.0   0.26769E+02   0.10000E+01


                                                  CALCULATED YIELDS

     EXPERIMENT  1  DETECTOR  1
     ENERGY     43.000 MEV  THETA 154.000 DEG

     NI     NF     II     IF     YIELD     NORMALIZED YIELD

      5      4    8.0    6.0   0.16794E-04   0.63481E-06
      4      3    6.0    4.0   0.83827E-02   0.31686E-03
      4      7    6.0    4.0   0.19448E-06   0.73513E-08
      7      2    4.0    2.0   0.40125E-02   0.15167E-03
      7      3    4.0    4.0   0.47488E-02   0.17950E-03
      7      6    4.0    2.0   0.32677E-01   0.12351E-02
      3      2    4.0    2.0   0.82023E+00   0.31004E-01
      3      6    4.0    2.0   0.97866E-03   0.36992E-04
      6      1    2.0    0.0   0.79968E-01   0.30227E-02
      6      2    2.0    2.0   0.69143E+00   0.26135E-01
      2      1    2.0    0.0   0.26456E+02   0.10000E+01


                                                  CALCULATED YIELDS

     EXPERIMENT  1  DETECTOR  1
     ENERGY     43.000 MEV  THETA 156.000 DEG

     NI     NF     II     IF     YIELD     NORMALIZED YIELD

      5      4    8.0    6.0   0.16675E-04   0.63726E-06
      4      3    6.0    4.0   0.83599E-02   0.31949E-03
      4      7    6.0    4.0   0.19397E-06   0.74130E-08
      7      2    4.0    2.0   0.39873E-02   0.15238E-03
      7      3    4.0    4.0   0.47255E-02   0.18059E-03
      7      6    4.0    2.0   0.32472E-01   0.12410E-02
      3      2    4.0    2.0   0.81716E+00   0.31229E-01
      3      6    4.0    2.0   0.97509E-03   0.37265E-04
      6      1    2.0    0.0   0.79834E-01   0.30510E-02
      6      2    2.0    2.0   0.69452E+00   0.26542E-01
      2      1    2.0    0.0   0.26166E+02   0.10000E+01


                                                  CALCULATED YIELDS

     EXPERIMENT  1  DETECTOR  1
     ENERGY     43.000 MEV  THETA 158.000 DEG

     NI     NF     II     IF     YIELD     NORMALIZED YIELD

      5      4    8.0    6.0   0.16551E-04   0.63900E-06
      4      3    6.0    4.0   0.83359E-02   0.32184E-03
      4      7    6.0    4.0   0.19343E-06   0.74681E-08
      7      2    4.0    2.0   0.39631E-02   0.15301E-03
      7      3    4.0    4.0   0.47030E-02   0.18158E-03
      7      6    4.0    2.0   0.32275E-01   0.12461E-02
      3      2    4.0    2.0   0.81422E+00   0.31436E-01
      3      6    4.0    2.0   0.97166E-03   0.37515E-04
      6      1    2.0    0.0   0.79705E-01   0.30773E-02
      6      2    2.0    2.0   0.69737E+00   0.26924E-01
      2      1    2.0    0.0   0.25901E+02   0.10000E+01


                                                  CALCULATED YIELDS

     EXPERIMENT  1  DETECTOR  1
     ENERGY     43.000 MEV  THETA 160.000 DEG

     NI     NF     II     IF     YIELD     NORMALIZED YIELD

      5      4    8.0    6.0   0.16425E-04   0.64013E-06
      4      3    6.0    4.0   0.83112E-02   0.32391E-03
      4      7    6.0    4.0   0.19288E-06   0.75169E-08
      7      2    4.0    2.0   0.39400E-02   0.15355E-03
      7      3    4.0    4.0   0.46816E-02   0.18246E-03
      7      6    4.0    2.0   0.32088E-01   0.12505E-02
      3      2    4.0    2.0   0.81144E+00   0.31624E-01
      3      6    4.0    2.0   0.96842E-03   0.37742E-04
      6      1    2.0    0.0   0.79580E-01   0.31014E-02
      6      2    2.0    2.0   0.69997E+00   0.27280E-01
      2      1    2.0    0.0   0.25659E+02   0.10000E+01


                                                  CALCULATED YIELDS

     EXPERIMENT  1  DETECTOR  1
     ENERGY     44.000 MEV  THETA 132.000 DEG

     NI     NF     II     IF     YIELD     NORMALIZED YIELD

      5      4    8.0    6.0   0.23590E-04   0.72944E-06
      4      3    6.0    4.0   0.10429E-01   0.32247E-03
      4      7    6.0    4.0   0.24168E-06   0.74732E-08
      7      2    4.0    2.0   0.51176E-02   0.15824E-03
      7      3    4.0    4.0   0.59634E-02   0.18440E-03
      7      6    4.0    2.0   0.41668E-01   0.12884E-02
      3      2    4.0    2.0   0.96632E+00   0.29880E-01
      3      6    4.0    2.0   0.11516E-02   0.35609E-04
      6      1    2.0    0.0   0.90013E-01   0.27834E-02
      6      2    2.0    2.0   0.71264E+00   0.22036E-01
      2      1    2.0    0.0   0.32340E+02   0.10000E+01


                                                  CALCULATED YIELDS

     EXPERIMENT  1  DETECTOR  1
     ENERGY     44.000 MEV  THETA 134.000 DEG

     NI     NF     II     IF     YIELD     NORMALIZED YIELD

      5      4    8.0    6.0   0.23835E-04   0.75045E-06
      4      3    6.0    4.0   0.10496E-01   0.33047E-03
      4      7    6.0    4.0   0.24327E-06   0.76594E-08
      7      2    4.0    2.0   0.51022E-02   0.16065E-03
      7      3    4.0    4.0   0.59530E-02   0.18743E-03
      7      6    4.0    2.0   0.41544E-01   0.13080E-02
      3      2    4.0    2.0   0.96436E+00   0.30363E-01
      3      6    4.0    2.0   0.11494E-02   0.36189E-04
      6      1    2.0    0.0   0.90031E-01   0.28347E-02
      6      2    2.0    2.0   0.71906E+00   0.22640E-01
      2      1    2.0    0.0   0.31761E+02   0.10000E+01


                                                  CALCULATED YIELDS

     EXPERIMENT  1  DETECTOR  1
     ENERGY     44.000 MEV  THETA 136.000 DEG

     NI     NF     II     IF     YIELD     NORMALIZED YIELD

      5      4    8.0    6.0   0.24027E-04   0.76989E-06
      4      3    6.0    4.0   0.10551E-01   0.33807E-03
      4      7    6.0    4.0   0.24456E-06   0.78363E-08
      7      2    4.0    2.0   0.50840E-02   0.16290E-03
      7      3    4.0    4.0   0.59395E-02   0.19032E-03
      7      6    4.0    2.0   0.41396E-01   0.13264E-02
      3      2    4.0    2.0   0.96206E+00   0.30827E-01
      3      6    4.0    2.0   0.11468E-02   0.36745E-04
      6      1    2.0    0.0   0.90023E-01   0.28846E-02
      6      2    2.0    2.0   0.72524E+00   0.23239E-01
      2      1    2.0    0.0   0.31208E+02   0.10000E+01


                                                  CALCULATED YIELDS

     EXPERIMENT  1  DETECTOR  1
     ENERGY     44.000 MEV  THETA 138.000 DEG

     NI     NF     II     IF     YIELD     NORMALIZED YIELD

      5      4    8.0    6.0   0.24169E-04   0.78771E-06
      4      3    6.0    4.0   0.10593E-01   0.34525E-03
      4      7    6.0    4.0   0.24557E-06   0.80035E-08
      7      2    4.0    2.0   0.50633E-02   0.16502E-03
      7      3    4.0    4.0   0.59234E-02   0.19305E-03
      7      6    4.0    2.0   0.41228E-01   0.13437E-02
      3      2    4.0    2.0   0.95944E+00   0.31270E-01
      3      6    4.0    2.0   0.11438E-02   0.37277E-04
      6      1    2.0    0.0   0.89991E-01   0.29330E-02
      6      2    2.0    2.0   0.73118E+00   0.23830E-01
      2      1    2.0    0.0   0.30683E+02   0.10000E+01


                                                  CALCULATED YIELDS

     EXPERIMENT  1  DETECTOR  1
     ENERGY     44.000 MEV  THETA 140.000 DEG

     NI     NF     II     IF     YIELD     NORMALIZED YIELD

      5      4    8.0    6.0   0.24264E-04   0.80389E-06
      4      3    6.0    4.0   0.10625E-01   0.35200E-03
      4      7    6.0    4.0   0.24633E-06   0.81610E-08
      7      2    4.0    2.0   0.50403E-02   0.16699E-03
      7      3    4.0    4.0   0.59048E-02   0.19563E-03
      7      6    4.0    2.0   0.41042E-01   0.13597E-02
      3      2    4.0    2.0   0.95658E+00   0.31692E-01
      3      6    4.0    2.0   0.11405E-02   0.37785E-04
      6      1    2.0    0.0   0.89939E-01   0.29797E-02
      6      2    2.0    2.0   0.73688E+00   0.24413E-01
      2      1    2.0    0.0   0.30183E+02   0.10000E+01


                                                  CALCULATED YIELDS

     EXPERIMENT  1  DETECTOR  1
     ENERGY     44.000 MEV  THETA 142.000 DEG

     NI     NF     II     IF     YIELD     NORMALIZED YIELD

      5      4    8.0    6.0   0.24315E-04   0.81841E-06
      4      3    6.0    4.0   0.10646E-01   0.35833E-03
      4      7    6.0    4.0   0.24685E-06   0.83085E-08
      7      2    4.0    2.0   0.50156E-02   0.16882E-03
      7      3    4.0    4.0   0.58843E-02   0.19805E-03
      7      6    4.0    2.0   0.40841E-01   0.13746E-02
      3      2    4.0    2.0   0.95352E+00   0.32094E-01
      3      6    4.0    2.0   0.11370E-02   0.38268E-04
      6      1    2.0    0.0   0.89868E-01   0.30248E-02
      6      2    2.0    2.0   0.74233E+00   0.24986E-01
      2      1    2.0    0.0   0.29710E+02   0.10000E+01


                                                  CALCULATED YIELDS

     EXPERIMENT  1  DETECTOR  1
     ENERGY     44.000 MEV  THETA 144.000 DEG

     NI     NF     II     IF     YIELD     NORMALIZED YIELD

      5      4    8.0    6.0   0.24326E-04   0.83131E-06
      4      3    6.0    4.0   0.10658E-01   0.36423E-03
      4      7    6.0    4.0   0.24716E-06   0.84462E-08
      7      2    4.0    2.0   0.49895E-02   0.17050E-03
      7      3    4.0    4.0   0.58621E-02   0.20032E-03
      7      6    4.0    2.0   0.40629E-01   0.13884E-02
      3      2    4.0    2.0   0.95030E+00   0.32474E-01
      3      6    4.0    2.0   0.11333E-02   0.38726E-04
      6      1    2.0    0.0   0.89783E-01   0.30681E-02
      6      2    2.0    2.0   0.74752E+00   0.25545E-01
      2      1    2.0    0.0   0.29263E+02   0.10000E+01


                                                  CALCULATED YIELDS

     EXPERIMENT  1  DETECTOR  1
     ENERGY     44.000 MEV  THETA 146.000 DEG

     NI     NF     II     IF     YIELD     NORMALIZED YIELD

      5      4    8.0    6.0   0.24302E-04   0.84260E-06
      4      3    6.0    4.0   0.10663E-01   0.36970E-03
      4      7    6.0    4.0   0.24728E-06   0.85740E-08
      7      2    4.0    2.0   0.49622E-02   0.17205E-03
      7      3    4.0    4.0   0.58386E-02   0.20244E-03
      7      6    4.0    2.0   0.40408E-01   0.14010E-02
      3      2    4.0    2.0   0.94697E+00   0.32834E-01
      3      6    4.0    2.0   0.11294E-02   0.39159E-04
      6      1    2.0    0.0   0.89685E-01   0.31096E-02
      6      2    2.0    2.0   0.75245E+00   0.26089E-01
      2      1    2.0    0.0   0.28841E+02   0.10000E+01


                                                  CALCULATED YIELDS

     EXPERIMENT  1  DETECTOR  1
     ENERGY     44.000 MEV  THETA 148.000 DEG

     NI     NF     II     IF     YIELD     NORMALIZED YIELD

      5      4    8.0    6.0   0.24245E-04   0.85236E-06
      4      3    6.0    4.0   0.10660E-01   0.37475E-03
      4      7    6.0    4.0   0.24724E-06   0.86920E-08
      7      2    4.0    2.0   0.49342E-02   0.17346E-03
      7      3    4.0    4.0   0.58143E-02   0.20440E-03
      7      6    4.0    2.0   0.40180E-01   0.14126E-02
      3      2    4.0    2.0   0.94359E+00   0.33172E-01
      3      6    4.0    2.0   0.11255E-02   0.39567E-04
      6      1    2.0    0.0   0.89578E-01   0.31492E-02
      6      2    2.0    2.0   0.75711E+00   0.26617E-01
      2      1    2.0    0.0   0.28445E+02   0.10000E+01


                                                  CALCULATED YIELDS

     EXPERIMENT  1  DETECTOR  1
     ENERGY     44.000 MEV  THETA 150.000 DEG

     NI     NF     II     IF     YIELD     NORMALIZED YIELD

      5      4    8.0    6.0   0.24162E-04   0.86066E-06
      4      3    6.0    4.0   0.10651E-01   0.37939E-03
      4      7    6.0    4.0   0.24706E-06   0.88005E-08
      7      2    4.0    2.0   0.49058E-02   0.17475E-03
      7      3    4.0    4.0   0.57893E-02   0.20622E-03
      7      6    4.0    2.0   0.39950E-01   0.14230E-02
      3      2    4.0    2.0   0.94018E+00   0.33490E-01
      3      6    4.0    2.0   0.11215E-02   0.39950E-04
      6      1    2.0    0.0   0.89463E-01   0.31867E-02
      6      2    2.0    2.0   0.76150E+00   0.27125E-01
      2      1    2.0    0.0   0.28074E+02   0.10000E+01


                                                  CALCULATED YIELDS

     EXPERIMENT  1  DETECTOR  1
     ENERGY     44.000 MEV  THETA 152.000 DEG

     NI     NF     II     IF     YIELD     NORMALIZED YIELD

      5      4    8.0    6.0   0.24056E-04   0.86758E-06
      4      3    6.0    4.0   0.10637E-01   0.38363E-03
      4      7    6.0    4.0   0.24677E-06   0.88996E-08
      7      2    4.0    2.0   0.48774E-02   0.17590E-03
      7      3    4.0    4.0   0.57641E-02   0.20788E-03
      7      6    4.0    2.0   0.39719E-01   0.14325E-02
      3      2    4.0    2.0   0.93680E+00   0.33786E-01
      3      6    4.0    2.0   0.11176E-02   0.40307E-04
      6      1    2.0    0.0   0.89344E-01   0.32222E-02
      6      2    2.0    2.0   0.76563E+00   0.27612E-01
      2      1    2.0    0.0   0.27728E+02   0.10000E+01


                                                  CALCULATED YIELDS

     EXPERIMENT  1  DETECTOR  1
     ENERGY     44.000 MEV  THETA 154.000 DEG

     NI     NF     II     IF     YIELD     NORMALIZED YIELD

      5      4    8.0    6.0   0.23933E-04   0.87325E-06
      4      3    6.0    4.0   0.10619E-01   0.38748E-03
      4      7    6.0    4.0   0.24637E-06   0.89896E-08
      7      2    4.0    2.0   0.48493E-02   0.17694E-03
      7      3    4.0    4.0   0.57391E-02   0.20941E-03
      7      6    4.0    2.0   0.39491E-01   0.14409E-02
      3      2    4.0    2.0   0.93348E+00   0.34061E-01
      3      6    4.0    2.0   0.11138E-02   0.40639E-04
      6      1    2.0    0.0   0.89223E-01   0.32555E-02
      6      2    2.0    2.0   0.76947E+00   0.28076E-01
      2      1    2.0    0.0   0.27406E+02   0.10000E+01


                                                  CALCULATED YIELDS

     EXPERIMENT  1  DETECTOR  1
     ENERGY     44.000 MEV  THETA 156.000 DEG

     NI     NF     II     IF     YIELD     NORMALIZED YIELD

      5      4    8.0    6.0   0.23796E-04   0.87777E-06
      4      3    6.0    4.0   0.10598E-01   0.39095E-03
      4      7    6.0    4.0   0.24591E-06   0.90710E-08
      7      2    4.0    2.0   0.48218E-02   0.17786E-03
      7      3    4.0    4.0   0.57145E-02   0.21079E-03
      7      6    4.0    2.0   0.39268E-01   0.14485E-02
      3      2    4.0    2.0   0.93025E+00   0.34314E-01
      3      6    4.0    2.0   0.11100E-02   0.40945E-04
      6      1    2.0    0.0   0.89101E-01   0.32867E-02
      6      2    2.0    2.0   0.77304E+00   0.28515E-01
      2      1    2.0    0.0   0.27110E+02   0.10000E+01


                                                  CALCULATED YIELDS

     EXPERIMENT  1  DETECTOR  1
     ENERGY     44.000 MEV  THETA 158.000 DEG

     NI     NF     II     IF     YIELD     NORMALIZED YIELD

      5      4    8.0    6.0   0.23651E-04   0.88126E-06
      4      3    6.0    4.0   0.10575E-01   0.39405E-03
      4      7    6.0    4.0   0.24540E-06   0.91439E-08
      7      2    4.0    2.0   0.47953E-02   0.17868E-03
      7      3    4.0    4.0   0.56906E-02   0.21204E-03
      7      6    4.0    2.0   0.39052E-01   0.14552E-02
      3      2    4.0    2.0   0.92716E+00   0.34547E-01
      3      6    4.0    2.0   0.11064E-02   0.41227E-04
      6      1    2.0    0.0   0.88981E-01   0.33156E-02
      6      2    2.0    2.0   0.77633E+00   0.28927E-01
      2      1    2.0    0.0   0.26837E+02   0.10000E+01


                                                  CALCULATED YIELDS

     EXPERIMENT  1  DETECTOR  1
     ENERGY     44.000 MEV  THETA 160.000 DEG

     NI     NF     II     IF     YIELD     NORMALIZED YIELD

      5      4    8.0    6.0   0.23501E-04   0.88387E-06
      4      3    6.0    4.0   0.10551E-01   0.39682E-03
      4      7    6.0    4.0   0.24486E-06   0.92088E-08
      7      2    4.0    2.0   0.47700E-02   0.17940E-03
      7      3    4.0    4.0   0.56678E-02   0.21316E-03
      7      6    4.0    2.0   0.38847E-01   0.14610E-02
      3      2    4.0    2.0   0.92422E+00   0.34759E-01
      3      6    4.0    2.0   0.11030E-02   0.41483E-04
      6      1    2.0    0.0   0.88865E-01   0.33421E-02
      6      2    2.0    2.0   0.77934E+00   0.29310E-01
      2      1    2.0    0.0   0.26589E+02   0.10000E+01


                                                  CALCULATED YIELDS

     EXPERIMENT  1  DETECTOR  1
     ENERGY     45.000 MEV  THETA 132.000 DEG

     NI     NF     II     IF     YIELD     NORMALIZED YIELD

      5      4    8.0    6.0   0.32598E-04   0.97616E-06
      4      3    6.0    4.0   0.12963E-01   0.38819E-03
      4      7    6.0    4.0   0.30042E-06   0.89961E-08
      7      2    4.0    2.0   0.60872E-02   0.18228E-03
      7      3    4.0    4.0   0.70926E-02   0.21239E-03
      7      6    4.0    2.0   0.49562E-01   0.14842E-02
      3      2    4.0    2.0   0.10896E+01   0.32628E-01
      3      6    4.0    2.0   0.12985E-02   0.38883E-04
      6      1    2.0    0.0   0.99620E-01   0.29831E-02
      6      2    2.0    2.0   0.78783E+00   0.23592E-01
      2      1    2.0    0.0   0.33394E+02   0.10000E+01


                                                  CALCULATED YIELDS

     EXPERIMENT  1  DETECTOR  1
     ENERGY     45.000 MEV  THETA 134.000 DEG

     NI     NF     II     IF     YIELD     NORMALIZED YIELD

      5      4    8.0    6.0   0.32987E-04   0.10057E-05
      4      3    6.0    4.0   0.13059E-01   0.39814E-03
      4      7    6.0    4.0   0.30267E-06   0.92277E-08
      7      2    4.0    2.0   0.60743E-02   0.18519E-03
      7      3    4.0    4.0   0.70866E-02   0.21606E-03
      7      6    4.0    2.0   0.49458E-01   0.15079E-02
      3      2    4.0    2.0   0.10878E+01   0.33165E-01
      3      6    4.0    2.0   0.12965E-02   0.39527E-04
      6      1    2.0    0.0   0.99685E-01   0.30392E-02
      6      2    2.0    2.0   0.79519E+00   0.24244E-01
      2      1    2.0    0.0   0.32800E+02   0.10000E+01


                                                  CALCULATED YIELDS

     EXPERIMENT  1  DETECTOR  1
     ENERGY     45.000 MEV  THETA 136.000 DEG

     NI     NF     II     IF     YIELD     NORMALIZED YIELD

      5      4    8.0    6.0   0.33303E-04   0.10332E-05
      4      3    6.0    4.0   0.13139E-01   0.40762E-03
      4      7    6.0    4.0   0.30455E-06   0.94482E-08
      7      2    4.0    2.0   0.60578E-02   0.18794E-03
      7      3    4.0    4.0   0.70768E-02   0.21955E-03
      7      6    4.0    2.0   0.49325E-01   0.15302E-02
      3      2    4.0    2.0   0.10856E+01   0.33680E-01
      3      6    4.0    2.0   0.12940E-02   0.40145E-04
      6      1    2.0    0.0   0.99720E-01   0.30937E-02
      6      2    2.0    2.0   0.80229E+00   0.24890E-01
      2      1    2.0    0.0   0.32233E+02   0.10000E+01


                                                  CALCULATED YIELDS

     EXPERIMENT  1  DETECTOR  1
     ENERGY     45.000 MEV  THETA 138.000 DEG

     NI     NF     II     IF     YIELD     NORMALIZED YIELD

      5      4    8.0    6.0   0.33551E-04   0.10586E-05
      4      3    6.0    4.0   0.13204E-01   0.41660E-03
      4      7    6.0    4.0   0.30609E-06   0.96575E-08
      7      2    4.0    2.0   0.60382E-02   0.19051E-03
      7      3    4.0    4.0   0.70635E-02   0.22287E-03
      7      6    4.0    2.0   0.49166E-01   0.15513E-02
      3      2    4.0    2.0   0.10831E+01   0.34172E-01
      3      6    4.0    2.0   0.12911E-02   0.40737E-04
      6      1    2.0    0.0   0.99727E-01   0.31466E-02
      6      2    2.0    2.0   0.80911E+00   0.25529E-01
      2      1    2.0    0.0   0.31694E+02   0.10000E+01


                                                  CALCULATED YIELDS

     EXPERIMENT  1  DETECTOR  1
     ENERGY     45.000 MEV  THETA 140.000 DEG

     NI     NF     II     IF     YIELD     NORMALIZED YIELD

      5      4    8.0    6.0   0.33734E-04   0.10819E-05
      4      3    6.0    4.0   0.13255E-01   0.42508E-03
      4      7    6.0    4.0   0.30730E-06   0.98551E-08
      7      2    4.0    2.0   0.60158E-02   0.19293E-03
      7      3    4.0    4.0   0.70473E-02   0.22600E-03
      7      6    4.0    2.0   0.48984E-01   0.15709E-02
      3      2    4.0    2.0   0.10802E+01   0.34642E-01
      3      6    4.0    2.0   0.12879E-02   0.41302E-04
      6      1    2.0    0.0   0.99711E-01   0.31977E-02
      6      2    2.0    2.0   0.81564E+00   0.26158E-01
      2      1    2.0    0.0   0.31182E+02   0.10000E+01


                                                  CALCULATED YIELDS

     EXPERIMENT  1  DETECTOR  1
     ENERGY     45.000 MEV  THETA 142.000 DEG

     NI     NF     II     IF     YIELD     NORMALIZED YIELD

      5      4    8.0    6.0   0.33857E-04   0.11029E-05
      4      3    6.0    4.0   0.13293E-01   0.43305E-03
      4      7    6.0    4.0   0.30822E-06   0.10041E-07
      7      2    4.0    2.0   0.59911E-02   0.19517E-03
      7      3    4.0    4.0   0.70284E-02   0.22896E-03
      7      6    4.0    2.0   0.48784E-01   0.15892E-02
      3      2    4.0    2.0   0.10771E+01   0.35090E-01
      3      6    4.0    2.0   0.12844E-02   0.41840E-04
      6      1    2.0    0.0   0.99672E-01   0.32470E-02
      6      2    2.0    2.0   0.82189E+00   0.26775E-01
      2      1    2.0    0.0   0.30697E+02   0.10000E+01


                                                  CALCULATED YIELDS

     EXPERIMENT  1  DETECTOR  1
     ENERGY     45.000 MEV  THETA 144.000 DEG

     NI     NF     II     IF     YIELD     NORMALIZED YIELD

      5      4    8.0    6.0   0.33923E-04   0.11219E-05
      4      3    6.0    4.0   0.13320E-01   0.44051E-03
      4      7    6.0    4.0   0.30888E-06   0.10215E-07
      7      2    4.0    2.0   0.59644E-02   0.19725E-03
      7      3    4.0    4.0   0.70074E-02   0.23174E-03
      7      6    4.0    2.0   0.48568E-01   0.16062E-02
      3      2    4.0    2.0   0.10739E+01   0.35514E-01
      3      6    4.0    2.0   0.12806E-02   0.42351E-04
      6      1    2.0    0.0   0.99616E-01   0.32944E-02
      6      2    2.0    2.0   0.82784E+00   0.27377E-01
      2      1    2.0    0.0   0.30238E+02   0.10000E+01


                                                  CALCULATED YIELDS

     EXPERIMENT  1  DETECTOR  1
     ENERGY     45.000 MEV  THETA 146.000 DEG

     NI     NF     II     IF     YIELD     NORMALIZED YIELD

      5      4    8.0    6.0   0.33940E-04   0.11387E-05
      4      3    6.0    4.0   0.13337E-01   0.44745E-03
      4      7    6.0    4.0   0.30929E-06   0.10377E-07
      7      2    4.0    2.0   0.59363E-02   0.19917E-03
      7      3    4.0    4.0   0.69846E-02   0.23434E-03
      7      6    4.0    2.0   0.48339E-01   0.16218E-02
      3      2    4.0    2.0   0.10705E+01   0.35915E-01
      3      6    4.0    2.0   0.12767E-02   0.42834E-04
      6      1    2.0    0.0   0.99544E-01   0.33398E-02
      6      2    2.0    2.0   0.83349E+00   0.27964E-01
      2      1    2.0    0.0   0.29806E+02   0.10000E+01


                                                  CALCULATED YIELDS

     EXPERIMENT  1  DETECTOR  1
     ENERGY     45.000 MEV  THETA 148.000 DEG

     NI     NF     II     IF     YIELD     NORMALIZED YIELD

      5      4    8.0    6.0   0.33911E-04   0.11535E-05
      4      3    6.0    4.0   0.13344E-01   0.45389E-03
      4      7    6.0    4.0   0.30950E-06   0.10527E-07
      7      2    4.0    2.0   0.59070E-02   0.20092E-03
      7      3    4.0    4.0   0.69605E-02   0.23676E-03
      7      6    4.0    2.0   0.48102E-01   0.16362E-02
      3      2    4.0    2.0   0.10670E+01   0.36293E-01
      3      6    4.0    2.0   0.12727E-02   0.43289E-04
      6      1    2.0    0.0   0.99460E-01   0.33831E-02
      6      2    2.0    2.0   0.83883E+00   0.28532E-01
      2      1    2.0    0.0   0.29399E+02   0.10000E+01


                                                  CALCULATED YIELDS

     EXPERIMENT  1  DETECTOR  1
     ENERGY     45.000 MEV  THETA 150.000 DEG

     NI     NF     II     IF     YIELD     NORMALIZED YIELD

      5      4    8.0    6.0   0.33844E-04   0.11663E-05
      4      3    6.0    4.0   0.13344E-01   0.45982E-03
      4      7    6.0    4.0   0.30952E-06   0.10666E-07
      7      2    4.0    2.0   0.58771E-02   0.20253E-03
      7      3    4.0    4.0   0.69354E-02   0.23900E-03
      7      6    4.0    2.0   0.47859E-01   0.16492E-02
      3      2    4.0    2.0   0.10635E+01   0.36647E-01
      3      6    4.0    2.0   0.12686E-02   0.43716E-04
      6      1    2.0    0.0   0.99366E-01   0.34242E-02
      6      2    2.0    2.0   0.84387E+00   0.29080E-01
      2      1    2.0    0.0   0.29019E+02   0.10000E+01


                                                  CALCULATED YIELDS

     EXPERIMENT  1  DETECTOR  1
     ENERGY     45.000 MEV  THETA 152.000 DEG

     NI     NF     II     IF     YIELD     NORMALIZED YIELD

      5      4    8.0    6.0   0.33744E-04   0.11772E-05
      4      3    6.0    4.0   0.13336E-01   0.46526E-03
      4      7    6.0    4.0   0.30938E-06   0.10793E-07
      7      2    4.0    2.0   0.58469E-02   0.20398E-03
      7      3    4.0    4.0   0.69098E-02   0.24106E-03
      7      6    4.0    2.0   0.47614E-01   0.16611E-02
      3      2    4.0    2.0   0.10600E+01   0.36978E-01
      3      6    4.0    2.0   0.12645E-02   0.44115E-04
      6      1    2.0    0.0   0.99266E-01   0.34631E-02
      6      2    2.0    2.0   0.84859E+00   0.29605E-01
      2      1    2.0    0.0   0.28664E+02   0.10000E+01


                                                  CALCULATED YIELDS

     EXPERIMENT  1  DETECTOR  1
     ENERGY     45.000 MEV  THETA 154.000 DEG

     NI     NF     II     IF     YIELD     NORMALIZED YIELD

      5      4    8.0    6.0   0.33617E-04   0.11864E-05
      4      3    6.0    4.0   0.13324E-01   0.47023E-03
      4      7    6.0    4.0   0.30912E-06   0.10909E-07
      7      2    4.0    2.0   0.58168E-02   0.20529E-03
      7      3    4.0    4.0   0.68841E-02   0.24295E-03
      7      6    4.0    2.0   0.47370E-01   0.16718E-02
      3      2    4.0    2.0   0.10565E+01   0.37286E-01
      3      6    4.0    2.0   0.12605E-02   0.44486E-04
      6      1    2.0    0.0   0.99160E-01   0.34996E-02
      6      2    2.0    2.0   0.85300E+00   0.30104E-01
      2      1    2.0    0.0   0.28335E+02   0.10000E+01


                                                  CALCULATED YIELDS

     EXPERIMENT  1  DETECTOR  1
     ENERGY     45.000 MEV  THETA 156.000 DEG

     NI     NF     II     IF     YIELD     NORMALIZED YIELD

      5      4    8.0    6.0   0.33469E-04   0.11940E-05
      4      3    6.0    4.0   0.13307E-01   0.47472E-03
      4      7    6.0    4.0   0.30875E-06   0.11015E-07
      7      2    4.0    2.0   0.57873E-02   0.20646E-03
      7      3    4.0    4.0   0.68586E-02   0.24468E-03
      7      6    4.0    2.0   0.47130E-01   0.16814E-02
      3      2    4.0    2.0   0.10531E+01   0.37570E-01
      3      6    4.0    2.0   0.12566E-02   0.44829E-04
      6      1    2.0    0.0   0.99053E-01   0.35337E-02
      6      2    2.0    2.0   0.85709E+00   0.30577E-01
      2      1    2.0    0.0   0.28031E+02   0.10000E+01


                                                  CALCULATED YIELDS

     EXPERIMENT  1  DETECTOR  1
     ENERGY     45.000 MEV  THETA 158.000 DEG

     NI     NF     II     IF     YIELD     NORMALIZED YIELD

      5      4    8.0    6.0   0.33308E-04   0.12002E-05
      4      3    6.0    4.0   0.13287E-01   0.47877E-03
      4      7    6.0    4.0   0.30831E-06   0.11110E-07
      7      2    4.0    2.0   0.57586E-02   0.20751E-03
      7      3    4.0    4.0   0.68337E-02   0.24624E-03
      7      6    4.0    2.0   0.46898E-01   0.16899E-02
      3      2    4.0    2.0   0.10499E+01   0.37831E-01
      3      6    4.0    2.0   0.12528E-02   0.45145E-04
      6      1    2.0    0.0   0.98945E-01   0.35654E-02
      6      2    2.0    2.0   0.86085E+00   0.31020E-01
      2      1    2.0    0.0   0.27752E+02   0.10000E+01


                                                  CALCULATED YIELDS

     EXPERIMENT  1  DETECTOR  1
     ENERGY     45.000 MEV  THETA 160.000 DEG

     NI     NF     II     IF     YIELD     NORMALIZED YIELD

      5      4    8.0    6.0   0.33137E-04   0.12051E-05
      4      3    6.0    4.0   0.13265E-01   0.48239E-03
      4      7    6.0    4.0   0.30782E-06   0.11195E-07
      7      2    4.0    2.0   0.57312E-02   0.20843E-03
      7      3    4.0    4.0   0.68097E-02   0.24765E-03
      7      6    4.0    2.0   0.46675E-01   0.16974E-02
      3      2    4.0    2.0   0.10468E+01   0.38069E-01
      3      6    4.0    2.0   0.12493E-02   0.45432E-04
      6      1    2.0    0.0   0.98840E-01   0.35945E-02
      6      2    2.0    2.0   0.86430E+00   0.31432E-01
      2      1    2.0    0.0   0.27497E+02   0.10000E+01





     INTEGRATED RUTHERFORD CROSS SECTION=.8559E+03  FOR EXP. 1





                                                  INTEGRATED YIELDS

     EXPERIMENT  1  DETECTOR  1
     ENERGY RANGE   42.000---  45.000 MEV   SCATTERING ANGLE RANGE 132.000---160.000 DEG

     NI     NF     II     IF     YIELD     NORMALIZED YIELD

      5      4    8.0    6.0   0.15549E-04   0.72947E-06
      4      3    6.0    4.0   0.70871E-02   0.33248E-03
      4      7    6.0    4.0   0.16434E-06   0.77100E-08
      7      2    4.0    2.0   0.33841E-02   0.15876E-03
      7      3    4.0    4.0   0.39767E-02   0.18656E-03
      7      6    4.0    2.0   0.27556E-01   0.12928E-02
      3      2    4.0    2.0   0.66005E+00   0.30965E-01
      3      6    4.0    2.0   0.78712E-03   0.36927E-04
      6      1    2.0    0.0   0.62913E-01   0.29515E-02
      6      2    2.0    2.0   0.52391E+00   0.24579E-01
      2      1    2.0    0.0   0.21316E+02   0.10000E+01


                                                  CALCULATED YIELDS

     EXPERIMENT  1  DETECTOR  1
     ENERGY     43.750 MEV  THETA 135.400 DEG

     NI     NF     II     IF     YIELD     NORMALIZED YIELD

      5      4    8.0    6.0   0.15484E-04   0.70883E-06
      4      3    6.0    4.0   0.69934E-02   0.32015E-03
      4      7    6.0    4.0   0.16210E-06   0.74207E-08
      7      2    4.0    2.0   0.34171E-02   0.15643E-03
      7      3    4.0    4.0   0.39906E-02   0.18268E-03
      7      6    4.0    2.0   0.27823E-01   0.12737E-02
      3      2    4.0    2.0   0.65539E+00   0.30003E-01
      3      6    4.0    2.0   0.78120E-03   0.35762E-04
      6      1    2.0    0.0   0.61585E-01   0.28193E-02
      6      2    2.0    2.0   0.49502E+00   0.22661E-01
      2      1    2.0    0.0   0.21844E+02   0.10000E+01



          EXPERIMENT  1        DETECTOR  1

         NI     NF     YEXP        YCOR        COR.F

        4        3   .166E+04    .160E+04    .963E+00
        7        6   .625E+04    .616E+04    .985E+00
        3        2   .149E+06    .145E+06    .969E+00
        6        1   .143E+05    .136E+05    .955E+00
        6        2   .118E+06    .109E+06    .922E+00
        2        1   .484E+07    .484E+07    .100E+01
               ********* END OF EXECUTION **********
