1
 *****************************************************************************************************************************
 *****************************************************************************************************************************
 **************************************************                         **************************************************
 **************************************************          GOSIA          **************************************************
 **************************************************                         **************************************************
 *****************************************************************************************************************************
 *****************************************************************************************************************************





                    ROCHESTER COULOMB EXCITATION DATA ANALYSIS CODE BY T.CZOSNYKA,D.CLINE AND C.Y.WU
                                                  VERS. 20110524.2   NOV 2011






          14C beam on 194Pt target integration                                            
          ----------------------------------------------------------------------------------------------------

                                        LEVELS

     INDEX     PARITY         SPIN           ENERGY(MEV)
       1           +           0.0            0.0000
       2           +           2.0            0.3280
       3           +           4.0            0.8110
       4           +           6.0            1.4118
       5           +           8.0            2.0995
       6           +           2.0            0.6220

                                        MATRIX ELEMENTS


     MULTIPOLARITY=2
    INDEX   NF     NS          ME               LIMITS
       1      1      2        1.28108        0.00010        3.00000
       2      1      6        0.09835       -2.00000        2.00000
       3      2      2        0.83000       -2.00000        2.00000
       4      2      3        2.25913        0.00010        3.00000
       5      2      6        1.72302       -2.00000        2.00000
       6      3      3        0.10000       -2.00000        2.00000
       7      3      4        2.41057        0.00010        3.00000
       8      3      6        0.10000       -2.00000        2.00000
       9      4      4        0.10000       -2.00000        2.00000
      10      4      5        2.41057        0.00010        3.00000
      11      6      6       -0.65960       -2.00000        2.00000
     MULTIPOLARITY=7
    INDEX   NF     NS          ME               LIMITS
      12      2      6        0.02992       -2.00000        2.00000

                                               REPRINT OF EXPERIMENTAL DATA TO BE FITTED





     EXPERIMENT  1
  PROJECTILE ( 78.,194.)  45.000 MEV ---1 GE(LI) DETECTOR(S)  WEIGHT=0.10E+01
                    ** EXPERIMENTAL YIELDS **
    DECAY IS  IF         YIELD+/-ERROR

       7   2   1  0.483610E+07     0.289187E+04
       3   3   2  0.149279E+06     0.563094E+03
       2   4   3  0.166234E+04     0.163400E+03
       5   6   1  0.142688E+05     0.119450E+03
       6   6   2  0.118497E+06     0.440920E+03


        5 EXPERIMENTAL YIELDS           12 MATRIX ELEMENTS TO BE VARIED



                                        BRANCHING RATIOS

     NS1     NF1     NS2     NF2     RATIO(1:2)         ERROR
      6       1       6       2        0.13690        0.02300
     BRANCHING RATIOS ARE TAKEN WITH WEIGHT    0.100000E+01



                              LIFETIMES(PSEC)


     LEVEL         LIFETIME     ERROR

        2           60.45         0.86
        3            5.34         0.29
        4            2.31         0.72
        5            1.59         0.43
        6           50.50         5.77

          LIFETIMES ARE TAKEN WITH WEIGHT    0.100000E+01


                    EXPERIMENTAL E2/M1 MIXING RATIOS


          TRANSITION            DELTA          ERROR

           6---  2               15.0000           2.0000

          E2/M1 MIXING RATIOS ARE TAKEN WITH WEIGHT    0.100000E+01


                              EXPERIMENTAL MATRIX ELEMENT(S)


          TRANSITION          MAT.EL.          ERROR

           2---  2                0.8300           0.0800
           6---  6               -0.6596           0.6596

           MATRIX ELEMENT(S) ARE TAKEN WITH WEIGHT    0.100000E+01



     *****  RESTART-MATRIX ELEMENTS OVERWRITTEN  *****




                                        MATRIX ELEMENTS


     MULTIPOLARITY=2
    INDEX   NF     NS          ME               LIMITS
       1      1      2        1.28730        0.00010        3.00000
       2      1      6        0.11259       -2.00000        2.00000
       3      2      2        0.81074       -2.00000        2.00000
       4      2      3        2.50313        0.00010        3.00000
       5      2      6        1.85969       -2.00000        2.00000
       6      3      3        0.15989       -2.00000        2.00000
       7      3      4        3.00000        0.00010        3.00000
       8      3      6        0.25365       -2.00000        2.00000
       9      4      4        0.28748       -2.00000        2.00000
      10      4      5        2.37289        0.00010        3.00000
      11      6      6       -0.40058       -2.00000        2.00000
     MULTIPOLARITY=7
    INDEX   NF     NS          ME               LIMITS
      12      2      6        0.03010       -2.00000        2.00000


                                                  CALCULATED YIELDS

     EXPERIMENT  1  DETECTOR  1
     ENERGY     42.000 MEV  THETA 132.000 DEG

     NI     NF     II     IF     YIELD     NORMALIZED YIELD

      5      4    8.0    6.0   0.11949E-04   0.39566E-06
      4      3    6.0    4.0   0.63977E-02   0.21185E-03
      3      2    4.0    2.0   0.75457E+00   0.24987E-01
      3      6    4.0    2.0   0.71231E-04   0.23587E-05
      6      1    2.0    0.0   0.74682E-01   0.24730E-02
      6      2    2.0    2.0   0.58949E+00   0.19520E-01
      2      1    2.0    0.0   0.30199E+02   0.10000E+01


                                                  CALCULATED YIELDS

     EXPERIMENT  1  DETECTOR  1
     ENERGY     42.000 MEV  THETA 134.000 DEG

     NI     NF     II     IF     YIELD     NORMALIZED YIELD

      5      4    8.0    6.0   0.12040E-04   0.40607E-06
      4      3    6.0    4.0   0.64246E-02   0.21668E-03
      3      2    4.0    2.0   0.75145E+00   0.25343E-01
      3      6    4.0    2.0   0.70944E-04   0.23927E-05
      6      1    2.0    0.0   0.74366E-01   0.25081E-02
      6      2    2.0    2.0   0.59271E+00   0.19990E-01
      2      1    2.0    0.0   0.29651E+02   0.10000E+01


                                                  CALCULATED YIELDS

     EXPERIMENT  1  DETECTOR  1
     ENERGY     42.000 MEV  THETA 136.000 DEG

     NI     NF     II     IF     YIELD     NORMALIZED YIELD

      5      4    8.0    6.0   0.12105E-04   0.41558E-06
      4      3    6.0    4.0   0.64438E-02   0.22122E-03
      3      2    4.0    2.0   0.74809E+00   0.25683E-01
      3      6    4.0    2.0   0.70636E-04   0.24250E-05
      6      1    2.0    0.0   0.74034E-01   0.25417E-02
      6      2    2.0    2.0   0.59578E+00   0.20454E-01
      2      1    2.0    0.0   0.29128E+02   0.10000E+01


                                                  CALCULATED YIELDS

     EXPERIMENT  1  DETECTOR  1
     ENERGY     42.000 MEV  THETA 138.000 DEG

     NI     NF     II     IF     YIELD     NORMALIZED YIELD

      5      4    8.0    6.0   0.12144E-04   0.42418E-06
      4      3    6.0    4.0   0.64557E-02   0.22549E-03
      3      2    4.0    2.0   0.74455E+00   0.26006E-01
      3      6    4.0    2.0   0.70309E-04   0.24558E-05
      6      1    2.0    0.0   0.73689E-01   0.25739E-02
      6      2    2.0    2.0   0.59870E+00   0.20912E-01
      2      1    2.0    0.0   0.28630E+02   0.10000E+01


                                                  CALCULATED YIELDS

     EXPERIMENT  1  DETECTOR  1
     ENERGY     42.000 MEV  THETA 140.000 DEG

     NI     NF     II     IF     YIELD     NORMALIZED YIELD

      5      4    8.0    6.0   0.12160E-04   0.43185E-06
      4      3    6.0    4.0   0.64612E-02   0.22947E-03
      3      2    4.0    2.0   0.74086E+00   0.26312E-01
      3      6    4.0    2.0   0.69969E-04   0.24850E-05
      6      1    2.0    0.0   0.73335E-01   0.26045E-02
      6      2    2.0    2.0   0.60146E+00   0.21361E-01
      2      1    2.0    0.0   0.28157E+02   0.10000E+01


                                                  CALCULATED YIELDS

     EXPERIMENT  1  DETECTOR  1
     ENERGY     42.000 MEV  THETA 142.000 DEG

     NI     NF     II     IF     YIELD     NORMALIZED YIELD

      5      4    8.0    6.0   0.12153E-04   0.43861E-06
      4      3    6.0    4.0   0.64607E-02   0.23317E-03
      3      2    4.0    2.0   0.73707E+00   0.26601E-01
      3      6    4.0    2.0   0.69620E-04   0.25126E-05
      6      1    2.0    0.0   0.72975E-01   0.26337E-02
      6      2    2.0    2.0   0.60408E+00   0.21801E-01
      2      1    2.0    0.0   0.27708E+02   0.10000E+01


                                                  CALCULATED YIELDS

     EXPERIMENT  1  DETECTOR  1
     ENERGY     42.000 MEV  THETA 144.000 DEG

     NI     NF     II     IF     YIELD     NORMALIZED YIELD

      5      4    8.0    6.0   0.12127E-04   0.44448E-06
      4      3    6.0    4.0   0.64551E-02   0.23659E-03
      3      2    4.0    2.0   0.73322E+00   0.26873E-01
      3      6    4.0    2.0   0.69264E-04   0.25386E-05
      6      1    2.0    0.0   0.72612E-01   0.26613E-02
      6      2    2.0    2.0   0.60656E+00   0.22231E-01
      2      1    2.0    0.0   0.27284E+02   0.10000E+01


                                                  CALCULATED YIELDS

     EXPERIMENT  1  DETECTOR  1
     ENERGY     42.000 MEV  THETA 146.000 DEG

     NI     NF     II     IF     YIELD     NORMALIZED YIELD

      5      4    8.0    6.0   0.12084E-04   0.44947E-06
      4      3    6.0    4.0   0.64449E-02   0.23973E-03
      3      2    4.0    2.0   0.72936E+00   0.27129E-01
      3      6    4.0    2.0   0.68907E-04   0.25631E-05
      6      1    2.0    0.0   0.72250E-01   0.26874E-02
      6      2    2.0    2.0   0.60888E+00   0.22648E-01
      2      1    2.0    0.0   0.26885E+02   0.10000E+01


                                                  CALCULATED YIELDS

     EXPERIMENT  1  DETECTOR  1
     ENERGY     42.000 MEV  THETA 148.000 DEG

     NI     NF     II     IF     YIELD     NORMALIZED YIELD

      5      4    8.0    6.0   0.12025E-04   0.45364E-06
      4      3    6.0    4.0   0.64309E-02   0.24260E-03
      3      2    4.0    2.0   0.72550E+00   0.27369E-01
      3      6    4.0    2.0   0.68550E-04   0.25860E-05
      6      1    2.0    0.0   0.71890E-01   0.27120E-02
      6      2    2.0    2.0   0.61106E+00   0.23051E-01
      2      1    2.0    0.0   0.26509E+02   0.10000E+01


                                                  CALCULATED YIELDS

     EXPERIMENT  1  DETECTOR  1
     ENERGY     42.000 MEV  THETA 150.000 DEG

     NI     NF     II     IF     YIELD     NORMALIZED YIELD

      5      4    8.0    6.0   0.11954E-04   0.45703E-06
      4      3    6.0    4.0   0.64138E-02   0.24521E-03
      3      2    4.0    2.0   0.72170E+00   0.27592E-01
      3      6    4.0    2.0   0.68199E-04   0.26073E-05
      6      1    2.0    0.0   0.71538E-01   0.27350E-02
      6      2    2.0    2.0   0.61310E+00   0.23439E-01
      2      1    2.0    0.0   0.26157E+02   0.10000E+01


                                                  CALCULATED YIELDS

     EXPERIMENT  1  DETECTOR  1
     ENERGY     42.000 MEV  THETA 152.000 DEG

     NI     NF     II     IF     YIELD     NORMALIZED YIELD

      5      4    8.0    6.0   0.11873E-04   0.45970E-06
      4      3    6.0    4.0   0.63941E-02   0.24756E-03
      3      2    4.0    2.0   0.71799E+00   0.27799E-01
      3      6    4.0    2.0   0.67854E-04   0.26272E-05
      6      1    2.0    0.0   0.71194E-01   0.27565E-02
      6      2    2.0    2.0   0.61499E+00   0.23811E-01
      2      1    2.0    0.0   0.25828E+02   0.10000E+01


                                                  CALCULATED YIELDS

     EXPERIMENT  1  DETECTOR  1
     ENERGY     42.000 MEV  THETA 154.000 DEG

     NI     NF     II     IF     YIELD     NORMALIZED YIELD

      5      4    8.0    6.0   0.11785E-04   0.46172E-06
      4      3    6.0    4.0   0.63727E-02   0.24968E-03
      3      2    4.0    2.0   0.71439E+00   0.27990E-01
      3      6    4.0    2.0   0.67521E-04   0.26455E-05
      6      1    2.0    0.0   0.70862E-01   0.27764E-02
      6      2    2.0    2.0   0.61674E+00   0.24164E-01
      2      1    2.0    0.0   0.25523E+02   0.10000E+01


                                                  CALCULATED YIELDS

     EXPERIMENT  1  DETECTOR  1
     ENERGY     42.000 MEV  THETA 156.000 DEG

     NI     NF     II     IF     YIELD     NORMALIZED YIELD

      5      4    8.0    6.0   0.11691E-04   0.46316E-06
      4      3    6.0    4.0   0.63500E-02   0.25157E-03
      3      2    4.0    2.0   0.71093E+00   0.28165E-01
      3      6    4.0    2.0   0.67201E-04   0.26624E-05
      6      1    2.0    0.0   0.70544E-01   0.27948E-02
      6      2    2.0    2.0   0.61836E+00   0.24498E-01
      2      1    2.0    0.0   0.25241E+02   0.10000E+01


                                                  CALCULATED YIELDS

     EXPERIMENT  1  DETECTOR  1
     ENERGY     42.000 MEV  THETA 158.000 DEG

     NI     NF     II     IF     YIELD     NORMALIZED YIELD

      5      4    8.0    6.0   0.11594E-04   0.46410E-06
      4      3    6.0    4.0   0.63267E-02   0.25324E-03
      3      2    4.0    2.0   0.70765E+00   0.28326E-01
      3      6    4.0    2.0   0.66897E-04   0.26778E-05
      6      1    2.0    0.0   0.70243E-01   0.28117E-02
      6      2    2.0    2.0   0.61983E+00   0.24811E-01
      2      1    2.0    0.0   0.24983E+02   0.10000E+01


                                                  CALCULATED YIELDS

     EXPERIMENT  1  DETECTOR  1
     ENERGY     42.000 MEV  THETA 160.000 DEG

     NI     NF     II     IF     YIELD     NORMALIZED YIELD

      5      4    8.0    6.0   0.11498E-04   0.46460E-06
      4      3    6.0    4.0   0.63034E-02   0.25471E-03
      3      2    4.0    2.0   0.70458E+00   0.28471E-01
      3      6    4.0    2.0   0.66612E-04   0.26917E-05
      6      1    2.0    0.0   0.69961E-01   0.28270E-02
      6      2    2.0    2.0   0.62118E+00   0.25101E-01
      2      1    2.0    0.0   0.24747E+02   0.10000E+01


                                                  CALCULATED YIELDS

     EXPERIMENT  1  DETECTOR  1
     ENERGY     43.000 MEV  THETA 132.000 DEG

     NI     NF     II     IF     YIELD     NORMALIZED YIELD

      5      4    8.0    6.0   0.16983E-04   0.54253E-06
      4      3    6.0    4.0   0.81027E-02   0.25884E-03
      3      2    4.0    2.0   0.85971E+00   0.27463E-01
      3      6    4.0    2.0   0.81155E-04   0.25924E-05
      6      1    2.0    0.0   0.83020E-01   0.26520E-02
      6      2    2.0    2.0   0.65484E+00   0.20918E-01
      2      1    2.0    0.0   0.31304E+02   0.10000E+01


                                                  CALCULATED YIELDS

     EXPERIMENT  1  DETECTOR  1
     ENERGY     43.000 MEV  THETA 134.000 DEG

     NI     NF     II     IF     YIELD     NORMALIZED YIELD

      5      4    8.0    6.0   0.17143E-04   0.55766E-06
      4      3    6.0    4.0   0.81453E-02   0.26497E-03
      3      2    4.0    2.0   0.85654E+00   0.27863E-01
      3      6    4.0    2.0   0.80865E-04   0.26306E-05
      6      1    2.0    0.0   0.82705E-01   0.26904E-02
      6      2    2.0    2.0   0.65864E+00   0.21426E-01
      2      1    2.0    0.0   0.30741E+02   0.10000E+01


                                                  CALCULATED YIELDS

     EXPERIMENT  1  DETECTOR  1
     ENERGY     43.000 MEV  THETA 136.000 DEG

     NI     NF     II     IF     YIELD     NORMALIZED YIELD

      5      4    8.0    6.0   0.17264E-04   0.57161E-06
      4      3    6.0    4.0   0.81781E-02   0.27077E-03
      3      2    4.0    2.0   0.85309E+00   0.28245E-01
      3      6    4.0    2.0   0.80549E-04   0.26669E-05
      6      1    2.0    0.0   0.82371E-01   0.27273E-02
      6      2    2.0    2.0   0.66226E+00   0.21927E-01
      2      1    2.0    0.0   0.30203E+02   0.10000E+01


                                                  CALCULATED YIELDS

     EXPERIMENT  1  DETECTOR  1
     ENERGY     43.000 MEV  THETA 138.000 DEG

     NI     NF     II     IF     YIELD     NORMALIZED YIELD

      5      4    8.0    6.0   0.17350E-04   0.58434E-06
      4      3    6.0    4.0   0.82017E-02   0.27624E-03
      3      2    4.0    2.0   0.84942E+00   0.28609E-01
      3      6    4.0    2.0   0.80212E-04   0.27015E-05
      6      1    2.0    0.0   0.82021E-01   0.27625E-02
      6      2    2.0    2.0   0.66571E+00   0.22421E-01
      2      1    2.0    0.0   0.29691E+02   0.10000E+01


                                                  CALCULATED YIELDS

     EXPERIMENT  1  DETECTOR  1
     ENERGY     43.000 MEV  THETA 140.000 DEG

     NI     NF     II     IF     YIELD     NORMALIZED YIELD

      5      4    8.0    6.0   0.17402E-04   0.59585E-06
      4      3    6.0    4.0   0.82170E-02   0.28136E-03
      3      2    4.0    2.0   0.84557E+00   0.28953E-01
      3      6    4.0    2.0   0.79858E-04   0.27344E-05
      6      1    2.0    0.0   0.81660E-01   0.27961E-02
      6      2    2.0    2.0   0.66898E+00   0.22906E-01
      2      1    2.0    0.0   0.29205E+02   0.10000E+01


                                                  CALCULATED YIELDS

     EXPERIMENT  1  DETECTOR  1
     ENERGY     43.000 MEV  THETA 142.000 DEG

     NI     NF     II     IF     YIELD     NORMALIZED YIELD

      5      4    8.0    6.0   0.17422E-04   0.60612E-06
      4      3    6.0    4.0   0.82248E-02   0.28614E-03
      3      2    4.0    2.0   0.84160E+00   0.29279E-01
      3      6    4.0    2.0   0.79492E-04   0.27655E-05
      6      1    2.0    0.0   0.81290E-01   0.28281E-02
      6      2    2.0    2.0   0.67207E+00   0.23381E-01
      2      1    2.0    0.0   0.28744E+02   0.10000E+01


                                                  CALCULATED YIELDS

     EXPERIMENT  1  DETECTOR  1
     ENERGY     43.000 MEV  THETA 144.000 DEG

     NI     NF     II     IF     YIELD     NORMALIZED YIELD

      5      4    8.0    6.0   0.17414E-04   0.61518E-06
      4      3    6.0    4.0   0.82258E-02   0.29058E-03
      3      2    4.0    2.0   0.83755E+00   0.29587E-01
      3      6    4.0    2.0   0.79119E-04   0.27949E-05
      6      1    2.0    0.0   0.80916E-01   0.28584E-02
      6      2    2.0    2.0   0.67499E+00   0.23844E-01
      2      1    2.0    0.0   0.28308E+02   0.10000E+01


                                                  CALCULATED YIELDS

     EXPERIMENT  1  DETECTOR  1
     ENERGY     43.000 MEV  THETA 146.000 DEG

     NI     NF     II     IF     YIELD     NORMALIZED YIELD

      5      4    8.0    6.0   0.17381E-04   0.62305E-06
      4      3    6.0    4.0   0.82208E-02   0.29468E-03
      3      2    4.0    2.0   0.83346E+00   0.29876E-01
      3      6    4.0    2.0   0.78741E-04   0.28225E-05
      6      1    2.0    0.0   0.80540E-01   0.28870E-02
      6      2    2.0    2.0   0.67773E+00   0.24294E-01
      2      1    2.0    0.0   0.27897E+02   0.10000E+01


                                                  CALCULATED YIELDS

     EXPERIMENT  1  DETECTOR  1
     ENERGY     43.000 MEV  THETA 148.000 DEG

     NI     NF     II     IF     YIELD     NORMALIZED YIELD

      5      4    8.0    6.0   0.17326E-04   0.62979E-06
      4      3    6.0    4.0   0.82108E-02   0.29845E-03
      3      2    4.0    2.0   0.82937E+00   0.30147E-01
      3      6    4.0    2.0   0.78364E-04   0.28484E-05
      6      1    2.0    0.0   0.80167E-01   0.29140E-02
      6      2    2.0    2.0   0.68030E+00   0.24728E-01
      2      1    2.0    0.0   0.27511E+02   0.10000E+01


                                                  CALCULATED YIELDS

     EXPERIMENT  1  DETECTOR  1
     ENERGY     43.000 MEV  THETA 150.000 DEG

     NI     NF     II     IF     YIELD     NORMALIZED YIELD

      5      4    8.0    6.0   0.17252E-04   0.63546E-06
      4      3    6.0    4.0   0.81964E-02   0.30190E-03
      3      2    4.0    2.0   0.82533E+00   0.30400E-01
      3      6    4.0    2.0   0.77990E-04   0.28726E-05
      6      1    2.0    0.0   0.79800E-01   0.29393E-02
      6      2    2.0    2.0   0.68270E+00   0.25146E-01
      2      1    2.0    0.0   0.27149E+02   0.10000E+01


                                                  CALCULATED YIELDS

     EXPERIMENT  1  DETECTOR  1
     ENERGY     43.000 MEV  THETA 152.000 DEG

     NI     NF     II     IF     YIELD     NORMALIZED YIELD

      5      4    8.0    6.0   0.17163E-04   0.64012E-06
      4      3    6.0    4.0   0.81786E-02   0.30504E-03
      3      2    4.0    2.0   0.82137E+00   0.30635E-01
      3      6    4.0    2.0   0.77624E-04   0.28951E-05
      6      1    2.0    0.0   0.79441E-01   0.29629E-02
      6      2    2.0    2.0   0.68494E+00   0.25546E-01
      2      1    2.0    0.0   0.26812E+02   0.10000E+01


                                                  CALCULATED YIELDS

     EXPERIMENT  1  DETECTOR  1
     ENERGY     43.000 MEV  THETA 154.000 DEG

     NI     NF     II     IF     YIELD     NORMALIZED YIELD

      5      4    8.0    6.0   0.17061E-04   0.64386E-06
      4      3    6.0    4.0   0.81582E-02   0.30787E-03
      3      2    4.0    2.0   0.81752E+00   0.30852E-01
      3      6    4.0    2.0   0.77268E-04   0.29159E-05
      6      1    2.0    0.0   0.79094E-01   0.29848E-02
      6      2    2.0    2.0   0.68700E+00   0.25926E-01
      2      1    2.0    0.0   0.26499E+02   0.10000E+01


                                                  CALCULATED YIELDS

     EXPERIMENT  1  DETECTOR  1
     ENERGY     43.000 MEV  THETA 156.000 DEG

     NI     NF     II     IF     YIELD     NORMALIZED YIELD

      5      4    8.0    6.0   0.16951E-04   0.64677E-06
      4      3    6.0    4.0   0.81358E-02   0.31042E-03
      3      2    4.0    2.0   0.81383E+00   0.31051E-01
      3      6    4.0    2.0   0.76926E-04   0.29351E-05
      6      1    2.0    0.0   0.78761E-01   0.30051E-02
      6      2    2.0    2.0   0.68891E+00   0.26285E-01
      2      1    2.0    0.0   0.26209E+02   0.10000E+01


                                                  CALCULATED YIELDS

     EXPERIMENT  1  DETECTOR  1
     ENERGY     43.000 MEV  THETA 158.000 DEG

     NI     NF     II     IF     YIELD     NORMALIZED YIELD

      5      4    8.0    6.0   0.16836E-04   0.64894E-06
      4      3    6.0    4.0   0.81122E-02   0.31269E-03
      3      2    4.0    2.0   0.81031E+00   0.31234E-01
      3      6    4.0    2.0   0.76601E-04   0.29526E-05
      6      1    2.0    0.0   0.78445E-01   0.30237E-02
      6      2    2.0    2.0   0.69065E+00   0.26621E-01
      2      1    2.0    0.0   0.25944E+02   0.10000E+01


                                                  CALCULATED YIELDS

     EXPERIMENT  1  DETECTOR  1
     ENERGY     43.000 MEV  THETA 160.000 DEG

     NI     NF     II     IF     YIELD     NORMALIZED YIELD

      5      4    8.0    6.0   0.16718E-04   0.65048E-06
      4      3    6.0    4.0   0.80882E-02   0.31470E-03
      3      2    4.0    2.0   0.80701E+00   0.31399E-01
      3      6    4.0    2.0   0.76295E-04   0.29685E-05
      6      1    2.0    0.0   0.78148E-01   0.30406E-02
      6      2    2.0    2.0   0.69223E+00   0.26933E-01
      2      1    2.0    0.0   0.25702E+02   0.10000E+01


                                                  CALCULATED YIELDS

     EXPERIMENT  1  DETECTOR  1
     ENERGY     44.000 MEV  THETA 132.000 DEG

     NI     NF     II     IF     YIELD     NORMALIZED YIELD

      5      4    8.0    6.0   0.23789E-04   0.73454E-06
      4      3    6.0    4.0   0.10164E-01   0.31382E-03
      3      2    4.0    2.0   0.97417E+00   0.30080E-01
      3      6    4.0    2.0   0.91959E-04   0.28394E-05
      6      1    2.0    0.0   0.91939E-01   0.28388E-02
      6      2    2.0    2.0   0.72467E+00   0.22376E-01
      2      1    2.0    0.0   0.32386E+02   0.10000E+01


                                                  CALCULATED YIELDS

     EXPERIMENT  1  DETECTOR  1
     ENERGY     44.000 MEV  THETA 134.000 DEG

     NI     NF     II     IF     YIELD     NORMALIZED YIELD

      5      4    8.0    6.0   0.24051E-04   0.75615E-06
      4      3    6.0    4.0   0.10227E-01   0.32153E-03
      3      2    4.0    2.0   0.97097E+00   0.30527E-01
      3      6    4.0    2.0   0.91668E-04   0.28820E-05
      6      1    2.0    0.0   0.91628E-01   0.28807E-02
      6      2    2.0    2.0   0.72910E+00   0.22922E-01
      2      1    2.0    0.0   0.31807E+02   0.10000E+01


                                                  CALCULATED YIELDS

     EXPERIMENT  1  DETECTOR  1
     ENERGY     44.000 MEV  THETA 136.000 DEG

     NI     NF     II     IF     YIELD     NORMALIZED YIELD

      5      4    8.0    6.0   0.24261E-04   0.77623E-06
      4      3    6.0    4.0   0.10278E-01   0.32885E-03
      3      2    4.0    2.0   0.96746E+00   0.30954E-01
      3      6    4.0    2.0   0.91347E-04   0.29226E-05
      6      1    2.0    0.0   0.91293E-01   0.29209E-02
      6      2    2.0    2.0   0.73333E+00   0.23463E-01
      2      1    2.0    0.0   0.31255E+02   0.10000E+01


                                                  CALCULATED YIELDS

     EXPERIMENT  1  DETECTOR  1
     ENERGY     44.000 MEV  THETA 138.000 DEG

     NI     NF     II     IF     YIELD     NORMALIZED YIELD

      5      4    8.0    6.0   0.24421E-04   0.79471E-06
      4      3    6.0    4.0   0.10318E-01   0.33577E-03
      3      2    4.0    2.0   0.96368E+00   0.31360E-01
      3      6    4.0    2.0   0.91001E-04   0.29613E-05
      6      1    2.0    0.0   0.90940E-01   0.29593E-02
      6      2    2.0    2.0   0.73734E+00   0.23995E-01
      2      1    2.0    0.0   0.30730E+02   0.10000E+01


                                                  CALCULATED YIELDS

     EXPERIMENT  1  DETECTOR  1
     ENERGY     44.000 MEV  THETA 140.000 DEG

     NI     NF     II     IF     YIELD     NORMALIZED YIELD

      5      4    8.0    6.0   0.24534E-04   0.81157E-06
      4      3    6.0    4.0   0.10347E-01   0.34229E-03
      3      2    4.0    2.0   0.95969E+00   0.31746E-01
      3      6    4.0    2.0   0.90635E-04   0.29981E-05
      6      1    2.0    0.0   0.90572E-01   0.29961E-02
      6      2    2.0    2.0   0.74115E+00   0.24517E-01
      2      1    2.0    0.0   0.30230E+02   0.10000E+01


                                                  CALCULATED YIELDS

     EXPERIMENT  1  DETECTOR  1
     ENERGY     44.000 MEV  THETA 142.000 DEG

     NI     NF     II     IF     YIELD     NORMALIZED YIELD

      5      4    8.0    6.0   0.24603E-04   0.82679E-06
      4      3    6.0    4.0   0.10367E-01   0.34839E-03
      3      2    4.0    2.0   0.95555E+00   0.32112E-01
      3      6    4.0    2.0   0.90254E-04   0.30330E-05
      6      1    2.0    0.0   0.90194E-01   0.30310E-02
      6      2    2.0    2.0   0.74476E+00   0.25028E-01
      2      1    2.0    0.0   0.29757E+02   0.10000E+01


                                                  CALCULATED YIELDS

     EXPERIMENT  1  DETECTOR  1
     ENERGY     44.000 MEV  THETA 144.000 DEG

     NI     NF     II     IF     YIELD     NORMALIZED YIELD

      5      4    8.0    6.0   0.24632E-04   0.84039E-06
      4      3    6.0    4.0   0.10378E-01   0.35408E-03
      3      2    4.0    2.0   0.95130E+00   0.32457E-01
      3      6    4.0    2.0   0.89863E-04   0.30660E-05
      6      1    2.0    0.0   0.89809E-01   0.30641E-02
      6      2    2.0    2.0   0.74816E+00   0.25526E-01
      2      1    2.0    0.0   0.29310E+02   0.10000E+01


                                                  CALCULATED YIELDS

     EXPERIMENT  1  DETECTOR  1
     ENERGY     44.000 MEV  THETA 146.000 DEG

     NI     NF     II     IF     YIELD     NORMALIZED YIELD

      5      4    8.0    6.0   0.24624E-04   0.85240E-06
      4      3    6.0    4.0   0.10381E-01   0.35936E-03
      3      2    4.0    2.0   0.94700E+00   0.32782E-01
      3      6    4.0    2.0   0.89467E-04   0.30970E-05
      6      1    2.0    0.0   0.89422E-01   0.30955E-02
      6      2    2.0    2.0   0.75135E+00   0.26009E-01
      2      1    2.0    0.0   0.28888E+02   0.10000E+01


                                                  CALCULATED YIELDS

     EXPERIMENT  1  DETECTOR  1
     ENERGY     44.000 MEV  THETA 148.000 DEG

     NI     NF     II     IF     YIELD     NORMALIZED YIELD

      5      4    8.0    6.0   0.24585E-04   0.86287E-06
      4      3    6.0    4.0   0.10378E-01   0.36424E-03
      3      2    4.0    2.0   0.94268E+00   0.33086E-01
      3      6    4.0    2.0   0.89069E-04   0.31261E-05
      6      1    2.0    0.0   0.89036E-01   0.31250E-02
      6      2    2.0    2.0   0.75434E+00   0.26476E-01
      2      1    2.0    0.0   0.28492E+02   0.10000E+01


                                                  CALCULATED YIELDS

     EXPERIMENT  1  DETECTOR  1
     ENERGY     44.000 MEV  THETA 150.000 DEG

     NI     NF     II     IF     YIELD     NORMALIZED YIELD

      5      4    8.0    6.0   0.24518E-04   0.87188E-06
      4      3    6.0    4.0   0.10369E-01   0.36872E-03
      3      2    4.0    2.0   0.93840E+00   0.33371E-01
      3      6    4.0    2.0   0.88674E-04   0.31533E-05
      6      1    2.0    0.0   0.88654E-01   0.31526E-02
      6      2    2.0    2.0   0.75714E+00   0.26925E-01
      2      1    2.0    0.0   0.28121E+02   0.10000E+01


                                                  CALCULATED YIELDS

     EXPERIMENT  1  DETECTOR  1
     ENERGY     44.000 MEV  THETA 152.000 DEG

     NI     NF     II     IF     YIELD     NORMALIZED YIELD

      5      4    8.0    6.0   0.24428E-04   0.87950E-06
      4      3    6.0    4.0   0.10355E-01   0.37282E-03
      3      2    4.0    2.0   0.93419E+00   0.33635E-01
      3      6    4.0    2.0   0.88285E-04   0.31787E-05
      6      1    2.0    0.0   0.88281E-01   0.31785E-02
      6      2    2.0    2.0   0.75974E+00   0.27354E-01
      2      1    2.0    0.0   0.27774E+02   0.10000E+01


                                                  CALCULATED YIELDS

     EXPERIMENT  1  DETECTOR  1
     ENERGY     44.000 MEV  THETA 154.000 DEG

     NI     NF     II     IF     YIELD     NORMALIZED YIELD

      5      4    8.0    6.0   0.24319E-04   0.88585E-06
      4      3    6.0    4.0   0.10337E-01   0.37654E-03
      3      2    4.0    2.0   0.93010E+00   0.33880E-01
      3      6    4.0    2.0   0.87908E-04   0.32021E-05
      6      1    2.0    0.0   0.87918E-01   0.32025E-02
      6      2    2.0    2.0   0.76215E+00   0.27762E-01
      2      1    2.0    0.0   0.27453E+02   0.10000E+01


                                                  CALCULATED YIELDS

     EXPERIMENT  1  DETECTOR  1
     ENERGY     44.000 MEV  THETA 156.000 DEG

     NI     NF     II     IF     YIELD     NORMALIZED YIELD

      5      4    8.0    6.0   0.24197E-04   0.89103E-06
      4      3    6.0    4.0   0.10317E-01   0.37990E-03
      3      2    4.0    2.0   0.92617E+00   0.34105E-01
      3      6    4.0    2.0   0.87544E-04   0.32237E-05
      6      1    2.0    0.0   0.87570E-01   0.32247E-02
      6      2    2.0    2.0   0.76436E+00   0.28147E-01
      2      1    2.0    0.0   0.27156E+02   0.10000E+01


                                                  CALCULATED YIELDS

     EXPERIMENT  1  DETECTOR  1
     ENERGY     44.000 MEV  THETA 158.000 DEG

     NI     NF     II     IF     YIELD     NORMALIZED YIELD

      5      4    8.0    6.0   0.24065E-04   0.89515E-06
      4      3    6.0    4.0   0.10294E-01   0.38291E-03
      3      2    4.0    2.0   0.92242E+00   0.34312E-01
      3      6    4.0    2.0   0.87197E-04   0.32435E-05
      6      1    2.0    0.0   0.87240E-01   0.32451E-02
      6      2    2.0    2.0   0.76639E+00   0.28508E-01
      2      1    2.0    0.0   0.26884E+02   0.10000E+01


                                                  CALCULATED YIELDS

     EXPERIMENT  1  DETECTOR  1
     ENERGY     44.000 MEV  THETA 160.000 DEG

     NI     NF     II     IF     YIELD     NORMALIZED YIELD

      5      4    8.0    6.0   0.23928E-04   0.89836E-06
      4      3    6.0    4.0   0.10271E-01   0.38560E-03
      3      2    4.0    2.0   0.91889E+00   0.34499E-01
      3      6    4.0    2.0   0.86871E-04   0.32615E-05
      6      1    2.0    0.0   0.86929E-01   0.32636E-02
      6      2    2.0    2.0   0.76823E+00   0.28842E-01
      2      1    2.0    0.0   0.26635E+02   0.10000E+01


                                                  CALCULATED YIELDS

     EXPERIMENT  1  DETECTOR  1
     ENERGY     45.000 MEV  THETA 132.000 DEG

     NI     NF     II     IF     YIELD     NORMALIZED YIELD

      5      4    8.0    6.0   0.32874E-04   0.98294E-06
      4      3    6.0    4.0   0.12635E-01   0.37779E-03
      3      2    4.0    2.0   0.10983E+01   0.32838E-01
      3      6    4.0    2.0   0.10367E-03   0.30998E-05
      6      1    2.0    0.0   0.10145E+00   0.30335E-02
      6      2    2.0    2.0   0.79909E+00   0.23893E-01
      2      1    2.0    0.0   0.33444E+02   0.10000E+01


                                                  CALCULATED YIELDS

     EXPERIMENT  1  DETECTOR  1
     ENERGY     45.000 MEV  THETA 134.000 DEG

     NI     NF     II     IF     YIELD     NORMALIZED YIELD

      5      4    8.0    6.0   0.33287E-04   0.10133E-05
      4      3    6.0    4.0   0.12726E-01   0.38739E-03
      3      2    4.0    2.0   0.10951E+01   0.33335E-01
      3      6    4.0    2.0   0.10338E-03   0.31471E-05
      6      1    2.0    0.0   0.10115E+00   0.30791E-02
      6      2    2.0    2.0   0.80421E+00   0.24481E-01
      2      1    2.0    0.0   0.32850E+02   0.10000E+01


                                                  CALCULATED YIELDS

     EXPERIMENT  1  DETECTOR  1
     ENERGY     45.000 MEV  THETA 136.000 DEG

     NI     NF     II     IF     YIELD     NORMALIZED YIELD

      5      4    8.0    6.0   0.33630E-04   0.10417E-05
      4      3    6.0    4.0   0.12802E-01   0.39653E-03
      3      2    4.0    2.0   0.10915E+01   0.33810E-01
      3      6    4.0    2.0   0.10306E-03   0.31923E-05
      6      1    2.0    0.0   0.10081E+00   0.31228E-02
      6      2    2.0    2.0   0.80909E+00   0.25062E-01
      2      1    2.0    0.0   0.32284E+02   0.10000E+01


                                                  CALCULATED YIELDS

     EXPERIMENT  1  DETECTOR  1
     ENERGY     45.000 MEV  THETA 138.000 DEG

     NI     NF     II     IF     YIELD     NORMALIZED YIELD

      5      4    8.0    6.0   0.33904E-04   0.10680E-05
      4      3    6.0    4.0   0.12863E-01   0.40520E-03
      3      2    4.0    2.0   0.10876E+01   0.34262E-01
      3      6    4.0    2.0   0.10271E-03   0.32354E-05
      6      1    2.0    0.0   0.10046E+00   0.31646E-02
      6      2    2.0    2.0   0.81372E+00   0.25633E-01
      2      1    2.0    0.0   0.31745E+02   0.10000E+01


                                                  CALCULATED YIELDS

     EXPERIMENT  1  DETECTOR  1
     ENERGY     45.000 MEV  THETA 140.000 DEG

     NI     NF     II     IF     YIELD     NORMALIZED YIELD

      5      4    8.0    6.0   0.34113E-04   0.10922E-05
      4      3    6.0    4.0   0.12911E-01   0.41339E-03
      3      2    4.0    2.0   0.10835E+01   0.34692E-01
      3      6    4.0    2.0   0.10233E-03   0.32764E-05
      6      1    2.0    0.0   0.10009E+00   0.32046E-02
      6      2    2.0    2.0   0.81811E+00   0.26194E-01
      2      1    2.0    0.0   0.31233E+02   0.10000E+01


                                                  CALCULATED YIELDS

     EXPERIMENT  1  DETECTOR  1
     ENERGY     45.000 MEV  THETA 142.000 DEG

     NI     NF     II     IF     YIELD     NORMALIZED YIELD

      5      4    8.0    6.0   0.34262E-04   0.11143E-05
      4      3    6.0    4.0   0.12947E-01   0.42108E-03
      3      2    4.0    2.0   0.10792E+01   0.35100E-01
      3      6    4.0    2.0   0.10193E-03   0.33152E-05
      6      1    2.0    0.0   0.99702E-01   0.32426E-02
      6      2    2.0    2.0   0.82226E+00   0.26743E-01
      2      1    2.0    0.0   0.30747E+02   0.10000E+01


                                                  CALCULATED YIELDS

     EXPERIMENT  1  DETECTOR  1
     ENERGY     45.000 MEV  THETA 144.000 DEG

     NI     NF     II     IF     YIELD     NORMALIZED YIELD

      5      4    8.0    6.0   0.34355E-04   0.11343E-05
      4      3    6.0    4.0   0.12972E-01   0.42829E-03
      3      2    4.0    2.0   0.10748E+01   0.35485E-01
      3      6    4.0    2.0   0.10153E-03   0.33520E-05
      6      1    2.0    0.0   0.99308E-01   0.32787E-02
      6      2    2.0    2.0   0.82618E+00   0.27277E-01
      2      1    2.0    0.0   0.30289E+02   0.10000E+01


                                                  CALCULATED YIELDS

     EXPERIMENT  1  DETECTOR  1
     ENERGY     45.000 MEV  THETA 146.000 DEG

     NI     NF     II     IF     YIELD     NORMALIZED YIELD

      5      4    8.0    6.0   0.34397E-04   0.11521E-05
      4      3    6.0    4.0   0.12987E-01   0.43500E-03
      3      2    4.0    2.0   0.10703E+01   0.35848E-01
      3      6    4.0    2.0   0.10111E-03   0.33867E-05
      6      1    2.0    0.0   0.98910E-01   0.33129E-02
      6      2    2.0    2.0   0.82986E+00   0.27795E-01
      2      1    2.0    0.0   0.29856E+02   0.10000E+01


                                                  CALCULATED YIELDS

     EXPERIMENT  1  DETECTOR  1
     ENERGY     45.000 MEV  THETA 148.000 DEG

     NI     NF     II     IF     YIELD     NORMALIZED YIELD

      5      4    8.0    6.0   0.34393E-04   0.11679E-05
      4      3    6.0    4.0   0.12994E-01   0.44122E-03
      3      2    4.0    2.0   0.10658E+01   0.36189E-01
      3      6    4.0    2.0   0.10070E-03   0.34192E-05
      6      1    2.0    0.0   0.98511E-01   0.33450E-02
      6      2    2.0    2.0   0.83331E+00   0.28296E-01
      2      1    2.0    0.0   0.29450E+02   0.10000E+01


                                                  CALCULATED YIELDS

     EXPERIMENT  1  DETECTOR  1
     ENERGY     45.000 MEV  THETA 150.000 DEG

     NI     NF     II     IF     YIELD     NORMALIZED YIELD

      5      4    8.0    6.0   0.34350E-04   0.11817E-05
      4      3    6.0    4.0   0.12993E-01   0.44696E-03
      3      2    4.0    2.0   0.10612E+01   0.36507E-01
      3      6    4.0    2.0   0.10028E-03   0.34497E-05
      6      1    2.0    0.0   0.98116E-01   0.33752E-02
      6      2    2.0    2.0   0.83653E+00   0.28777E-01
      2      1    2.0    0.0   0.29070E+02   0.10000E+01


                                                  CALCULATED YIELDS

     EXPERIMENT  1  DETECTOR  1
     ENERGY     45.000 MEV  THETA 152.000 DEG

     NI     NF     II     IF     YIELD     NORMALIZED YIELD

      5      4    8.0    6.0   0.34274E-04   0.11936E-05
      4      3    6.0    4.0   0.12986E-01   0.45224E-03
      3      2    4.0    2.0   0.10568E+01   0.36803E-01
      3      6    4.0    2.0   0.99871E-04   0.34780E-05
      6      1    2.0    0.0   0.97729E-01   0.34034E-02
      6      2    2.0    2.0   0.83953E+00   0.29237E-01
      2      1    2.0    0.0   0.28715E+02   0.10000E+01


                                                  CALCULATED YIELDS

     EXPERIMENT  1  DETECTOR  1
     ENERGY     45.000 MEV  THETA 154.000 DEG

     NI     NF     II     IF     YIELD     NORMALIZED YIELD

      5      4    8.0    6.0   0.34170E-04   0.12038E-05
      4      3    6.0    4.0   0.12973E-01   0.45705E-03
      3      2    4.0    2.0   0.10525E+01   0.37078E-01
      3      6    4.0    2.0   0.99472E-04   0.35043E-05
      6      1    2.0    0.0   0.97352E-01   0.34297E-02
      6      2    2.0    2.0   0.84230E+00   0.29674E-01
      2      1    2.0    0.0   0.28385E+02   0.10000E+01


                                                  CALCULATED YIELDS

     EXPERIMENT  1  DETECTOR  1
     ENERGY     45.000 MEV  THETA 156.000 DEG

     NI     NF     II     IF     YIELD     NORMALIZED YIELD

      5      4    8.0    6.0   0.34044E-04   0.12123E-05
      4      3    6.0    4.0   0.12957E-01   0.46141E-03
      3      2    4.0    2.0   0.10483E+01   0.37331E-01
      3      6    4.0    2.0   0.99086E-04   0.35286E-05
      6      1    2.0    0.0   0.96989E-01   0.34539E-02
      6      2    2.0    2.0   0.84485E+00   0.30086E-01
      2      1    2.0    0.0   0.28081E+02   0.10000E+01


                                                  CALCULATED YIELDS

     EXPERIMENT  1  DETECTOR  1
     ENERGY     45.000 MEV  THETA 158.000 DEG

     NI     NF     II     IF     YIELD     NORMALIZED YIELD

      5      4    8.0    6.0   0.33902E-04   0.12194E-05
      4      3    6.0    4.0   0.12937E-01   0.46534E-03
      3      2    4.0    2.0   0.10443E+01   0.37562E-01
      3      6    4.0    2.0   0.98718E-04   0.35508E-05
      6      1    2.0    0.0   0.96644E-01   0.34762E-02
      6      2    2.0    2.0   0.84718E+00   0.30472E-01
      2      1    2.0    0.0   0.27802E+02   0.10000E+01


                                                  CALCULATED YIELDS

     EXPERIMENT  1  DETECTOR  1
     ENERGY     45.000 MEV  THETA 160.000 DEG

     NI     NF     II     IF     YIELD     NORMALIZED YIELD

      5      4    8.0    6.0   0.33751E-04   0.12252E-05
      4      3    6.0    4.0   0.12916E-01   0.46886E-03
      3      2    4.0    2.0   0.10406E+01   0.37773E-01
      3      6    4.0    2.0   0.98371E-04   0.35709E-05
      6      1    2.0    0.0   0.96319E-01   0.34964E-02
      6      2    2.0    2.0   0.84930E+00   0.30830E-01
      2      1    2.0    0.0   0.27548E+02   0.10000E+01





     INTEGRATED RUTHERFORD CROSS SECTION=.8559E+03  FOR EXP. 1





                                                  INTEGRATED YIELDS

     EXPERIMENT  1  DETECTOR  1
     ENERGY RANGE   42.000---  45.000 MEV   SCATTERING ANGLE RANGE 132.000---160.000 DEG

     NI     NF     II     IF     YIELD     NORMALIZED YIELD

      5      4    8.0    6.0   0.15746E-04   0.73756E-06
      4      3    6.0    4.0   0.69012E-02   0.32326E-03
      3      2    4.0    2.0   0.66102E+00   0.30963E-01
      3      6    4.0    2.0   0.62441E-04   0.29248E-05
      6      1    2.0    0.0   0.63047E-01   0.29532E-02
      6      2    2.0    2.0   0.52516E+00   0.24599E-01
      2      1    2.0    0.0   0.21349E+02   0.10000E+01


                                                  CALCULATED YIELDS

     EXPERIMENT  1  DETECTOR  1
     ENERGY     43.750 MEV  THETA 135.400 DEG

     NI     NF     II     IF     YIELD     NORMALIZED YIELD

      5      4    8.0    6.0   0.15631E-04   0.71453E-06
      4      3    6.0    4.0   0.68132E-02   0.31144E-03
      3      2    4.0    2.0   0.65936E+00   0.30140E-01
      3      6    4.0    2.0   0.62254E-04   0.28457E-05
      6      1    2.0    0.0   0.62568E-01   0.28601E-02
      6      2    2.0    2.0   0.50128E+00   0.22914E-01
      2      1    2.0    0.0   0.21876E+02   0.10000E+01



          EXPERIMENT  1        DETECTOR  1

         NI     NF     YEXP        YCOR        COR.F

        4        3   .166E+04    .160E+04    .963E+00
        3        2   .149E+06    .145E+06    .973E+00
        6        1   .143E+05    .138E+05    .968E+00
        6        2   .118E+06    .110E+06    .932E+00
        2        1   .484E+07    .484E+07    .100E+01
               ********* END OF EXECUTION **********
