1
 *****************************************************************************************************************************
 *****************************************************************************************************************************
 **************************************************                         **************************************************
 **************************************************          GOSIA          **************************************************
 **************************************************                         **************************************************
 *****************************************************************************************************************************
 *****************************************************************************************************************************





                    ROCHESTER COULOMB EXCITATION DATA ANALYSIS CODE BY T.CZOSNYKA,D.CLINE AND C.Y.WU
                                                  VERS. 20110524.2   NOV 2011






          14C beam on 194Pt target integration                                            
          ----------------------------------------------------------------------------------------------------

                                        LEVELS

     INDEX     PARITY         SPIN           ENERGY(MEV)
       1           +           0.0            0.0000
       2           +           2.0            0.3280
       3           +           4.0            0.8110
       4           +           6.0            1.4118
       5           +           8.0            2.0995
       6           +           2.0            0.6220
       7           +           4.0            1.2295
       8           +           5.0            1.4987
       9           -           3.0            1.4320

                                        MATRIX ELEMENTS


     MULTIPOLARITY=1
    INDEX   NF     NS          ME               LIMITS
       1      2      9        0.00030       -2.00000        2.00000
       2      3      9        0.00044       -2.00000        2.00000
       3      6      9        0.10000       -2.00000        2.00000
       4      7      9        0.15160       -2.00000        2.00000
     MULTIPOLARITY=2
    INDEX   NF     NS          ME               LIMITS
       5      1      2        1.28108        0.00010        3.00000
       6      1      6        0.09835       -2.00000        2.00000
       7      2      2        0.83000       -2.00000        2.00000
       8      2      3        2.25913        0.00010        3.00000
       9      2      6        1.72302       -2.00000        2.00000
      10      2      7        0.14702       -2.00000        2.00000
      11      3      3        0.10000       -2.00000        2.00000
      12      3      4        2.41057        0.00010        3.00000
      13      3      6        0.10000       -2.00000        2.00000
      14      3      7        0.91684       -2.00000        2.00000
      15      3      8        0.10000       -2.00000        2.00000
      16      4      4        0.10000       -2.00000        2.00000
      17      4      5        2.41057        0.00010        3.00000
      18      4      7        0.10000       -2.00000        2.00000
      19      4      8        0.10000       -2.00000        2.00000
      20      6      6       -0.65960       -2.00000        2.00000
      21      6      7        1.12290        0.00010        2.00000
      22      7      8        0.10000       -2.00000        2.00000
     MULTIPOLARITY=3
    INDEX   NF     NS          ME               LIMITS
      23      1      9        0.29867       -2.00000        2.00000
     MULTIPOLARITY=7
    INDEX   NF     NS          ME               LIMITS
      24      2      6        0.02992       -2.00000        2.00000
      25      3      7        0.13314       -2.00000        2.00000

                                               REPRINT OF EXPERIMENTAL DATA TO BE FITTED





     EXPERIMENT  1
  PROJECTILE ( 78.,194.)  45.000 MEV ---1 GE(LI) DETECTOR(S)  WEIGHT=0.10E+01
                    ** EXPERIMENTAL YIELDS **
    DECAY IS  IF         YIELD+/-ERROR

      19   2   1  0.483610E+07     0.289187E+04
      15   3   2  0.149279E+06     0.563094E+03
      10   4   3  0.166234E+04     0.634000E+02
      17   6   1  0.142688E+05     0.119450E+03
      18   6   2  0.118497E+06     0.440920E+03
      14   7   6  0.624957E+04     0.123388E+03
       6   9   2  0.130161E+05     0.214492E+03
       7   9   3  0.311194E+04     0.557800E+02
       8   9   6  0.171762E+04     0.708093E+02


        9 EXPERIMENTAL YIELDS           25 MATRIX ELEMENTS TO BE VARIED



                                        BRANCHING RATIOS

     NS1     NF1     NS2     NF2     RATIO(1:2)         ERROR
      6       1       6       2        0.13690        0.02300
      7       3       7       6        0.14400        0.01400
      7       2       7       6        0.12200        0.00800
      9       1       9       2        0.00330        0.00030
      9       3       9       2        0.08100        0.00300
      9       4       9       2        0.03900        0.01100
      9       7       9       2        0.01600        0.00600
     BRANCHING RATIOS ARE TAKEN WITH WEIGHT    0.100000E+01



                              LIFETIMES(PSEC)


     LEVEL         LIFETIME     ERROR

        2           60.45         0.86
        3            5.34         0.29
        4            2.31         0.72
        5            1.59         0.43
        6           50.50         5.77
        7            5.50         0.00
        9            0.22        28.90

          LIFETIMES ARE TAKEN WITH WEIGHT    0.100000E+01


                    EXPERIMENTAL E2/M1 MIXING RATIOS


          TRANSITION            DELTA          ERROR

           6---  2               15.0000           2.0000

          E2/M1 MIXING RATIOS ARE TAKEN WITH WEIGHT    0.100000E+01


                              EXPERIMENTAL MATRIX ELEMENT(S)


          TRANSITION          MAT.EL.          ERROR

           2---  2                0.8300           0.0800
           6---  6               -0.6596           0.6596

           MATRIX ELEMENT(S) ARE TAKEN WITH WEIGHT    0.100000E+01


                                                  CALCULATED YIELDS

     EXPERIMENT  1  DETECTOR  1
     ENERGY     42.000 MEV  THETA 132.000 DEG

     NI     NF     II     IF     YIELD     NORMALIZED YIELD

      5      4    8.0    6.0   0.64310E-05   0.21505E-06
      8      3    5.0    4.0   0.51692E-06   0.17286E-07
      8      4    5.0    6.0   0.17161E-10   0.57386E-12
      8      7    5.0    4.0   0.47500E-08   0.15884E-09
      9      1    3.0    0.0   0.21791E-07   0.72869E-09
      9      2    3.0    2.0   0.11420E-05   0.38189E-07
      9      3    3.0    4.0   0.41133E-06   0.13755E-07
      9      6    3.0    2.0   0.50556E-01   0.16906E-02
      9      7    3.0    4.0   0.16802E-02   0.56187E-04
      4      3    6.0    4.0   0.33662E-02   0.11257E-03
      4      7    6.0    4.0   0.14942E-07   0.49965E-09
      7      2    4.0    2.0   0.69318E-03   0.23180E-04
      7      3    4.0    4.0   0.78044E-03   0.26098E-04
      7      6    4.0    2.0   0.56200E-02   0.18793E-03
      3      2    4.0    2.0   0.60944E+00   0.20380E-01
      3      6    4.0    2.0   0.10977E-04   0.36707E-06
      6      1    2.0    0.0   0.60177E-01   0.20123E-02
      6      2    2.0    2.0   0.52600E+00   0.17589E-01
      2      1    2.0    0.0   0.29904E+02   0.10000E+01


                                                  CALCULATED YIELDS

     EXPERIMENT  1  DETECTOR  1
     ENERGY     42.000 MEV  THETA 134.000 DEG

     NI     NF     II     IF     YIELD     NORMALIZED YIELD

      5      4    8.0    6.0   0.64810E-05   0.22073E-06
      8      3    5.0    4.0   0.48856E-06   0.16640E-07
      8      4    5.0    6.0   0.16221E-10   0.55248E-12
      8      7    5.0    4.0   0.44893E-08   0.15290E-09
      9      1    3.0    0.0   0.21799E-07   0.74246E-09
      9      2    3.0    2.0   0.11250E-05   0.38316E-07
      9      3    3.0    4.0   0.40464E-06   0.13781E-07
      9      6    3.0    2.0   0.49803E-01   0.16962E-02
      9      7    3.0    4.0   0.16529E-02   0.56295E-04
      4      3    6.0    4.0   0.33819E-02   0.11518E-03
      4      7    6.0    4.0   0.15012E-07   0.51131E-09
      7      2    4.0    2.0   0.69141E-03   0.23549E-04
      7      3    4.0    4.0   0.78022E-03   0.26573E-04
      7      6    4.0    2.0   0.56057E-02   0.19092E-03
      3      2    4.0    2.0   0.60720E+00   0.20681E-01
      3      6    4.0    2.0   0.10938E-04   0.37252E-06
      6      1    2.0    0.0   0.59930E-01   0.20411E-02
      6      2    2.0    2.0   0.52831E+00   0.17994E-01
      2      1    2.0    0.0   0.29361E+02   0.10000E+01


                                                  CALCULATED YIELDS

     EXPERIMENT  1  DETECTOR  1
     ENERGY     42.000 MEV  THETA 136.000 DEG

     NI     NF     II     IF     YIELD     NORMALIZED YIELD

      5      4    8.0    6.0   0.65164E-05   0.22593E-06
      8      3    5.0    4.0   0.45929E-06   0.15924E-07
      8      4    5.0    6.0   0.15251E-10   0.52878E-12
      8      7    5.0    4.0   0.42203E-08   0.14632E-09
      9      1    3.0    0.0   0.21864E-07   0.75803E-09
      9      2    3.0    2.0   0.11084E-05   0.38428E-07
      9      3    3.0    4.0   0.39811E-06   0.13803E-07
      9      6    3.0    2.0   0.49066E-01   0.17012E-02
      9      7    3.0    4.0   0.16262E-02   0.56382E-04
      4      3    6.0    4.0   0.33935E-02   0.11766E-03
      4      7    6.0    4.0   0.15065E-07   0.52232E-09
      7      2    4.0    2.0   0.68939E-03   0.23902E-04
      7      3    4.0    4.0   0.77969E-03   0.27032E-04
      7      6    4.0    2.0   0.55894E-02   0.19379E-03
      3      2    4.0    2.0   0.60477E+00   0.20968E-01
      3      6    4.0    2.0   0.10895E-04   0.37774E-06
      6      1    2.0    0.0   0.59672E-01   0.20689E-02
      6      2    2.0    2.0   0.53052E+00   0.18393E-01
      2      1    2.0    0.0   0.28843E+02   0.10000E+01


                                                  CALCULATED YIELDS

     EXPERIMENT  1  DETECTOR  1
     ENERGY     42.000 MEV  THETA 138.000 DEG

     NI     NF     II     IF     YIELD     NORMALIZED YIELD

      5      4    8.0    6.0   0.65381E-05   0.23063E-06
      8      3    5.0    4.0   0.42935E-06   0.15145E-07
      8      4    5.0    6.0   0.14258E-10   0.50296E-12
      8      7    5.0    4.0   0.39451E-08   0.13916E-09
      9      1    3.0    0.0   0.21982E-07   0.77539E-09
      9      2    3.0    2.0   0.10923E-05   0.38530E-07
      9      3    3.0    4.0   0.39182E-06   0.13821E-07
      9      6    3.0    2.0   0.48355E-01   0.17057E-02
      9      7    3.0    4.0   0.16005E-02   0.56457E-04
      4      3    6.0    4.0   0.34013E-02   0.11998E-03
      4      7    6.0    4.0   0.15101E-07   0.53269E-09
      7      2    4.0    2.0   0.68721E-03   0.24241E-04
      7      3    4.0    4.0   0.77895E-03   0.27477E-04
      7      6    4.0    2.0   0.55717E-02   0.19654E-03
      3      2    4.0    2.0   0.60219E+00   0.21242E-01
      3      6    4.0    2.0   0.10850E-04   0.38272E-06
      6      1    2.0    0.0   0.59407E-01   0.20955E-02
      6      2    2.0    2.0   0.53261E+00   0.18787E-01
      2      1    2.0    0.0   0.28349E+02   0.10000E+01


                                                  CALCULATED YIELDS

     EXPERIMENT  1  DETECTOR  1
     ENERGY     42.000 MEV  THETA 140.000 DEG

     NI     NF     II     IF     YIELD     NORMALIZED YIELD

      5      4    8.0    6.0   0.65471E-05   0.23483E-06
      8      3    5.0    4.0   0.39896E-06   0.14310E-07
      8      4    5.0    6.0   0.13250E-10   0.47524E-12
      8      7    5.0    4.0   0.36658E-08   0.13148E-09
      9      1    3.0    0.0   0.22153E-07   0.79458E-09
      9      2    3.0    2.0   0.10771E-05   0.38633E-07
      9      3    3.0    4.0   0.38586E-06   0.13840E-07
      9      6    3.0    2.0   0.47682E-01   0.17102E-02
      9      7    3.0    4.0   0.15762E-02   0.56533E-04
      4      3    6.0    4.0   0.34057E-02   0.12216E-03
      4      7    6.0    4.0   0.15122E-07   0.54240E-09
      7      2    4.0    2.0   0.68489E-03   0.24565E-04
      7      3    4.0    4.0   0.77800E-03   0.27905E-04
      7      6    4.0    2.0   0.55530E-02   0.19917E-03
      3      2    4.0    2.0   0.59949E+00   0.21502E-01
      3      6    4.0    2.0   0.10802E-04   0.38745E-06
      6      1    2.0    0.0   0.59136E-01   0.21211E-02
      6      2    2.0    2.0   0.53460E+00   0.19175E-01
      2      1    2.0    0.0   0.27880E+02   0.10000E+01


                                                  CALCULATED YIELDS

     EXPERIMENT  1  DETECTOR  1
     ENERGY     42.000 MEV  THETA 142.000 DEG

     NI     NF     II     IF     YIELD     NORMALIZED YIELD

      5      4    8.0    6.0   0.65442E-05   0.23853E-06
      8      3    5.0    4.0   0.36834E-06   0.13425E-07
      8      4    5.0    6.0   0.12234E-10   0.44590E-12
      8      7    5.0    4.0   0.33844E-08   0.12336E-09
      9      1    3.0    0.0   0.22369E-07   0.81533E-09
      9      2    3.0    2.0   0.10625E-05   0.38727E-07
      9      3    3.0    4.0   0.38016E-06   0.13856E-07
      9      6    3.0    2.0   0.47037E-01   0.17144E-02
      9      7    3.0    4.0   0.15529E-02   0.56600E-04
      4      3    6.0    4.0   0.34070E-02   0.12418E-03
      4      7    6.0    4.0   0.15129E-07   0.55145E-09
      7      2    4.0    2.0   0.68241E-03   0.24873E-04
      7      3    4.0    4.0   0.77684E-03   0.28315E-04
      7      6    4.0    2.0   0.55329E-02   0.20167E-03
      3      2    4.0    2.0   0.59670E+00   0.21749E-01
      3      6    4.0    2.0   0.10753E-04   0.39194E-06
      6      1    2.0    0.0   0.58862E-01   0.21455E-02
      6      2    2.0    2.0   0.53647E+00   0.19554E-01
      2      1    2.0    0.0   0.27436E+02   0.10000E+01


                                                  CALCULATED YIELDS

     EXPERIMENT  1  DETECTOR  1
     ENERGY     42.000 MEV  THETA 144.000 DEG

     NI     NF     II     IF     YIELD     NORMALIZED YIELD

      5      4    8.0    6.0   0.65308E-05   0.24174E-06
      8      3    5.0    4.0   0.33772E-06   0.12501E-07
      8      4    5.0    6.0   0.11217E-10   0.41522E-12
      8      7    5.0    4.0   0.31031E-08   0.11486E-09
      9      1    3.0    0.0   0.22625E-07   0.83750E-09
      9      2    3.0    2.0   0.10487E-05   0.38818E-07
      9      3    3.0    4.0   0.37476E-06   0.13872E-07
      9      6    3.0    2.0   0.46424E-01   0.17184E-02
      9      7    3.0    4.0   0.15308E-02   0.56663E-04
      4      3    6.0    4.0   0.34056E-02   0.12606E-03
      4      7    6.0    4.0   0.15124E-07   0.55984E-09
      7      2    4.0    2.0   0.67985E-03   0.25165E-04
      7      3    4.0    4.0   0.77555E-03   0.28708E-04
      7      6    4.0    2.0   0.55122E-02   0.20404E-03
      3      2    4.0    2.0   0.59385E+00   0.21982E-01
      3      6    4.0    2.0   0.10703E-04   0.39618E-06
      6      1    2.0    0.0   0.58588E-01   0.21687E-02
      6      2    2.0    2.0   0.53824E+00   0.19923E-01
      2      1    2.0    0.0   0.27015E+02   0.10000E+01


                                                  CALCULATED YIELDS

     EXPERIMENT  1  DETECTOR  1
     ENERGY     42.000 MEV  THETA 146.000 DEG

     NI     NF     II     IF     YIELD     NORMALIZED YIELD

      5      4    8.0    6.0   0.65079E-05   0.24448E-06
      8      3    5.0    4.0   0.30733E-06   0.11545E-07
      8      4    5.0    6.0   0.10208E-10   0.38348E-12
      8      7    5.0    4.0   0.28237E-08   0.10608E-09
      9      1    3.0    0.0   0.22913E-07   0.86078E-09
      9      2    3.0    2.0   0.10354E-05   0.38898E-07
      9      3    3.0    4.0   0.36959E-06   0.13884E-07
      9      6    3.0    2.0   0.45838E-01   0.17220E-02
      9      7    3.0    4.0   0.15097E-02   0.56714E-04
      4      3    6.0    4.0   0.34017E-02   0.12779E-03
      4      7    6.0    4.0   0.15109E-07   0.56758E-09
      7      2    4.0    2.0   0.67721E-03   0.25441E-04
      7      3    4.0    4.0   0.77410E-03   0.29081E-04
      7      6    4.0    2.0   0.54908E-02   0.20627E-03
      3      2    4.0    2.0   0.59098E+00   0.22201E-01
      3      6    4.0    2.0   0.10652E-04   0.40018E-06
      6      1    2.0    0.0   0.58315E-01   0.21907E-02
      6      2    2.0    2.0   0.53990E+00   0.20282E-01
      2      1    2.0    0.0   0.26619E+02   0.10000E+01


                                                  CALCULATED YIELDS

     EXPERIMENT  1  DETECTOR  1
     ENERGY     42.000 MEV  THETA 148.000 DEG

     NI     NF     II     IF     YIELD     NORMALIZED YIELD

      5      4    8.0    6.0   0.64770E-05   0.24678E-06
      8      3    5.0    4.0   0.27740E-06   0.10569E-07
      8      4    5.0    6.0   0.92130E-11   0.35102E-12
      8      7    5.0    4.0   0.25485E-08   0.97098E-10
      9      1    3.0    0.0   0.23224E-07   0.88484E-09
      9      2    3.0    2.0   0.10227E-05   0.38966E-07
      9      3    3.0    4.0   0.36464E-06   0.13893E-07
      9      6    3.0    2.0   0.45275E-01   0.17250E-02
      9      7    3.0    4.0   0.14894E-02   0.56748E-04
      4      3    6.0    4.0   0.33958E-02   0.12938E-03
      4      7    6.0    4.0   0.15084E-07   0.57469E-09
      7      2    4.0    2.0   0.67451E-03   0.25699E-04
      7      3    4.0    4.0   0.77254E-03   0.29434E-04
      7      6    4.0    2.0   0.54691E-02   0.20837E-03
      3      2    4.0    2.0   0.58811E+00   0.22407E-01
      3      6    4.0    2.0   0.10602E-04   0.40393E-06
      6      1    2.0    0.0   0.58045E-01   0.22115E-02
      6      2    2.0    2.0   0.54145E+00   0.20630E-01
      2      1    2.0    0.0   0.26246E+02   0.10000E+01


                                                  CALCULATED YIELDS

     EXPERIMENT  1  DETECTOR  1
     ENERGY     42.000 MEV  THETA 150.000 DEG

     NI     NF     II     IF     YIELD     NORMALIZED YIELD

      5      4    8.0    6.0   0.64392E-05   0.24865E-06
      8      3    5.0    4.0   0.24809E-06   0.95798E-08
      8      4    5.0    6.0   0.82396E-11   0.31817E-12
      8      7    5.0    4.0   0.22792E-08   0.88008E-10
      9      1    3.0    0.0   0.23557E-07   0.90963E-09
      9      2    3.0    2.0   0.10108E-05   0.39031E-07
      9      3    3.0    4.0   0.36000E-06   0.13901E-07
      9      6    3.0    2.0   0.44747E-01   0.17279E-02
      9      7    3.0    4.0   0.14705E-02   0.56781E-04
      4      3    6.0    4.0   0.33882E-02   0.13083E-03
      4      7    6.0    4.0   0.15051E-07   0.58118E-09
      7      2    4.0    2.0   0.67184E-03   0.25943E-04
      7      3    4.0    4.0   0.77094E-03   0.29769E-04
      7      6    4.0    2.0   0.54475E-02   0.21035E-03
      3      2    4.0    2.0   0.58527E+00   0.22600E-01
      3      6    4.0    2.0   0.10552E-04   0.40745E-06
      6      1    2.0    0.0   0.57781E-01   0.22312E-02
      6      2    2.0    2.0   0.54290E+00   0.20964E-01
      2      1    2.0    0.0   0.25897E+02   0.10000E+01


                                                  CALCULATED YIELDS

     EXPERIMENT  1  DETECTOR  1
     ENERGY     42.000 MEV  THETA 152.000 DEG

     NI     NF     II     IF     YIELD     NORMALIZED YIELD

      5      4    8.0    6.0   0.63961E-05   0.25012E-06
      8      3    5.0    4.0   0.21963E-06   0.85890E-08
      8      4    5.0    6.0   0.72944E-11   0.28526E-12
      8      7    5.0    4.0   0.20177E-08   0.78905E-10
      9      1    3.0    0.0   0.23906E-07   0.93486E-09
      9      2    3.0    2.0   0.99966E-06   0.39093E-07
      9      3    3.0    4.0   0.35567E-06   0.13909E-07
      9      6    3.0    2.0   0.44254E-01   0.17306E-02
      9      7    3.0    4.0   0.14528E-02   0.56813E-04
      4      3    6.0    4.0   0.33792E-02   0.13215E-03
      4      7    6.0    4.0   0.15012E-07   0.58708E-09
      7      2    4.0    2.0   0.66918E-03   0.26169E-04
      7      3    4.0    4.0   0.76928E-03   0.30084E-04
      7      6    4.0    2.0   0.54260E-02   0.21219E-03
      3      2    4.0    2.0   0.58250E+00   0.22779E-01
      3      6    4.0    2.0   0.10503E-04   0.41072E-06
      6      1    2.0    0.0   0.57525E-01   0.22496E-02
      6      2    2.0    2.0   0.54425E+00   0.21283E-01
      2      1    2.0    0.0   0.25572E+02   0.10000E+01


                                                  CALCULATED YIELDS

     EXPERIMENT  1  DETECTOR  1
     ENERGY     42.000 MEV  THETA 154.000 DEG

     NI     NF     II     IF     YIELD     NORMALIZED YIELD

      5      4    8.0    6.0   0.63488E-05   0.25125E-06
      8      3    5.0    4.0   0.19223E-06   0.76072E-08
      8      4    5.0    6.0   0.63841E-11   0.25265E-12
      8      7    5.0    4.0   0.17659E-08   0.69885E-10
      9      1    3.0    0.0   0.24266E-07   0.96031E-09
      9      2    3.0    2.0   0.98940E-06   0.39155E-07
      9      3    3.0    4.0   0.35168E-06   0.13917E-07
      9      6    3.0    2.0   0.43800E-01   0.17333E-02
      9      7    3.0    4.0   0.14365E-02   0.56847E-04
      4      3    6.0    4.0   0.33692E-02   0.13333E-03
      4      7    6.0    4.0   0.14969E-07   0.59239E-09
      7      2    4.0    2.0   0.66659E-03   0.26380E-04
      7      3    4.0    4.0   0.76762E-03   0.30378E-04
      7      6    4.0    2.0   0.54049E-02   0.21390E-03
      3      2    4.0    2.0   0.57980E+00   0.22945E-01
      3      6    4.0    2.0   0.10455E-04   0.41375E-06
      6      1    2.0    0.0   0.57278E-01   0.22667E-02
      6      2    2.0    2.0   0.54550E+00   0.21588E-01
      2      1    2.0    0.0   0.25269E+02   0.10000E+01


                                                  CALCULATED YIELDS

     EXPERIMENT  1  DETECTOR  1
     ENERGY     42.000 MEV  THETA 156.000 DEG

     NI     NF     II     IF     YIELD     NORMALIZED YIELD

      5      4    8.0    6.0   0.62987E-05   0.25205E-06
      8      3    5.0    4.0   0.16606E-06   0.66450E-08
      8      4    5.0    6.0   0.55148E-11   0.22068E-12
      8      7    5.0    4.0   0.15255E-08   0.61044E-10
      9      1    3.0    0.0   0.24626E-07   0.98546E-09
      9      2    3.0    2.0   0.97977E-06   0.39207E-07
      9      3    3.0    4.0   0.34794E-06   0.13923E-07
      9      6    3.0    2.0   0.43374E-01   0.17357E-02
      9      7    3.0    4.0   0.14212E-02   0.56871E-04
      4      3    6.0    4.0   0.33585E-02   0.13440E-03
      4      7    6.0    4.0   0.14923E-07   0.59716E-09
      7      2    4.0    2.0   0.66404E-03   0.26573E-04
      7      3    4.0    4.0   0.76595E-03   0.30651E-04
      7      6    4.0    2.0   0.53843E-02   0.21546E-03
      3      2    4.0    2.0   0.57721E+00   0.23098E-01
      3      6    4.0    2.0   0.10409E-04   0.41654E-06
      6      1    2.0    0.0   0.57042E-01   0.22826E-02
      6      2    2.0    2.0   0.54664E+00   0.21875E-01
      2      1    2.0    0.0   0.24990E+02   0.10000E+01


                                                  CALCULATED YIELDS

     EXPERIMENT  1  DETECTOR  1
     ENERGY     42.000 MEV  THETA 158.000 DEG

     NI     NF     II     IF     YIELD     NORMALIZED YIELD

      5      4    8.0    6.0   0.62472E-05   0.25258E-06
      8      3    5.0    4.0   0.14129E-06   0.57128E-08
      8      4    5.0    6.0   0.46923E-11   0.18972E-12
      8      7    5.0    4.0   0.12980E-08   0.52480E-10
      9      1    3.0    0.0   0.24983E-07   0.10101E-08
      9      2    3.0    2.0   0.97091E-06   0.39256E-07
      9      3    3.0    4.0   0.34450E-06   0.13929E-07
      9      6    3.0    2.0   0.42982E-01   0.17378E-02
      9      7    3.0    4.0   0.14071E-02   0.56893E-04
      4      3    6.0    4.0   0.33474E-02   0.13534E-03
      4      7    6.0    4.0   0.14875E-07   0.60140E-09
      7      2    4.0    2.0   0.66160E-03   0.26749E-04
      7      3    4.0    4.0   0.76431E-03   0.30902E-04
      7      6    4.0    2.0   0.53646E-02   0.21690E-03
      3      2    4.0    2.0   0.57475E+00   0.23238E-01
      3      6    4.0    2.0   0.10366E-04   0.41910E-06
      6      1    2.0    0.0   0.56819E-01   0.22973E-02
      6      2    2.0    2.0   0.54769E+00   0.22144E-01
      2      1    2.0    0.0   0.24733E+02   0.10000E+01


                                                  CALCULATED YIELDS

     EXPERIMENT  1  DETECTOR  1
     ENERGY     42.000 MEV  THETA 160.000 DEG

     NI     NF     II     IF     YIELD     NORMALIZED YIELD

      5      4    8.0    6.0   0.61954E-05   0.25288E-06
      8      3    5.0    4.0   0.11811E-06   0.48209E-08
      8      4    5.0    6.0   0.39223E-11   0.16010E-12
      8      7    5.0    4.0   0.10850E-08   0.44287E-10
      9      1    3.0    0.0   0.25332E-07   0.10340E-08
      9      2    3.0    2.0   0.96286E-06   0.39301E-07
      9      3    3.0    4.0   0.34138E-06   0.13934E-07
      9      6    3.0    2.0   0.42625E-01   0.17398E-02
      9      7    3.0    4.0   0.13944E-02   0.56914E-04
      4      3    6.0    4.0   0.33362E-02   0.13618E-03
      4      7    6.0    4.0   0.14826E-07   0.60515E-09
      7      2    4.0    2.0   0.65930E-03   0.26911E-04
      7      3    4.0    4.0   0.76275E-03   0.31133E-04
      7      6    4.0    2.0   0.53460E-02   0.21821E-03
      3      2    4.0    2.0   0.57243E+00   0.23365E-01
      3      6    4.0    2.0   0.10325E-04   0.42143E-06
      6      1    2.0    0.0   0.56610E-01   0.23107E-02
      6      2    2.0    2.0   0.54864E+00   0.22394E-01
      2      1    2.0    0.0   0.24499E+02   0.10000E+01


                                                  CALCULATED YIELDS

     EXPERIMENT  1  DETECTOR  1
     ENERGY     43.000 MEV  THETA 132.000 DEG

     NI     NF     II     IF     YIELD     NORMALIZED YIELD

      5      4    8.0    6.0   0.91435E-05   0.29489E-06
      8      3    5.0    4.0   0.67324E-06   0.21713E-07
      8      4    5.0    6.0   0.22346E-10   0.72067E-12
      8      7    5.0    4.0   0.61864E-08   0.19952E-09
      9      1    3.0    0.0   0.25764E-07   0.83091E-09
      9      2    3.0    2.0   0.13509E-05   0.43569E-07
      9      3    3.0    4.0   0.48657E-06   0.15692E-07
      9      6    3.0    2.0   0.59805E-01   0.19288E-02
      9      7    3.0    4.0   0.19876E-02   0.64102E-04
      4      3    6.0    4.0   0.42655E-02   0.13757E-03
      4      7    6.0    4.0   0.18933E-07   0.61061E-09
      7      2    4.0    2.0   0.83680E-03   0.26988E-04
      7      3    4.0    4.0   0.94185E-03   0.30376E-04
      7      6    4.0    2.0   0.67844E-02   0.21880E-03
      3      2    4.0    2.0   0.69468E+00   0.22404E-01
      3      6    4.0    2.0   0.12512E-04   0.40352E-06
      6      1    2.0    0.0   0.67311E-01   0.21709E-02
      6      2    2.0    2.0   0.58773E+00   0.18955E-01
      2      1    2.0    0.0   0.31007E+02   0.10000E+01


                                                  CALCULATED YIELDS

     EXPERIMENT  1  DETECTOR  1
     ENERGY     43.000 MEV  THETA 134.000 DEG

     NI     NF     II     IF     YIELD     NORMALIZED YIELD

      5      4    8.0    6.0   0.92303E-05   0.30315E-06
      8      3    5.0    4.0   0.63649E-06   0.20904E-07
      8      4    5.0    6.0   0.21129E-10   0.69394E-12
      8      7    5.0    4.0   0.58487E-08   0.19209E-09
      9      1    3.0    0.0   0.25797E-07   0.84725E-09
      9      2    3.0    2.0   0.13315E-05   0.43731E-07
      9      3    3.0    4.0   0.47891E-06   0.15729E-07
      9      6    3.0    2.0   0.58946E-01   0.19360E-02
      9      7    3.0    4.0   0.19563E-02   0.64250E-04
      4      3    6.0    4.0   0.42899E-02   0.14089E-03
      4      7    6.0    4.0   0.19043E-07   0.62543E-09
      7      2    4.0    2.0   0.83556E-03   0.27442E-04
      7      3    4.0    4.0   0.94260E-03   0.30958E-04
      7      6    4.0    2.0   0.67743E-02   0.22249E-03
      3      2    4.0    2.0   0.69245E+00   0.22742E-01
      3      6    4.0    2.0   0.12473E-04   0.40965E-06
      6      1    2.0    0.0   0.67060E-01   0.22024E-02
      6      2    2.0    2.0   0.59048E+00   0.19393E-01
      2      1    2.0    0.0   0.30448E+02   0.10000E+01


                                                  CALCULATED YIELDS

     EXPERIMENT  1  DETECTOR  1
     ENERGY     43.000 MEV  THETA 136.000 DEG

     NI     NF     II     IF     YIELD     NORMALIZED YIELD

      5      4    8.0    6.0   0.92966E-05   0.31077E-06
      8      3    5.0    4.0   0.59854E-06   0.20008E-07
      8      4    5.0    6.0   0.19871E-10   0.66427E-12
      8      7    5.0    4.0   0.54999E-08   0.18385E-09
      9      1    3.0    0.0   0.25899E-07   0.86576E-09
      9      2    3.0    2.0   0.13128E-05   0.43884E-07
      9      3    3.0    4.0   0.47152E-06   0.15762E-07
      9      6    3.0    2.0   0.58116E-01   0.19427E-02
      9      7    3.0    4.0   0.19261E-02   0.64385E-04
      4      3    6.0    4.0   0.43092E-02   0.14405E-03
      4      7    6.0    4.0   0.19130E-07   0.63949E-09
      7      2    4.0    2.0   0.83406E-03   0.27881E-04
      7      3    4.0    4.0   0.94303E-03   0.31524E-04
      7      6    4.0    2.0   0.67623E-02   0.22605E-03
      3      2    4.0    2.0   0.68999E+00   0.23065E-01
      3      6    4.0    2.0   0.12430E-04   0.41552E-06
      6      1    2.0    0.0   0.66796E-01   0.22329E-02
      6      2    2.0    2.0   0.59310E+00   0.19826E-01
      2      1    2.0    0.0   0.29915E+02   0.10000E+01


                                                  CALCULATED YIELDS

     EXPERIMENT  1  DETECTOR  1
     ENERGY     43.000 MEV  THETA 138.000 DEG

     NI     NF     II     IF     YIELD     NORMALIZED YIELD

      5      4    8.0    6.0   0.93436E-05   0.31773E-06
      8      3    5.0    4.0   0.55969E-06   0.19032E-07
      8      4    5.0    6.0   0.18583E-10   0.63192E-12
      8      7    5.0    4.0   0.51427E-08   0.17488E-09
      9      1    3.0    0.0   0.26070E-07   0.88650E-09
      9      2    3.0    2.0   0.12950E-05   0.44036E-07
      9      3    3.0    4.0   0.46451E-06   0.15796E-07
      9      6    3.0    2.0   0.57328E-01   0.19494E-02
      9      7    3.0    4.0   0.18974E-02   0.64522E-04
      4      3    6.0    4.0   0.43237E-02   0.14703E-03
      4      7    6.0    4.0   0.19196E-07   0.65277E-09
      7      2    4.0    2.0   0.83232E-03   0.28303E-04
      7      3    4.0    4.0   0.94316E-03   0.32072E-04
      7      6    4.0    2.0   0.67483E-02   0.22947E-03
      3      2    4.0    2.0   0.68735E+00   0.23373E-01
      3      6    4.0    2.0   0.12384E-04   0.42112E-06
      6      1    2.0    0.0   0.66523E-01   0.22621E-02
      6      2    2.0    2.0   0.59559E+00   0.20253E-01
      2      1    2.0    0.0   0.29407E+02   0.10000E+01


                                                  CALCULATED YIELDS

     EXPERIMENT  1  DETECTOR  1
     ENERGY     43.000 MEV  THETA 140.000 DEG

     NI     NF     II     IF     YIELD     NORMALIZED YIELD

      5      4    8.0    6.0   0.93724E-05   0.32402E-06
      8      3    5.0    4.0   0.52021E-06   0.17985E-07
      8      4    5.0    6.0   0.17274E-10   0.59718E-12
      8      7    5.0    4.0   0.47800E-08   0.16525E-09
      9      1    3.0    0.0   0.26298E-07   0.90915E-09
      9      2    3.0    2.0   0.12778E-05   0.44177E-07
      9      3    3.0    4.0   0.45776E-06   0.15826E-07
      9      6    3.0    2.0   0.56568E-01   0.19557E-02
      9      7    3.0    4.0   0.18698E-02   0.64644E-04
      4      3    6.0    4.0   0.43338E-02   0.14983E-03
      4      7    6.0    4.0   0.19243E-07   0.66526E-09
      7      2    4.0    2.0   0.83033E-03   0.28706E-04
      7      3    4.0    4.0   0.94295E-03   0.32599E-04
      7      6    4.0    2.0   0.67321E-02   0.23274E-03
      3      2    4.0    2.0   0.68457E+00   0.23667E-01
      3      6    4.0    2.0   0.12335E-04   0.42645E-06
      6      1    2.0    0.0   0.66243E-01   0.22901E-02
      6      2    2.0    2.0   0.59794E+00   0.20672E-01
      2      1    2.0    0.0   0.28925E+02   0.10000E+01


                                                  CALCULATED YIELDS

     EXPERIMENT  1  DETECTOR  1
     ENERGY     43.000 MEV  THETA 142.000 DEG

     NI     NF     II     IF     YIELD     NORMALIZED YIELD

      5      4    8.0    6.0   0.93844E-05   0.32964E-06
      8      3    5.0    4.0   0.48042E-06   0.16875E-07
      8      4    5.0    6.0   0.15953E-10   0.56038E-12
      8      7    5.0    4.0   0.44142E-08   0.15506E-09
      9      1    3.0    0.0   0.26578E-07   0.93362E-09
      9      2    3.0    2.0   0.12614E-05   0.44311E-07
      9      3    3.0    4.0   0.45132E-06   0.15854E-07
      9      6    3.0    2.0   0.55844E-01   0.19616E-02
      9      7    3.0    4.0   0.18435E-02   0.64758E-04
      4      3    6.0    4.0   0.43399E-02   0.15245E-03
      4      7    6.0    4.0   0.19272E-07   0.67695E-09
      7      2    4.0    2.0   0.82817E-03   0.29091E-04
      7      3    4.0    4.0   0.94251E-03   0.33107E-04
      7      6    4.0    2.0   0.67147E-02   0.23587E-03
      3      2    4.0    2.0   0.68168E+00   0.23945E-01
      3      6    4.0    2.0   0.12284E-04   0.43151E-06
      6      1    2.0    0.0   0.65959E-01   0.23169E-02
      6      2    2.0    2.0   0.60017E+00   0.21082E-01
      2      1    2.0    0.0   0.28468E+02   0.10000E+01


                                                  CALCULATED YIELDS

     EXPERIMENT  1  DETECTOR  1
     ENERGY     43.000 MEV  THETA 144.000 DEG

     NI     NF     II     IF     YIELD     NORMALIZED YIELD

      5      4    8.0    6.0   0.93811E-05   0.33461E-06
      8      3    5.0    4.0   0.44060E-06   0.15715E-07
      8      4    5.0    6.0   0.14631E-10   0.52187E-12
      8      7    5.0    4.0   0.40483E-08   0.14440E-09
      9      1    3.0    0.0   0.26903E-07   0.95957E-09
      9      2    3.0    2.0   0.12457E-05   0.44432E-07
      9      3    3.0    4.0   0.44515E-06   0.15878E-07
      9      6    3.0    2.0   0.55147E-01   0.19670E-02
      9      7    3.0    4.0   0.18183E-02   0.64856E-04
      4      3    6.0    4.0   0.43424E-02   0.15488E-03
      4      7    6.0    4.0   0.19285E-07   0.68784E-09
      7      2    4.0    2.0   0.82584E-03   0.29456E-04
      7      3    4.0    4.0   0.94182E-03   0.33593E-04
      7      6    4.0    2.0   0.66959E-02   0.23883E-03
      3      2    4.0    2.0   0.67871E+00   0.24208E-01
      3      6    4.0    2.0   0.12232E-04   0.43630E-06
      6      1    2.0    0.0   0.65673E-01   0.23424E-02
      6      2    2.0    2.0   0.60226E+00   0.21482E-01
      2      1    2.0    0.0   0.28036E+02   0.10000E+01


                                                  CALCULATED YIELDS

     EXPERIMENT  1  DETECTOR  1
     ENERGY     43.000 MEV  THETA 146.000 DEG

     NI     NF     II     IF     YIELD     NORMALIZED YIELD

      5      4    8.0    6.0   0.93641E-05   0.33893E-06
      8      3    5.0    4.0   0.40104E-06   0.14515E-07
      8      4    5.0    6.0   0.13318E-10   0.48204E-12
      8      7    5.0    4.0   0.36848E-08   0.13337E-09
      9      1    3.0    0.0   0.27261E-07   0.98671E-09
      9      2    3.0    2.0   0.12306E-05   0.44541E-07
      9      3    3.0    4.0   0.43923E-06   0.15898E-07
      9      6    3.0    2.0   0.54478E-01   0.19718E-02
      9      7    3.0    4.0   0.17941E-02   0.64937E-04
      4      3    6.0    4.0   0.43417E-02   0.15715E-03
      4      7    6.0    4.0   0.19283E-07   0.69795E-09
      7      2    4.0    2.0   0.82340E-03   0.29802E-04
      7      3    4.0    4.0   0.94094E-03   0.34057E-04
      7      6    4.0    2.0   0.66762E-02   0.24164E-03
      3      2    4.0    2.0   0.67570E+00   0.24456E-01
      3      6    4.0    2.0   0.12179E-04   0.44082E-06
      6      1    2.0    0.0   0.65387E-01   0.23666E-02
      6      2    2.0    2.0   0.60423E+00   0.21870E-01
      2      1    2.0    0.0   0.27629E+02   0.10000E+01


                                                  CALCULATED YIELDS

     EXPERIMENT  1  DETECTOR  1
     ENERGY     43.000 MEV  THETA 148.000 DEG

     NI     NF     II     IF     YIELD     NORMALIZED YIELD

      5      4    8.0    6.0   0.93352E-05   0.34263E-06
      8      3    5.0    4.0   0.36203E-06   0.13288E-07
      8      4    5.0    6.0   0.12023E-10   0.44127E-12
      8      7    5.0    4.0   0.33263E-08   0.12209E-09
      9      1    3.0    0.0   0.27652E-07   0.10149E-08
      9      2    3.0    2.0   0.12164E-05   0.44644E-07
      9      3    3.0    4.0   0.43366E-06   0.15917E-07
      9      6    3.0    2.0   0.53847E-01   0.19764E-02
      9      7    3.0    4.0   0.17714E-02   0.65014E-04
      4      3    6.0    4.0   0.43384E-02   0.15923E-03
      4      7    6.0    4.0   0.19270E-07   0.70727E-09
      7      2    4.0    2.0   0.82089E-03   0.30129E-04
      7      3    4.0    4.0   0.93991E-03   0.34498E-04
      7      6    4.0    2.0   0.66559E-02   0.24429E-03
      3      2    4.0    2.0   0.67268E+00   0.24689E-01
      3      6    4.0    2.0   0.12126E-04   0.44507E-06
      6      1    2.0    0.0   0.65105E-01   0.23895E-02
      6      2    2.0    2.0   0.60608E+00   0.22245E-01
      2      1    2.0    0.0   0.27246E+02   0.10000E+01


                                                  CALCULATED YIELDS

     EXPERIMENT  1  DETECTOR  1
     ENERGY     43.000 MEV  THETA 150.000 DEG

     NI     NF     II     IF     YIELD     NORMALIZED YIELD

      5      4    8.0    6.0   0.92962E-05   0.34575E-06
      8      3    5.0    4.0   0.32385E-06   0.12045E-07
      8      4    5.0    6.0   0.10755E-10   0.40000E-12
      8      7    5.0    4.0   0.29755E-08   0.11067E-09
      9      1    3.0    0.0   0.28071E-07   0.10440E-08
      9      2    3.0    2.0   0.12031E-05   0.44747E-07
      9      3    3.0    4.0   0.42848E-06   0.15936E-07
      9      6    3.0    2.0   0.53261E-01   0.19809E-02
      9      7    3.0    4.0   0.17502E-02   0.65094E-04
      4      3    6.0    4.0   0.43327E-02   0.16114E-03
      4      7    6.0    4.0   0.19246E-07   0.71583E-09
      7      2    4.0    2.0   0.81835E-03   0.30437E-04
      7      3    4.0    4.0   0.93877E-03   0.34916E-04
      7      6    4.0    2.0   0.66354E-02   0.24679E-03
      3      2    4.0    2.0   0.66969E+00   0.24908E-01
      3      6    4.0    2.0   0.12073E-04   0.44904E-06
      6      1    2.0    0.0   0.64827E-01   0.24111E-02
      6      2    2.0    2.0   0.60780E+00   0.22606E-01
      2      1    2.0    0.0   0.26887E+02   0.10000E+01


                                                  CALCULATED YIELDS

     EXPERIMENT  1  DETECTOR  1
     ENERGY     43.000 MEV  THETA 152.000 DEG

     NI     NF     II     IF     YIELD     NORMALIZED YIELD

      5      4    8.0    6.0   0.92487E-05   0.34832E-06
      8      3    5.0    4.0   0.28676E-06   0.10800E-07
      8      4    5.0    6.0   0.95231E-11   0.35865E-12
      8      7    5.0    4.0   0.26347E-08   0.99227E-10
      9      1    3.0    0.0   0.28506E-07   0.10736E-08
      9      2    3.0    2.0   0.11906E-05   0.44842E-07
      9      3    3.0    4.0   0.42361E-06   0.15954E-07
      9      6    3.0    2.0   0.52709E-01   0.19851E-02
      9      7    3.0    4.0   0.17303E-02   0.65165E-04
      4      3    6.0    4.0   0.43251E-02   0.16289E-03
      4      7    6.0    4.0   0.19214E-07   0.72365E-09
      7      2    4.0    2.0   0.81577E-03   0.30723E-04
      7      3    4.0    4.0   0.93751E-03   0.35308E-04
      7      6    4.0    2.0   0.66145E-02   0.24911E-03
      3      2    4.0    2.0   0.66675E+00   0.25111E-01
      3      6    4.0    2.0   0.12022E-04   0.45275E-06
      6      1    2.0    0.0   0.64558E-01   0.24313E-02
      6      2    2.0    2.0   0.60939E+00   0.22951E-01
      2      1    2.0    0.0   0.26552E+02   0.10000E+01


                                                  CALCULATED YIELDS

     EXPERIMENT  1  DETECTOR  1
     ENERGY     43.000 MEV  THETA 154.000 DEG

     NI     NF     II     IF     YIELD     NORMALIZED YIELD

      5      4    8.0    6.0   0.91948E-05   0.35039E-06
      8      3    5.0    4.0   0.25105E-06   0.95670E-08
      8      4    5.0    6.0   0.83362E-11   0.31767E-12
      8      7    5.0    4.0   0.23063E-08   0.87889E-10
      9      1    3.0    0.0   0.28948E-07   0.11031E-08
      9      2    3.0    2.0   0.11790E-05   0.44928E-07
      9      3    3.0    4.0   0.41905E-06   0.15969E-07
      9      6    3.0    2.0   0.52192E-01   0.19889E-02
      9      7    3.0    4.0   0.17116E-02   0.65226E-04
      4      3    6.0    4.0   0.43160E-02   0.16447E-03
      4      7    6.0    4.0   0.19176E-07   0.73074E-09
      7      2    4.0    2.0   0.81320E-03   0.30989E-04
      7      3    4.0    4.0   0.93617E-03   0.35675E-04
      7      6    4.0    2.0   0.65938E-02   0.25127E-03
      3      2    4.0    2.0   0.66389E+00   0.25299E-01
      3      6    4.0    2.0   0.11971E-04   0.45619E-06
      6      1    2.0    0.0   0.64297E-01   0.24502E-02
      6      2    2.0    2.0   0.61087E+00   0.23279E-01
      2      1    2.0    0.0   0.26241E+02   0.10000E+01


                                                  CALCULATED YIELDS

     EXPERIMENT  1  DETECTOR  1
     ENERGY     43.000 MEV  THETA 156.000 DEG

     NI     NF     II     IF     YIELD     NORMALIZED YIELD

      5      4    8.0    6.0   0.91362E-05   0.35201E-06
      8      3    5.0    4.0   0.21691E-06   0.83573E-08
      8      4    5.0    6.0   0.72023E-11   0.27750E-12
      8      7    5.0    4.0   0.19926E-08   0.76775E-10
      9      1    3.0    0.0   0.29392E-07   0.11325E-08
      9      2    3.0    2.0   0.11682E-05   0.45009E-07
      9      3    3.0    4.0   0.41484E-06   0.15983E-07
      9      6    3.0    2.0   0.51715E-01   0.19925E-02
      9      7    3.0    4.0   0.16944E-02   0.65285E-04
      4      3    6.0    4.0   0.43059E-02   0.16590E-03
      4      7    6.0    4.0   0.19132E-07   0.73714E-09
      7      2    4.0    2.0   0.81071E-03   0.31236E-04
      7      3    4.0    4.0   0.93483E-03   0.36018E-04
      7      6    4.0    2.0   0.65736E-02   0.25327E-03
      3      2    4.0    2.0   0.66113E+00   0.25473E-01
      3      6    4.0    2.0   0.11922E-04   0.45936E-06
      6      1    2.0    0.0   0.64048E-01   0.24677E-02
      6      2    2.0    2.0   0.61223E+00   0.23589E-01
      2      1    2.0    0.0   0.25954E+02   0.10000E+01


                                                  CALCULATED YIELDS

     EXPERIMENT  1  DETECTOR  1
     ENERGY     43.000 MEV  THETA 158.000 DEG

     NI     NF     II     IF     YIELD     NORMALIZED YIELD

      5      4    8.0    6.0   0.90746E-05   0.35322E-06
      8      3    5.0    4.0   0.18459E-06   0.71852E-08
      8      4    5.0    6.0   0.61292E-11   0.23857E-12
      8      7    5.0    4.0   0.16958E-08   0.66007E-10
      9      1    3.0    0.0   0.29830E-07   0.11611E-08
      9      2    3.0    2.0   0.11582E-05   0.45082E-07
      9      3    3.0    4.0   0.41094E-06   0.15996E-07
      9      6    3.0    2.0   0.51273E-01   0.19957E-02
      9      7    3.0    4.0   0.16785E-02   0.65335E-04
      4      3    6.0    4.0   0.42950E-02   0.16718E-03
      4      7    6.0    4.0   0.19085E-07   0.74288E-09
      7      2    4.0    2.0   0.80828E-03   0.31462E-04
      7      3    4.0    4.0   0.93345E-03   0.36334E-04
      7      6    4.0    2.0   0.65539E-02   0.25511E-03
      3      2    4.0    2.0   0.65851E+00   0.25632E-01
      3      6    4.0    2.0   0.11876E-04   0.46227E-06
      6      1    2.0    0.0   0.63812E-01   0.24839E-02
      6      2    2.0    2.0   0.61347E+00   0.23879E-01
      2      1    2.0    0.0   0.25691E+02   0.10000E+01


                                                  CALCULATED YIELDS

     EXPERIMENT  1  DETECTOR  1
     ENERGY     43.000 MEV  THETA 160.000 DEG

     NI     NF     II     IF     YIELD     NORMALIZED YIELD

      5      4    8.0    6.0   0.90119E-05   0.35409E-06
      8      3    5.0    4.0   0.15433E-06   0.60638E-08
      8      4    5.0    6.0   0.51241E-11   0.20133E-12
      8      7    5.0    4.0   0.14177E-08   0.55704E-10
      9      1    3.0    0.0   0.30253E-07   0.11887E-08
      9      2    3.0    2.0   0.11490E-05   0.45145E-07
      9      3    3.0    4.0   0.40735E-06   0.16005E-07
      9      6    3.0    2.0   0.50864E-01   0.19985E-02
      9      7    3.0    4.0   0.16638E-02   0.65374E-04
      4      3    6.0    4.0   0.42838E-02   0.16832E-03
      4      7    6.0    4.0   0.19037E-07   0.74798E-09
      7      2    4.0    2.0   0.80595E-03   0.31667E-04
      7      3    4.0    4.0   0.93209E-03   0.36623E-04
      7      6    4.0    2.0   0.65351E-02   0.25678E-03
      3      2    4.0    2.0   0.65604E+00   0.25777E-01
      3      6    4.0    2.0   0.11833E-04   0.46492E-06
      6      1    2.0    0.0   0.63591E-01   0.24986E-02
      6      2    2.0    2.0   0.61460E+00   0.24149E-01
      2      1    2.0    0.0   0.25451E+02   0.10000E+01


                                                  CALCULATED YIELDS

     EXPERIMENT  1  DETECTOR  1
     ENERGY     44.000 MEV  THETA 132.000 DEG

     NI     NF     II     IF     YIELD     NORMALIZED YIELD

      5      4    8.0    6.0   0.12811E-04   0.39927E-06
      8      3    5.0    4.0   0.86729E-06   0.27029E-07
      8      4    5.0    6.0   0.28781E-10   0.89696E-12
      8      7    5.0    4.0   0.79696E-08   0.24837E-09
      9      1    3.0    0.0   0.30187E-07   0.94077E-09
      9      2    3.0    2.0   0.15836E-05   0.49353E-07
      9      3    3.0    4.0   0.57037E-06   0.17776E-07
      9      6    3.0    2.0   0.70105E-01   0.21848E-02
      9      7    3.0    4.0   0.23299E-02   0.72611E-04
      4      3    6.0    4.0   0.53533E-02   0.16683E-03
      4      7    6.0    4.0   0.23761E-07   0.74050E-09
      7      2    4.0    2.0   0.10025E-02   0.31242E-04
      7      3    4.0    4.0   0.11280E-02   0.35154E-04
      7      6    4.0    2.0   0.81275E-02   0.25329E-03
      3      2    4.0    2.0   0.78754E+00   0.24544E-01
      3      6    4.0    2.0   0.14184E-04   0.44206E-06
      6      1    2.0    0.0   0.74991E-01   0.23371E-02
      6      2    2.0    2.0   0.65411E+00   0.20385E-01
      2      1    2.0    0.0   0.32087E+02   0.10000E+01


                                                  CALCULATED YIELDS

     EXPERIMENT  1  DETECTOR  1
     ENERGY     44.000 MEV  THETA 134.000 DEG

     NI     NF     II     IF     YIELD     NORMALIZED YIELD

      5      4    8.0    6.0   0.12954E-04   0.41107E-06
      8      3    5.0    4.0   0.82019E-06   0.26027E-07
      8      4    5.0    6.0   0.27221E-10   0.86381E-12
      8      7    5.0    4.0   0.75366E-08   0.23916E-09
      9      1    3.0    0.0   0.30255E-07   0.96008E-09
      9      2    3.0    2.0   0.15619E-05   0.49563E-07
      9      3    3.0    4.0   0.56176E-06   0.17826E-07
      9      6    3.0    2.0   0.69145E-01   0.21941E-02
      9      7    3.0    4.0   0.22947E-02   0.72817E-04
      4      3    6.0    4.0   0.53893E-02   0.17102E-03
      4      7    6.0    4.0   0.23923E-07   0.75914E-09
      7      2    4.0    2.0   0.10021E-02   0.31799E-04
      7      3    4.0    4.0   0.11301E-02   0.35863E-04
      7      6    4.0    2.0   0.81245E-02   0.25781E-03
      3      2    4.0    2.0   0.78535E+00   0.24921E-01
      3      6    4.0    2.0   0.14146E-04   0.44890E-06
      6      1    2.0    0.0   0.74737E-01   0.23716E-02
      6      2    2.0    2.0   0.65734E+00   0.20859E-01
      2      1    2.0    0.0   0.31513E+02   0.10000E+01


                                                  CALCULATED YIELDS

     EXPERIMENT  1  DETECTOR  1
     ENERGY     44.000 MEV  THETA 136.000 DEG

     NI     NF     II     IF     YIELD     NORMALIZED YIELD

      5      4    8.0    6.0   0.13069E-04   0.42204E-06
      8      3    5.0    4.0   0.77149E-06   0.24914E-07
      8      4    5.0    6.0   0.25608E-10   0.82698E-12
      8      7    5.0    4.0   0.70891E-08   0.22893E-09
      9      1    3.0    0.0   0.30409E-07   0.98203E-09
      9      2    3.0    2.0   0.15412E-05   0.49772E-07
      9      3    3.0    4.0   0.55357E-06   0.17877E-07
      9      6    3.0    2.0   0.68230E-01   0.22034E-02
      9      7    3.0    4.0   0.22612E-02   0.73023E-04
      4      3    6.0    4.0   0.54190E-02   0.17500E-03
      4      7    6.0    4.0   0.24057E-07   0.77688E-09
      7      2    4.0    2.0   0.10014E-02   0.32338E-04
      7      3    4.0    4.0   0.11319E-02   0.36552E-04
      7      6    4.0    2.0   0.81187E-02   0.26218E-03
      3      2    4.0    2.0   0.78290E+00   0.25283E-01
      3      6    4.0    2.0   0.14104E-04   0.45546E-06
      6      1    2.0    0.0   0.74469E-01   0.24049E-02
      6      2    2.0    2.0   0.66040E+00   0.21327E-01
      2      1    2.0    0.0   0.30966E+02   0.10000E+01


                                                  CALCULATED YIELDS

     EXPERIMENT  1  DETECTOR  1
     ENERGY     44.000 MEV  THETA 138.000 DEG

     NI     NF     II     IF     YIELD     NORMALIZED YIELD

      5      4    8.0    6.0   0.13156E-04   0.43214E-06
      8      3    5.0    4.0   0.72159E-06   0.23702E-07
      8      4    5.0    6.0   0.23954E-10   0.78680E-12
      8      7    5.0    4.0   0.66304E-08   0.21779E-09
      9      1    3.0    0.0   0.30638E-07   0.10063E-08
      9      2    3.0    2.0   0.15213E-05   0.49970E-07
      9      3    3.0    4.0   0.54568E-06   0.17924E-07
      9      6    3.0    2.0   0.67348E-01   0.22121E-02
      9      7    3.0    4.0   0.22290E-02   0.73214E-04
      4      3    6.0    4.0   0.54426E-02   0.17877E-03
      4      7    6.0    4.0   0.24164E-07   0.79369E-09
      7      2    4.0    2.0   0.10003E-02   0.32855E-04
      7      3    4.0    4.0   0.11331E-02   0.37220E-04
      7      6    4.0    2.0   0.81098E-02   0.26638E-03
      3      2    4.0    2.0   0.78022E+00   0.25628E-01
      3      6    4.0    2.0   0.14057E-04   0.46173E-06
      6      1    2.0    0.0   0.74189E-01   0.24369E-02
      6      2    2.0    2.0   0.66332E+00   0.21788E-01
      2      1    2.0    0.0   0.30445E+02   0.10000E+01


                                                  CALCULATED YIELDS

     EXPERIMENT  1  DETECTOR  1
     ENERGY     44.000 MEV  THETA 140.000 DEG

     NI     NF     II     IF     YIELD     NORMALIZED YIELD

      5      4    8.0    6.0   0.13218E-04   0.44135E-06
      8      3    5.0    4.0   0.67086E-06   0.22400E-07
      8      4    5.0    6.0   0.22271E-10   0.74364E-12
      8      7    5.0    4.0   0.61642E-08   0.20582E-09
      9      1    3.0    0.0   0.30934E-07   0.10329E-08
      9      2    3.0    2.0   0.15022E-05   0.50159E-07
      9      3    3.0    4.0   0.53813E-06   0.17968E-07
      9      6    3.0    2.0   0.66503E-01   0.22205E-02
      9      7    3.0    4.0   0.21981E-02   0.73395E-04
      4      3    6.0    4.0   0.54606E-02   0.18233E-03
      4      7    6.0    4.0   0.24246E-07   0.80956E-09
      7      2    4.0    2.0   0.99888E-03   0.33352E-04
      7      3    4.0    4.0   0.11340E-02   0.37865E-04
      7      6    4.0    2.0   0.80987E-02   0.27041E-03
      3      2    4.0    2.0   0.77737E+00   0.25956E-01
      3      6    4.0    2.0   0.14007E-04   0.46770E-06
      6      1    2.0    0.0   0.73901E-01   0.24675E-02
      6      2    2.0    2.0   0.66608E+00   0.22240E-01
      2      1    2.0    0.0   0.29949E+02   0.10000E+01


                                                  CALCULATED YIELDS

     EXPERIMENT  1  DETECTOR  1
     ENERGY     44.000 MEV  THETA 142.000 DEG

     NI     NF     II     IF     YIELD     NORMALIZED YIELD

      5      4    8.0    6.0   0.13257E-04   0.44968E-06
      8      3    5.0    4.0   0.61969E-06   0.21020E-07
      8      4    5.0    6.0   0.20574E-10   0.69788E-12
      8      7    5.0    4.0   0.56939E-08   0.19314E-09
      9      1    3.0    0.0   0.31288E-07   0.10613E-08
      9      2    3.0    2.0   0.14838E-05   0.50331E-07
      9      3    3.0    4.0   0.53085E-06   0.18007E-07
      9      6    3.0    2.0   0.65686E-01   0.22281E-02
      9      7    3.0    4.0   0.21684E-02   0.73554E-04
      4      3    6.0    4.0   0.54736E-02   0.18567E-03
      4      7    6.0    4.0   0.24306E-07   0.82448E-09
      7      2    4.0    2.0   0.99722E-03   0.33827E-04
      7      3    4.0    4.0   0.11346E-02   0.38486E-04
      7      6    4.0    2.0   0.80853E-02   0.27426E-03
      3      2    4.0    2.0   0.77439E+00   0.26268E-01
      3      6    4.0    2.0   0.13955E-04   0.47337E-06
      6      1    2.0    0.0   0.73607E-01   0.24968E-02
      6      2    2.0    2.0   0.66868E+00   0.22682E-01
      2      1    2.0    0.0   0.29480E+02   0.10000E+01


                                                  CALCULATED YIELDS

     EXPERIMENT  1  DETECTOR  1
     ENERGY     44.000 MEV  THETA 144.000 DEG

     NI     NF     II     IF     YIELD     NORMALIZED YIELD

      5      4    8.0    6.0   0.13274E-04   0.45713E-06
      8      3    5.0    4.0   0.56845E-06   0.19577E-07
      8      4    5.0    6.0   0.18873E-10   0.64999E-12
      8      7    5.0    4.0   0.52231E-08   0.17988E-09
      9      1    3.0    0.0   0.31691E-07   0.10914E-08
      9      2    3.0    2.0   0.14661E-05   0.50490E-07
      9      3    3.0    4.0   0.52387E-06   0.18042E-07
      9      6    3.0    2.0   0.64901E-01   0.22352E-02
      9      7    3.0    4.0   0.21398E-02   0.73695E-04
      4      3    6.0    4.0   0.54820E-02   0.18880E-03
      4      7    6.0    4.0   0.24345E-07   0.83843E-09
      7      2    4.0    2.0   0.99535E-03   0.34279E-04
      7      3    4.0    4.0   0.11348E-02   0.39083E-04
      7      6    4.0    2.0   0.80703E-02   0.27794E-03
      3      2    4.0    2.0   0.77131E+00   0.26564E-01
      3      6    4.0    2.0   0.13901E-04   0.47875E-06
      6      1    2.0    0.0   0.73310E-01   0.25247E-02
      6      2    2.0    2.0   0.67114E+00   0.23114E-01
      2      1    2.0    0.0   0.29036E+02   0.10000E+01


                                                  CALCULATED YIELDS

     EXPERIMENT  1  DETECTOR  1
     ENERGY     44.000 MEV  THETA 146.000 DEG

     NI     NF     II     IF     YIELD     NORMALIZED YIELD

      5      4    8.0    6.0   0.13271E-04   0.46372E-06
      8      3    5.0    4.0   0.51753E-06   0.18084E-07
      8      4    5.0    6.0   0.17183E-10   0.60043E-12
      8      7    5.0    4.0   0.47551E-08   0.16616E-09
      9      1    3.0    0.0   0.32140E-07   0.11231E-08
      9      2    3.0    2.0   0.14493E-05   0.50643E-07
      9      3    3.0    4.0   0.51728E-06   0.18075E-07
      9      6    3.0    2.0   0.64160E-01   0.22419E-02
      9      7    3.0    4.0   0.21129E-02   0.73831E-04
      4      3    6.0    4.0   0.54862E-02   0.19171E-03
      4      7    6.0    4.0   0.24366E-07   0.85143E-09
      7      2    4.0    2.0   0.99332E-03   0.34709E-04
      7      3    4.0    4.0   0.11348E-02   0.39653E-04
      7      6    4.0    2.0   0.80539E-02   0.28143E-03
      3      2    4.0    2.0   0.76818E+00   0.26842E-01
      3      6    4.0    2.0   0.13846E-04   0.48382E-06
      6      1    2.0    0.0   0.73012E-01   0.25513E-02
      6      2    2.0    2.0   0.67344E+00   0.23532E-01
      2      1    2.0    0.0   0.28618E+02   0.10000E+01


                                                  CALCULATED YIELDS

     EXPERIMENT  1  DETECTOR  1
     ENERGY     44.000 MEV  THETA 148.000 DEG

     NI     NF     II     IF     YIELD     NORMALIZED YIELD

      5      4    8.0    6.0   0.13251E-04   0.46947E-06
      8      3    5.0    4.0   0.46729E-06   0.16556E-07
      8      4    5.0    6.0   0.15515E-10   0.54970E-12
      8      7    5.0    4.0   0.42935E-08   0.15212E-09
      9      1    3.0    0.0   0.32628E-07   0.11560E-08
      9      2    3.0    2.0   0.14337E-05   0.50795E-07
      9      3    3.0    4.0   0.51112E-06   0.18109E-07
      9      6    3.0    2.0   0.63468E-01   0.22486E-02
      9      7    3.0    4.0   0.20878E-02   0.73968E-04
      4      3    6.0    4.0   0.54869E-02   0.19440E-03
      4      7    6.0    4.0   0.24372E-07   0.86348E-09
      7      2    4.0    2.0   0.99116E-03   0.35116E-04
      7      3    4.0    4.0   0.11345E-02   0.40196E-04
      7      6    4.0    2.0   0.80364E-02   0.28473E-03
      3      2    4.0    2.0   0.76502E+00   0.27104E-01
      3      6    4.0    2.0   0.13791E-04   0.48859E-06
      6      1    2.0    0.0   0.72718E-01   0.25764E-02
      6      2    2.0    2.0   0.67560E+00   0.23936E-01
      2      1    2.0    0.0   0.28225E+02   0.10000E+01


                                                  CALCULATED YIELDS

     EXPERIMENT  1  DETECTOR  1
     ENERGY     44.000 MEV  THETA 150.000 DEG

     NI     NF     II     IF     YIELD     NORMALIZED YIELD

      5      4    8.0    6.0   0.13216E-04   0.47442E-06
      8      3    5.0    4.0   0.41809E-06   0.15009E-07
      8      4    5.0    6.0   0.13882E-10   0.49833E-12
      8      7    5.0    4.0   0.38414E-08   0.13790E-09
      9      1    3.0    0.0   0.33140E-07   0.11896E-08
      9      2    3.0    2.0   0.14187E-05   0.50930E-07
      9      3    3.0    4.0   0.50525E-06   0.18138E-07
      9      6    3.0    2.0   0.62807E-01   0.22546E-02
      9      7    3.0    4.0   0.20638E-02   0.74085E-04
      4      3    6.0    4.0   0.54845E-02   0.19688E-03
      4      7    6.0    4.0   0.24363E-07   0.87458E-09
      7      2    4.0    2.0   0.98885E-03   0.35498E-04
      7      3    4.0    4.0   0.11340E-02   0.40710E-04
      7      6    4.0    2.0   0.80178E-02   0.28782E-03
      3      2    4.0    2.0   0.76188E+00   0.27350E-01
      3      6    4.0    2.0   0.13735E-04   0.49307E-06
      6      1    2.0    0.0   0.72427E-01   0.26000E-02
      6      2    2.0    2.0   0.67761E+00   0.24325E-01
      2      1    2.0    0.0   0.27857E+02   0.10000E+01


                                                  CALCULATED YIELDS

     EXPERIMENT  1  DETECTOR  1
     ENERGY     44.000 MEV  THETA 152.000 DEG

     NI     NF     II     IF     YIELD     NORMALIZED YIELD

      5      4    8.0    6.0   0.13168E-04   0.47862E-06
      8      3    5.0    4.0   0.37028E-06   0.13458E-07
      8      4    5.0    6.0   0.12294E-10   0.44685E-12
      8      7    5.0    4.0   0.34021E-08   0.12365E-09
      9      1    3.0    0.0   0.33671E-07   0.12238E-08
      9      2    3.0    2.0   0.14048E-05   0.51061E-07
      9      3    3.0    4.0   0.49979E-06   0.18166E-07
      9      6    3.0    2.0   0.62192E-01   0.22604E-02
      9      7    3.0    4.0   0.20415E-02   0.74199E-04
      4      3    6.0    4.0   0.54796E-02   0.19916E-03
      4      7    6.0    4.0   0.24343E-07   0.88478E-09
      7      2    4.0    2.0   0.98652E-03   0.35856E-04
      7      3    4.0    4.0   0.11334E-02   0.41195E-04
      7      6    4.0    2.0   0.79990E-02   0.29073E-03
      3      2    4.0    2.0   0.75878E+00   0.27579E-01
      3      6    4.0    2.0   0.13681E-04   0.49724E-06
      6      1    2.0    0.0   0.72144E-01   0.26222E-02
      6      2    2.0    2.0   0.67949E+00   0.24697E-01
      2      1    2.0    0.0   0.27513E+02   0.10000E+01


                                                  CALCULATED YIELDS

     EXPERIMENT  1  DETECTOR  1
     ENERGY     44.000 MEV  THETA 154.000 DEG

     NI     NF     II     IF     YIELD     NORMALIZED YIELD

      5      4    8.0    6.0   0.13111E-04   0.48213E-06
      8      3    5.0    4.0   0.32419E-06   0.11921E-07
      8      4    5.0    6.0   0.10764E-10   0.39582E-12
      8      7    5.0    4.0   0.29786E-08   0.10953E-09
      9      1    3.0    0.0   0.34210E-07   0.12580E-08
      9      2    3.0    2.0   0.13918E-05   0.51180E-07
      9      3    3.0    4.0   0.49468E-06   0.18191E-07
      9      6    3.0    2.0   0.61615E-01   0.22657E-02
      9      7    3.0    4.0   0.20206E-02   0.74301E-04
      4      3    6.0    4.0   0.54725E-02   0.20124E-03
      4      7    6.0    4.0   0.24314E-07   0.89407E-09
      7      2    4.0    2.0   0.98416E-03   0.36190E-04
      7      3    4.0    4.0   0.11326E-02   0.41650E-04
      7      6    4.0    2.0   0.79799E-02   0.29344E-03
      3      2    4.0    2.0   0.75576E+00   0.27791E-01
      3      6    4.0    2.0   0.13628E-04   0.50112E-06
      6      1    2.0    0.0   0.71871E-01   0.26429E-02
      6      2    2.0    2.0   0.68122E+00   0.25050E-01
      2      1    2.0    0.0   0.27194E+02   0.10000E+01


                                                  CALCULATED YIELDS

     EXPERIMENT  1  DETECTOR  1
     ENERGY     44.000 MEV  THETA 156.000 DEG

     NI     NF     II     IF     YIELD     NORMALIZED YIELD

      5      4    8.0    6.0   0.13046E-04   0.48499E-06
      8      3    5.0    4.0   0.28015E-06   0.10415E-07
      8      4    5.0    6.0   0.93015E-11   0.34578E-12
      8      7    5.0    4.0   0.25739E-08   0.95685E-10
      9      1    3.0    0.0   0.34748E-07   0.12917E-08
      9      2    3.0    2.0   0.13796E-05   0.51288E-07
      9      3    3.0    4.0   0.48991E-06   0.18212E-07
      9      6    3.0    2.0   0.61076E-01   0.22705E-02
      9      7    3.0    4.0   0.20011E-02   0.74390E-04
      4      3    6.0    4.0   0.54639E-02   0.20312E-03
      4      7    6.0    4.0   0.24277E-07   0.90250E-09
      7      2    4.0    2.0   0.98179E-03   0.36498E-04
      7      3    4.0    4.0   0.11317E-02   0.42073E-04
      7      6    4.0    2.0   0.79608E-02   0.29594E-03
      3      2    4.0    2.0   0.75285E+00   0.27987E-01
      3      6    4.0    2.0   0.13576E-04   0.50470E-06
      6      1    2.0    0.0   0.71609E-01   0.26621E-02
      6      2    2.0    2.0   0.68281E+00   0.25383E-01
      2      1    2.0    0.0   0.26900E+02   0.10000E+01


                                                  CALCULATED YIELDS

     EXPERIMENT  1  DETECTOR  1
     ENERGY     44.000 MEV  THETA 158.000 DEG

     NI     NF     II     IF     YIELD     NORMALIZED YIELD

      5      4    8.0    6.0   0.12976E-04   0.48728E-06
      8      3    5.0    4.0   0.23848E-06   0.89555E-08
      8      4    5.0    6.0   0.79168E-11   0.29730E-12
      8      7    5.0    4.0   0.21908E-08   0.82269E-10
      9      1    3.0    0.0   0.35273E-07   0.13246E-08
      9      2    3.0    2.0   0.13683E-05   0.51382E-07
      9      3    3.0    4.0   0.48546E-06   0.18230E-07
      9      6    3.0    2.0   0.60572E-01   0.22746E-02
      9      7    3.0    4.0   0.19829E-02   0.74462E-04
      4      3    6.0    4.0   0.54540E-02   0.20481E-03
      4      7    6.0    4.0   0.24235E-07   0.91009E-09
      7      2    4.0    2.0   0.97946E-03   0.36781E-04
      7      3    4.0    4.0   0.11308E-02   0.42464E-04
      7      6    4.0    2.0   0.79420E-02   0.29824E-03
      3      2    4.0    2.0   0.75007E+00   0.28167E-01
      3      6    4.0    2.0   0.13527E-04   0.50798E-06
      6      1    2.0    0.0   0.71360E-01   0.26798E-02
      6      2    2.0    2.0   0.68426E+00   0.25696E-01
      2      1    2.0    0.0   0.26629E+02   0.10000E+01


                                                  CALCULATED YIELDS

     EXPERIMENT  1  DETECTOR  1
     ENERGY     44.000 MEV  THETA 160.000 DEG

     NI     NF     II     IF     YIELD     NORMALIZED YIELD

      5      4    8.0    6.0   0.12903E-04   0.48907E-06
      8      3    5.0    4.0   0.19941E-06   0.75581E-08
      8      4    5.0    6.0   0.66195E-11   0.25090E-12
      8      7    5.0    4.0   0.18318E-08   0.69431E-10
      9      1    3.0    0.0   0.35785E-07   0.13564E-08
      9      2    3.0    2.0   0.13580E-05   0.51471E-07
      9      3    3.0    4.0   0.48143E-06   0.18248E-07
      9      6    3.0    2.0   0.60116E-01   0.22786E-02
      9      7    3.0    4.0   0.19664E-02   0.74533E-04
      4      3    6.0    4.0   0.54435E-02   0.20633E-03
      4      7    6.0    4.0   0.24190E-07   0.91688E-09
      7      2    4.0    2.0   0.97725E-03   0.37041E-04
      7      3    4.0    4.0   0.11298E-02   0.42824E-04
      7      6    4.0    2.0   0.79241E-02   0.30035E-03
      3      2    4.0    2.0   0.74745E+00   0.28330E-01
      3      6    4.0    2.0   0.13481E-04   0.51097E-06
      6      1    2.0    0.0   0.71127E-01   0.26959E-02
      6      2    2.0    2.0   0.68558E+00   0.25986E-01
      2      1    2.0    0.0   0.26383E+02   0.10000E+01


                                                  CALCULATED YIELDS

     EXPERIMENT  1  DETECTOR  1
     ENERGY     45.000 MEV  THETA 132.000 DEG

     NI     NF     II     IF     YIELD     NORMALIZED YIELD

      5      4    8.0    6.0   0.17710E-04   0.53431E-06
      8      3    5.0    4.0   0.11059E-05   0.33367E-07
      8      4    5.0    6.0   0.36693E-10   0.11070E-11
      8      7    5.0    4.0   0.10163E-07   0.30661E-09
      9      1    3.0    0.0   0.35078E-07   0.10583E-08
      9      2    3.0    2.0   0.18410E-05   0.55543E-07
      9      3    3.0    4.0   0.66306E-06   0.20005E-07
      9      6    3.0    2.0   0.81499E-01   0.24588E-02
      9      7    3.0    4.0   0.27085E-02   0.81717E-04
      4      3    6.0    4.0   0.66588E-02   0.20090E-03
      4      7    6.0    4.0   0.29555E-07   0.89168E-09
      7      2    4.0    2.0   0.11926E-02   0.35981E-04
      7      3    4.0    4.0   0.13415E-02   0.40474E-04
      7      6    4.0    2.0   0.96689E-02   0.29171E-03
      3      2    4.0    2.0   0.88830E+00   0.26800E-01
      3      6    4.0    2.0   0.15999E-04   0.48269E-06
      6      1    2.0    0.0   0.83234E-01   0.25112E-02
      6      2    2.0    2.0   0.72527E+00   0.21881E-01
      2      1    2.0    0.0   0.33145E+02   0.10000E+01


                                                  CALCULATED YIELDS

     EXPERIMENT  1  DETECTOR  1
     ENERGY     45.000 MEV  THETA 134.000 DEG

     NI     NF     II     IF     YIELD     NORMALIZED YIELD

      5      4    8.0    6.0   0.17935E-04   0.55088E-06
      8      3    5.0    4.0   0.10461E-05   0.32133E-07
      8      4    5.0    6.0   0.34714E-10   0.10663E-11
      8      7    5.0    4.0   0.96129E-08   0.29527E-09
      9      1    3.0    0.0   0.35196E-07   0.10811E-08
      9      2    3.0    2.0   0.18172E-05   0.55818E-07
      9      3    3.0    4.0   0.65358E-06   0.20075E-07
      9      6    3.0    2.0   0.80447E-01   0.24710E-02
      9      7    3.0    4.0   0.26698E-02   0.82004E-04
      4      3    6.0    4.0   0.67100E-02   0.20611E-03
      4      7    6.0    4.0   0.29785E-07   0.91488E-09
      7      2    4.0    2.0   0.11934E-02   0.36657E-04
      7      3    4.0    4.0   0.13455E-02   0.41329E-04
      7      6    4.0    2.0   0.96755E-02   0.29720E-03
      3      2    4.0    2.0   0.88617E+00   0.27220E-01
      3      6    4.0    2.0   0.15962E-04   0.49030E-06
      6      1    2.0    0.0   0.82979E-01   0.25488E-02
      6      2    2.0    2.0   0.72901E+00   0.22392E-01
      2      1    2.0    0.0   0.32556E+02   0.10000E+01


                                                  CALCULATED YIELDS

     EXPERIMENT  1  DETECTOR  1
     ENERGY     45.000 MEV  THETA 136.000 DEG

     NI     NF     II     IF     YIELD     NORMALIZED YIELD

      5      4    8.0    6.0   0.18121E-04   0.56639E-06
      8      3    5.0    4.0   0.98428E-06   0.30764E-07
      8      4    5.0    6.0   0.32665E-10   0.10210E-11
      8      7    5.0    4.0   0.90443E-08   0.28268E-09
      9      1    3.0    0.0   0.35410E-07   0.11067E-08
      9      2    3.0    2.0   0.17944E-05   0.56086E-07
      9      3    3.0    4.0   0.64449E-06   0.20144E-07
      9      6    3.0    2.0   0.79439E-01   0.24829E-02
      9      7    3.0    4.0   0.26326E-02   0.82284E-04
      4      3    6.0    4.0   0.67533E-02   0.21108E-03
      4      7    6.0    4.0   0.29980E-07   0.93703E-09
      7      2    4.0    2.0   0.11937E-02   0.37310E-04
      7      3    4.0    4.0   0.13489E-02   0.42161E-04
      7      6    4.0    2.0   0.96781E-02   0.30249E-03
      3      2    4.0    2.0   0.88374E+00   0.27622E-01
      3      6    4.0    2.0   0.15920E-04   0.49760E-06
      6      1    2.0    0.0   0.82708E-01   0.25851E-02
      6      2    2.0    2.0   0.73256E+00   0.22897E-01
      2      1    2.0    0.0   0.31994E+02   0.10000E+01


                                                  CALCULATED YIELDS

     EXPERIMENT  1  DETECTOR  1
     ENERGY     45.000 MEV  THETA 138.000 DEG

     NI     NF     II     IF     YIELD     NORMALIZED YIELD

      5      4    8.0    6.0   0.18271E-04   0.58078E-06
      8      3    5.0    4.0   0.92084E-06   0.29270E-07
      8      4    5.0    6.0   0.30562E-10   0.97147E-12
      8      7    5.0    4.0   0.84613E-08   0.26896E-09
      9      1    3.0    0.0   0.35708E-07   0.11351E-08
      9      2    3.0    2.0   0.17724E-05   0.56340E-07
      9      3    3.0    4.0   0.63573E-06   0.20208E-07
      9      6    3.0    2.0   0.78465E-01   0.24941E-02
      9      7    3.0    4.0   0.25968E-02   0.82545E-04
      4      3    6.0    4.0   0.67891E-02   0.21580E-03
      4      7    6.0    4.0   0.30141E-07   0.95809E-09
      7      2    4.0    2.0   0.11936E-02   0.37940E-04
      7      3    4.0    4.0   0.13518E-02   0.42969E-04
      7      6    4.0    2.0   0.96773E-02   0.30761E-03
      3      2    4.0    2.0   0.88106E+00   0.28006E-01
      3      6    4.0    2.0   0.15874E-04   0.50457E-06
      6      1    2.0    0.0   0.82423E-01   0.26200E-02
      6      2    2.0    2.0   0.73594E+00   0.23393E-01
      2      1    2.0    0.0   0.31460E+02   0.10000E+01


                                                  CALCULATED YIELDS

     EXPERIMENT  1  DETECTOR  1
     ENERGY     45.000 MEV  THETA 140.000 DEG

     NI     NF     II     IF     YIELD     NORMALIZED YIELD

      5      4    8.0    6.0   0.18386E-04   0.59402E-06
      8      3    5.0    4.0   0.85631E-06   0.27666E-07
      8      4    5.0    6.0   0.28423E-10   0.91828E-12
      8      7    5.0    4.0   0.78682E-08   0.25421E-09
      9      1    3.0    0.0   0.36082E-07   0.11657E-08
      9      2    3.0    2.0   0.17511E-05   0.56576E-07
      9      3    3.0    4.0   0.62726E-06   0.20266E-07
      9      6    3.0    2.0   0.77521E-01   0.25046E-02
      9      7    3.0    4.0   0.25622E-02   0.82781E-04
      4      3    6.0    4.0   0.68179E-02   0.22027E-03
      4      7    6.0    4.0   0.30272E-07   0.97804E-09
      7      2    4.0    2.0   0.11931E-02   0.38546E-04
      7      3    4.0    4.0   0.13541E-02   0.43750E-04
      7      6    4.0    2.0   0.96731E-02   0.31252E-03
      3      2    4.0    2.0   0.87817E+00   0.28372E-01
      3      6    4.0    2.0   0.15823E-04   0.51123E-06
      6      1    2.0    0.0   0.82128E-01   0.26534E-02
      6      2    2.0    2.0   0.73914E+00   0.23880E-01
      2      1    2.0    0.0   0.30952E+02   0.10000E+01


                                                  CALCULATED YIELDS

     EXPERIMENT  1  DETECTOR  1
     ENERGY     45.000 MEV  THETA 142.000 DEG

     NI     NF     II     IF     YIELD     NORMALIZED YIELD

      5      4    8.0    6.0   0.18468E-04   0.60610E-06
      8      3    5.0    4.0   0.79117E-06   0.25965E-07
      8      4    5.0    6.0   0.26262E-10   0.86189E-12
      8      7    5.0    4.0   0.72696E-08   0.23858E-09
      9      1    3.0    0.0   0.36520E-07   0.11986E-08
      9      2    3.0    2.0   0.17306E-05   0.56795E-07
      9      3    3.0    4.0   0.61911E-06   0.20318E-07
      9      6    3.0    2.0   0.76611E-01   0.25143E-02
      9      7    3.0    4.0   0.25289E-02   0.82995E-04
      4      3    6.0    4.0   0.68402E-02   0.22449E-03
      4      7    6.0    4.0   0.30374E-07   0.99684E-09
      7      2    4.0    2.0   0.11922E-02   0.39126E-04
      7      3    4.0    4.0   0.13560E-02   0.44504E-04
      7      6    4.0    2.0   0.96661E-02   0.31723E-03
      3      2    4.0    2.0   0.87512E+00   0.28720E-01
      3      6    4.0    2.0   0.15770E-04   0.51755E-06
      6      1    2.0    0.0   0.81825E-01   0.26854E-02
      6      2    2.0    2.0   0.74216E+00   0.24357E-01
      2      1    2.0    0.0   0.30470E+02   0.10000E+01


                                                  CALCULATED YIELDS

     EXPERIMENT  1  DETECTOR  1
     ENERGY     45.000 MEV  THETA 144.000 DEG

     NI     NF     II     IF     YIELD     NORMALIZED YIELD

      5      4    8.0    6.0   0.18520E-04   0.61702E-06
      8      3    5.0    4.0   0.72592E-06   0.24185E-07
      8      4    5.0    6.0   0.24097E-10   0.80282E-12
      8      7    5.0    4.0   0.66700E-08   0.22222E-09
      9      1    3.0    0.0   0.37021E-07   0.12334E-08
      9      2    3.0    2.0   0.17111E-05   0.57006E-07
      9      3    3.0    4.0   0.61139E-06   0.20369E-07
      9      6    3.0    2.0   0.75747E-01   0.25236E-02
      9      7    3.0    4.0   0.24973E-02   0.83202E-04
      4      3    6.0    4.0   0.68568E-02   0.22844E-03
      4      7    6.0    4.0   0.30451E-07   0.10145E-08
      7      2    4.0    2.0   0.11910E-02   0.39681E-04
      7      3    4.0    4.0   0.13576E-02   0.45229E-04
      7      6    4.0    2.0   0.96568E-02   0.32173E-03
      3      2    4.0    2.0   0.87194E+00   0.29050E-01
      3      6    4.0    2.0   0.15715E-04   0.52355E-06
      6      1    2.0    0.0   0.81517E-01   0.27158E-02
      6      2    2.0    2.0   0.74500E+00   0.24821E-01
      2      1    2.0    0.0   0.30015E+02   0.10000E+01


                                                  CALCULATED YIELDS

     EXPERIMENT  1  DETECTOR  1
     ENERGY     45.000 MEV  THETA 146.000 DEG

     NI     NF     II     IF     YIELD     NORMALIZED YIELD

      5      4    8.0    6.0   0.18545E-04   0.62679E-06
      8      3    5.0    4.0   0.66103E-06   0.22342E-07
      8      4    5.0    6.0   0.21944E-10   0.74168E-12
      8      7    5.0    4.0   0.60737E-08   0.20529E-09
      9      1    3.0    0.0   0.37576E-07   0.12701E-08
      9      2    3.0    2.0   0.16928E-05   0.57215E-07
      9      3    3.0    4.0   0.60415E-06   0.20420E-07
      9      6    3.0    2.0   0.74938E-01   0.25329E-02
      9      7    3.0    4.0   0.24678E-02   0.83408E-04
      4      3    6.0    4.0   0.68681E-02   0.23214E-03
      4      7    6.0    4.0   0.30504E-07   0.10310E-08
      7      2    4.0    2.0   0.11896E-02   0.40209E-04
      7      3    4.0    4.0   0.13587E-02   0.45923E-04
      7      6    4.0    2.0   0.96456E-02   0.32601E-03
      3      2    4.0    2.0   0.86870E+00   0.29361E-01
      3      6    4.0    2.0   0.15658E-04   0.52922E-06
      6      1    2.0    0.0   0.81209E-01   0.27448E-02
      6      2    2.0    2.0   0.74767E+00   0.25271E-01
      2      1    2.0    0.0   0.29586E+02   0.10000E+01


                                                  CALCULATED YIELDS

     EXPERIMENT  1  DETECTOR  1
     ENERGY     45.000 MEV  THETA 148.000 DEG

     NI     NF     II     IF     YIELD     NORMALIZED YIELD

      5      4    8.0    6.0   0.18545E-04   0.63545E-06
      8      3    5.0    4.0   0.59698E-06   0.20456E-07
      8      4    5.0    6.0   0.19818E-10   0.67908E-12
      8      7    5.0    4.0   0.54851E-08   0.18795E-09
      9      1    3.0    0.0   0.38167E-07   0.13078E-08
      9      2    3.0    2.0   0.16753E-05   0.57405E-07
      9      3    3.0    4.0   0.59722E-06   0.20465E-07
      9      6    3.0    2.0   0.74163E-01   0.25413E-02
      9      7    3.0    4.0   0.24394E-02   0.83591E-04
      4      3    6.0    4.0   0.68748E-02   0.23557E-03
      4      7    6.0    4.0   0.30536E-07   0.10464E-08
      7      2    4.0    2.0   0.11880E-02   0.40707E-04
      7      3    4.0    4.0   0.13594E-02   0.46583E-04
      7      6    4.0    2.0   0.96322E-02   0.33006E-03
      3      2    4.0    2.0   0.86541E+00   0.29654E-01
      3      6    4.0    2.0   0.15600E-04   0.53456E-06
      6      1    2.0    0.0   0.80902E-01   0.27722E-02
      6      2    2.0    2.0   0.75017E+00   0.25706E-01
      2      1    2.0    0.0   0.29183E+02   0.10000E+01


                                                  CALCULATED YIELDS

     EXPERIMENT  1  DETECTOR  1
     ENERGY     45.000 MEV  THETA 150.000 DEG

     NI     NF     II     IF     YIELD     NORMALIZED YIELD

      5      4    8.0    6.0   0.18523E-04   0.64304E-06
      8      3    5.0    4.0   0.53422E-06   0.18546E-07
      8      4    5.0    6.0   0.17735E-10   0.61566E-12
      8      7    5.0    4.0   0.49084E-08   0.17040E-09
      9      1    3.0    0.0   0.38791E-07   0.13466E-08
      9      2    3.0    2.0   0.16589E-05   0.57589E-07
      9      3    3.0    4.0   0.59075E-06   0.20508E-07
      9      6    3.0    2.0   0.73437E-01   0.25494E-02
      9      7    3.0    4.0   0.24130E-02   0.83768E-04
      4      3    6.0    4.0   0.68775E-02   0.23875E-03
      4      7    6.0    4.0   0.30551E-07   0.10606E-08
      7      2    4.0    2.0   0.11862E-02   0.41179E-04
      7      3    4.0    4.0   0.13600E-02   0.47211E-04
      7      6    4.0    2.0   0.96178E-02   0.33389E-03
      3      2    4.0    2.0   0.86213E+00   0.29929E-01
      3      6    4.0    2.0   0.15542E-04   0.53956E-06
      6      1    2.0    0.0   0.80599E-01   0.27980E-02
      6      2    2.0    2.0   0.75251E+00   0.26123E-01
      2      1    2.0    0.0   0.28806E+02   0.10000E+01


                                                  CALCULATED YIELDS

     EXPERIMENT  1  DETECTOR  1
     ENERGY     45.000 MEV  THETA 152.000 DEG

     NI     NF     II     IF     YIELD     NORMALIZED YIELD

      5      4    8.0    6.0   0.18484E-04   0.64960E-06
      8      3    5.0    4.0   0.47322E-06   0.16631E-07
      8      4    5.0    6.0   0.15709E-10   0.55210E-12
      8      7    5.0    4.0   0.43478E-08   0.15280E-09
      9      1    3.0    0.0   0.39431E-07   0.13858E-08
      9      2    3.0    2.0   0.16434E-05   0.57757E-07
      9      3    3.0    4.0   0.58464E-06   0.20547E-07
      9      6    3.0    2.0   0.72752E-01   0.25569E-02
      9      7    3.0    4.0   0.23880E-02   0.83927E-04
      4      3    6.0    4.0   0.68767E-02   0.24168E-03
      4      7    6.0    4.0   0.30550E-07   0.10737E-08
      7      2    4.0    2.0   0.11842E-02   0.41620E-04
      7      3    4.0    4.0   0.13602E-02   0.47803E-04
      7      6    4.0    2.0   0.96022E-02   0.33747E-03
      3      2    4.0    2.0   0.85889E+00   0.30185E-01
      3      6    4.0    2.0   0.15485E-04   0.54424E-06
      6      1    2.0    0.0   0.80304E-01   0.28223E-02
      6      2    2.0    2.0   0.75467E+00   0.26523E-01
      2      1    2.0    0.0   0.28454E+02   0.10000E+01


                                                  CALCULATED YIELDS

     EXPERIMENT  1  DETECTOR  1
     ENERGY     45.000 MEV  THETA 154.000 DEG

     NI     NF     II     IF     YIELD     NORMALIZED YIELD

      5      4    8.0    6.0   0.18429E-04   0.65521E-06
      8      3    5.0    4.0   0.41438E-06   0.14733E-07
      8      4    5.0    6.0   0.13756E-10   0.48908E-12
      8      7    5.0    4.0   0.38073E-08   0.13536E-09
      9      1    3.0    0.0   0.40074E-07   0.14248E-08
      9      2    3.0    2.0   0.16287E-05   0.57906E-07
      9      3    3.0    4.0   0.57885E-06   0.20580E-07
      9      6    3.0    2.0   0.72101E-01   0.25635E-02
      9      7    3.0    4.0   0.23644E-02   0.84062E-04
      4      3    6.0    4.0   0.68731E-02   0.24436E-03
      4      7    6.0    4.0   0.30536E-07   0.10857E-08
      7      2    4.0    2.0   0.11822E-02   0.42032E-04
      7      3    4.0    4.0   0.13602E-02   0.48358E-04
      7      6    4.0    2.0   0.95858E-02   0.34081E-03
      3      2    4.0    2.0   0.85572E+00   0.30424E-01
      3      6    4.0    2.0   0.15430E-04   0.54858E-06
      6      1    2.0    0.0   0.80017E-01   0.28449E-02
      6      2    2.0    2.0   0.75668E+00   0.26902E-01
      2      1    2.0    0.0   0.28127E+02   0.10000E+01


                                                  CALCULATED YIELDS

     EXPERIMENT  1  DETECTOR  1
     ENERGY     45.000 MEV  THETA 156.000 DEG

     NI     NF     II     IF     YIELD     NORMALIZED YIELD

      5      4    8.0    6.0   0.18363E-04   0.65994E-06
      8      3    5.0    4.0   0.35814E-06   0.12871E-07
      8      4    5.0    6.0   0.11889E-10   0.42728E-12
      8      7    5.0    4.0   0.32905E-08   0.11826E-09
      9      1    3.0    0.0   0.40718E-07   0.14634E-08
      9      2    3.0    2.0   0.16151E-05   0.58047E-07
      9      3    3.0    4.0   0.57351E-06   0.20612E-07
      9      6    3.0    2.0   0.71501E-01   0.25697E-02
      9      7    3.0    4.0   0.23426E-02   0.84190E-04
      4      3    6.0    4.0   0.68672E-02   0.24680E-03
      4      7    6.0    4.0   0.30512E-07   0.10966E-08
      7      2    4.0    2.0   0.11802E-02   0.42414E-04
      7      3    4.0    4.0   0.13600E-02   0.48877E-04
      7      6    4.0    2.0   0.95693E-02   0.34391E-03
      3      2    4.0    2.0   0.85265E+00   0.30643E-01
      3      6    4.0    2.0   0.15376E-04   0.55259E-06
      6      1    2.0    0.0   0.79742E-01   0.28659E-02
      6      2    2.0    2.0   0.75852E+00   0.27261E-01
      2      1    2.0    0.0   0.27825E+02   0.10000E+01


                                                  CALCULATED YIELDS

     EXPERIMENT  1  DETECTOR  1
     ENERGY     45.000 MEV  THETA 158.000 DEG

     NI     NF     II     IF     YIELD     NORMALIZED YIELD

      5      4    8.0    6.0   0.18288E-04   0.66385E-06
      8      3    5.0    4.0   0.30488E-06   0.11067E-07
      8      4    5.0    6.0   0.10120E-10   0.36738E-12
      8      7    5.0    4.0   0.28011E-08   0.10168E-09
      9      1    3.0    0.0   0.41351E-07   0.15011E-08
      9      2    3.0    2.0   0.16026E-05   0.58176E-07
      9      3    3.0    4.0   0.56859E-06   0.20640E-07
      9      6    3.0    2.0   0.70946E-01   0.25754E-02
      9      7    3.0    4.0   0.23224E-02   0.84306E-04
      4      3    6.0    4.0   0.68595E-02   0.24901E-03
      4      7    6.0    4.0   0.30480E-07   0.11065E-08
      7      2    4.0    2.0   0.11781E-02   0.42767E-04
      7      3    4.0    4.0   0.13597E-02   0.49358E-04
      7      6    4.0    2.0   0.95528E-02   0.34677E-03
      3      2    4.0    2.0   0.84972E+00   0.30845E-01
      3      6    4.0    2.0   0.15324E-04   0.55628E-06
      6      1    2.0    0.0   0.79481E-01   0.28852E-02
      6      2    2.0    2.0   0.76021E+00   0.27596E-01
      2      1    2.0    0.0   0.27548E+02   0.10000E+01


                                                  CALCULATED YIELDS

     EXPERIMENT  1  DETECTOR  1
     ENERGY     45.000 MEV  THETA 160.000 DEG

     NI     NF     II     IF     YIELD     NORMALIZED YIELD

      5      4    8.0    6.0   0.18207E-04   0.66705E-06
      8      3    5.0    4.0   0.25496E-06   0.93407E-08
      8      4    5.0    6.0   0.84632E-11   0.31006E-12
      8      7    5.0    4.0   0.23424E-08   0.85817E-10
      9      1    3.0    0.0   0.41966E-07   0.15375E-08
      9      2    3.0    2.0   0.15913E-05   0.58298E-07
      9      3    3.0    4.0   0.56413E-06   0.20668E-07
      9      6    3.0    2.0   0.70444E-01   0.25808E-02
      9      7    3.0    4.0   0.23042E-02   0.84418E-04
      4      3    6.0    4.0   0.68507E-02   0.25098E-03
      4      7    6.0    4.0   0.30443E-07   0.11153E-08
      7      2    4.0    2.0   0.11761E-02   0.43089E-04
      7      3    4.0    4.0   0.13593E-02   0.49799E-04
      7      6    4.0    2.0   0.95366E-02   0.34939E-03
      3      2    4.0    2.0   0.84695E+00   0.31029E-01
      3      6    4.0    2.0   0.15275E-04   0.55963E-06
      6      1    2.0    0.0   0.79236E-01   0.29029E-02
      6      2    2.0    2.0   0.76174E+00   0.27907E-01
      2      1    2.0    0.0   0.27295E+02   0.10000E+01





     INTEGRATED RUTHERFORD CROSS SECTION=.8559E+03  FOR EXP. 1





                                                  INTEGRATED YIELDS

     EXPERIMENT  1  DETECTOR  1
     ENERGY RANGE   42.000---  45.000 MEV   SCATTERING ANGLE RANGE 132.000---160.000 DEG

     NI     NF     II     IF     YIELD     NORMALIZED YIELD

      5      4    8.0    6.0   0.84845E-05   0.40122E-06
      8      3    5.0    4.0   0.37451E-06   0.17710E-07
      8      4    5.0    6.0   0.12433E-10   0.58795E-12
      8      7    5.0    4.0   0.34412E-08   0.16273E-09
      9      1    3.0    0.0   0.21964E-07   0.10386E-08
      9      2    3.0    2.0   0.10076E-05   0.47646E-07
      9      3    3.0    4.0   0.36019E-06   0.17033E-07
      9      6    3.0    2.0   0.44605E-01   0.21093E-02
      9      7    3.0    4.0   0.14713E-02   0.69573E-04
      4      3    6.0    4.0   0.36448E-02   0.17235E-03
      4      7    6.0    4.0   0.16186E-07   0.76543E-09
      7      2    4.0    2.0   0.67536E-03   0.31937E-04
      7      3    4.0    4.0   0.76991E-03   0.36408E-04
      7      6    4.0    2.0   0.54758E-02   0.25894E-03
      3      2    4.0    2.0   0.53581E+00   0.25337E-01
      3      6    4.0    2.0   0.96567E-05   0.45664E-06
      6      1    2.0    0.0   0.51349E-01   0.24282E-02
      6      2    2.0    2.0   0.47013E+00   0.22232E-01
      2      1    2.0    0.0   0.21147E+02   0.10000E+01


                                                  CALCULATED YIELDS

     EXPERIMENT  1  DETECTOR  1
     ENERGY     43.750 MEV  THETA 135.400 DEG

     NI     NF     II     IF     YIELD     NORMALIZED YIELD

      5      4    8.0    6.0   0.84191E-05   0.38847E-06
      8      3    5.0    4.0   0.51864E-06   0.23931E-07
      8      4    5.0    6.0   0.17216E-10   0.79436E-12
      8      7    5.0    4.0   0.47657E-08   0.21990E-09
      9      1    3.0    0.0   0.20494E-07   0.94563E-09
      9      2    3.0    2.0   0.10447E-05   0.48204E-07
      9      3    3.0    4.0   0.37538E-06   0.17321E-07
      9      6    3.0    2.0   0.46248E-01   0.21340E-02
      9      7    3.0    4.0   0.15334E-02   0.70752E-04
      4      3    6.0    4.0   0.35910E-02   0.16570E-03
      4      7    6.0    4.0   0.15941E-07   0.73556E-09
      7      2    4.0    2.0   0.67236E-03   0.31024E-04
      7      3    4.0    4.0   0.75954E-03   0.35046E-04
      7      6    4.0    2.0   0.54513E-02   0.25153E-03
      3      2    4.0    2.0   0.53342E+00   0.24613E-01
      3      6    4.0    2.0   0.96093E-05   0.44339E-06
      6      1    2.0    0.0   0.50962E-01   0.23515E-02
      6      2    2.0    2.0   0.45096E+00   0.20808E-01
      2      1    2.0    0.0   0.21672E+02   0.10000E+01



          EXPERIMENT  1        DETECTOR  1

         NI     NF     YEXP        YCOR        COR.F

        9        2   .130E+05    .132E+05    .101E+01
        9        3   .311E+04    .316E+04    .102E+01
        9        6   .172E+04    .174E+04    .101E+01
        4        3   .166E+04    .160E+04    .961E+00
        7        6   .625E+04    .607E+04    .971E+00
        3        2   .149E+06    .145E+06    .971E+00
        6        1   .143E+05    .138E+05    .968E+00
        6        2   .118E+06    .111E+06    .936E+00
        2        1   .484E+07    .484E+07    .100E+01
               ********* END OF EXECUTION **********
