1
 *****************************************************************************************************************************
 *****************************************************************************************************************************
 **************************************************                         **************************************************
 **************************************************          GOSIA          **************************************************
 **************************************************                         **************************************************
 *****************************************************************************************************************************
 *****************************************************************************************************************************





                    ROCHESTER COULOMB EXCITATION DATA ANALYSIS CODE BY T.CZOSNYKA,D.CLINE AND C.Y.WU
                                                  VERS. 20110524.2   NOV 2011






          14C beam on 194Pt target integration                                            
          ----------------------------------------------------------------------------------------------------

                                        LEVELS

     INDEX     PARITY         SPIN           ENERGY(MEV)
       1           +           0.0            0.0000
       2           +           2.0            0.3280
       3           +           4.0            0.8110
       4           +           6.0            1.4118
       5           +           8.0            2.0995
       6           +           2.0            0.6220
       7           +           4.0            1.2290
       8           +           5.0            1.4980
       9           -           3.0            1.4320

                                        MATRIX ELEMENTS


     MULTIPOLARITY=1
    INDEX   NF     NS          ME               LIMITS
       1      2      9        0.00030       -4.00000        4.00000
       2      3      9        0.00044       -4.00000        4.00000
       3      6      9        0.10000       -4.00000        4.00000
       4      7      9        0.15160       -4.00000        4.00000
     MULTIPOLARITY=2
    INDEX   NF     NS          ME               LIMITS
       5      1      2        1.28108        0.00010        4.00000
       6      1      6        0.09835       -4.00000        4.00000
       7      2      2        0.83000       -4.00000        4.00000
       8      2      3        2.25913        0.00010        4.00000
       9      2      6        1.72302       -4.00000        4.00000
      10      2      7        0.14702       -4.00000        4.00000
      11      3      3        0.10000     COUPLED TO   7
      12      3      4        2.41057        0.00010        4.00000
      13      3      6        0.10000       -4.00000        4.00000
      14      3      7        0.91684       -4.00000        4.00000
      15      3      8        0.10000       -4.00000        4.00000
      16      4      4        0.10000     COUPLED TO  11
      17      4      5        2.41057        0.00010        4.00000
      18      4      7        0.10000       -4.00000        4.00000
      19      4      8        0.10000       -4.00000        4.00000
      20      6      6       -0.65960       -4.00000        4.00000
      21      6      7        1.12290        0.00010        4.00000
      22      7      7       -0.65960     COUPLED TO  20
      23      7      8        0.10000       -4.00000        4.00000
     MULTIPOLARITY=3
    INDEX   NF     NS          ME               LIMITS
      24      1      9        0.29867       -4.00000        4.00000
     MULTIPOLARITY=7
    INDEX   NF     NS          ME               LIMITS
      25      2      6        0.02992       -4.00000        4.00000
      26      3      7        0.13314       -4.00000        4.00000

                                               REPRINT OF EXPERIMENTAL DATA TO BE FITTED





     EXPERIMENT  1
  PROJECTILE ( 78.,194.)  45.000 MEV ---1 GE(LI) DETECTOR(S)  WEIGHT=0.10E+01
                    ** EXPERIMENTAL YIELDS **
    DECAY IS  IF         YIELD+/-ERROR

      19   2   1  0.483610E+07     0.289187E+04
      15   3   2  0.149279E+06     0.563094E+03
      10   4   3  0.166234E+04     0.634000E+02
      17   6   1  0.142688E+05     0.119450E+03
      18   6   2  0.118497E+06     0.440920E+03
      14   7   6  0.624957E+04     0.123388E+03
       6   9   2  0.130161E+05     0.214492E+03
       7   9   3  0.311194E+04     0.557800E+02
       8   9   6  0.171762E+04     0.708093E+02


        9 EXPERIMENTAL YIELDS           23 MATRIX ELEMENTS TO BE VARIED



                                        BRANCHING RATIOS

     NS1     NF1     NS2     NF2     RATIO(1:2)         ERROR
      6       1       6       2        0.13690        0.02300
      7       3       7       6        0.14400        0.01400
      7       2       7       6        0.12200        0.00800
      9       1       9       2        0.00330        0.00030
      9       3       9       2        0.08100        0.00300
      9       7       9       2        0.01600        0.00600
     BRANCHING RATIOS ARE TAKEN WITH WEIGHT    0.100000E+01



                              LIFETIMES(PSEC)


     LEVEL         LIFETIME     ERROR

        2           60.45         0.86
        3            5.34         0.29
        4            2.31         0.72
        5            1.59         0.43
        6           50.50         5.77
        7            5.50         0.87
        9            0.22         0.03

          LIFETIMES ARE TAKEN WITH WEIGHT    0.100000E+01


                    EXPERIMENTAL E2/M1 MIXING RATIOS


          TRANSITION            DELTA          ERROR

           6---  2               15.0000           2.0000

          E2/M1 MIXING RATIOS ARE TAKEN WITH WEIGHT    0.100000E+01


                              EXPERIMENTAL MATRIX ELEMENT(S)


          TRANSITION          MAT.EL.          ERROR

           2---  2                0.8300           0.0800
           6---  6               -0.6596           0.6596

           MATRIX ELEMENT(S) ARE TAKEN WITH WEIGHT    0.100000E+01



     *****  RESTART-MATRIX ELEMENTS OVERWRITTEN  *****




                                        MATRIX ELEMENTS


     MULTIPOLARITY=1
    INDEX   NF     NS          ME               LIMITS
       1      2      9        0.00084       -4.00000        4.00000
       2      3      9        0.00057       -4.00000        4.00000
       3      6      9        0.08806       -4.00000        4.00000
       4      7      9        0.00177       -4.00000        4.00000
     MULTIPOLARITY=2
    INDEX   NF     NS          ME               LIMITS
       5      1      2        1.29592        0.00010        4.00000
       6      1      6        0.10760       -4.00000        4.00000
       7      2      2        0.81736       -4.00000        4.00000
       8      2      3        2.39552        0.00010        4.00000
       9      2      6        1.78725       -4.00000        4.00000
      10      2      7        0.40298       -4.00000        4.00000
      11      3      3        0.47189     COUPLED TO   7
      12      3      4        3.00544        0.00010        4.00000
      13      3      6        0.76658       -4.00000        4.00000
      14      3      7        2.10458       -4.00000        4.00000
      15      3      8        0.09996       -4.00000        4.00000
      16      4      4        0.47189     COUPLED TO  11
      17      4      5        2.37170        0.00010        4.00000
      18      4      7        0.18209       -4.00000        4.00000
      19      4      8        0.09999       -4.00000        4.00000
      20      6      6       -0.46134       -4.00000        4.00000
      21      6      7        3.04287        0.00010        4.00000
      22      7      7       -0.46134     COUPLED TO  20
      23      7      8        0.09996       -4.00000        4.00000
     MULTIPOLARITY=3
    INDEX   NF     NS          ME               LIMITS
      24      1      9        0.11937       -4.00000        4.00000
     MULTIPOLARITY=7
    INDEX   NF     NS          ME               LIMITS
      25      2      6        0.02982       -4.00000        4.00000
      26      3      7        0.55209       -4.00000        4.00000


                                                  CALCULATED YIELDS

     EXPERIMENT  1  DETECTOR  1
     ENERGY     42.000 MEV  THETA 132.000 DEG

     NI     NF     II     IF     YIELD     NORMALIZED YIELD

      5      4    8.0    6.0   0.11796E-04   0.38656E-06
      8      3    5.0    4.0   0.84419E-06   0.27665E-07
      8      4    5.0    6.0   0.27133E-10   0.88917E-12
      8      7    5.0    4.0   0.77702E-08   0.25464E-09
      9      1    3.0    0.0   0.79688E-09   0.26114E-10
      9      2    3.0    2.0   0.20828E-05   0.68256E-07
      9      3    3.0    4.0   0.15808E-06   0.51804E-08
      9      6    3.0    2.0   0.90053E-02   0.29511E-03
      9      7    3.0    4.0   0.52916E-07   0.17341E-08
      4      3    6.0    4.0   0.64319E-02   0.21078E-03
      4      7    6.0    4.0   0.61720E-07   0.20226E-08
      7      2    4.0    2.0   0.36199E-02   0.11863E-03
      7      3    4.0    4.0   0.35553E-02   0.11651E-03
      7      6    4.0    2.0   0.28651E-01   0.93893E-03
      3      2    4.0    2.0   0.75868E+00   0.24863E-01
      3      6    4.0    2.0   0.71419E-03   0.23405E-04
      6      1    2.0    0.0   0.74108E-01   0.24286E-02
      6      2    2.0    2.0   0.58721E+00   0.19243E-01
      2      1    2.0    0.0   0.30515E+02   0.10000E+01


                                                  CALCULATED YIELDS

     EXPERIMENT  1  DETECTOR  1
     ENERGY     42.000 MEV  THETA 134.000 DEG

     NI     NF     II     IF     YIELD     NORMALIZED YIELD

      5      4    8.0    6.0   0.11880E-04   0.39656E-06
      8      3    5.0    4.0   0.79787E-06   0.26633E-07
      8      4    5.0    6.0   0.25648E-10   0.85613E-12
      8      7    5.0    4.0   0.73438E-08   0.24514E-09
      9      1    3.0    0.0   0.79751E-09   0.26621E-10
      9      2    3.0    2.0   0.20528E-05   0.68521E-07
      9      3    3.0    4.0   0.15558E-06   0.51933E-08
      9      6    3.0    2.0   0.88752E-02   0.29625E-03
      9      7    3.0    4.0   0.52079E-07   0.17384E-08
      4      3    6.0    4.0   0.64582E-02   0.21557E-03
      4      7    6.0    4.0   0.61979E-07   0.20688E-08
      7      2    4.0    2.0   0.36056E-02   0.12036E-03
      7      3    4.0    4.0   0.35470E-02   0.11840E-03
      7      6    4.0    2.0   0.28539E-01   0.95261E-03
      3      2    4.0    2.0   0.75618E+00   0.25241E-01
      3      6    4.0    2.0   0.71192E-03   0.23764E-04
      6      1    2.0    0.0   0.74017E-01   0.24707E-02
      6      2    2.0    2.0   0.59178E+00   0.19753E-01
      2      1    2.0    0.0   0.29958E+02   0.10000E+01


                                                  CALCULATED YIELDS

     EXPERIMENT  1  DETECTOR  1
     ENERGY     42.000 MEV  THETA 136.000 DEG

     NI     NF     II     IF     YIELD     NORMALIZED YIELD

      5      4    8.0    6.0   0.11938E-04   0.40567E-06
      8      3    5.0    4.0   0.75007E-06   0.25489E-07
      8      4    5.0    6.0   0.24114E-10   0.81946E-12
      8      7    5.0    4.0   0.69037E-08   0.23460E-09
      9      1    3.0    0.0   0.80008E-09   0.27189E-10
      9      2    3.0    2.0   0.20229E-05   0.68743E-07
      9      3    3.0    4.0   0.15311E-06   0.52030E-08
      9      6    3.0    2.0   0.87462E-02   0.29721E-03
      9      7    3.0    4.0   0.51252E-07   0.17416E-08
      4      3    6.0    4.0   0.64767E-02   0.22009E-03
      4      7    6.0    4.0   0.62162E-07   0.21124E-08
      7      2    4.0    2.0   0.35894E-02   0.12197E-03
      7      3    4.0    4.0   0.35369E-02   0.12019E-03
      7      6    4.0    2.0   0.28410E-01   0.96545E-03
      3      2    4.0    2.0   0.75342E+00   0.25603E-01
      3      6    4.0    2.0   0.70941E-03   0.24107E-04
      6      1    2.0    0.0   0.73909E-01   0.25116E-02
      6      2    2.0    2.0   0.59618E+00   0.20260E-01
      2      1    2.0    0.0   0.29427E+02   0.10000E+01


                                                  CALCULATED YIELDS

     EXPERIMENT  1  DETECTOR  1
     ENERGY     42.000 MEV  THETA 138.000 DEG

     NI     NF     II     IF     YIELD     NORMALIZED YIELD

      5      4    8.0    6.0   0.11970E-04   0.41387E-06
      8      3    5.0    4.0   0.70115E-06   0.24243E-07
      8      4    5.0    6.0   0.22544E-10   0.77948E-12
      8      7    5.0    4.0   0.64534E-08   0.22313E-09
      9      1    3.0    0.0   0.80457E-09   0.27819E-10
      9      2    3.0    2.0   0.19939E-05   0.68940E-07
      9      3    3.0    4.0   0.15071E-06   0.52110E-08
      9      6    3.0    2.0   0.86206E-02   0.29807E-03
      9      7    3.0    4.0   0.50449E-07   0.17443E-08
      4      3    6.0    4.0   0.64878E-02   0.22432E-03
      4      7    6.0    4.0   0.62275E-07   0.21532E-08
      7      2    4.0    2.0   0.35714E-02   0.12349E-03
      7      3    4.0    4.0   0.35251E-02   0.12188E-03
      7      6    4.0    2.0   0.28269E-01   0.97743E-03
      3      2    4.0    2.0   0.75046E+00   0.25948E-01
      3      6    4.0    2.0   0.70669E-03   0.24435E-04
      6      1    2.0    0.0   0.73784E-01   0.25512E-02
      6      2    2.0    2.0   0.60041E+00   0.20760E-01
      2      1    2.0    0.0   0.28922E+02   0.10000E+01


                                                  CALCULATED YIELDS

     EXPERIMENT  1  DETECTOR  1
     ENERGY     42.000 MEV  THETA 140.000 DEG

     NI     NF     II     IF     YIELD     NORMALIZED YIELD

      5      4    8.0    6.0   0.11978E-04   0.42115E-06
      8      3    5.0    4.0   0.65149E-06   0.22906E-07
      8      4    5.0    6.0   0.20949E-10   0.73656E-12
      8      7    5.0    4.0   0.59962E-08   0.21083E-09
      9      1    3.0    0.0   0.81118E-09   0.28521E-10
      9      2    3.0    2.0   0.19668E-05   0.69153E-07
      9      3    3.0    4.0   0.14848E-06   0.52204E-08
      9      6    3.0    2.0   0.85036E-02   0.29899E-03
      9      7    3.0    4.0   0.49699E-07   0.17474E-08
      4      3    6.0    4.0   0.64923E-02   0.22827E-03
      4      7    6.0    4.0   0.62324E-07   0.21913E-08
      7      2    4.0    2.0   0.35521E-02   0.12489E-03
      7      3    4.0    4.0   0.35119E-02   0.12348E-03
      7      6    4.0    2.0   0.28116E-01   0.98857E-03
      3      2    4.0    2.0   0.74732E+00   0.26276E-01
      3      6    4.0    2.0   0.70382E-03   0.24746E-04
      6      1    2.0    0.0   0.73646E-01   0.25894E-02
      6      2    2.0    2.0   0.60447E+00   0.21253E-01
      2      1    2.0    0.0   0.28441E+02   0.10000E+01


                                                  CALCULATED YIELDS

     EXPERIMENT  1  DETECTOR  1
     ENERGY     42.000 MEV  THETA 142.000 DEG

     NI     NF     II     IF     YIELD     NORMALIZED YIELD

      5      4    8.0    6.0   0.11965E-04   0.42754E-06
      8      3    5.0    4.0   0.60146E-06   0.21491E-07
      8      4    5.0    6.0   0.19341E-10   0.69110E-12
      8      7    5.0    4.0   0.55357E-08   0.19780E-09
      9      1    3.0    0.0   0.81948E-09   0.29282E-10
      9      2    3.0    2.0   0.19409E-05   0.69352E-07
      9      3    3.0    4.0   0.14634E-06   0.52288E-08
      9      6    3.0    2.0   0.83916E-02   0.29985E-03
      9      7    3.0    4.0   0.48983E-07   0.17503E-08
      4      3    6.0    4.0   0.64909E-02   0.23193E-03
      4      7    6.0    4.0   0.62317E-07   0.22267E-08
      7      2    4.0    2.0   0.35316E-02   0.12619E-03
      7      3    4.0    4.0   0.34974E-02   0.12497E-03
      7      6    4.0    2.0   0.27954E-01   0.99887E-03
      3      2    4.0    2.0   0.74406E+00   0.26587E-01
      3      6    4.0    2.0   0.70083E-03   0.25042E-04
      6      1    2.0    0.0   0.73497E-01   0.26262E-02
      6      2    2.0    2.0   0.60835E+00   0.21738E-01
      2      1    2.0    0.0   0.27986E+02   0.10000E+01


                                                  CALCULATED YIELDS

     EXPERIMENT  1  DETECTOR  1
     ENERGY     42.000 MEV  THETA 144.000 DEG

     NI     NF     II     IF     YIELD     NORMALIZED YIELD

      5      4    8.0    6.0   0.11933E-04   0.43304E-06
      8      3    5.0    4.0   0.55143E-06   0.20012E-07
      8      4    5.0    6.0   0.17733E-10   0.64354E-12
      8      7    5.0    4.0   0.50752E-08   0.18418E-09
      9      1    3.0    0.0   0.82933E-09   0.30097E-10
      9      2    3.0    2.0   0.19165E-05   0.69549E-07
      9      3    3.0    4.0   0.14432E-06   0.52373E-08
      9      6    3.0    2.0   0.82859E-02   0.30070E-03
      9      7    3.0    4.0   0.48307E-07   0.17531E-08
      4      3    6.0    4.0   0.64841E-02   0.23531E-03
      4      7    6.0    4.0   0.62258E-07   0.22594E-08
      7      2    4.0    2.0   0.35102E-02   0.12738E-03
      7      3    4.0    4.0   0.34819E-02   0.12636E-03
      7      6    4.0    2.0   0.27785E-01   0.10083E-02
      3      2    4.0    2.0   0.74071E+00   0.26881E-01
      3      6    4.0    2.0   0.69775E-03   0.25322E-04
      6      1    2.0    0.0   0.73339E-01   0.26615E-02
      6      2    2.0    2.0   0.61205E+00   0.22211E-01
      2      1    2.0    0.0   0.27556E+02   0.10000E+01


                                                  CALCULATED YIELDS

     EXPERIMENT  1  DETECTOR  1
     ENERGY     42.000 MEV  THETA 146.000 DEG

     NI     NF     II     IF     YIELD     NORMALIZED YIELD

      5      4    8.0    6.0   0.11883E-04   0.43768E-06
      8      3    5.0    4.0   0.50177E-06   0.18482E-07
      8      4    5.0    6.0   0.16137E-10   0.59436E-12
      8      7    5.0    4.0   0.46180E-08   0.17009E-09
      9      1    3.0    0.0   0.84029E-09   0.30950E-10
      9      2    3.0    2.0   0.18928E-05   0.69718E-07
      9      3    3.0    4.0   0.14237E-06   0.52439E-08
      9      6    3.0    2.0   0.81837E-02   0.30143E-03
      9      7    3.0    4.0   0.47655E-07   0.17553E-08
      4      3    6.0    4.0   0.64728E-02   0.23841E-03
      4      7    6.0    4.0   0.62155E-07   0.22893E-08
      7      2    4.0    2.0   0.34881E-02   0.12848E-03
      7      3    4.0    4.0   0.34657E-02   0.12765E-03
      7      6    4.0    2.0   0.27611E-01   0.10170E-02
      3      2    4.0    2.0   0.73732E+00   0.27157E-01
      3      6    4.0    2.0   0.69463E-03   0.25585E-04
      6      1    2.0    0.0   0.73175E-01   0.26953E-02
      6      2    2.0    2.0   0.61556E+00   0.22673E-01
      2      1    2.0    0.0   0.27150E+02   0.10000E+01


                                                  CALCULATED YIELDS

     EXPERIMENT  1  DETECTOR  1
     ENERGY     42.000 MEV  THETA 148.000 DEG

     NI     NF     II     IF     YIELD     NORMALIZED YIELD

      5      4    8.0    6.0   0.11818E-04   0.44151E-06
      8      3    5.0    4.0   0.45283E-06   0.16917E-07
      8      4    5.0    6.0   0.14563E-10   0.54404E-12
      8      7    5.0    4.0   0.41675E-08   0.15569E-09
      9      1    3.0    0.0   0.85193E-09   0.31826E-10
      9      2    3.0    2.0   0.18697E-05   0.69847E-07
      9      3    3.0    4.0   0.14047E-06   0.52476E-08
      9      6    3.0    2.0   0.80835E-02   0.30198E-03
      9      7    3.0    4.0   0.47018E-07   0.17565E-08
      4      3    6.0    4.0   0.64575E-02   0.24124E-03
      4      7    6.0    4.0   0.62015E-07   0.23167E-08
      7      2    4.0    2.0   0.34656E-02   0.12947E-03
      7      3    4.0    4.0   0.34489E-02   0.12885E-03
      7      6    4.0    2.0   0.27434E-01   0.10249E-02
      3      2    4.0    2.0   0.73391E+00   0.27417E-01
      3      6    4.0    2.0   0.69150E-03   0.25833E-04
      6      1    2.0    0.0   0.73007E-01   0.27274E-02
      6      2    2.0    2.0   0.61888E+00   0.23120E-01
      2      1    2.0    0.0   0.26768E+02   0.10000E+01


                                                  CALCULATED YIELDS

     EXPERIMENT  1  DETECTOR  1
     ENERGY     42.000 MEV  THETA 150.000 DEG

     NI     NF     II     IF     YIELD     NORMALIZED YIELD

      5      4    8.0    6.0   0.11742E-04   0.44459E-06
      8      3    5.0    4.0   0.40495E-06   0.15333E-07
      8      4    5.0    6.0   0.13023E-10   0.49311E-12
      8      7    5.0    4.0   0.37269E-08   0.14111E-09
      9      1    3.0    0.0   0.86443E-09   0.32730E-10
      9      2    3.0    2.0   0.18481E-05   0.69974E-07
      9      3    3.0    4.0   0.13870E-06   0.52515E-08
      9      6    3.0    2.0   0.79902E-02   0.30253E-03
      9      7    3.0    4.0   0.46425E-07   0.17578E-08
      4      3    6.0    4.0   0.64391E-02   0.24381E-03
      4      7    6.0    4.0   0.61844E-07   0.23416E-08
      7      2    4.0    2.0   0.34430E-02   0.13036E-03
      7      3    4.0    4.0   0.34319E-02   0.12994E-03
      7      6    4.0    2.0   0.27255E-01   0.10320E-02
      3      2    4.0    2.0   0.73052E+00   0.27660E-01
      3      6    4.0    2.0   0.68838E-03   0.26064E-04
      6      1    2.0    0.0   0.72838E-01   0.27579E-02
      6      2    2.0    2.0   0.62201E+00   0.23551E-01
      2      1    2.0    0.0   0.26411E+02   0.10000E+01


                                                  CALCULATED YIELDS

     EXPERIMENT  1  DETECTOR  1
     ENERGY     42.000 MEV  THETA 152.000 DEG

     NI     NF     II     IF     YIELD     NORMALIZED YIELD

      5      4    8.0    6.0   0.11655E-04   0.44696E-06
      8      3    5.0    4.0   0.35847E-06   0.13747E-07
      8      4    5.0    6.0   0.11529E-10   0.44209E-12
      8      7    5.0    4.0   0.32991E-08   0.12651E-09
      9      1    3.0    0.0   0.87757E-09   0.33653E-10
      9      2    3.0    2.0   0.18280E-05   0.70101E-07
      9      3    3.0    4.0   0.13705E-06   0.52556E-08
      9      6    3.0    2.0   0.79036E-02   0.30308E-03
      9      7    3.0    4.0   0.45874E-07   0.17592E-08
      4      3    6.0    4.0   0.64182E-02   0.24612E-03
      4      7    6.0    4.0   0.61649E-07   0.23641E-08
      7      2    4.0    2.0   0.34206E-02   0.13117E-03
      7      3    4.0    4.0   0.34148E-02   0.13095E-03
      7      6    4.0    2.0   0.27078E-01   0.10384E-02
      3      2    4.0    2.0   0.72720E+00   0.27886E-01
      3      6    4.0    2.0   0.68531E-03   0.26280E-04
      6      1    2.0    0.0   0.72669E-01   0.27867E-02
      6      2    2.0    2.0   0.62494E+00   0.23965E-01
      2      1    2.0    0.0   0.26077E+02   0.10000E+01


                                                  CALCULATED YIELDS

     EXPERIMENT  1  DETECTOR  1
     ENERGY     42.000 MEV  THETA 154.000 DEG

     NI     NF     II     IF     YIELD     NORMALIZED YIELD

      5      4    8.0    6.0   0.11562E-04   0.44869E-06
      8      3    5.0    4.0   0.31372E-06   0.12175E-07
      8      4    5.0    6.0   0.10089E-10   0.39154E-12
      8      7    5.0    4.0   0.28871E-08   0.11204E-09
      9      1    3.0    0.0   0.89129E-09   0.34589E-10
      9      2    3.0    2.0   0.18099E-05   0.70239E-07
      9      3    3.0    4.0   0.13556E-06   0.52608E-08
      9      6    3.0    2.0   0.78251E-02   0.30368E-03
      9      7    3.0    4.0   0.45374E-07   0.17609E-08
      4      3    6.0    4.0   0.63954E-02   0.24820E-03
      4      7    6.0    4.0   0.61436E-07   0.23842E-08
      7      2    4.0    2.0   0.33984E-02   0.13189E-03
      7      3    4.0    4.0   0.33977E-02   0.13186E-03
      7      6    4.0    2.0   0.26903E-01   0.10441E-02
      3      2    4.0    2.0   0.72396E+00   0.28096E-01
      3      6    4.0    2.0   0.68233E-03   0.26480E-04
      6      1    2.0    0.0   0.72502E-01   0.28137E-02
      6      2    2.0    2.0   0.62768E+00   0.24359E-01
      2      1    2.0    0.0   0.25768E+02   0.10000E+01


                                                  CALCULATED YIELDS

     EXPERIMENT  1  DETECTOR  1
     ENERGY     42.000 MEV  THETA 156.000 DEG

     NI     NF     II     IF     YIELD     NORMALIZED YIELD

      5      4    8.0    6.0   0.11463E-04   0.44987E-06
      8      3    5.0    4.0   0.27098E-06   0.10634E-07
      8      4    5.0    6.0   0.87145E-11   0.34199E-12
      8      7    5.0    4.0   0.24938E-08   0.97867E-10
      9      1    3.0    0.0   0.90493E-09   0.35513E-10
      9      2    3.0    2.0   0.17926E-05   0.70350E-07
      9      3    3.0    4.0   0.13414E-06   0.52644E-08
      9      6    3.0    2.0   0.77505E-02   0.30416E-03
      9      7    3.0    4.0   0.44901E-07   0.17621E-08
      4      3    6.0    4.0   0.63715E-02   0.25004E-03
      4      7    6.0    4.0   0.61211E-07   0.24022E-08
      7      2    4.0    2.0   0.33769E-02   0.13252E-03
      7      3    4.0    4.0   0.33811E-02   0.13269E-03
      7      6    4.0    2.0   0.26733E-01   0.10491E-02
      3      2    4.0    2.0   0.72084E+00   0.28288E-01
      3      6    4.0    2.0   0.67945E-03   0.26664E-04
      6      1    2.0    0.0   0.72340E-01   0.28389E-02
      6      2    2.0    2.0   0.63022E+00   0.24732E-01
      2      1    2.0    0.0   0.25482E+02   0.10000E+01


                                                  CALCULATED YIELDS

     EXPERIMENT  1  DETECTOR  1
     ENERGY     42.000 MEV  THETA 158.000 DEG

     NI     NF     II     IF     YIELD     NORMALIZED YIELD

      5      4    8.0    6.0   0.11363E-04   0.45056E-06
      8      3    5.0    4.0   0.23058E-06   0.91431E-08
      8      4    5.0    6.0   0.74143E-11   0.29399E-12
      8      7    5.0    4.0   0.21218E-08   0.84133E-10
      9      1    3.0    0.0   0.91844E-09   0.36418E-10
      9      2    3.0    2.0   0.17768E-05   0.70455E-07
      9      3    3.0    4.0   0.13285E-06   0.52677E-08
      9      6    3.0    2.0   0.76821E-02   0.30461E-03
      9      7    3.0    4.0   0.44466E-07   0.17632E-08
      4      3    6.0    4.0   0.63470E-02   0.25167E-03
      4      7    6.0    4.0   0.60980E-07   0.24180E-08
      7      2    4.0    2.0   0.33562E-02   0.13308E-03
      7      3    4.0    4.0   0.33649E-02   0.13343E-03
      7      6    4.0    2.0   0.26570E-01   0.10536E-02
      3      2    4.0    2.0   0.71787E+00   0.28465E-01
      3      6    4.0    2.0   0.67671E-03   0.26833E-04
      6      1    2.0    0.0   0.72183E-01   0.28622E-02
      6      2    2.0    2.0   0.63256E+00   0.25083E-01
      2      1    2.0    0.0   0.25219E+02   0.10000E+01


                                                  CALCULATED YIELDS

     EXPERIMENT  1  DETECTOR  1
     ENERGY     42.000 MEV  THETA 160.000 DEG

     NI     NF     II     IF     YIELD     NORMALIZED YIELD

      5      4    8.0    6.0   0.11262E-04   0.45084E-06
      8      3    5.0    4.0   0.19273E-06   0.77155E-08
      8      4    5.0    6.0   0.61970E-11   0.24808E-12
      8      7    5.0    4.0   0.17735E-08   0.70995E-10
      9      1    3.0    0.0   0.93170E-09   0.37298E-10
      9      2    3.0    2.0   0.17625E-05   0.70558E-07
      9      3    3.0    4.0   0.13167E-06   0.52712E-08
      9      6    3.0    2.0   0.76203E-02   0.30506E-03
      9      7    3.0    4.0   0.44073E-07   0.17643E-08
      4      3    6.0    4.0   0.63225E-02   0.25310E-03
      4      7    6.0    4.0   0.60750E-07   0.24319E-08
      7      2    4.0    2.0   0.33366E-02   0.13357E-03
      7      3    4.0    4.0   0.33495E-02   0.13409E-03
      7      6    4.0    2.0   0.26415E-01   0.10574E-02
      3      2    4.0    2.0   0.71506E+00   0.28625E-01
      3      6    4.0    2.0   0.67412E-03   0.26986E-04
      6      1    2.0    0.0   0.72035E-01   0.28837E-02
      6      2    2.0    2.0   0.63470E+00   0.25408E-01
      2      1    2.0    0.0   0.24980E+02   0.10000E+01


                                                  CALCULATED YIELDS

     EXPERIMENT  1  DETECTOR  1
     ENERGY     43.000 MEV  THETA 132.000 DEG

     NI     NF     II     IF     YIELD     NORMALIZED YIELD

      5      4    8.0    6.0   0.16765E-04   0.53004E-06
      8      3    5.0    4.0   0.11011E-05   0.34812E-07
      8      4    5.0    6.0   0.35382E-10   0.11187E-11
      8      7    5.0    4.0   0.10135E-07   0.32042E-09
      9      1    3.0    0.0   0.94318E-09   0.29820E-10
      9      2    3.0    2.0   0.24669E-05   0.77995E-07
      9      3    3.0    4.0   0.18723E-06   0.59195E-08
      9      6    3.0    2.0   0.10666E-01   0.33721E-03
      9      7    3.0    4.0   0.62674E-07   0.19815E-08
      4      3    6.0    4.0   0.81440E-02   0.25748E-03
      4      7    6.0    4.0   0.78149E-07   0.24708E-08
      7      2    4.0    2.0   0.43756E-02   0.13834E-03
      7      3    4.0    4.0   0.42970E-02   0.13586E-03
      7      6    4.0    2.0   0.34633E-01   0.10949E-02
      3      2    4.0    2.0   0.86451E+00   0.27332E-01
      3      6    4.0    2.0   0.81380E-03   0.25729E-04
      6      1    2.0    0.0   0.82691E-01   0.26144E-02
      6      2    2.0    2.0   0.65449E+00   0.20692E-01
      2      1    2.0    0.0   0.31629E+02   0.10000E+01


                                                  CALCULATED YIELDS

     EXPERIMENT  1  DETECTOR  1
     ENERGY     43.000 MEV  THETA 134.000 DEG

     NI     NF     II     IF     YIELD     NORMALIZED YIELD

      5      4    8.0    6.0   0.16913E-04   0.54458E-06
      8      3    5.0    4.0   0.10410E-05   0.33518E-07
      8      4    5.0    6.0   0.33456E-10   0.10772E-11
      8      7    5.0    4.0   0.95813E-08   0.30851E-09
      9      1    3.0    0.0   0.94462E-09   0.30416E-10
      9      2    3.0    2.0   0.24321E-05   0.78312E-07
      9      3    3.0    4.0   0.18433E-06   0.59353E-08
      9      6    3.0    2.0   0.10515E-01   0.33859E-03
      9      7    3.0    4.0   0.61703E-07   0.19868E-08
      4      3    6.0    4.0   0.81858E-02   0.26357E-03
      4      7    6.0    4.0   0.78557E-07   0.25295E-08
      7      2    4.0    2.0   0.43626E-02   0.14047E-03
      7      3    4.0    4.0   0.42913E-02   0.13818E-03
      7      6    4.0    2.0   0.34530E-01   0.11118E-02
      3      2    4.0    2.0   0.86205E+00   0.27757E-01
      3      6    4.0    2.0   0.81158E-03   0.26132E-04
      6      1    2.0    0.0   0.82633E-01   0.26607E-02
      6      2    2.0    2.0   0.65984E+00   0.21246E-01
      2      1    2.0    0.0   0.31057E+02   0.10000E+01


                                                  CALCULATED YIELDS

     EXPERIMENT  1  DETECTOR  1
     ENERGY     43.000 MEV  THETA 136.000 DEG

     NI     NF     II     IF     YIELD     NORMALIZED YIELD

      5      4    8.0    6.0   0.17023E-04   0.55794E-06
      8      3    5.0    4.0   0.97888E-06   0.32083E-07
      8      4    5.0    6.0   0.31464E-10   0.10312E-11
      8      7    5.0    4.0   0.90097E-08   0.29529E-09
      9      1    3.0    0.0   0.94855E-09   0.31089E-10
      9      2    3.0    2.0   0.23983E-05   0.78604E-07
      9      3    3.0    4.0   0.18152E-06   0.59493E-08
      9      6    3.0    2.0   0.10369E-01   0.33985E-03
      9      7    3.0    4.0   0.60760E-07   0.19914E-08
      4      3    6.0    4.0   0.82175E-02   0.26933E-03
      4      7    6.0    4.0   0.78870E-07   0.25850E-08
      7      2    4.0    2.0   0.43471E-02   0.14248E-03
      7      3    4.0    4.0   0.42832E-02   0.14038E-03
      7      6    4.0    2.0   0.34408E-01   0.11277E-02
      3      2    4.0    2.0   0.85929E+00   0.28163E-01
      3      6    4.0    2.0   0.80908E-03   0.26518E-04
      6      1    2.0    0.0   0.82552E-01   0.27057E-02
      6      2    2.0    2.0   0.66500E+00   0.21796E-01
      2      1    2.0    0.0   0.30511E+02   0.10000E+01


                                                  CALCULATED YIELDS

     EXPERIMENT  1  DETECTOR  1
     ENERGY     43.000 MEV  THETA 138.000 DEG

     NI     NF     II     IF     YIELD     NORMALIZED YIELD

      5      4    8.0    6.0   0.17098E-04   0.57009E-06
      8      3    5.0    4.0   0.91529E-06   0.30519E-07
      8      4    5.0    6.0   0.29423E-10   0.98106E-12
      8      7    5.0    4.0   0.84243E-08   0.28089E-09
      9      1    3.0    0.0   0.95522E-09   0.31850E-10
      9      2    3.0    2.0   0.23668E-05   0.78916E-07
      9      3    3.0    4.0   0.17889E-06   0.59649E-08
      9      6    3.0    2.0   0.10233E-01   0.34120E-03
      9      7    3.0    4.0   0.59882E-07   0.19967E-08
      4      3    6.0    4.0   0.82400E-02   0.27475E-03
      4      7    6.0    4.0   0.79093E-07   0.26372E-08
      7      2    4.0    2.0   0.43294E-02   0.14436E-03
      7      3    4.0    4.0   0.42730E-02   0.14247E-03
      7      6    4.0    2.0   0.34269E-01   0.11426E-02
      3      2    4.0    2.0   0.85628E+00   0.28551E-01
      3      6    4.0    2.0   0.80634E-03   0.26886E-04
      6      1    2.0    0.0   0.82453E-01   0.27492E-02
      6      2    2.0    2.0   0.66996E+00   0.22339E-01
      2      1    2.0    0.0   0.29991E+02   0.10000E+01


                                                  CALCULATED YIELDS

     EXPERIMENT  1  DETECTOR  1
     ENERGY     43.000 MEV  THETA 140.000 DEG

     NI     NF     II     IF     YIELD     NORMALIZED YIELD

      5      4    8.0    6.0   0.17139E-04   0.58102E-06
      8      3    5.0    4.0   0.85069E-06   0.28839E-07
      8      4    5.0    6.0   0.27349E-10   0.92715E-12
      8      7    5.0    4.0   0.78296E-08   0.26543E-09
      9      1    3.0    0.0   0.96401E-09   0.32681E-10
      9      2    3.0    2.0   0.23363E-05   0.79203E-07
      9      3    3.0    4.0   0.17636E-06   0.59788E-08
      9      6    3.0    2.0   0.10101E-01   0.34244E-03
      9      7    3.0    4.0   0.59034E-07   0.20013E-08
      4      3    6.0    4.0   0.82540E-02   0.27982E-03
      4      7    6.0    4.0   0.79235E-07   0.26862E-08
      7      2    4.0    2.0   0.43099E-02   0.14611E-03
      7      3    4.0    4.0   0.42608E-02   0.14445E-03
      7      6    4.0    2.0   0.34115E-01   0.11565E-02
      3      2    4.0    2.0   0.85307E+00   0.28920E-01
      3      6    4.0    2.0   0.80341E-03   0.27236E-04
      6      1    2.0    0.0   0.82337E-01   0.27913E-02
      6      2    2.0    2.0   0.67471E+00   0.22874E-01
      2      1    2.0    0.0   0.29497E+02   0.10000E+01


                                                  CALCULATED YIELDS

     EXPERIMENT  1  DETECTOR  1
     ENERGY     43.000 MEV  THETA 142.000 DEG

     NI     NF     II     IF     YIELD     NORMALIZED YIELD

      5      4    8.0    6.0   0.17149E-04   0.59073E-06
      8      3    5.0    4.0   0.78556E-06   0.27061E-07
      8      4    5.0    6.0   0.25256E-10   0.87003E-12
      8      7    5.0    4.0   0.72301E-08   0.24906E-09
      9      1    3.0    0.0   0.97481E-09   0.33580E-10
      9      2    3.0    2.0   0.23073E-05   0.79480E-07
      9      3    3.0    4.0   0.17395E-06   0.59922E-08
      9      6    3.0    2.0   0.99755E-02   0.34364E-03
      9      7    3.0    4.0   0.58227E-07   0.20058E-08
      4      3    6.0    4.0   0.82603E-02   0.28455E-03
      4      7    6.0    4.0   0.79304E-07   0.27318E-08
      7      2    4.0    2.0   0.42888E-02   0.14774E-03
      7      3    4.0    4.0   0.42471E-02   0.14630E-03
      7      6    4.0    2.0   0.33948E-01   0.11694E-02
      3      2    4.0    2.0   0.84970E+00   0.29270E-01
      3      6    4.0    2.0   0.80033E-03   0.27569E-04
      6      1    2.0    0.0   0.82208E-01   0.28319E-02
      6      2    2.0    2.0   0.67925E+00   0.23399E-01
      2      1    2.0    0.0   0.29029E+02   0.10000E+01


                                                  CALCULATED YIELDS

     EXPERIMENT  1  DETECTOR  1
     ENERGY     43.000 MEV  THETA 144.000 DEG

     NI     NF     II     IF     YIELD     NORMALIZED YIELD

      5      4    8.0    6.0   0.17131E-04   0.59925E-06
      8      3    5.0    4.0   0.72040E-06   0.25200E-07
      8      4    5.0    6.0   0.23162E-10   0.81024E-12
      8      7    5.0    4.0   0.66303E-08   0.23193E-09
      9      1    3.0    0.0   0.98716E-09   0.34532E-10
      9      2    3.0    2.0   0.22791E-05   0.79726E-07
      9      3    3.0    4.0   0.17162E-06   0.60034E-08
      9      6    3.0    2.0   0.98539E-02   0.34470E-03
      9      7    3.0    4.0   0.57446E-07   0.20095E-08
      4      3    6.0    4.0   0.82597E-02   0.28893E-03
      4      7    6.0    4.0   0.79306E-07   0.27742E-08
      7      2    4.0    2.0   0.42664E-02   0.14924E-03
      7      3    4.0    4.0   0.42320E-02   0.14804E-03
      7      6    4.0    2.0   0.33772E-01   0.11814E-02
      3      2    4.0    2.0   0.84622E+00   0.29602E-01
      3      6    4.0    2.0   0.79714E-03   0.27885E-04
      6      1    2.0    0.0   0.82067E-01   0.28708E-02
      6      2    2.0    2.0   0.68358E+00   0.23912E-01
      2      1    2.0    0.0   0.28587E+02   0.10000E+01


                                                  CALCULATED YIELDS

     EXPERIMENT  1  DETECTOR  1
     ENERGY     43.000 MEV  THETA 146.000 DEG

     NI     NF     II     IF     YIELD     NORMALIZED YIELD

      5      4    8.0    6.0   0.17088E-04   0.60660E-06
      8      3    5.0    4.0   0.65567E-06   0.23276E-07
      8      4    5.0    6.0   0.21082E-10   0.74839E-12
      8      7    5.0    4.0   0.60345E-08   0.21422E-09
      9      1    3.0    0.0   0.10006E-08   0.35520E-10
      9      2    3.0    2.0   0.22516E-05   0.79931E-07
      9      3    3.0    4.0   0.16935E-06   0.60118E-08
      9      6    3.0    2.0   0.97351E-02   0.34558E-03
      9      7    3.0    4.0   0.56686E-07   0.20123E-08
      4      3    6.0    4.0   0.82532E-02   0.29298E-03
      4      7    6.0    4.0   0.79251E-07   0.28133E-08
      7      2    4.0    2.0   0.42431E-02   0.15063E-03
      7      3    4.0    4.0   0.42158E-02   0.14966E-03
      7      6    4.0    2.0   0.33588E-01   0.11923E-02
      3      2    4.0    2.0   0.84268E+00   0.29914E-01
      3      6    4.0    2.0   0.79388E-03   0.28182E-04
      6      1    2.0    0.0   0.81918E-01   0.29080E-02
      6      2    2.0    2.0   0.68768E+00   0.24412E-01
      2      1    2.0    0.0   0.28170E+02   0.10000E+01


                                                  CALCULATED YIELDS

     EXPERIMENT  1  DETECTOR  1
     ENERGY     43.000 MEV  THETA 148.000 DEG

     NI     NF     II     IF     YIELD     NORMALIZED YIELD

      5      4    8.0    6.0   0.17023E-04   0.61283E-06
      8      3    5.0    4.0   0.59185E-06   0.21307E-07
      8      4    5.0    6.0   0.19030E-10   0.68508E-12
      8      7    5.0    4.0   0.54470E-08   0.19609E-09
      9      1    3.0    0.0   0.10153E-08   0.36550E-10
      9      2    3.0    2.0   0.22259E-05   0.80131E-07
      9      3    3.0    4.0   0.16722E-06   0.60200E-08
      9      6    3.0    2.0   0.96235E-02   0.34645E-03
      9      7    3.0    4.0   0.55973E-07   0.20150E-08
      4      3    6.0    4.0   0.82414E-02   0.29669E-03
      4      7    6.0    4.0   0.79146E-07   0.28493E-08
      7      2    4.0    2.0   0.42192E-02   0.15189E-03
      7      3    4.0    4.0   0.41988E-02   0.15116E-03
      7      6    4.0    2.0   0.33399E-01   0.12024E-02
      3      2    4.0    2.0   0.83910E+00   0.30208E-01
      3      6    4.0    2.0   0.79060E-03   0.28462E-04
      6      1    2.0    0.0   0.81763E-01   0.29435E-02
      6      2    2.0    2.0   0.69157E+00   0.24896E-01
      2      1    2.0    0.0   0.27778E+02   0.10000E+01


                                                  CALCULATED YIELDS

     EXPERIMENT  1  DETECTOR  1
     ENERGY     43.000 MEV  THETA 150.000 DEG

     NI     NF     II     IF     YIELD     NORMALIZED YIELD

      5      4    8.0    6.0   0.16940E-04   0.61802E-06
      8      3    5.0    4.0   0.52938E-06   0.19313E-07
      8      4    5.0    6.0   0.17022E-10   0.62099E-12
      8      7    5.0    4.0   0.48720E-08   0.17774E-09
      9      1    3.0    0.0   0.10312E-08   0.37620E-10
      9      2    3.0    2.0   0.22023E-05   0.80345E-07
      9      3    3.0    4.0   0.16528E-06   0.60296E-08
      9      6    3.0    2.0   0.95217E-02   0.34738E-03
      9      7    3.0    4.0   0.55321E-07   0.20182E-08
      4      3    6.0    4.0   0.82254E-02   0.30008E-03
      4      7    6.0    4.0   0.78999E-07   0.28821E-08
      7      2    4.0    2.0   0.41949E-02   0.15304E-03
      7      3    4.0    4.0   0.41812E-02   0.15254E-03
      7      6    4.0    2.0   0.33207E-01   0.12115E-02
      3      2    4.0    2.0   0.83553E+00   0.30482E-01
      3      6    4.0    2.0   0.78732E-03   0.28723E-04
      6      1    2.0    0.0   0.81604E-01   0.29771E-02
      6      2    2.0    2.0   0.69523E+00   0.25363E-01
      2      1    2.0    0.0   0.27411E+02   0.10000E+01


                                                  CALCULATED YIELDS

     EXPERIMENT  1  DETECTOR  1
     ENERGY     43.000 MEV  THETA 152.000 DEG

     NI     NF     II     IF     YIELD     NORMALIZED YIELD

      5      4    8.0    6.0   0.16842E-04   0.62222E-06
      8      3    5.0    4.0   0.46871E-06   0.17316E-07
      8      4    5.0    6.0   0.15071E-10   0.55678E-12
      8      7    5.0    4.0   0.43137E-08   0.15936E-09
      9      1    3.0    0.0   0.10477E-08   0.38707E-10
      9      2    3.0    2.0   0.21802E-05   0.80544E-07
      9      3    3.0    4.0   0.16345E-06   0.60383E-08
      9      6    3.0    2.0   0.94260E-02   0.34823E-03
      9      7    3.0    4.0   0.54709E-07   0.20212E-08
      4      3    6.0    4.0   0.82058E-02   0.30316E-03
      4      7    6.0    4.0   0.78819E-07   0.29119E-08
      7      2    4.0    2.0   0.41706E-02   0.15408E-03
      7      3    4.0    4.0   0.41634E-02   0.15381E-03
      7      6    4.0    2.0   0.33015E-01   0.12197E-02
      3      2    4.0    2.0   0.83202E+00   0.30738E-01
      3      6    4.0    2.0   0.78409E-03   0.28967E-04
      6      1    2.0    0.0   0.81444E-01   0.30089E-02
      6      2    2.0    2.0   0.69866E+00   0.25811E-01
      2      1    2.0    0.0   0.27068E+02   0.10000E+01


                                                  CALCULATED YIELDS

     EXPERIMENT  1  DETECTOR  1
     ENERGY     43.000 MEV  THETA 154.000 DEG

     NI     NF     II     IF     YIELD     NORMALIZED YIELD

      5      4    8.0    6.0   0.16733E-04   0.62553E-06
      8      3    5.0    4.0   0.41027E-06   0.15337E-07
      8      4    5.0    6.0   0.13191E-10   0.49314E-12
      8      7    5.0    4.0   0.37757E-08   0.14115E-09
      9      1    3.0    0.0   0.10645E-08   0.39793E-10
      9      2    3.0    2.0   0.21593E-05   0.80721E-07
      9      3    3.0    4.0   0.16172E-06   0.60457E-08
      9      6    3.0    2.0   0.93357E-02   0.34900E-03
      9      7    3.0    4.0   0.54132E-07   0.20236E-08
      4      3    6.0    4.0   0.81836E-02   0.30593E-03
      4      7    6.0    4.0   0.78612E-07   0.29388E-08
      7      2    4.0    2.0   0.41465E-02   0.15501E-03
      7      3    4.0    4.0   0.41456E-02   0.15497E-03
      7      6    4.0    2.0   0.32825E-01   0.12271E-02
      3      2    4.0    2.0   0.82859E+00   0.30975E-01
      3      6    4.0    2.0   0.78093E-03   0.29194E-04
      6      1    2.0    0.0   0.81285E-01   0.30387E-02
      6      2    2.0    2.0   0.70186E+00   0.26238E-01
      2      1    2.0    0.0   0.26750E+02   0.10000E+01


                                                  CALCULATED YIELDS

     EXPERIMENT  1  DETECTOR  1
     ENERGY     43.000 MEV  THETA 156.000 DEG

     NI     NF     II     IF     YIELD     NORMALIZED YIELD

      5      4    8.0    6.0   0.16615E-04   0.62803E-06
      8      3    5.0    4.0   0.35444E-06   0.13397E-07
      8      4    5.0    6.0   0.11396E-10   0.43076E-12
      8      7    5.0    4.0   0.32619E-08   0.12329E-09
      9      1    3.0    0.0   0.10814E-08   0.40875E-10
      9      2    3.0    2.0   0.21401E-05   0.80893E-07
      9      3    3.0    4.0   0.16014E-06   0.60531E-08
      9      6    3.0    2.0   0.92529E-02   0.34974E-03
      9      7    3.0    4.0   0.53603E-07   0.20261E-08
      4      3    6.0    4.0   0.81595E-02   0.30842E-03
      4      7    6.0    4.0   0.78388E-07   0.29629E-08
      7      2    4.0    2.0   0.41230E-02   0.15584E-03
      7      3    4.0    4.0   0.41279E-02   0.15603E-03
      7      6    4.0    2.0   0.32640E-01   0.12337E-02
      3      2    4.0    2.0   0.82528E+00   0.31194E-01
      3      6    4.0    2.0   0.77788E-03   0.29402E-04
      6      1    2.0    0.0   0.81129E-01   0.30665E-02
      6      2    2.0    2.0   0.70483E+00   0.26641E-01
      2      1    2.0    0.0   0.26456E+02   0.10000E+01


                                                  CALCULATED YIELDS

     EXPERIMENT  1  DETECTOR  1
     ENERGY     43.000 MEV  THETA 158.000 DEG

     NI     NF     II     IF     YIELD     NORMALIZED YIELD

      5      4    8.0    6.0   0.16493E-04   0.62983E-06
      8      3    5.0    4.0   0.30161E-06   0.11518E-07
      8      4    5.0    6.0   0.96975E-11   0.37032E-12
      8      7    5.0    4.0   0.27757E-08   0.10600E-09
      9      1    3.0    0.0   0.10980E-08   0.41930E-10
      9      2    3.0    2.0   0.21223E-05   0.81045E-07
      9      3    3.0    4.0   0.15867E-06   0.60593E-08
      9      6    3.0    2.0   0.91758E-02   0.35040E-03
      9      7    3.0    4.0   0.53111E-07   0.20282E-08
      4      3    6.0    4.0   0.81343E-02   0.31063E-03
      4      7    6.0    4.0   0.78152E-07   0.29844E-08
      7      2    4.0    2.0   0.41003E-02   0.15658E-03
      7      3    4.0    4.0   0.41108E-02   0.15698E-03
      7      6    4.0    2.0   0.32460E-01   0.12396E-02
      3      2    4.0    2.0   0.82211E+00   0.31394E-01
      3      6    4.0    2.0   0.77496E-03   0.29594E-04
      6      1    2.0    0.0   0.80978E-01   0.30923E-02
      6      2    2.0    2.0   0.70756E+00   0.27020E-01
      2      1    2.0    0.0   0.26187E+02   0.10000E+01


                                                  CALCULATED YIELDS

     EXPERIMENT  1  DETECTOR  1
     ENERGY     43.000 MEV  THETA 160.000 DEG

     NI     NF     II     IF     YIELD     NORMALIZED YIELD

      5      4    8.0    6.0   0.16369E-04   0.63103E-06
      8      3    5.0    4.0   0.25214E-06   0.97196E-08
      8      4    5.0    6.0   0.81066E-11   0.31250E-12
      8      7    5.0    4.0   0.23204E-08   0.89447E-10
      9      1    3.0    0.0   0.11140E-08   0.42943E-10
      9      2    3.0    2.0   0.21056E-05   0.81169E-07
      9      3    3.0    4.0   0.15730E-06   0.60638E-08
      9      6    3.0    2.0   0.91036E-02   0.35094E-03
      9      7    3.0    4.0   0.52651E-07   0.20297E-08
      4      3    6.0    4.0   0.81087E-02   0.31258E-03
      4      7    6.0    4.0   0.77912E-07   0.30034E-08
      7      2    4.0    2.0   0.40786E-02   0.15723E-03
      7      3    4.0    4.0   0.40943E-02   0.15783E-03
      7      6    4.0    2.0   0.32289E-01   0.12447E-02
      3      2    4.0    2.0   0.81912E+00   0.31576E-01
      3      6    4.0    2.0   0.77221E-03   0.29768E-04
      6      1    2.0    0.0   0.80834E-01   0.31161E-02
      6      2    2.0    2.0   0.71006E+00   0.27372E-01
      2      1    2.0    0.0   0.25941E+02   0.10000E+01


                                                  CALCULATED YIELDS

     EXPERIMENT  1  DETECTOR  1
     ENERGY     44.000 MEV  THETA 132.000 DEG

     NI     NF     II     IF     YIELD     NORMALIZED YIELD

      5      4    8.0    6.0   0.23480E-04   0.71759E-06
      8      3    5.0    4.0   0.14204E-05   0.43409E-07
      8      4    5.0    6.0   0.45633E-10   0.13946E-11
      8      7    5.0    4.0   0.13074E-07   0.39956E-09
      9      1    3.0    0.0   0.11062E-08   0.33807E-10
      9      2    3.0    2.0   0.28950E-05   0.88477E-07
      9      3    3.0    4.0   0.21972E-06   0.67150E-08
      9      6    3.0    2.0   0.12517E-01   0.38253E-03
      9      7    3.0    4.0   0.73548E-07   0.22478E-08
      4      3    6.0    4.0   0.10212E-01   0.31211E-03
      4      7    6.0    4.0   0.97995E-07   0.29949E-08
      7      2    4.0    2.0   0.52488E-02   0.16042E-03
      7      3    4.0    4.0   0.51541E-02   0.15752E-03
      7      6    4.0    2.0   0.41544E-01   0.12697E-02
      3      2    4.0    2.0   0.97964E+00   0.29940E-01
      3      6    4.0    2.0   0.92217E-03   0.28184E-04
      6      1    2.0    0.0   0.91914E-01   0.28091E-02
      6      2    2.0    2.0   0.72667E+00   0.22209E-01
      2      1    2.0    0.0   0.32720E+02   0.10000E+01


                                                  CALCULATED YIELDS

     EXPERIMENT  1  DETECTOR  1
     ENERGY     44.000 MEV  THETA 134.000 DEG

     NI     NF     II     IF     YIELD     NORMALIZED YIELD

      5      4    8.0    6.0   0.23725E-04   0.73836E-06
      8      3    5.0    4.0   0.13432E-05   0.41802E-07
      8      4    5.0    6.0   0.43160E-10   0.13432E-11
      8      7    5.0    4.0   0.12363E-07   0.38475E-09
      9      1    3.0    0.0   0.11089E-08   0.34509E-10
      9      2    3.0    2.0   0.28558E-05   0.88876E-07
      9      3    3.0    4.0   0.21644E-06   0.67358E-08
      9      6    3.0    2.0   0.12347E-01   0.38426E-03
      9      7    3.0    4.0   0.72450E-07   0.22547E-08
      4      3    6.0    4.0   0.10275E-01   0.31976E-03
      4      7    6.0    4.0   0.98602E-07   0.30686E-08
      7      2    4.0    2.0   0.52381E-02   0.16302E-03
      7      3    4.0    4.0   0.51521E-02   0.16034E-03
      7      6    4.0    2.0   0.41460E-01   0.12903E-02
      3      2    4.0    2.0   0.97725E+00   0.30414E-01
      3      6    4.0    2.0   0.92003E-03   0.28633E-04
      6      1    2.0    0.0   0.91893E-01   0.28598E-02
      6      2    2.0    2.0   0.73288E+00   0.22808E-01
      2      1    2.0    0.0   0.32132E+02   0.10000E+01


                                                  CALCULATED YIELDS

     EXPERIMENT  1  DETECTOR  1
     ENERGY     44.000 MEV  THETA 136.000 DEG

     NI     NF     II     IF     YIELD     NORMALIZED YIELD

      5      4    8.0    6.0   0.23918E-04   0.75758E-06
      8      3    5.0    4.0   0.12634E-05   0.40017E-07
      8      4    5.0    6.0   0.40601E-10   0.12860E-11
      8      7    5.0    4.0   0.11628E-07   0.36832E-09
      9      1    3.0    0.0   0.11149E-08   0.35314E-10
      9      2    3.0    2.0   0.28191E-05   0.89292E-07
      9      3    3.0    4.0   0.21336E-06   0.67581E-08
      9      6    3.0    2.0   0.12188E-01   0.38606E-03
      9      7    3.0    4.0   0.71420E-07   0.22622E-08
      4      3    6.0    4.0   0.10324E-01   0.32702E-03
      4      7    6.0    4.0   0.99090E-07   0.31386E-08
      7      2    4.0    2.0   0.52242E-02   0.16547E-03
      7      3    4.0    4.0   0.51471E-02   0.16303E-03
      7      6    4.0    2.0   0.41351E-01   0.13098E-02
      3      2    4.0    2.0   0.97452E+00   0.30867E-01
      3      6    4.0    2.0   0.91757E-03   0.29063E-04
      6      1    2.0    0.0   0.91847E-01   0.29092E-02
      6      2    2.0    2.0   0.73886E+00   0.23403E-01
      2      1    2.0    0.0   0.31571E+02   0.10000E+01


                                                  CALCULATED YIELDS

     EXPERIMENT  1  DETECTOR  1
     ENERGY     44.000 MEV  THETA 138.000 DEG

     NI     NF     II     IF     YIELD     NORMALIZED YIELD

      5      4    8.0    6.0   0.24061E-04   0.77522E-06
      8      3    5.0    4.0   0.11816E-05   0.38070E-07
      8      4    5.0    6.0   0.37976E-10   0.12236E-11
      8      7    5.0    4.0   0.10875E-07   0.35040E-09
      9      1    3.0    0.0   0.11238E-08   0.36207E-10
      9      2    3.0    2.0   0.27837E-05   0.89689E-07
      9      3    3.0    4.0   0.21040E-06   0.67790E-08
      9      6    3.0    2.0   0.12036E-01   0.38777E-03
      9      7    3.0    4.0   0.70430E-07   0.22692E-08
      4      3    6.0    4.0   0.10363E-01   0.33387E-03
      4      7    6.0    4.0   0.99466E-07   0.32047E-08
      7      2    4.0    2.0   0.52077E-02   0.16779E-03
      7      3    4.0    4.0   0.51395E-02   0.16559E-03
      7      6    4.0    2.0   0.41220E-01   0.13281E-02
      3      2    4.0    2.0   0.97150E+00   0.31301E-01
      3      6    4.0    2.0   0.91482E-03   0.29475E-04
      6      1    2.0    0.0   0.91777E-01   0.29570E-02
      6      2    2.0    2.0   0.74461E+00   0.23991E-01
      2      1    2.0    0.0   0.31038E+02   0.10000E+01


                                                  CALCULATED YIELDS

     EXPERIMENT  1  DETECTOR  1
     ENERGY     44.000 MEV  THETA 140.000 DEG

     NI     NF     II     IF     YIELD     NORMALIZED YIELD

      5      4    8.0    6.0   0.24157E-04   0.79125E-06
      8      3    5.0    4.0   0.10985E-05   0.35979E-07
      8      4    5.0    6.0   0.35307E-10   0.11565E-11
      8      7    5.0    4.0   0.10110E-07   0.33115E-09
      9      1    3.0    0.0   0.11352E-08   0.37183E-10
      9      2    3.0    2.0   0.27499E-05   0.90072E-07
      9      3    3.0    4.0   0.20758E-06   0.67991E-08
      9      6    3.0    2.0   0.11889E-01   0.38943E-03
      9      7    3.0    4.0   0.69484E-07   0.22759E-08
      4      3    6.0    4.0   0.10390E-01   0.34031E-03
      4      7    6.0    4.0   0.99738E-07   0.32668E-08
      7      2    4.0    2.0   0.51887E-02   0.16995E-03
      7      3    4.0    4.0   0.51294E-02   0.16801E-03
      7      6    4.0    2.0   0.41070E-01   0.13452E-02
      3      2    4.0    2.0   0.96823E+00   0.31713E-01
      3      6    4.0    2.0   0.91185E-03   0.29867E-04
      6      1    2.0    0.0   0.91689E-01   0.30032E-02
      6      2    2.0    2.0   0.75011E+00   0.24569E-01
      2      1    2.0    0.0   0.30531E+02   0.10000E+01


                                                  CALCULATED YIELDS

     EXPERIMENT  1  DETECTOR  1
     ENERGY     44.000 MEV  THETA 142.000 DEG

     NI     NF     II     IF     YIELD     NORMALIZED YIELD

      5      4    8.0    6.0   0.24210E-04   0.80566E-06
      8      3    5.0    4.0   0.10146E-05   0.33763E-07
      8      4    5.0    6.0   0.32614E-10   0.10853E-11
      8      7    5.0    4.0   0.93381E-08   0.31075E-09
      9      1    3.0    0.0   0.11487E-08   0.38226E-10
      9      2    3.0    2.0   0.27169E-05   0.90413E-07
      9      3    3.0    4.0   0.20483E-06   0.68162E-08
      9      6    3.0    2.0   0.11747E-01   0.39090E-03
      9      7    3.0    4.0   0.68562E-07   0.22816E-08
      4      3    6.0    4.0   0.10408E-01   0.34634E-03
      4      7    6.0    4.0   0.99917E-07   0.33250E-08
      7      2    4.0    2.0   0.51676E-02   0.17197E-03
      7      3    4.0    4.0   0.51172E-02   0.17029E-03
      7      6    4.0    2.0   0.40905E-01   0.13612E-02
      3      2    4.0    2.0   0.96477E+00   0.32106E-01
      3      6    4.0    2.0   0.90870E-03   0.30239E-04
      6      1    2.0    0.0   0.91583E-01   0.30477E-02
      6      2    2.0    2.0   0.75537E+00   0.25137E-01
      2      1    2.0    0.0   0.30050E+02   0.10000E+01


                                                  CALCULATED YIELDS

     EXPERIMENT  1  DETECTOR  1
     ENERGY     44.000 MEV  THETA 144.000 DEG

     NI     NF     II     IF     YIELD     NORMALIZED YIELD

      5      4    8.0    6.0   0.24223E-04   0.81846E-06
      8      3    5.0    4.0   0.93064E-06   0.31445E-07
      8      4    5.0    6.0   0.29916E-10   0.10108E-11
      8      7    5.0    4.0   0.85652E-08   0.28941E-09
      9      1    3.0    0.0   0.11638E-08   0.39324E-10
      9      2    3.0    2.0   0.26847E-05   0.90713E-07
      9      3    3.0    4.0   0.20215E-06   0.68305E-08
      9      6    3.0    2.0   0.11608E-01   0.39220E-03
      9      7    3.0    4.0   0.67667E-07   0.22864E-08
      4      3    6.0    4.0   0.10416E-01   0.35195E-03
      4      7    6.0    4.0   0.10001E-06   0.33793E-08
      7      2    4.0    2.0   0.51449E-02   0.17384E-03
      7      3    4.0    4.0   0.51032E-02   0.17243E-03
      7      6    4.0    2.0   0.40726E-01   0.13761E-02
      3      2    4.0    2.0   0.96118E+00   0.32477E-01
      3      6    4.0    2.0   0.90541E-03   0.30592E-04
      6      1    2.0    0.0   0.91463E-01   0.30904E-02
      6      2    2.0    2.0   0.76038E+00   0.25692E-01
      2      1    2.0    0.0   0.29596E+02   0.10000E+01


                                                  CALCULATED YIELDS

     EXPERIMENT  1  DETECTOR  1
     ENERGY     44.000 MEV  THETA 146.000 DEG

     NI     NF     II     IF     YIELD     NORMALIZED YIELD

      5      4    8.0    6.0   0.24200E-04   0.82970E-06
      8      3    5.0    4.0   0.84720E-06   0.29046E-07
      8      4    5.0    6.0   0.27235E-10   0.93373E-12
      8      7    5.0    4.0   0.77972E-08   0.26732E-09
      9      1    3.0    0.0   0.11807E-08   0.40481E-10
      9      2    3.0    2.0   0.26546E-05   0.91011E-07
      9      3    3.0    4.0   0.19965E-06   0.68448E-08
      9      6    3.0    2.0   0.11477E-01   0.39349E-03
      9      7    3.0    4.0   0.66827E-07   0.22911E-08
      4      3    6.0    4.0   0.10417E-01   0.35715E-03
      4      7    6.0    4.0   0.10003E-06   0.34295E-08
      7      2    4.0    2.0   0.51209E-02   0.17557E-03
      7      3    4.0    4.0   0.50877E-02   0.17443E-03
      7      6    4.0    2.0   0.40536E-01   0.13898E-02
      3      2    4.0    2.0   0.95749E+00   0.32827E-01
      3      6    4.0    2.0   0.90204E-03   0.30926E-04
      6      1    2.0    0.0   0.91332E-01   0.31313E-02
      6      2    2.0    2.0   0.76514E+00   0.26232E-01
      2      1    2.0    0.0   0.29168E+02   0.10000E+01


                                                  CALCULATED YIELDS

     EXPERIMENT  1  DETECTOR  1
     ENERGY     44.000 MEV  THETA 148.000 DEG

     NI     NF     II     IF     YIELD     NORMALIZED YIELD

      5      4    8.0    6.0   0.24146E-04   0.83943E-06
      8      3    5.0    4.0   0.76488E-06   0.26591E-07
      8      4    5.0    6.0   0.24589E-10   0.85482E-12
      8      7    5.0    4.0   0.70395E-08   0.24472E-09
      9      1    3.0    0.0   0.11994E-08   0.41696E-10
      9      2    3.0    2.0   0.26269E-05   0.91323E-07
      9      3    3.0    4.0   0.19735E-06   0.68606E-08
      9      6    3.0    2.0   0.11358E-01   0.39484E-03
      9      7    3.0    4.0   0.66057E-07   0.22964E-08
      4      3    6.0    4.0   0.10412E-01   0.36195E-03
      4      7    6.0    4.0   0.99986E-07   0.34759E-08
      7      2    4.0    2.0   0.50958E-02   0.17715E-03
      7      3    4.0    4.0   0.50710E-02   0.17629E-03
      7      6    4.0    2.0   0.40338E-01   0.14023E-02
      3      2    4.0    2.0   0.95376E+00   0.33157E-01
      3      6    4.0    2.0   0.89861E-03   0.31240E-04
      6      1    2.0    0.0   0.91193E-01   0.31703E-02
      6      2    2.0    2.0   0.76963E+00   0.26756E-01
      2      1    2.0    0.0   0.28765E+02   0.10000E+01


                                                  CALCULATED YIELDS

     EXPERIMENT  1  DETECTOR  1
     ENERGY     44.000 MEV  THETA 150.000 DEG

     NI     NF     II     IF     YIELD     NORMALIZED YIELD

      5      4    8.0    6.0   0.24066E-04   0.84772E-06
      8      3    5.0    4.0   0.68429E-06   0.24104E-07
      8      4    5.0    6.0   0.21998E-10   0.77491E-12
      8      7    5.0    4.0   0.62977E-08   0.22184E-09
      9      1    3.0    0.0   0.12187E-08   0.42931E-10
      9      2    3.0    2.0   0.26001E-05   0.91592E-07
      9      3    3.0    4.0   0.19512E-06   0.68733E-08
      9      6    3.0    2.0   0.11242E-01   0.39600E-03
      9      7    3.0    4.0   0.65312E-07   0.23007E-08
      4      3    6.0    4.0   0.10400E-01   0.36635E-03
      4      7    6.0    4.0   0.99885E-07   0.35185E-08
      7      2    4.0    2.0   0.50702E-02   0.17860E-03
      7      3    4.0    4.0   0.50536E-02   0.17801E-03
      7      6    4.0    2.0   0.40136E-01   0.14138E-02
      3      2    4.0    2.0   0.95002E+00   0.33465E-01
      3      6    4.0    2.0   0.89519E-03   0.31533E-04
      6      1    2.0    0.0   0.91049E-01   0.32072E-02
      6      2    2.0    2.0   0.77387E+00   0.27260E-01
      2      1    2.0    0.0   0.28388E+02   0.10000E+01


                                                  CALCULATED YIELDS

     EXPERIMENT  1  DETECTOR  1
     ENERGY     44.000 MEV  THETA 152.000 DEG

     NI     NF     II     IF     YIELD     NORMALIZED YIELD

      5      4    8.0    6.0   0.23962E-04   0.85467E-06
      8      3    5.0    4.0   0.60598E-06   0.21614E-07
      8      4    5.0    6.0   0.19481E-10   0.69483E-12
      8      7    5.0    4.0   0.55769E-08   0.19891E-09
      9      1    3.0    0.0   0.12389E-08   0.44190E-10
      9      2    3.0    2.0   0.25754E-05   0.91859E-07
      9      3    3.0    4.0   0.19307E-06   0.68863E-08
      9      6    3.0    2.0   0.11135E-01   0.39715E-03
      9      7    3.0    4.0   0.64625E-07   0.23050E-08
      4      3    6.0    4.0   0.10384E-01   0.37036E-03
      4      7    6.0    4.0   0.99739E-07   0.35574E-08
      7      2    4.0    2.0   0.50443E-02   0.17992E-03
      7      3    4.0    4.0   0.50355E-02   0.17960E-03
      7      6    4.0    2.0   0.39932E-01   0.14243E-02
      3      2    4.0    2.0   0.94632E+00   0.33753E-01
      3      6    4.0    2.0   0.89179E-03   0.31808E-04
      6      1    2.0    0.0   0.90901E-01   0.32422E-02
      6      2    2.0    2.0   0.77784E+00   0.27743E-01
      2      1    2.0    0.0   0.28037E+02   0.10000E+01


                                                  CALCULATED YIELDS

     EXPERIMENT  1  DETECTOR  1
     ENERGY     44.000 MEV  THETA 154.000 DEG

     NI     NF     II     IF     YIELD     NORMALIZED YIELD

      5      4    8.0    6.0   0.23841E-04   0.86037E-06
      8      3    5.0    4.0   0.53051E-06   0.19145E-07
      8      4    5.0    6.0   0.17055E-10   0.61545E-12
      8      7    5.0    4.0   0.48823E-08   0.17619E-09
      9      1    3.0    0.0   0.12594E-08   0.45450E-10
      9      2    3.0    2.0   0.25522E-05   0.92102E-07
      9      3    3.0    4.0   0.19115E-06   0.68979E-08
      9      6    3.0    2.0   0.11035E-01   0.39821E-03
      9      7    3.0    4.0   0.63980E-07   0.23089E-08
      4      3    6.0    4.0   0.10364E-01   0.37400E-03
      4      7    6.0    4.0   0.99556E-07   0.35927E-08
      7      2    4.0    2.0   0.50185E-02   0.18110E-03
      7      3    4.0    4.0   0.50172E-02   0.18106E-03
      7      6    4.0    2.0   0.39728E-01   0.14337E-02
      3      2    4.0    2.0   0.94271E+00   0.34020E-01
      3      6    4.0    2.0   0.88847E-03   0.32062E-04
      6      1    2.0    0.0   0.90752E-01   0.32750E-02
      6      2    2.0    2.0   0.78154E+00   0.28204E-01
      2      1    2.0    0.0   0.27711E+02   0.10000E+01


                                                  CALCULATED YIELDS

     EXPERIMENT  1  DETECTOR  1
     ENERGY     44.000 MEV  THETA 156.000 DEG

     NI     NF     II     IF     YIELD     NORMALIZED YIELD

      5      4    8.0    6.0   0.23707E-04   0.86494E-06
      8      3    5.0    4.0   0.45839E-06   0.16724E-07
      8      4    5.0    6.0   0.14736E-10   0.53763E-12
      8      7    5.0    4.0   0.42186E-08   0.15391E-09
      9      1    3.0    0.0   0.12798E-08   0.46692E-10
      9      2    3.0    2.0   0.25304E-05   0.92317E-07
      9      3    3.0    4.0   0.18934E-06   0.69077E-08
      9      6    3.0    2.0   0.10940E-01   0.39914E-03
      9      7    3.0    4.0   0.63374E-07   0.23121E-08
      4      3    6.0    4.0   0.10341E-01   0.37728E-03
      4      7    6.0    4.0   0.99345E-07   0.36245E-08
      7      2    4.0    2.0   0.49931E-02   0.18217E-03
      7      3    4.0    4.0   0.49990E-02   0.18238E-03
      7      6    4.0    2.0   0.39528E-01   0.14421E-02
      3      2    4.0    2.0   0.93920E+00   0.34266E-01
      3      6    4.0    2.0   0.88525E-03   0.32297E-04
      6      1    2.0    0.0   0.90605E-01   0.33056E-02
      6      2    2.0    2.0   0.78498E+00   0.28639E-01
      2      1    2.0    0.0   0.27409E+02   0.10000E+01


                                                  CALCULATED YIELDS

     EXPERIMENT  1  DETECTOR  1
     ENERGY     44.000 MEV  THETA 158.000 DEG

     NI     NF     II     IF     YIELD     NORMALIZED YIELD

      5      4    8.0    6.0   0.23565E-04   0.86850E-06
      8      3    5.0    4.0   0.39013E-06   0.14379E-07
      8      4    5.0    6.0   0.12541E-10   0.46222E-12
      8      7    5.0    4.0   0.35903E-08   0.13232E-09
      9      1    3.0    0.0   0.12995E-08   0.47894E-10
      9      2    3.0    2.0   0.25095E-05   0.92489E-07
      9      3    3.0    4.0   0.18762E-06   0.69147E-08
      9      6    3.0    2.0   0.10850E-01   0.39988E-03
      9      7    3.0    4.0   0.62798E-07   0.23145E-08
      4      3    6.0    4.0   0.10316E-01   0.38022E-03
      4      7    6.0    4.0   0.99116E-07   0.36530E-08
      7      2    4.0    2.0   0.49685E-02   0.18312E-03
      7      3    4.0    4.0   0.49811E-02   0.18358E-03
      7      6    4.0    2.0   0.39334E-01   0.14497E-02
      3      2    4.0    2.0   0.93585E+00   0.34492E-01
      3      6    4.0    2.0   0.88217E-03   0.32513E-04
      6      1    2.0    0.0   0.90462E-01   0.33340E-02
      6      2    2.0    2.0   0.78814E+00   0.29048E-01
      2      1    2.0    0.0   0.27133E+02   0.10000E+01


                                                  CALCULATED YIELDS

     EXPERIMENT  1  DETECTOR  1
     ENERGY     44.000 MEV  THETA 160.000 DEG

     NI     NF     II     IF     YIELD     NORMALIZED YIELD

      5      4    8.0    6.0   0.23418E-04   0.87118E-06
      8      3    5.0    4.0   0.32618E-06   0.12134E-07
      8      4    5.0    6.0   0.10485E-10   0.39007E-12
      8      7    5.0    4.0   0.30018E-08   0.11167E-09
      9      1    3.0    0.0   0.13188E-08   0.49061E-10
      9      2    3.0    2.0   0.24908E-05   0.92662E-07
      9      3    3.0    4.0   0.18608E-06   0.69222E-08
      9      6    3.0    2.0   0.10769E-01   0.40062E-03
      9      7    3.0    4.0   0.62282E-07   0.23170E-08
      4      3    6.0    4.0   0.10291E-01   0.38283E-03
      4      7    6.0    4.0   0.98877E-07   0.36784E-08
      7      2    4.0    2.0   0.49449E-02   0.18396E-03
      7      3    4.0    4.0   0.49638E-02   0.18466E-03
      7      6    4.0    2.0   0.39147E-01   0.14563E-02
      3      2    4.0    2.0   0.93269E+00   0.34697E-01
      3      6    4.0    2.0   0.87925E-03   0.32709E-04
      6      1    2.0    0.0   0.90324E-01   0.33602E-02
      6      2    2.0    2.0   0.79103E+00   0.29427E-01
      2      1    2.0    0.0   0.26881E+02   0.10000E+01


                                                  CALCULATED YIELDS

     EXPERIMENT  1  DETECTOR  1
     ENERGY     45.000 MEV  THETA 132.000 DEG

     NI     NF     II     IF     YIELD     NORMALIZED YIELD

      5      4    8.0    6.0   0.32441E-04   0.96017E-06
      8      3    5.0    4.0   0.18134E-05   0.53674E-07
      8      4    5.0    6.0   0.58250E-10   0.17241E-11
      8      7    5.0    4.0   0.16692E-07   0.49404E-09
      9      1    3.0    0.0   0.12865E-08   0.38077E-10
      9      2    3.0    2.0   0.33687E-05   0.99706E-07
      9      3    3.0    4.0   0.25567E-06   0.75672E-08
      9      6    3.0    2.0   0.14565E-01   0.43109E-03
      9      7    3.0    4.0   0.85583E-07   0.25331E-08
      4      3    6.0    4.0   0.12691E-01   0.37563E-03
      4      7    6.0    4.0   0.12178E-06   0.36044E-08
      7      2    4.0    2.0   0.62521E-02   0.18505E-03
      7      3    4.0    4.0   0.61387E-02   0.18169E-03
      7      6    4.0    2.0   0.49485E-01   0.14646E-02
      3      2    4.0    2.0   0.11043E+01   0.32686E-01
      3      6    4.0    2.0   0.10395E-02   0.30768E-04
      6      1    2.0    0.0   0.10180E+00   0.30130E-02
      6      2    2.0    2.0   0.80389E+00   0.23793E-01
      2      1    2.0    0.0   0.33786E+02   0.10000E+01


                                                  CALCULATED YIELDS

     EXPERIMENT  1  DETECTOR  1
     ENERGY     45.000 MEV  THETA 134.000 DEG

     NI     NF     II     IF     YIELD     NORMALIZED YIELD

      5      4    8.0    6.0   0.32829E-04   0.98934E-06
      8      3    5.0    4.0   0.17153E-05   0.51693E-07
      8      4    5.0    6.0   0.55107E-10   0.16607E-11
      8      7    5.0    4.0   0.15788E-07   0.47580E-09
      9      1    3.0    0.0   0.12912E-08   0.38910E-10
      9      2    3.0    2.0   0.33263E-05   0.10024E-06
      9      3    3.0    4.0   0.25209E-06   0.75971E-08
      9      6    3.0    2.0   0.14381E-01   0.43340E-03
      9      7    3.0    4.0   0.84385E-07   0.25430E-08
      4      3    6.0    4.0   0.12780E-01   0.38514E-03
      4      7    6.0    4.0   0.12265E-06   0.36961E-08
      7      2    4.0    2.0   0.62449E-02   0.18820E-03
      7      3    4.0    4.0   0.61419E-02   0.18509E-03
      7      6    4.0    2.0   0.49429E-01   0.14896E-02
      3      2    4.0    2.0   0.11021E+01   0.33212E-01
      3      6    4.0    2.0   0.10375E-02   0.31267E-04
      6      1    2.0    0.0   0.10182E+00   0.30684E-02
      6      2    2.0    2.0   0.81103E+00   0.24441E-01
      2      1    2.0    0.0   0.33183E+02   0.10000E+01


                                                  CALCULATED YIELDS

     EXPERIMENT  1  DETECTOR  1
     ENERGY     45.000 MEV  THETA 136.000 DEG

     NI     NF     II     IF     YIELD     NORMALIZED YIELD

      5      4    8.0    6.0   0.33146E-04   0.10165E-05
      8      3    5.0    4.0   0.16138E-05   0.49492E-07
      8      4    5.0    6.0   0.51852E-10   0.15902E-11
      8      7    5.0    4.0   0.14854E-07   0.45553E-09
      9      1    3.0    0.0   0.12996E-08   0.39856E-10
      9      2    3.0    2.0   0.32862E-05   0.10078E-06
      9      3    3.0    4.0   0.24871E-06   0.76273E-08
      9      6    3.0    2.0   0.14208E-01   0.43572E-03
      9      7    3.0    4.0   0.83252E-07   0.25531E-08
      4      3    6.0    4.0   0.12854E-01   0.39420E-03
      4      7    6.0    4.0   0.12336E-06   0.37833E-08
      7      2    4.0    2.0   0.62338E-02   0.19118E-03
      7      3    4.0    4.0   0.61414E-02   0.18834E-03
      7      6    4.0    2.0   0.49342E-01   0.15132E-02
      3      2    4.0    2.0   0.10994E+01   0.33716E-01
      3      6    4.0    2.0   0.10351E-02   0.31745E-04
      6      1    2.0    0.0   0.10181E+00   0.31224E-02
      6      2    2.0    2.0   0.81790E+00   0.25083E-01
      2      1    2.0    0.0   0.32607E+02   0.10000E+01


                                                  CALCULATED YIELDS

     EXPERIMENT  1  DETECTOR  1
     ENERGY     45.000 MEV  THETA 138.000 DEG

     NI     NF     II     IF     YIELD     NORMALIZED YIELD

      5      4    8.0    6.0   0.33395E-04   0.10417E-05
      8      3    5.0    4.0   0.15097E-05   0.47090E-07
      8      4    5.0    6.0   0.48512E-10   0.15132E-11
      8      7    5.0    4.0   0.13895E-07   0.43341E-09
      9      1    3.0    0.0   0.13112E-08   0.40898E-10
      9      2    3.0    2.0   0.32472E-05   0.10129E-06
      9      3    3.0    4.0   0.24543E-06   0.76554E-08
      9      6    3.0    2.0   0.14039E-01   0.43791E-03
      9      7    3.0    4.0   0.82154E-07   0.25625E-08
      4      3    6.0    4.0   0.12913E-01   0.40277E-03
      4      7    6.0    4.0   0.12394E-06   0.38660E-08
      7      2    4.0    2.0   0.62193E-02   0.19399E-03
      7      3    4.0    4.0   0.61375E-02   0.19144E-03
      7      6    4.0    2.0   0.49228E-01   0.15355E-02
      3      2    4.0    2.0   0.10964E+01   0.34198E-01
      3      6    4.0    2.0   0.10324E-02   0.32202E-04
      6      1    2.0    0.0   0.10178E+00   0.31746E-02
      6      2    2.0    2.0   0.82450E+00   0.25718E-01
      2      1    2.0    0.0   0.32060E+02   0.10000E+01


                                                  CALCULATED YIELDS

     EXPERIMENT  1  DETECTOR  1
     ENERGY     45.000 MEV  THETA 140.000 DEG

     NI     NF     II     IF     YIELD     NORMALIZED YIELD

      5      4    8.0    6.0   0.33580E-04   0.10647E-05
      8      3    5.0    4.0   0.14038E-05   0.44508E-07
      8      4    5.0    6.0   0.45112E-10   0.14303E-11
      8      7    5.0    4.0   0.12920E-07   0.40965E-09
      9      1    3.0    0.0   0.13254E-08   0.42024E-10
      9      2    3.0    2.0   0.32091E-05   0.10175E-06
      9      3    3.0    4.0   0.24223E-06   0.76802E-08
      9      6    3.0    2.0   0.13875E-01   0.43991E-03
      9      7    3.0    4.0   0.81083E-07   0.25708E-08
      4      3    6.0    4.0   0.12958E-01   0.41085E-03
      4      7    6.0    4.0   0.12439E-06   0.39440E-08
      7      2    4.0    2.0   0.62018E-02   0.19663E-03
      7      3    4.0    4.0   0.61306E-02   0.19438E-03
      7      6    4.0    2.0   0.49090E-01   0.15564E-02
      3      2    4.0    2.0   0.10931E+01   0.34657E-01
      3      6    4.0    2.0   0.10294E-02   0.32639E-04
      6      1    2.0    0.0   0.10172E+00   0.32252E-02
      6      2    2.0    2.0   0.83083E+00   0.26342E-01
      2      1    2.0    0.0   0.31540E+02   0.10000E+01


                                                  CALCULATED YIELDS

     EXPERIMENT  1  DETECTOR  1
     ENERGY     45.000 MEV  THETA 142.000 DEG

     NI     NF     II     IF     YIELD     NORMALIZED YIELD

      5      4    8.0    6.0   0.33705E-04   0.10856E-05
      8      3    5.0    4.0   0.12969E-05   0.41772E-07
      8      4    5.0    6.0   0.41680E-10   0.13425E-11
      8      7    5.0    4.0   0.11936E-07   0.38446E-09
      9      1    3.0    0.0   0.13419E-08   0.43223E-10
      9      2    3.0    2.0   0.31718E-05   0.10216E-06
      9      3    3.0    4.0   0.23911E-06   0.77016E-08
      9      6    3.0    2.0   0.13713E-01   0.44170E-03
      9      7    3.0    4.0   0.80038E-07   0.25780E-08
      4      3    6.0    4.0   0.12992E-01   0.41845E-03
      4      7    6.0    4.0   0.12472E-06   0.40173E-08
      7      2    4.0    2.0   0.61816E-02   0.19910E-03
      7      3    4.0    4.0   0.61209E-02   0.19715E-03
      7      6    4.0    2.0   0.48931E-01   0.15760E-02
      3      2    4.0    2.0   0.10896E+01   0.35094E-01
      3      6    4.0    2.0   0.10262E-02   0.33053E-04
      6      1    2.0    0.0   0.10164E+00   0.32739E-02
      6      2    2.0    2.0   0.83687E+00   0.26955E-01
      2      1    2.0    0.0   0.31047E+02   0.10000E+01


                                                  CALCULATED YIELDS

     EXPERIMENT  1  DETECTOR  1
     ENERGY     45.000 MEV  THETA 144.000 DEG

     NI     NF     II     IF     YIELD     NORMALIZED YIELD

      5      4    8.0    6.0   0.33774E-04   0.11044E-05
      8      3    5.0    4.0   0.11898E-05   0.38907E-07
      8      4    5.0    6.0   0.38241E-10   0.12505E-11
      8      7    5.0    4.0   0.10951E-07   0.35809E-09
      9      1    3.0    0.0   0.13608E-08   0.44499E-10
      9      2    3.0    2.0   0.31367E-05   0.10257E-06
      9      3    3.0    4.0   0.23618E-06   0.77229E-08
      9      6    3.0    2.0   0.13561E-01   0.44346E-03
      9      7    3.0    4.0   0.79054E-07   0.25851E-08
      4      3    6.0    4.0   0.13014E-01   0.42554E-03
      4      7    6.0    4.0   0.12495E-06   0.40858E-08
      7      2    4.0    2.0   0.61592E-02   0.20140E-03
      7      3    4.0    4.0   0.61089E-02   0.19976E-03
      7      6    4.0    2.0   0.48754E-01   0.15942E-02
      3      2    4.0    2.0   0.10859E+01   0.35507E-01
      3      6    4.0    2.0   0.10228E-02   0.33447E-04
      6      1    2.0    0.0   0.10155E+00   0.33206E-02
      6      2    2.0    2.0   0.84262E+00   0.27553E-01
      2      1    2.0    0.0   0.30581E+02   0.10000E+01


                                                  CALCULATED YIELDS

     EXPERIMENT  1  DETECTOR  1
     ENERGY     45.000 MEV  THETA 146.000 DEG

     NI     NF     II     IF     YIELD     NORMALIZED YIELD

      5      4    8.0    6.0   0.33793E-04   0.11211E-05
      8      3    5.0    4.0   0.10834E-05   0.35942E-07
      8      4    5.0    6.0   0.34820E-10   0.11552E-11
      8      7    5.0    4.0   0.99708E-08   0.33079E-09
      9      1    3.0    0.0   0.13821E-08   0.45851E-10
      9      2    3.0    2.0   0.31044E-05   0.10299E-06
      9      3    3.0    4.0   0.23347E-06   0.77457E-08
      9      6    3.0    2.0   0.13422E-01   0.44529E-03
      9      7    3.0    4.0   0.78149E-07   0.25927E-08
      4      3    6.0    4.0   0.13026E-01   0.43214E-03
      4      7    6.0    4.0   0.12508E-06   0.41496E-08
      7      2    4.0    2.0   0.61350E-02   0.20353E-03
      7      3    4.0    4.0   0.60950E-02   0.20221E-03
      7      6    4.0    2.0   0.48563E-01   0.16111E-02
      3      2    4.0    2.0   0.10820E+01   0.35898E-01
      3      6    4.0    2.0   0.10194E-02   0.33819E-04
      6      1    2.0    0.0   0.10144E+00   0.33654E-02
      6      2    2.0    2.0   0.84807E+00   0.28136E-01
      2      1    2.0    0.0   0.30142E+02   0.10000E+01


                                                  CALCULATED YIELDS

     EXPERIMENT  1  DETECTOR  1
     ENERGY     45.000 MEV  THETA 148.000 DEG

     NI     NF     II     IF     YIELD     NORMALIZED YIELD

      5      4    8.0    6.0   0.33767E-04   0.11358E-05
      8      3    5.0    4.0   0.97830E-06   0.32906E-07
      8      4    5.0    6.0   0.31444E-10   0.10577E-11
      8      7    5.0    4.0   0.90037E-08   0.30285E-09
      9      1    3.0    0.0   0.14044E-08   0.47241E-10
      9      2    3.0    2.0   0.30730E-05   0.10337E-06
      9      3    3.0    4.0   0.23085E-06   0.77650E-08
      9      6    3.0    2.0   0.13286E-01   0.44690E-03
      9      7    3.0    4.0   0.77271E-07   0.25991E-08
      4      3    6.0    4.0   0.13029E-01   0.43826E-03
      4      7    6.0    4.0   0.12512E-06   0.42087E-08
      7      2    4.0    2.0   0.61094E-02   0.20550E-03
      7      3    4.0    4.0   0.60795E-02   0.20449E-03
      7      6    4.0    2.0   0.48361E-01   0.16267E-02
      3      2    4.0    2.0   0.10782E+01   0.36266E-01
      3      6    4.0    2.0   0.10158E-02   0.34169E-04
      6      1    2.0    0.0   0.10132E+00   0.34081E-02
      6      2    2.0    2.0   0.85323E+00   0.28700E-01
      2      1    2.0    0.0   0.29730E+02   0.10000E+01


                                                  CALCULATED YIELDS

     EXPERIMENT  1  DETECTOR  1
     ENERGY     45.000 MEV  THETA 150.000 DEG

     NI     NF     II     IF     YIELD     NORMALIZED YIELD

      5      4    8.0    6.0   0.33703E-04   0.11486E-05
      8      3    5.0    4.0   0.87537E-06   0.29832E-07
      8      4    5.0    6.0   0.28136E-10   0.95886E-12
      8      7    5.0    4.0   0.80563E-08   0.27455E-09
      9      1    3.0    0.0   0.14282E-08   0.48672E-10
      9      2    3.0    2.0   0.30440E-05   0.10374E-06
      9      3    3.0    4.0   0.22842E-06   0.77845E-08
      9      6    3.0    2.0   0.13161E-01   0.44851E-03
      9      7    3.0    4.0   0.76459E-07   0.26057E-08
      4      3    6.0    4.0   0.13025E-01   0.44389E-03
      4      7    6.0    4.0   0.12510E-06   0.42632E-08
      7      2    4.0    2.0   0.60828E-02   0.20730E-03
      7      3    4.0    4.0   0.60627E-02   0.20661E-03
      7      6    4.0    2.0   0.48152E-01   0.16410E-02
      3      2    4.0    2.0   0.10743E+01   0.36610E-01
      3      6    4.0    2.0   0.10123E-02   0.34497E-04
      6      1    2.0    0.0   0.10120E+00   0.34486E-02
      6      2    2.0    2.0   0.85809E+00   0.29243E-01
      2      1    2.0    0.0   0.29343E+02   0.10000E+01


                                                  CALCULATED YIELDS

     EXPERIMENT  1  DETECTOR  1
     ENERGY     45.000 MEV  THETA 152.000 DEG

     NI     NF     II     IF     YIELD     NORMALIZED YIELD

      5      4    8.0    6.0   0.33607E-04   0.11595E-05
      8      3    5.0    4.0   0.77533E-06   0.26751E-07
      8      4    5.0    6.0   0.24921E-10   0.85983E-12
      8      7    5.0    4.0   0.71355E-08   0.24619E-09
      9      1    3.0    0.0   0.14525E-08   0.50116E-10
      9      2    3.0    2.0   0.30163E-05   0.10407E-06
      9      3    3.0    4.0   0.22612E-06   0.78017E-08
      9      6    3.0    2.0   0.13041E-01   0.44996E-03
      9      7    3.0    4.0   0.75686E-07   0.26114E-08
      4      3    6.0    4.0   0.13015E-01   0.44905E-03
      4      7    6.0    4.0   0.12501E-06   0.43131E-08
      7      2    4.0    2.0   0.60557E-02   0.20894E-03
      7      3    4.0    4.0   0.60450E-02   0.20857E-03
      7      6    4.0    2.0   0.47939E-01   0.16540E-02
      3      2    4.0    2.0   0.10704E+01   0.36932E-01
      3      6    4.0    2.0   0.10087E-02   0.34803E-04
      6      1    2.0    0.0   0.10106E+00   0.34869E-02
      6      2    2.0    2.0   0.86265E+00   0.29764E-01
      2      1    2.0    0.0   0.28983E+02   0.10000E+01


                                                  CALCULATED YIELDS

     EXPERIMENT  1  DETECTOR  1
     ENERGY     45.000 MEV  THETA 154.000 DEG

     NI     NF     II     IF     YIELD     NORMALIZED YIELD

      5      4    8.0    6.0   0.33483E-04   0.11688E-05
      8      3    5.0    4.0   0.67887E-06   0.23696E-07
      8      4    5.0    6.0   0.21820E-10   0.76164E-12
      8      7    5.0    4.0   0.62477E-08   0.21808E-09
      9      1    3.0    0.0   0.14767E-08   0.51546E-10
      9      2    3.0    2.0   0.29896E-05   0.10435E-06
      9      3    3.0    4.0   0.22390E-06   0.78152E-08
      9      6    3.0    2.0   0.12926E-01   0.45117E-03
      9      7    3.0    4.0   0.74942E-07   0.26159E-08
      4      3    6.0    4.0   0.12999E-01   0.45375E-03
      4      7    6.0    4.0   0.12487E-06   0.43587E-08
      7      2    4.0    2.0   0.60285E-02   0.21043E-03
      7      3    4.0    4.0   0.60268E-02   0.21037E-03
      7      6    4.0    2.0   0.47724E-01   0.16658E-02
      3      2    4.0    2.0   0.10666E+01   0.37231E-01
      3      6    4.0    2.0   0.10052E-02   0.35088E-04
      6      1    2.0    0.0   0.10093E+00   0.35229E-02
      6      2    2.0    2.0   0.86690E+00   0.30259E-01
      2      1    2.0    0.0   0.28649E+02   0.10000E+01


                                                  CALCULATED YIELDS

     EXPERIMENT  1  DETECTOR  1
     ENERGY     45.000 MEV  THETA 156.000 DEG

     NI     NF     II     IF     YIELD     NORMALIZED YIELD

      5      4    8.0    6.0   0.33340E-04   0.11764E-05
      8      3    5.0    4.0   0.58667E-06   0.20701E-07
      8      4    5.0    6.0   0.18856E-10   0.66536E-12
      8      7    5.0    4.0   0.53992E-08   0.19051E-09
      9      1    3.0    0.0   0.15010E-08   0.52963E-10
      9      2    3.0    2.0   0.29649E-05   0.10462E-06
      9      3    3.0    4.0   0.22185E-06   0.78281E-08
      9      6    3.0    2.0   0.12819E-01   0.45233E-03
      9      7    3.0    4.0   0.74256E-07   0.26202E-08
      4      3    6.0    4.0   0.12980E-01   0.45800E-03
      4      7    6.0    4.0   0.12469E-06   0.43999E-08
      7      2    4.0    2.0   0.60016E-02   0.21177E-03
      7      3    4.0    4.0   0.60085E-02   0.21201E-03
      7      6    4.0    2.0   0.47511E-01   0.16765E-02
      3      2    4.0    2.0   0.10629E+01   0.37506E-01
      3      6    4.0    2.0   0.10019E-02   0.35351E-04
      6      1    2.0    0.0   0.10079E+00   0.35565E-02
      6      2    2.0    2.0   0.87084E+00   0.30728E-01
      2      1    2.0    0.0   0.28340E+02   0.10000E+01


                                                  CALCULATED YIELDS

     EXPERIMENT  1  DETECTOR  1
     ENERGY     45.000 MEV  THETA 158.000 DEG

     NI     NF     II     IF     YIELD     NORMALIZED YIELD

      5      4    8.0    6.0   0.33182E-04   0.11827E-05
      8      3    5.0    4.0   0.49937E-06   0.17799E-07
      8      4    5.0    6.0   0.16050E-10   0.57206E-12
      8      7    5.0    4.0   0.45957E-08   0.16380E-09
      9      1    3.0    0.0   0.15248E-08   0.54347E-10
      9      2    3.0    2.0   0.29421E-05   0.10486E-06
      9      3    3.0    4.0   0.21996E-06   0.78397E-08
      9      6    3.0    2.0   0.12720E-01   0.45338E-03
      9      7    3.0    4.0   0.73623E-07   0.26241E-08
      4      3    6.0    4.0   0.12957E-01   0.46183E-03
      4      7    6.0    4.0   0.12449E-06   0.44370E-08
      7      2    4.0    2.0   0.59752E-02   0.21297E-03
      7      3    4.0    4.0   0.59902E-02   0.21350E-03
      7      6    4.0    2.0   0.47303E-01   0.16860E-02
      3      2    4.0    2.0   0.10594E+01   0.37759E-01
      3      6    4.0    2.0   0.99861E-03   0.35593E-04
      6      1    2.0    0.0   0.10066E+00   0.35877E-02
      6      2    2.0    2.0   0.87447E+00   0.31168E-01
      2      1    2.0    0.0   0.28057E+02   0.10000E+01


                                                  CALCULATED YIELDS

     EXPERIMENT  1  DETECTOR  1
     ENERGY     45.000 MEV  THETA 160.000 DEG

     NI     NF     II     IF     YIELD     NORMALIZED YIELD

      5      4    8.0    6.0   0.33015E-04   0.11877E-05
      8      3    5.0    4.0   0.41757E-06   0.15021E-07
      8      4    5.0    6.0   0.13421E-10   0.48278E-12
      8      7    5.0    4.0   0.38428E-08   0.13824E-09
      9      1    3.0    0.0   0.15481E-08   0.55689E-10
      9      2    3.0    2.0   0.29218E-05   0.10510E-06
      9      3    3.0    4.0   0.21826E-06   0.78516E-08
      9      6    3.0    2.0   0.12632E-01   0.45442E-03
      9      7    3.0    4.0   0.73056E-07   0.26280E-08
      4      3    6.0    4.0   0.12933E-01   0.46524E-03
      4      7    6.0    4.0   0.12427E-06   0.44702E-08
      7      2    4.0    2.0   0.59499E-02   0.21403E-03
      7      3    4.0    4.0   0.59724E-02   0.21485E-03
      7      6    4.0    2.0   0.47103E-01   0.16945E-02
      3      2    4.0    2.0   0.10561E+01   0.37989E-01
      3      6    4.0    2.0   0.99554E-03   0.35812E-04
      6      1    2.0    0.0   0.10053E+00   0.36163E-02
      6      2    2.0    2.0   0.87779E+00   0.31577E-01
      2      1    2.0    0.0   0.27799E+02   0.10000E+01





     INTEGRATED RUTHERFORD CROSS SECTION=.8559E+03  FOR EXP. 1





                                                  INTEGRATED YIELDS

     EXPERIMENT  1  DETECTOR  1
     ENERGY RANGE   42.000---  45.000 MEV   SCATTERING ANGLE RANGE 132.000---160.000 DEG

     NI     NF     II     IF     YIELD     NORMALIZED YIELD

      5      4    8.0    6.0   0.15484E-04   0.71823E-06
      8      3    5.0    4.0   0.61290E-06   0.28429E-07
      8      4    5.0    6.0   0.19700E-10   0.91380E-12
      8      7    5.0    4.0   0.56410E-08   0.26166E-09
      9      1    3.0    0.0   0.80653E-09   0.37411E-10
      9      2    3.0    2.0   0.18443E-05   0.85545E-07
      9      3    3.0    4.0   0.13892E-06   0.64440E-08
      9      6    3.0    2.0   0.79737E-02   0.36986E-03
      9      7    3.0    4.0   0.46502E-07   0.21570E-08
      4      3    6.0    4.0   0.69271E-02   0.32131E-03
      4      7    6.0    4.0   0.66511E-07   0.30851E-08
      7      2    4.0    2.0   0.34870E-02   0.16175E-03
      7      3    4.0    4.0   0.34587E-02   0.16043E-03
      7      6    4.0    2.0   0.27602E-01   0.12803E-02
      3      2    4.0    2.0   0.66773E+00   0.30973E-01
      3      6    4.0    2.0   0.62899E-03   0.29176E-04
      6      1    2.0    0.0   0.64077E-01   0.29722E-02
      6      2    2.0    2.0   0.53282E+00   0.24715E-01
      2      1    2.0    0.0   0.21559E+02   0.10000E+01


                                                  CALCULATED YIELDS

     EXPERIMENT  1  DETECTOR  1
     ENERGY     43.750 MEV  THETA 135.400 DEG

     NI     NF     II     IF     YIELD     NORMALIZED YIELD

      5      4    8.0    6.0   0.15414E-04   0.69749E-06
      8      3    5.0    4.0   0.84906E-06   0.38421E-07
      8      4    5.0    6.0   0.27286E-10   0.12347E-11
      8      7    5.0    4.0   0.78149E-08   0.35364E-09
      9      1    3.0    0.0   0.75115E-09   0.33991E-10
      9      2    3.0    2.0   0.19102E-05   0.86439E-07
      9      3    3.0    4.0   0.14463E-06   0.65448E-08
      9      6    3.0    2.0   0.82588E-02   0.37372E-03
      9      7    3.0    4.0   0.48414E-07   0.21908E-08
      4      3    6.0    4.0   0.68447E-02   0.30973E-03
      4      7    6.0    4.0   0.65691E-07   0.29726E-08
      7      2    4.0    2.0   0.35091E-02   0.15879E-03
      7      3    4.0    4.0   0.34556E-02   0.15637E-03
      7      6    4.0    2.0   0.27775E-01   0.12569E-02
      3      2    4.0    2.0   0.66401E+00   0.30047E-01
      3      6    4.0    2.0   0.62518E-03   0.28290E-04
      6      1    2.0    0.0   0.62829E-01   0.28431E-02
      6      2    2.0    2.0   0.50429E+00   0.22820E-01
      2      1    2.0    0.0   0.22099E+02   0.10000E+01



          EXPERIMENT  1        DETECTOR  1

         NI     NF     YEXP        YCOR        COR.F

        9        2   .130E+05    .132E+05    .101E+01
        9        3   .311E+04    .316E+04    .102E+01
        9        6   .172E+04    .174E+04    .101E+01
        4        3   .166E+04    .160E+04    .964E+00
        7        6   .625E+04    .614E+04    .982E+00
        3        2   .149E+06    .145E+06    .970E+00
        6        1   .143E+05    .136E+05    .957E+00
        6        2   .118E+06    .109E+06    .923E+00
        2        1   .484E+07    .484E+07    .100E+01
               ********* END OF EXECUTION **********
