1
 *****************************************************************************************************************************
 *****************************************************************************************************************************
 **************************************************                         **************************************************
 **************************************************          GOSIA          **************************************************
 **************************************************                         **************************************************
 *****************************************************************************************************************************
 *****************************************************************************************************************************





                    ROCHESTER COULOMB EXCITATION DATA ANALYSIS CODE BY T.CZOSNYKA,D.CLINE AND C.Y.WU
                                                  VERSION: 20110524.5






          14C beam on 194Pt target                                                        
          ----------------------------------------------------------------------------------------------------

                                        LEVELS

     INDEX     PARITY         SPIN           ENERGY(MEV)
       1           +           0.0            0.0000
       2           +           2.0            0.3280
       3           +           4.0            0.8110
       4           +           6.0            1.4118
       5           +           8.0            2.0995
       6           +           2.0            0.6220
       7           +           4.0            1.2295
       8           +           5.0            1.4987
       9           -           5.0            1.3730
      10           -           6.0            1.7830
      11           -           3.0            1.4320

                                        MATRIX ELEMENTS


     MULTIPOLARITY=1
    INDEX   NF     NS          ME               LIMITS
       1      2     11        0.00030       -1.00000        1.00000
       2      3      9        0.10000       -1.00000        1.00000
       3      3     11        0.00044       -1.00000        1.00000
       4      6      9        0.00014       -1.00000        1.00000
       5      6     11        0.10000       -1.00000        1.00000
       6      7      9        0.10000       -1.00000        1.00000
       7      7     11        0.00152       -1.00000        1.00000
       8      9     10        0.10000       -1.00000        1.00000
     MULTIPOLARITY=2
    INDEX   NF     NS          ME               LIMITS
       9      1      2        1.28108       -2.00000        2.00000
      10      1      6        0.09835       -1.00000        1.00000
      11      2      2        0.10000       -1.00000        1.00000
      12      2      3        2.25913       -2.00000        2.00000
      13      2      6        1.72302       -2.00000        2.00000
      14      2      7        0.14702       -1.00000        1.00000
      15      3      3        0.10000        1.00000       -1.00000
      16      3      4        2.41057       -3.00000        3.00000
      17      3      7        0.91684       -1.50000        1.50000
      18      4      4        0.10000       -1.00000        1.00000
      19      4      5        0.10000       -1.00000        1.00000
      20      6      6        0.10000       -1.00000        1.00000
      21      6      7        1.12290       -2.00000        2.00000
      22      7      7        0.10000       -1.00000        1.00000
      23      9     10        0.10000       -1.00000        1.00000
      24      9     11        0.10000       -1.00000        1.00000
     MULTIPOLARITY=3
    INDEX   NF     NS          ME               LIMITS
      25      1     11        0.29867       -1.00000        1.00000
     MULTIPOLARITY=7
    INDEX   NF     NS          ME               LIMITS
      26      2      6        0.02992       -1.00000        1.00000
      27      3      7        0.13314       -1.00000        1.00000


                                        EXCITATION AMPLITUDES

          M=  0.0     EXPERIMENT  1

     LEVEL  SPIN  M     REAL AMPLITUDE  IMAGINARY AMPLITUDE


        1    0.0    0.0    0.932293E+00    0.335909E-01
        2    2.0   -2.0    0.536947E-04    0.392966E-02
        2    2.0   -1.0   -0.153081E-02    0.305102E-01
        2    2.0    0.0    0.146643E-01   -0.348618E+00
        2    2.0    1.0   -0.153081E-02    0.305102E-01
        2    2.0    2.0    0.536947E-04    0.392966E-02
        3    4.0   -3.0   -0.109670E-03   -0.185004E-05
        3    4.0   -2.0    0.801835E-04   -0.150934E-03
        3    4.0   -1.0    0.101228E-01    0.174384E-02
        3    4.0    0.0   -0.538237E-01   -0.667009E-02
        3    4.0    1.0    0.101228E-01    0.174384E-02
        3    4.0    2.0    0.801835E-04   -0.150934E-03
        3    4.0    3.0   -0.109670E-03   -0.185004E-05
        4    6.0   -3.0    0.215551E-05    0.102673E-04
        4    6.0   -2.0   -0.578606E-04    0.841888E-04
        4    6.0   -1.0    0.403483E-03   -0.120044E-02
        4    6.0    0.0   -0.110184E-02    0.407391E-02
        4    6.0    1.0    0.403483E-03   -0.120044E-02
        4    6.0    2.0   -0.578606E-04    0.841888E-04
        4    6.0    3.0    0.215551E-05    0.102673E-04
        5    8.0   -3.0    0.210646E-08   -0.278820E-07
        5    8.0   -2.0    0.389958E-06    0.321307E-06
        5    8.0   -1.0   -0.283621E-05   -0.158747E-05
        5    8.0    0.0    0.719635E-05    0.344529E-05
        5    8.0    1.0   -0.283621E-05   -0.158747E-05
        5    8.0    2.0    0.389958E-06    0.321307E-06
        5    8.0    3.0    0.210646E-08   -0.278820E-07
        6    2.0   -2.0    0.153222E-02    0.813132E-04
        6    2.0   -1.0   -0.420228E-02    0.295047E-02
        6    2.0    0.0    0.465622E-01   -0.206940E-01
        6    2.0    1.0   -0.420228E-02    0.295047E-02
        6    2.0    2.0    0.153222E-02    0.813132E-04
        7    4.0   -3.0   -0.979084E-05    0.123583E-04
        7    4.0   -2.0   -0.151871E-04   -0.134996E-03
        7    4.0   -1.0    0.774269E-03    0.987349E-03
        7    4.0    0.0   -0.307122E-02   -0.437817E-02
        7    4.0    1.0    0.774269E-03    0.987349E-03
        7    4.0    2.0   -0.151871E-04   -0.134996E-03
        7    4.0    3.0   -0.979084E-05    0.123583E-04
        8    5.0   -3.0    0.000000E+00    0.000000E+00
        8    5.0   -2.0    0.000000E+00    0.000000E+00
        8    5.0   -1.0    0.000000E+00    0.000000E+00
        8    5.0    0.0   -0.000000E+00    0.000000E+00
        8    5.0    1.0   -0.000000E+00    0.000000E+00
        8    5.0    2.0   -0.000000E+00    0.000000E+00
        8    5.0    3.0   -0.000000E+00    0.000000E+00
        9    5.0   -3.0    0.585524E-06    0.161716E-05
        9    5.0   -2.0   -0.158796E-04    0.964227E-05
        9    5.0   -1.0    0.142293E-03   -0.166646E-03
        9    5.0    0.0   -0.451357E-03    0.617406E-03
        9    5.0    1.0    0.142293E-03   -0.166646E-03
        9    5.0    2.0   -0.158796E-04    0.964227E-05
        9    5.0    3.0    0.585524E-06    0.161716E-05
       10    6.0   -3.0   -0.161315E-08   -0.118601E-07
       10    6.0   -2.0    0.188343E-06    0.188891E-06
       10    6.0   -1.0   -0.139977E-05   -0.144172E-05
       10    6.0    0.0   -0.423514E-08   -0.349670E-08
       10    6.0    1.0    0.139977E-05    0.144172E-05
       10    6.0    2.0   -0.188343E-06   -0.188891E-06
       10    6.0    3.0    0.161315E-08    0.118601E-07
       11    3.0   -3.0   -0.107989E-05   -0.164870E-04
       11    3.0   -2.0    0.164773E-04   -0.165729E-03
       11    3.0   -1.0    0.353905E-05    0.343426E-02
       11    3.0    0.0   -0.191129E-03   -0.131228E-01
       11    3.0    1.0    0.353905E-05    0.343426E-02
       11    3.0    2.0    0.164773E-04   -0.165729E-03
       11    3.0    3.0   -0.107989E-05   -0.164870E-04

     SUM OF PROBABILITIES=  0.100000E+01
  LEVEL  1          POPULATION   0.870298E+00
  LEVEL  2          POPULATION   0.123647E+00
  LEVEL  3          POPULATION   0.315258E-02
  LEVEL  4          POPULATION   0.210396E-04
  LEVEL  5          POPULATION   0.852980E-10
  LEVEL  6          POPULATION   0.265372E-02
  LEVEL  7          POPULATION   0.317869E-04
  LEVEL  8          POPULATION   0.000000E+00
  LEVEL  9          POPULATION   0.681646E-06
  LEVEL 10          POPULATION   0.821841E-11
  LEVEL 11          POPULATION   0.195889E-03


                                        EXCITATION AMPLITUDES

          M=  0.0     EXPERIMENT  2

     LEVEL  SPIN  M     REAL AMPLITUDE  IMAGINARY AMPLITUDE


        1    0.0    0.0    0.927956E+00    0.362335E-01
        2    2.0   -2.0    0.382424E-04    0.289935E-02
        2    2.0   -1.0   -0.143727E-02    0.265071E-01
        2    2.0    0.0    0.160721E-01   -0.359425E+00
        2    2.0    1.0   -0.143727E-02    0.265071E-01
        2    2.0    2.0    0.382424E-04    0.289935E-02
        3    4.0   -3.0   -0.708055E-04   -0.132821E-05
        3    4.0   -2.0    0.650768E-04   -0.116138E-03
        3    4.0   -1.0    0.912537E-02    0.158363E-02
        3    4.0    0.0   -0.571338E-01   -0.711337E-02
        3    4.0    1.0    0.912537E-02    0.158363E-02
        3    4.0    2.0    0.650768E-04   -0.116138E-03
        3    4.0    3.0   -0.708055E-04   -0.132821E-05
        4    6.0   -3.0    0.141859E-05    0.691352E-05
        4    6.0   -2.0   -0.455266E-04    0.662509E-04
        4    6.0   -1.0    0.373353E-03   -0.111737E-02
        4    6.0    0.0   -0.118409E-02    0.442051E-02
        4    6.0    1.0    0.373353E-03   -0.111737E-02
        4    6.0    2.0   -0.455266E-04    0.662509E-04
        4    6.0    3.0    0.141859E-05    0.691352E-05
        5    8.0   -3.0    0.155061E-08   -0.190920E-07
        5    8.0   -2.0    0.317544E-06    0.260190E-06
        5    8.0   -1.0   -0.271443E-05   -0.150385E-05
        5    8.0    0.0    0.793096E-05    0.373038E-05
        5    8.0    1.0   -0.271443E-05   -0.150385E-05
        5    8.0    2.0    0.317544E-06    0.260190E-06
        5    8.0    3.0    0.155061E-08   -0.190920E-07
        6    2.0   -2.0    0.116831E-02    0.625823E-04
        6    2.0   -1.0   -0.376140E-02    0.255983E-02
        6    2.0    0.0    0.498205E-01   -0.212365E-01
        6    2.0    1.0   -0.376140E-02    0.255983E-02
        6    2.0    2.0    0.116831E-02    0.625823E-04
        7    4.0   -3.0   -0.643407E-05    0.820019E-05
        7    4.0   -2.0   -0.105819E-04   -0.105246E-03
        7    4.0   -1.0    0.693725E-03    0.909490E-03
        7    4.0    0.0   -0.320832E-02   -0.477454E-02
        7    4.0    1.0    0.693725E-03    0.909490E-03
        7    4.0    2.0   -0.105819E-04   -0.105246E-03
        7    4.0    3.0   -0.643407E-05    0.820019E-05
        8    5.0   -3.0    0.000000E+00    0.000000E+00
        8    5.0   -2.0    0.000000E+00    0.000000E+00
        8    5.0   -1.0    0.000000E+00    0.000000E+00
        8    5.0    0.0   -0.000000E+00    0.000000E+00
        8    5.0    1.0   -0.000000E+00    0.000000E+00
        8    5.0    2.0   -0.000000E+00    0.000000E+00
        8    5.0    3.0   -0.000000E+00    0.000000E+00
        9    5.0   -3.0    0.386198E-06    0.106409E-05
        9    5.0   -2.0   -0.124235E-04    0.748035E-05
        9    5.0   -1.0    0.130939E-03   -0.152779E-03
        9    5.0    0.0   -0.483047E-03    0.661070E-03
        9    5.0    1.0    0.130939E-03   -0.152779E-03
        9    5.0    2.0   -0.124235E-04    0.748035E-05
        9    5.0    3.0    0.386198E-06    0.106409E-05
       10    6.0   -3.0   -0.125457E-08   -0.776631E-08
       10    6.0   -2.0    0.152052E-06    0.147425E-06
       10    6.0   -1.0   -0.132334E-05   -0.133851E-05
       10    6.0    0.0    0.374143E-06    0.550531E-06
       10    6.0    1.0    0.132334E-05    0.133851E-05
       10    6.0    2.0   -0.152052E-06   -0.147425E-06
       10    6.0    3.0    0.125457E-08    0.776631E-08
       11    3.0   -3.0   -0.739256E-06   -0.105234E-04
       11    3.0   -2.0    0.131230E-04   -0.123134E-03
       11    3.0   -1.0   -0.260288E-05    0.304337E-02
       11    3.0    0.0   -0.217821E-03   -0.135808E-01
       11    3.0    1.0   -0.260288E-05    0.304337E-02
       11    3.0    2.0    0.131230E-04   -0.123134E-03
       11    3.0    3.0   -0.739256E-06   -0.105234E-04

     SUM OF PROBABILITIES=  0.100001E+01
  LEVEL  1          POPULATION   0.862402E+00
  LEVEL  2          POPULATION   0.130871E+00
  LEVEL  3          POPULATION   0.348648E-02
  LEVEL  4          POPULATION   0.237318E-04
  LEVEL  5          POPULATION   0.964130E-10
  LEVEL  6          POPULATION   0.297721E-02
  LEVEL  7          POPULATION   0.357290E-04
  LEVEL  8          POPULATION   0.000000E+00
  LEVEL  9          POPULATION   0.751744E-06
  LEVEL 10          POPULATION   0.761856E-11
  LEVEL 11          POPULATION   0.203041E-03


                                        EXCITATION AMPLITUDES

          M=  0.0     EXPERIMENT  3

     LEVEL  SPIN  M     REAL AMPLITUDE  IMAGINARY AMPLITUDE


        1    0.0    0.0    0.924225E+00    0.385265E-01
        2    2.0   -2.0    0.257884E-04    0.200381E-02
        2    2.0   -1.0   -0.127232E-02    0.222384E-01
        2    2.0    0.0    0.173429E-01   -0.368366E+00
        2    2.0    1.0   -0.127232E-02    0.222384E-01
        2    2.0    2.0    0.257884E-04    0.200381E-02
        3    4.0   -3.0   -0.413316E-04   -0.813269E-06
        3    4.0   -2.0    0.481735E-04   -0.828794E-04
        3    4.0   -1.0    0.788735E-02    0.138097E-02
        3    4.0    0.0   -0.599715E-01   -0.748874E-02
        3    4.0    1.0    0.788735E-02    0.138097E-02
        3    4.0    2.0    0.481735E-04   -0.828794E-04
        3    4.0    3.0   -0.413316E-04   -0.813269E-06
        4    6.0   -3.0    0.838974E-06    0.416482E-05
        4    6.0   -2.0   -0.331934E-04    0.481940E-04
        4    6.0   -1.0    0.330383E-03   -0.991486E-03
        4    6.0    0.0   -0.125175E-02    0.472081E-02
        4    6.0    1.0    0.330383E-03   -0.991486E-03
        4    6.0    2.0   -0.331934E-04    0.481940E-04
        4    6.0    3.0    0.838974E-06    0.416482E-05
        5    8.0   -3.0    0.103215E-08   -0.116503E-07
        5    8.0   -2.0    0.238030E-06    0.193900E-06
        5    8.0   -1.0   -0.246285E-05   -0.135358E-05
        5    8.0    0.0    0.856056E-05    0.396850E-05
        5    8.0    1.0   -0.246285E-05   -0.135358E-05
        5    8.0    2.0    0.238030E-06    0.193900E-06
        5    8.0    3.0    0.103215E-08   -0.116503E-07
        6    2.0   -2.0    0.829488E-03    0.446005E-04
        6    2.0   -1.0   -0.323155E-02    0.214313E-02
        6    2.0    0.0    0.526298E-01   -0.216771E-01
        6    2.0    1.0   -0.323155E-02    0.214313E-02
        6    2.0    2.0    0.829488E-03    0.446005E-04
        7    4.0   -3.0   -0.381515E-05    0.490350E-05
        7    4.0   -2.0   -0.696300E-05   -0.760381E-04
        7    4.0   -1.0    0.595942E-03    0.800426E-03
        7    4.0    0.0   -0.332619E-02   -0.512123E-02
        7    4.0    1.0    0.595942E-03    0.800426E-03
        7    4.0    2.0   -0.696300E-05   -0.760381E-04
        7    4.0    3.0   -0.381515E-05    0.490350E-05
        8    5.0   -3.0    0.000000E+00    0.000000E+00
        8    5.0   -2.0    0.000000E+00    0.000000E+00
        8    5.0   -1.0    0.000000E+00    0.000000E+00
        8    5.0    0.0   -0.000000E+00    0.000000E+00
        8    5.0    1.0   -0.000000E+00    0.000000E+00
        8    5.0    2.0   -0.000000E+00    0.000000E+00
        8    5.0    3.0   -0.000000E+00    0.000000E+00
        9    5.0   -3.0    0.228869E-06    0.632247E-06
        9    5.0   -2.0   -0.894965E-05    0.542067E-05
        9    5.0   -1.0    0.114944E-03   -0.134593E-03
        9    5.0    0.0   -0.511497E-03    0.701578E-03
        9    5.0    1.0    0.114944E-03   -0.134593E-03
        9    5.0    2.0   -0.894965E-05    0.542067E-05
        9    5.0    3.0    0.228869E-06    0.632247E-06
       10    6.0   -3.0   -0.733447E-09   -0.458285E-08
       10    6.0   -2.0    0.110716E-06    0.106331E-06
       10    6.0   -1.0   -0.117595E-05   -0.117319E-05
       10    6.0    0.0   -0.252620E-06   -0.495925E-06
       10    6.0    1.0    0.117595E-05    0.117319E-05
       10    6.0    2.0   -0.110716E-06   -0.106331E-06
       10    6.0    3.0    0.733447E-09    0.458285E-08
       11    3.0   -3.0   -0.442299E-06   -0.606826E-05
       11    3.0   -2.0    0.979502E-05   -0.860477E-04
       11    3.0   -1.0   -0.142088E-05    0.259393E-02
       11    3.0    0.0   -0.219435E-03   -0.139720E-01
       11    3.0    1.0   -0.142088E-05    0.259393E-02
       11    3.0    2.0    0.979502E-05   -0.860477E-04
       11    3.0    3.0   -0.442299E-06   -0.606826E-05

     SUM OF PROBABILITIES=  0.999997E+00
  LEVEL  1          POPULATION   0.855678E+00
  LEVEL  2          POPULATION   0.136995E+00
  LEVEL  3          POPULATION   0.378092E-02
  LEVEL  4          POPULATION   0.260442E-04
  LEVEL  5          POPULATION   0.105017E-09
  LEVEL  6          POPULATION   0.327124E-02
  LEVEL  7          POPULATION   0.392939E-04
  LEVEL  8          POPULATION   0.000000E+00
  LEVEL  9          POPULATION   0.816716E-06
  LEVEL 10          POPULATION   0.587539E-11
  LEVEL 11          POPULATION   0.208737E-03


                                        EXCITATION AMPLITUDES

          M=  0.0     EXPERIMENT  4

     LEVEL  SPIN  M     REAL AMPLITUDE  IMAGINARY AMPLITUDE


        1    0.0    0.0    0.921142E+00    0.404416E-01
        2    2.0   -2.0    0.157456E-04    0.125383E-02
        2    2.0   -1.0   -0.106294E-02    0.177184E-01
        2    2.0    0.0    0.184087E-01   -0.375565E+00
        2    2.0    1.0   -0.106294E-02    0.177184E-01
        2    2.0    2.0    0.157456E-04    0.125383E-02
        3    4.0   -3.0   -0.207090E-04   -0.427301E-06
        3    4.0   -2.0    0.318161E-04   -0.533196E-04
        3    4.0   -1.0    0.643478E-02    0.113418E-02
        3    4.0    0.0   -0.623031E-01   -0.780216E-02
        3    4.0    1.0    0.643478E-02    0.113418E-02
        3    4.0    2.0    0.318161E-04   -0.533196E-04
        3    4.0    3.0   -0.207090E-04   -0.427301E-06
        4    6.0   -3.0    0.426265E-06    0.214165E-05
        4    6.0   -2.0   -0.216789E-04    0.314316E-04
        4    6.0   -1.0    0.274369E-03   -0.825703E-03
        4    6.0    0.0   -0.130793E-02    0.497116E-02
        4    6.0    1.0    0.274369E-03   -0.825703E-03
        4    6.0    2.0   -0.216789E-04    0.314316E-04
        4    6.0    3.0    0.426265E-06    0.214165E-05
        5    8.0   -3.0    0.563654E-09   -0.605210E-08
        5    8.0   -2.0    0.158866E-06    0.128787E-06
        5    8.0   -1.0   -0.208794E-05   -0.113974E-05
        5    8.0    0.0    0.909124E-05    0.416134E-05
        5    8.0    1.0   -0.208794E-05   -0.113974E-05
        5    8.0    2.0    0.158866E-06    0.128787E-06
        5    8.0    3.0    0.563654E-09   -0.605210E-08
        6    2.0   -2.0    0.530232E-03    0.286654E-04
        6    2.0   -1.0   -0.262416E-02    0.170482E-02
        6    2.0    0.0    0.549526E-01   -0.220252E-01
        6    2.0    1.0   -0.262416E-02    0.170482E-02
        6    2.0    2.0    0.530232E-03    0.286654E-04
        7    4.0   -3.0   -0.193577E-05    0.250322E-05
        7    4.0   -2.0   -0.414969E-05   -0.492977E-04
        7    4.0   -1.0    0.483979E-03    0.662220E-03
        7    4.0    0.0   -0.341937E-02   -0.541368E-02
        7    4.0    1.0    0.483979E-03    0.662220E-03
        7    4.0    2.0   -0.414969E-05   -0.492977E-04
        7    4.0    3.0   -0.193577E-05    0.250322E-05
        8    5.0   -3.0    0.000000E+00    0.000000E+00
        8    5.0   -2.0    0.000000E+00    0.000000E+00
        8    5.0   -1.0    0.000000E+00    0.000000E+00
        8    5.0    0.0   -0.000000E+00    0.000000E+00
        8    5.0    1.0   -0.000000E+00    0.000000E+00
        8    5.0    2.0   -0.000000E+00    0.000000E+00
        8    5.0    3.0   -0.000000E+00    0.000000E+00
        9    5.0   -3.0    0.116495E-06    0.321110E-06
        9    5.0   -2.0   -0.578745E-05    0.349391E-05
        9    5.0   -1.0    0.947091E-04   -0.111172E-03
        9    5.0    0.0   -0.532812E-03    0.734863E-03
        9    5.0    1.0    0.947091E-04   -0.111172E-03
        9    5.0    2.0   -0.578745E-05    0.349391E-05
        9    5.0    3.0    0.116495E-06    0.321110E-06
       10    6.0   -3.0   -0.365350E-09   -0.233074E-08
       10    6.0   -2.0    0.721485E-07    0.691181E-07
       10    6.0   -1.0   -0.978240E-06   -0.969609E-06
       10    6.0    0.0   -0.270967E-06   -0.544725E-06
       10    6.0    1.0    0.978240E-06    0.969609E-06
       10    6.0    2.0   -0.721485E-07   -0.691181E-07
       10    6.0    3.0    0.365350E-09    0.233074E-08
       11    3.0   -3.0   -0.219405E-06   -0.301054E-05
       11    3.0   -2.0    0.643699E-05   -0.542342E-04
       11    3.0   -1.0   -0.153948E-05    0.209298E-02
       11    3.0    0.0   -0.231392E-03   -0.142832E-01
       11    3.0    1.0   -0.153948E-05    0.209298E-02
       11    3.0    2.0    0.643699E-05   -0.542342E-04
       11    3.0    3.0   -0.219405E-06   -0.301054E-05

     SUM OF PROBABILITIES=  0.999997E+00
  LEVEL  1          POPULATION   0.850141E+00
  LEVEL  2          POPULATION   0.142022E+00
  LEVEL  3          POPULATION   0.402795E-02
  LEVEL  4          POPULATION   0.279402E-04
  LEVEL  5          POPULATION   0.111368E-09
  LEVEL  6          POPULATION   0.352505E-02
  LEVEL  7          POPULATION   0.423505E-04
  LEVEL  8          POPULATION   0.000000E+00
  LEVEL  9          POPULATION   0.866662E-06
  LEVEL 10          POPULATION   0.418431E-11
  LEVEL 11          POPULATION   0.212831E-03
               ********* END OF EXECUTION **********
