1
 *****************************************************************************************************************************
 *****************************************************************************************************************************
 **************************************************                         **************************************************
 **************************************************          GOSIA          **************************************************
 **************************************************                         **************************************************
 *****************************************************************************************************************************
 *****************************************************************************************************************************





                    ROCHESTER COULOMB EXCITATION DATA ANALYSIS CODE BY T.CZOSNYKA,D.CLINE AND C.Y.WU
                                                  VERS. 20110524.2   NOV 2011






          14C beam on 194Pt target integration                                            
          ----------------------------------------------------------------------------------------------------

                                        LEVELS

     INDEX     PARITY         SPIN           ENERGY(MEV)
       1           +           0.0            0.0000
       2           +           2.0            0.3280
       3           +           4.0            0.8110
       4           +           6.0            1.4118
       5           +           8.0            2.0995
       6           +           2.0            0.6220
       7           +           4.0            1.2290
       8           +           5.0            1.4980

                                        MATRIX ELEMENTS


     MULTIPOLARITY=2
    INDEX   NF     NS          ME               LIMITS
       1      1      2        1.28108        0.00010        3.00000
       2      1      6        0.09835       -2.00000        2.00000
       3      2      2        0.83000       -2.00000        2.00000
       4      2      3        2.25913        0.00010        3.00000
       5      2      6        1.72302       -2.00000        2.00000
       6      2      7        0.14702       -2.00000        2.00000
       7      3      3        0.10000       -2.00000        2.00000
       8      3      4        2.41057        0.00010        3.00000
       9      3      6        0.10000       -2.00000        2.00000
      10      3      7        0.91684       -4.00000        4.00000
      11      3      8        0.10000       -4.00000        4.00000
      12      4      4        0.10000     COUPLED TO   7
      13      4      5        2.41057        0.00010        3.00000
      14      4      7        0.10000       -2.00000        2.00000
      15      4      8        0.10000       -2.00000        2.00000
      16      6      6       -0.65960       -2.00000        2.00000
      17      6      7        1.12290        0.00010        2.00000
      18      7      7       -0.65960     COUPLED TO  16
      19      7      8        0.10000       -2.00000        2.00000
     MULTIPOLARITY=7
    INDEX   NF     NS          ME               LIMITS
      20      2      6        0.02992       -2.00000        2.00000
      21      3      7        0.13314       -2.00000        2.00000

                                               REPRINT OF EXPERIMENTAL DATA TO BE FITTED





     EXPERIMENT  1
  PROJECTILE ( 78.,194.)  45.000 MEV ---1 GE(LI) DETECTOR(S)  WEIGHT=0.10E+01
                    ** EXPERIMENTAL YIELDS **
    DECAY IS  IF         YIELD+/-ERROR

      14   2   1  0.483610E+07     0.289187E+04
      10   3   2  0.149279E+06     0.563094E+03
       5   4   3  0.166234E+04     0.163400E+03
      12   6   1  0.142688E+05     0.119450E+03
      13   6   2  0.118497E+06     0.440920E+03
       9   7   6  0.624957E+04     0.123388E+03


        6 EXPERIMENTAL YIELDS           19 MATRIX ELEMENTS TO BE VARIED



                                        BRANCHING RATIOS

     NS1     NF1     NS2     NF2     RATIO(1:2)         ERROR
      6       1       6       2        0.13690        0.02300
      7       3       7       6        0.14400        0.01400
      7       2       7       6        0.12200        0.00800
     BRANCHING RATIOS ARE TAKEN WITH WEIGHT    0.100000E+01



                              LIFETIMES(PSEC)


     LEVEL         LIFETIME     ERROR

        2           60.45         0.86
        3            5.34         0.29
        4            2.31         0.72
        5            1.59         0.43
        6           50.50         5.77
        7            5.50         0.87

          LIFETIMES ARE TAKEN WITH WEIGHT    0.100000E+01


                    EXPERIMENTAL E2/M1 MIXING RATIOS


          TRANSITION            DELTA          ERROR

           6---  2               15.0000           2.0000

          E2/M1 MIXING RATIOS ARE TAKEN WITH WEIGHT    0.100000E+01


                              EXPERIMENTAL MATRIX ELEMENT(S)


          TRANSITION          MAT.EL.          ERROR

           2---  2                0.8300           0.0800
           6---  6               -0.6596           0.6596

           MATRIX ELEMENT(S) ARE TAKEN WITH WEIGHT    0.100000E+01



     *****  RESTART-MATRIX ELEMENTS OVERWRITTEN  *****




                                        MATRIX ELEMENTS


     MULTIPOLARITY=2
    INDEX   NF     NS          ME               LIMITS
       1      1      2        1.28640        0.00010        3.00000
       2      1      6        0.11192       -2.00000        2.00000
       3      2      2        0.79738       -2.00000        2.00000
       4      2      3        2.42110        0.00010        3.00000
       5      2      6        1.87463       -2.00000        2.00000
       6      2      7        0.37793       -2.00000        2.00000
       7      3      3        0.81251       -2.00000        2.00000
       8      3      4        2.57522        0.00010        3.00000
       9      3      6        0.89701       -2.00000        2.00000
      10      3      7        1.34460       -4.00000        4.00000
      11      3      8        0.09998       -4.00000        4.00000
      12      4      4        0.80514     COUPLED TO   7
      13      4      5        2.37012        0.00010        3.00000
      14      4      7        0.11687       -2.00000        2.00000
      15      4      8        0.10000       -2.00000        2.00000
      16      6      6       -0.41986       -2.00000        2.00000
      17      6      7        2.68128        0.00010        2.00000
      18      7      7       -0.41986     COUPLED TO  16
      19      7      8        0.09998       -2.00000        2.00000
     MULTIPOLARITY=7
    INDEX   NF     NS          ME               LIMITS
      20      2      6        0.03581       -2.00000        2.00000
      21      3      7        0.13417       -2.00000        2.00000


                                                  CALCULATED YIELDS

     EXPERIMENT  1  DETECTOR  1
     ENERGY     42.000 MEV  THETA 132.000 DEG

     NI     NF     II     IF     YIELD     NORMALIZED YIELD

      5      4    8.0    6.0   0.87443E-05   0.29015E-06
      8      3    5.0    4.0   0.79926E-06   0.26521E-07
      8      4    5.0    6.0   0.25681E-10   0.85215E-12
      8      7    5.0    4.0   0.73565E-08   0.24410E-09
      4      3    6.0    4.0   0.48385E-02   0.16055E-03
      4      7    6.0    4.0   0.26047E-07   0.86427E-09
      7      2    4.0    2.0   0.33834E-02   0.11227E-03
      7      3    4.0    4.0   0.12204E-02   0.40493E-04
      7      6    4.0    2.0   0.23640E-01   0.78442E-03
      3      2    4.0    2.0   0.77153E+00   0.25601E-01
      3      6    4.0    2.0   0.97357E-03   0.32305E-04
      6      1    2.0    0.0   0.77139E-01   0.25596E-02
      6      2    2.0    2.0   0.62527E+00   0.20748E-01
      2      1    2.0    0.0   0.30137E+02   0.10000E+01


                                                  CALCULATED YIELDS

     EXPERIMENT  1  DETECTOR  1
     ENERGY     42.000 MEV  THETA 134.000 DEG

     NI     NF     II     IF     YIELD     NORMALIZED YIELD

      5      4    8.0    6.0   0.88079E-05   0.29766E-06
      8      3    5.0    4.0   0.75497E-06   0.25514E-07
      8      4    5.0    6.0   0.24262E-10   0.81992E-12
      8      7    5.0    4.0   0.69487E-08   0.23483E-09
      4      3    6.0    4.0   0.48614E-02   0.16429E-03
      4      7    6.0    4.0   0.26172E-07   0.88449E-09
      7      2    4.0    2.0   0.33610E-02   0.11359E-03
      7      3    4.0    4.0   0.12165E-02   0.41112E-04
      7      6    4.0    2.0   0.23484E-01   0.79365E-03
      3      2    4.0    2.0   0.76899E+00   0.25988E-01
      3      6    4.0    2.0   0.97048E-03   0.32798E-04
      6      1    2.0    0.0   0.77004E-01   0.26023E-02
      6      2    2.0    2.0   0.63012E+00   0.21295E-01
      2      1    2.0    0.0   0.29590E+02   0.10000E+01


                                                  CALCULATED YIELDS

     EXPERIMENT  1  DETECTOR  1
     ENERGY     42.000 MEV  THETA 136.000 DEG

     NI     NF     II     IF     YIELD     NORMALIZED YIELD

      5      4    8.0    6.0   0.88515E-05   0.30450E-06
      8      3    5.0    4.0   0.70934E-06   0.24402E-07
      8      4    5.0    6.0   0.22798E-10   0.78428E-12
      8      7    5.0    4.0   0.65285E-08   0.22459E-09
      4      3    6.0    4.0   0.48783E-02   0.16782E-03
      4      7    6.0    4.0   0.26266E-07   0.90358E-09
      7      2    4.0    2.0   0.33372E-02   0.11480E-03
      7      3    4.0    4.0   0.12121E-02   0.41697E-04
      7      6    4.0    2.0   0.23318E-01   0.80218E-03
      3      2    4.0    2.0   0.76620E+00   0.26358E-01
      3      6    4.0    2.0   0.96707E-03   0.33269E-04
      6      1    2.0    0.0   0.76849E-01   0.26437E-02
      6      2    2.0    2.0   0.63478E+00   0.21838E-01
      2      1    2.0    0.0   0.29068E+02   0.10000E+01


                                                  CALCULATED YIELDS

     EXPERIMENT  1  DETECTOR  1
     ENERGY     42.000 MEV  THETA 138.000 DEG

     NI     NF     II     IF     YIELD     NORMALIZED YIELD

      5      4    8.0    6.0   0.88763E-05   0.31067E-06
      8      3    5.0    4.0   0.66271E-06   0.23195E-07
      8      4    5.0    6.0   0.21301E-10   0.74554E-12
      8      7    5.0    4.0   0.60993E-08   0.21347E-09
      4      3    6.0    4.0   0.48898E-02   0.17114E-03
      4      7    6.0    4.0   0.26330E-07   0.92154E-09
      7      2    4.0    2.0   0.33121E-02   0.11592E-03
      7      3    4.0    4.0   0.12071E-02   0.42248E-04
      7      6    4.0    2.0   0.23143E-01   0.81001E-03
      3      2    4.0    2.0   0.76318E+00   0.26711E-01
      3      6    4.0    2.0   0.96337E-03   0.33718E-04
      6      1    2.0    0.0   0.76677E-01   0.26837E-02
      6      2    2.0    2.0   0.63927E+00   0.22374E-01
      2      1    2.0    0.0   0.28572E+02   0.10000E+01


                                                  CALCULATED YIELDS

     EXPERIMENT  1  DETECTOR  1
     ENERGY     42.000 MEV  THETA 140.000 DEG

     NI     NF     II     IF     YIELD     NORMALIZED YIELD

      5      4    8.0    6.0   0.88836E-05   0.31614E-06
      8      3    5.0    4.0   0.61545E-06   0.21902E-07
      8      4    5.0    6.0   0.19784E-10   0.70405E-12
      8      7    5.0    4.0   0.56643E-08   0.20158E-09
      4      3    6.0    4.0   0.48962E-02   0.17424E-03
      4      7    6.0    4.0   0.26367E-07   0.93833E-09
      7      2    4.0    2.0   0.32861E-02   0.11694E-03
      7      3    4.0    4.0   0.12017E-02   0.42765E-04
      7      6    4.0    2.0   0.22962E-01   0.81715E-03
      3      2    4.0    2.0   0.75999E+00   0.27046E-01
      3      6    4.0    2.0   0.95946E-03   0.34144E-04
      6      1    2.0    0.0   0.76491E-01   0.27221E-02
      6      2    2.0    2.0   0.64356E+00   0.22903E-01
      2      1    2.0    0.0   0.28100E+02   0.10000E+01


                                                  CALCULATED YIELDS

     EXPERIMENT  1  DETECTOR  1
     ENERGY     42.000 MEV  THETA 142.000 DEG

     NI     NF     II     IF     YIELD     NORMALIZED YIELD

      5      4    8.0    6.0   0.88748E-05   0.32094E-06
      8      3    5.0    4.0   0.56790E-06   0.20537E-07
      8      4    5.0    6.0   0.18257E-10   0.66021E-12
      8      7    5.0    4.0   0.52266E-08   0.18901E-09
      4      3    6.0    4.0   0.48981E-02   0.17713E-03
      4      7    6.0    4.0   0.26380E-07   0.95397E-09
      7      2    4.0    2.0   0.32594E-02   0.11787E-03
      7      3    4.0    4.0   0.11959E-02   0.43248E-04
      7      6    4.0    2.0   0.22776E-01   0.82363E-03
      3      2    4.0    2.0   0.75667E+00   0.27363E-01
      3      6    4.0    2.0   0.95537E-03   0.34549E-04
      6      1    2.0    0.0   0.76294E-01   0.27590E-02
      6      2    2.0    2.0   0.64766E+00   0.23421E-01
      2      1    2.0    0.0   0.27653E+02   0.10000E+01


                                                  CALCULATED YIELDS

     EXPERIMENT  1  DETECTOR  1
     ENERGY     42.000 MEV  THETA 144.000 DEG

     NI     NF     II     IF     YIELD     NORMALIZED YIELD

      5      4    8.0    6.0   0.88517E-05   0.32507E-06
      8      3    5.0    4.0   0.52042E-06   0.19112E-07
      8      4    5.0    6.0   0.16731E-10   0.61442E-12
      8      7    5.0    4.0   0.47895E-08   0.17589E-09
      4      3    6.0    4.0   0.48960E-02   0.17980E-03
      4      7    6.0    4.0   0.26371E-07   0.96846E-09
      7      2    4.0    2.0   0.32322E-02   0.11870E-03
      7      3    4.0    4.0   0.11899E-02   0.43697E-04
      7      6    4.0    2.0   0.22586E-01   0.82947E-03
      3      2    4.0    2.0   0.75326E+00   0.27663E-01
      3      6    4.0    2.0   0.95117E-03   0.34931E-04
      6      1    2.0    0.0   0.76088E-01   0.27943E-02
      6      2    2.0    2.0   0.65156E+00   0.23928E-01
      2      1    2.0    0.0   0.27230E+02   0.10000E+01


                                                  CALCULATED YIELDS

     EXPERIMENT  1  DETECTOR  1
     ENERGY     42.000 MEV  THETA 146.000 DEG

     NI     NF     II     IF     YIELD     NORMALIZED YIELD

      5      4    8.0    6.0   0.88157E-05   0.32856E-06
      8      3    5.0    4.0   0.47333E-06   0.17641E-07
      8      4    5.0    6.0   0.15217E-10   0.56715E-12
      8      7    5.0    4.0   0.43561E-08   0.16235E-09
      4      3    6.0    4.0   0.48904E-02   0.18227E-03
      4      7    6.0    4.0   0.26343E-07   0.98181E-09
      7      2    4.0    2.0   0.32049E-02   0.11945E-03
      7      3    4.0    4.0   0.11836E-02   0.44113E-04
      7      6    4.0    2.0   0.22395E-01   0.83468E-03
      3      2    4.0    2.0   0.74979E+00   0.27945E-01
      3      6    4.0    2.0   0.94690E-03   0.35291E-04
      6      1    2.0    0.0   0.75877E-01   0.28279E-02
      6      2    2.0    2.0   0.65526E+00   0.24422E-01
      2      1    2.0    0.0   0.26831E+02   0.10000E+01


                                                  CALCULATED YIELDS

     EXPERIMENT  1  DETECTOR  1
     ENERGY     42.000 MEV  THETA 148.000 DEG

     NI     NF     II     IF     YIELD     NORMALIZED YIELD

      5      4    8.0    6.0   0.87689E-05   0.33145E-06
      8      3    5.0    4.0   0.42698E-06   0.16139E-07
      8      4    5.0    6.0   0.13727E-10   0.51887E-12
      8      7    5.0    4.0   0.39294E-08   0.14853E-09
      4      3    6.0    4.0   0.48818E-02   0.18452E-03
      4      7    6.0    4.0   0.26299E-07   0.99405E-09
      7      2    4.0    2.0   0.31776E-02   0.12011E-03
      7      3    4.0    4.0   0.11772E-02   0.44497E-04
      7      6    4.0    2.0   0.22205E-01   0.83931E-03
      3      2    4.0    2.0   0.74631E+00   0.28209E-01
      3      6    4.0    2.0   0.94261E-03   0.35629E-04
      6      1    2.0    0.0   0.75662E-01   0.28599E-02
      6      2    2.0    2.0   0.65876E+00   0.24900E-01
      2      1    2.0    0.0   0.26456E+02   0.10000E+01


                                                  CALCULATED YIELDS

     EXPERIMENT  1  DETECTOR  1
     ENERGY     42.000 MEV  THETA 150.000 DEG

     NI     NF     II     IF     YIELD     NORMALIZED YIELD

      5      4    8.0    6.0   0.87129E-05   0.33376E-06
      8      3    5.0    4.0   0.38167E-06   0.14621E-07
      8      4    5.0    6.0   0.12271E-10   0.47005E-12
      8      7    5.0    4.0   0.35125E-08   0.13455E-09
      4      3    6.0    4.0   0.48706E-02   0.18658E-03
      4      7    6.0    4.0   0.26241E-07   0.10052E-08
      7      2    4.0    2.0   0.31505E-02   0.12069E-03
      7      3    4.0    4.0   0.11708E-02   0.44849E-04
      7      6    4.0    2.0   0.22017E-01   0.84338E-03
      3      2    4.0    2.0   0.74285E+00   0.28456E-01
      3      6    4.0    2.0   0.93834E-03   0.35944E-04
      6      1    2.0    0.0   0.75447E-01   0.28901E-02
      6      2    2.0    2.0   0.66205E+00   0.25361E-01
      2      1    2.0    0.0   0.26105E+02   0.10000E+01


                                                  CALCULATED YIELDS

     EXPERIMENT  1  DETECTOR  1
     ENERGY     42.000 MEV  THETA 152.000 DEG

     NI     NF     II     IF     YIELD     NORMALIZED YIELD

      5      4    8.0    6.0   0.86496E-05   0.33554E-06
      8      3    5.0    4.0   0.33774E-06   0.13102E-07
      8      4    5.0    6.0   0.10858E-10   0.42123E-12
      8      7    5.0    4.0   0.31081E-08   0.12057E-09
      4      3    6.0    4.0   0.48575E-02   0.18844E-03
      4      7    6.0    4.0   0.26173E-07   0.10153E-08
      7      2    4.0    2.0   0.31241E-02   0.12119E-03
      7      3    4.0    4.0   0.11644E-02   0.45170E-04
      7      6    4.0    2.0   0.21832E-01   0.84692E-03
      3      2    4.0    2.0   0.73945E+00   0.28686E-01
      3      6    4.0    2.0   0.93414E-03   0.36238E-04
      6      1    2.0    0.0   0.75234E-01   0.29185E-02
      6      2    2.0    2.0   0.66514E+00   0.25803E-01
      2      1    2.0    0.0   0.25778E+02   0.10000E+01


                                                  CALCULATED YIELDS

     EXPERIMENT  1  DETECTOR  1
     ENERGY     42.000 MEV  THETA 154.000 DEG

     NI     NF     II     IF     YIELD     NORMALIZED YIELD

      5      4    8.0    6.0   0.85809E-05   0.33685E-06
      8      3    5.0    4.0   0.29546E-06   0.11599E-07
      8      4    5.0    6.0   0.94989E-11   0.37289E-12
      8      7    5.0    4.0   0.27190E-08   0.10674E-09
      4      3    6.0    4.0   0.48429E-02   0.19011E-03
      4      7    6.0    4.0   0.26096E-07   0.10244E-08
      7      2    4.0    2.0   0.30983E-02   0.12163E-03
      7      3    4.0    4.0   0.11581E-02   0.45461E-04
      7      6    4.0    2.0   0.21652E-01   0.84999E-03
      3      2    4.0    2.0   0.73614E+00   0.28898E-01
      3      6    4.0    2.0   0.93005E-03   0.36510E-04
      6      1    2.0    0.0   0.75024E-01   0.29452E-02
      6      2    2.0    2.0   0.66801E+00   0.26224E-01
      2      1    2.0    0.0   0.25474E+02   0.10000E+01


                                                  CALCULATED YIELDS

     EXPERIMENT  1  DETECTOR  1
     ENERGY     42.000 MEV  THETA 156.000 DEG

     NI     NF     II     IF     YIELD     NORMALIZED YIELD

      5      4    8.0    6.0   0.85086E-05   0.33774E-06
      8      3    5.0    4.0   0.25515E-06   0.10128E-07
      8      4    5.0    6.0   0.82020E-11   0.32557E-12
      8      7    5.0    4.0   0.23478E-08   0.93193E-10
      4      3    6.0    4.0   0.48272E-02   0.19161E-03
      4      7    6.0    4.0   0.26014E-07   0.10326E-08
      7      2    4.0    2.0   0.30735E-02   0.12200E-03
      7      3    4.0    4.0   0.11519E-02   0.45724E-04
      7      6    4.0    2.0   0.21480E-01   0.85260E-03
      3      2    4.0    2.0   0.73295E+00   0.29094E-01
      3      6    4.0    2.0   0.92610E-03   0.36760E-04
      6      1    2.0    0.0   0.74821E-01   0.29699E-02
      6      2    2.0    2.0   0.67068E+00   0.26622E-01
      2      1    2.0    0.0   0.25193E+02   0.10000E+01


                                                  CALCULATED YIELDS

     EXPERIMENT  1  DETECTOR  1
     ENERGY     42.000 MEV  THETA 158.000 DEG

     NI     NF     II     IF     YIELD     NORMALIZED YIELD

      5      4    8.0    6.0   0.84346E-05   0.33826E-06
      8      3    5.0    4.0   0.21702E-06   0.87034E-08
      8      4    5.0    6.0   0.69760E-11   0.27977E-12
      8      7    5.0    4.0   0.19969E-08   0.80084E-10
      4      3    6.0    4.0   0.48110E-02   0.19294E-03
      4      7    6.0    4.0   0.25928E-07   0.10398E-08
      7      2    4.0    2.0   0.30500E-02   0.12232E-03
      7      3    4.0    4.0   0.11460E-02   0.45960E-04
      7      6    4.0    2.0   0.21315E-01   0.85482E-03
      3      2    4.0    2.0   0.72991E+00   0.29272E-01
      3      6    4.0    2.0   0.92234E-03   0.36990E-04
      6      1    2.0    0.0   0.74627E-01   0.29929E-02
      6      2    2.0    2.0   0.67314E+00   0.26996E-01
      2      1    2.0    0.0   0.24935E+02   0.10000E+01


                                                  CALCULATED YIELDS

     EXPERIMENT  1  DETECTOR  1
     ENERGY     42.000 MEV  THETA 160.000 DEG

     NI     NF     II     IF     YIELD     NORMALIZED YIELD

      5      4    8.0    6.0   0.83606E-05   0.33848E-06
      8      3    5.0    4.0   0.18134E-06   0.73417E-08
      8      4    5.0    6.0   0.58290E-11   0.23599E-12
      8      7    5.0    4.0   0.16686E-08   0.67553E-10
      4      3    6.0    4.0   0.47946E-02   0.19411E-03
      4      7    6.0    4.0   0.25842E-07   0.10462E-08
      7      2    4.0    2.0   0.30277E-02   0.12258E-03
      7      3    4.0    4.0   0.11404E-02   0.46169E-04
      7      6    4.0    2.0   0.21160E-01   0.85667E-03
      3      2    4.0    2.0   0.72704E+00   0.29435E-01
      3      6    4.0    2.0   0.91879E-03   0.37198E-04
      6      1    2.0    0.0   0.74443E-01   0.30139E-02
      6      2    2.0    2.0   0.67538E+00   0.27343E-01
      2      1    2.0    0.0   0.24700E+02   0.10000E+01


                                                  CALCULATED YIELDS

     EXPERIMENT  1  DETECTOR  1
     ENERGY     43.000 MEV  THETA 132.000 DEG

     NI     NF     II     IF     YIELD     NORMALIZED YIELD

      5      4    8.0    6.0   0.12433E-04   0.39799E-06
      8      3    5.0    4.0   0.10421E-05   0.33359E-07
      8      4    5.0    6.0   0.33476E-10   0.10716E-11
      8      7    5.0    4.0   0.95913E-08   0.30704E-09
      4      3    6.0    4.0   0.61302E-02   0.19624E-03
      4      7    6.0    4.0   0.33000E-07   0.10564E-08
      7      2    4.0    2.0   0.40757E-02   0.13047E-03
      7      3    4.0    4.0   0.14697E-02   0.47048E-04
      7      6    4.0    2.0   0.28478E-01   0.91163E-03
      3      2    4.0    2.0   0.87926E+00   0.28147E-01
      3      6    4.0    2.0   0.11095E-02   0.35517E-04
      6      1    2.0    0.0   0.85961E-01   0.27518E-02
      6      2    2.0    2.0   0.69611E+00   0.22284E-01
      2      1    2.0    0.0   0.31238E+02   0.10000E+01


                                                  CALCULATED YIELDS

     EXPERIMENT  1  DETECTOR  1
     ENERGY     43.000 MEV  THETA 134.000 DEG

     NI     NF     II     IF     YIELD     NORMALIZED YIELD

      5      4    8.0    6.0   0.12544E-04   0.40892E-06
      8      3    5.0    4.0   0.98460E-06   0.32097E-07
      8      4    5.0    6.0   0.31635E-10   0.10313E-11
      8      7    5.0    4.0   0.90622E-08   0.29542E-09
      4      3    6.0    4.0   0.61656E-02   0.20099E-03
      4      7    6.0    4.0   0.33194E-07   0.10821E-08
      7      2    4.0    2.0   0.40527E-02   0.13211E-03
      7      3    4.0    4.0   0.14665E-02   0.47806E-04
      7      6    4.0    2.0   0.28317E-01   0.92311E-03
      3      2    4.0    2.0   0.87677E+00   0.28582E-01
      3      6    4.0    2.0   0.11065E-02   0.36070E-04
      6      1    2.0    0.0   0.85854E-01   0.27988E-02
      6      2    2.0    2.0   0.70179E+00   0.22877E-01
      2      1    2.0    0.0   0.30676E+02   0.10000E+01


                                                  CALCULATED YIELDS

     EXPERIMENT  1  DETECTOR  1
     ENERGY     43.000 MEV  THETA 136.000 DEG

     NI     NF     II     IF     YIELD     NORMALIZED YIELD

      5      4    8.0    6.0   0.12627E-04   0.41896E-06
      8      3    5.0    4.0   0.92534E-06   0.30702E-07
      8      4    5.0    6.0   0.29734E-10   0.98655E-12
      8      7    5.0    4.0   0.85167E-08   0.28257E-09
      4      3    6.0    4.0   0.61936E-02   0.20550E-03
      4      7    6.0    4.0   0.33347E-07   0.11064E-08
      7      2    4.0    2.0   0.40277E-02   0.13364E-03
      7      3    4.0    4.0   0.14626E-02   0.48526E-04
      7      6    4.0    2.0   0.28143E-01   0.93376E-03
      3      2    4.0    2.0   0.87397E+00   0.28998E-01
      3      6    4.0    2.0   0.11031E-02   0.36599E-04
      6      1    2.0    0.0   0.85724E-01   0.28442E-02
      6      2    2.0    2.0   0.70725E+00   0.23466E-01
      2      1    2.0    0.0   0.30139E+02   0.10000E+01


                                                  CALCULATED YIELDS

     EXPERIMENT  1  DETECTOR  1
     ENERGY     43.000 MEV  THETA 138.000 DEG

     NI     NF     II     IF     YIELD     NORMALIZED YIELD

      5      4    8.0    6.0   0.12684E-04   0.42810E-06
      8      3    5.0    4.0   0.86476E-06   0.29186E-07
      8      4    5.0    6.0   0.27790E-10   0.93794E-12
      8      7    5.0    4.0   0.79589E-08   0.26862E-09
      4      3    6.0    4.0   0.62146E-02   0.20975E-03
      4      7    6.0    4.0   0.33463E-07   0.11294E-08
      7      2    4.0    2.0   0.40011E-02   0.13504E-03
      7      3    4.0    4.0   0.14579E-02   0.49206E-04
      7      6    4.0    2.0   0.27958E-01   0.94360E-03
      3      2    4.0    2.0   0.87092E+00   0.29394E-01
      3      6    4.0    2.0   0.10994E-02   0.37104E-04
      6      1    2.0    0.0   0.85573E-01   0.28882E-02
      6      2    2.0    2.0   0.71249E+00   0.24047E-01
      2      1    2.0    0.0   0.29629E+02   0.10000E+01


                                                  CALCULATED YIELDS

     EXPERIMENT  1  DETECTOR  1
     ENERGY     43.000 MEV  THETA 140.000 DEG

     NI     NF     II     IF     YIELD     NORMALIZED YIELD

      5      4    8.0    6.0   0.12716E-04   0.43632E-06
      8      3    5.0    4.0   0.80330E-06   0.27563E-07
      8      4    5.0    6.0   0.25817E-10   0.88585E-12
      8      7    5.0    4.0   0.73931E-08   0.25368E-09
      4      3    6.0    4.0   0.62292E-02   0.21374E-03
      4      7    6.0    4.0   0.33545E-07   0.11510E-08
      7      2    4.0    2.0   0.39733E-02   0.13633E-03
      7      3    4.0    4.0   0.14527E-02   0.49847E-04
      7      6    4.0    2.0   0.27764E-01   0.95265E-03
      3      2    4.0    2.0   0.86765E+00   0.29771E-01
      3      6    4.0    2.0   0.10954E-02   0.37584E-04
      6      1    2.0    0.0   0.85406E-01   0.29305E-02
      6      2    2.0    2.0   0.71751E+00   0.24620E-01
      2      1    2.0    0.0   0.29144E+02   0.10000E+01


                                                  CALCULATED YIELDS

     EXPERIMENT  1  DETECTOR  1
     ENERGY     43.000 MEV  THETA 142.000 DEG

     NI     NF     II     IF     YIELD     NORMALIZED YIELD

      5      4    8.0    6.0   0.12725E-04   0.44362E-06
      8      3    5.0    4.0   0.74142E-06   0.25848E-07
      8      4    5.0    6.0   0.23830E-10   0.83077E-12
      8      7    5.0    4.0   0.68236E-08   0.23789E-09
      4      3    6.0    4.0   0.62379E-02   0.21747E-03
      4      7    6.0    4.0   0.33595E-07   0.11712E-08
      7      2    4.0    2.0   0.39445E-02   0.13751E-03
      7      3    4.0    4.0   0.14471E-02   0.50448E-04
      7      6    4.0    2.0   0.27563E-01   0.96090E-03
      3      2    4.0    2.0   0.86422E+00   0.30129E-01
      3      6    4.0    2.0   0.10911E-02   0.38040E-04
      6      1    2.0    0.0   0.85224E-01   0.29711E-02
      6      2    2.0    2.0   0.72230E+00   0.25181E-01
      2      1    2.0    0.0   0.28684E+02   0.10000E+01


                                                  CALCULATED YIELDS

     EXPERIMENT  1  DETECTOR  1
     ENERGY     43.000 MEV  THETA 144.000 DEG

     NI     NF     II     IF     YIELD     NORMALIZED YIELD

      5      4    8.0    6.0   0.12713E-04   0.45003E-06
      8      3    5.0    4.0   0.67959E-06   0.24057E-07
      8      4    5.0    6.0   0.21844E-10   0.77323E-12
      8      7    5.0    4.0   0.62544E-08   0.22140E-09
      4      3    6.0    4.0   0.62414E-02   0.22094E-03
      4      7    6.0    4.0   0.33617E-07   0.11900E-08
      7      2    4.0    2.0   0.39149E-02   0.13858E-03
      7      3    4.0    4.0   0.14410E-02   0.51009E-04
      7      6    4.0    2.0   0.27357E-01   0.96840E-03
      3      2    4.0    2.0   0.86067E+00   0.30467E-01
      3      6    4.0    2.0   0.10868E-02   0.38471E-04
      6      1    2.0    0.0   0.85030E-01   0.30100E-02
      6      2    2.0    2.0   0.72686E+00   0.25730E-01
      2      1    2.0    0.0   0.28250E+02   0.10000E+01


                                                  CALCULATED YIELDS

     EXPERIMENT  1  DETECTOR  1
     ENERGY     43.000 MEV  THETA 146.000 DEG

     NI     NF     II     IF     YIELD     NORMALIZED YIELD

      5      4    8.0    6.0   0.12683E-04   0.45556E-06
      8      3    5.0    4.0   0.61824E-06   0.22207E-07
      8      4    5.0    6.0   0.19872E-10   0.71381E-12
      8      7    5.0    4.0   0.56898E-08   0.20437E-09
      4      3    6.0    4.0   0.62403E-02   0.22415E-03
      4      7    6.0    4.0   0.33614E-07   0.12074E-08
      7      2    4.0    2.0   0.38850E-02   0.13955E-03
      7      3    4.0    4.0   0.14346E-02   0.51531E-04
      7      6    4.0    2.0   0.27148E-01   0.97516E-03
      3      2    4.0    2.0   0.85705E+00   0.30785E-01
      3      6    4.0    2.0   0.10823E-02   0.38877E-04
      6      1    2.0    0.0   0.84829E-01   0.30470E-02
      6      2    2.0    2.0   0.73119E+00   0.26264E-01
      2      1    2.0    0.0   0.27840E+02   0.10000E+01


                                                  CALCULATED YIELDS

     EXPERIMENT  1  DETECTOR  1
     ENERGY     43.000 MEV  THETA 148.000 DEG

     NI     NF     II     IF     YIELD     NORMALIZED YIELD

      5      4    8.0    6.0   0.12636E-04   0.46025E-06
      8      3    5.0    4.0   0.55782E-06   0.20318E-07
      8      4    5.0    6.0   0.17930E-10   0.65309E-12
      8      7    5.0    4.0   0.51336E-08   0.18698E-09
      4      3    6.0    4.0   0.62352E-02   0.22711E-03
      4      7    6.0    4.0   0.33590E-07   0.12235E-08
      7      2    4.0    2.0   0.38550E-02   0.14041E-03
      7      3    4.0    4.0   0.14280E-02   0.52014E-04
      7      6    4.0    2.0   0.26939E-01   0.98121E-03
      3      2    4.0    2.0   0.85339E+00   0.31084E-01
      3      6    4.0    2.0   0.10778E-02   0.39259E-04
      6      1    2.0    0.0   0.84623E-01   0.30823E-02
      6      2    2.0    2.0   0.73527E+00   0.26781E-01
      2      1    2.0    0.0   0.27455E+02   0.10000E+01


                                                  CALCULATED YIELDS

     EXPERIMENT  1  DETECTOR  1
     ENERGY     43.000 MEV  THETA 150.000 DEG

     NI     NF     II     IF     YIELD     NORMALIZED YIELD

      5      4    8.0    6.0   0.12576E-04   0.46416E-06
      8      3    5.0    4.0   0.49874E-06   0.18407E-07
      8      4    5.0    6.0   0.16031E-10   0.59169E-12
      8      7    5.0    4.0   0.45898E-08   0.16940E-09
      4      3    6.0    4.0   0.62267E-02   0.22982E-03
      4      7    6.0    4.0   0.33547E-07   0.12382E-08
      7      2    4.0    2.0   0.38252E-02   0.14118E-03
      7      3    4.0    4.0   0.14213E-02   0.52459E-04
      7      6    4.0    2.0   0.26731E-01   0.98660E-03
      3      2    4.0    2.0   0.84975E+00   0.31363E-01
      3      6    4.0    2.0   0.10733E-02   0.39615E-04
      6      1    2.0    0.0   0.84414E-01   0.31156E-02
      6      2    2.0    2.0   0.73912E+00   0.27280E-01
      2      1    2.0    0.0   0.27094E+02   0.10000E+01


                                                  CALCULATED YIELDS

     EXPERIMENT  1  DETECTOR  1
     ENERGY     43.000 MEV  THETA 152.000 DEG

     NI     NF     II     IF     YIELD     NORMALIZED YIELD

      5      4    8.0    6.0   0.12505E-04   0.46732E-06
      8      3    5.0    4.0   0.44141E-06   0.16496E-07
      8      4    5.0    6.0   0.14189E-10   0.53026E-12
      8      7    5.0    4.0   0.40622E-08   0.15181E-09
      4      3    6.0    4.0   0.62155E-02   0.23229E-03
      4      7    6.0    4.0   0.33490E-07   0.12516E-08
      7      2    4.0    2.0   0.37958E-02   0.14186E-03
      7      3    4.0    4.0   0.14146E-02   0.52867E-04
      7      6    4.0    2.0   0.26526E-01   0.99135E-03
      3      2    4.0    2.0   0.84615E+00   0.31623E-01
      3      6    4.0    2.0   0.10689E-02   0.39948E-04
      6      1    2.0    0.0   0.84206E-01   0.31470E-02
      6      2    2.0    2.0   0.74272E+00   0.27757E-01
      2      1    2.0    0.0   0.26758E+02   0.10000E+01


                                                  CALCULATED YIELDS

     EXPERIMENT  1  DETECTOR  1
     ENERGY     43.000 MEV  THETA 154.000 DEG

     NI     NF     II     IF     YIELD     NORMALIZED YIELD

      5      4    8.0    6.0   0.12425E-04   0.46982E-06
      8      3    5.0    4.0   0.38622E-06   0.14604E-07
      8      4    5.0    6.0   0.12415E-10   0.46944E-12
      8      7    5.0    4.0   0.35543E-08   0.13440E-09
      4      3    6.0    4.0   0.62021E-02   0.23452E-03
      4      7    6.0    4.0   0.33420E-07   0.12637E-08
      7      2    4.0    2.0   0.37672E-02   0.14245E-03
      7      3    4.0    4.0   0.14079E-02   0.53239E-04
      7      6    4.0    2.0   0.26327E-01   0.99552E-03
      3      2    4.0    2.0   0.84264E+00   0.31863E-01
      3      6    4.0    2.0   0.10646E-02   0.40256E-04
      6      1    2.0    0.0   0.84000E-01   0.31764E-02
      6      2    2.0    2.0   0.74608E+00   0.28212E-01
      2      1    2.0    0.0   0.26445E+02   0.10000E+01


                                                  CALCULATED YIELDS

     EXPERIMENT  1  DETECTOR  1
     ENERGY     43.000 MEV  THETA 156.000 DEG

     NI     NF     II     IF     YIELD     NORMALIZED YIELD

      5      4    8.0    6.0   0.12339E-04   0.47171E-06
      8      3    5.0    4.0   0.33355E-06   0.12752E-07
      8      4    5.0    6.0   0.10721E-10   0.40988E-12
      8      7    5.0    4.0   0.30695E-08   0.11735E-09
      4      3    6.0    4.0   0.61871E-02   0.23654E-03
      4      7    6.0    4.0   0.33342E-07   0.12747E-08
      7      2    4.0    2.0   0.37396E-02   0.14297E-03
      7      3    4.0    4.0   0.14014E-02   0.53577E-04
      7      6    4.0    2.0   0.26134E-01   0.99913E-03
      3      2    4.0    2.0   0.83925E+00   0.32085E-01
      3      6    4.0    2.0   0.10604E-02   0.40540E-04
      6      1    2.0    0.0   0.83800E-01   0.32037E-02
      6      2    2.0    2.0   0.74920E+00   0.28642E-01
      2      1    2.0    0.0   0.26157E+02   0.10000E+01


                                                  CALCULATED YIELDS

     EXPERIMENT  1  DETECTOR  1
     ENERGY     43.000 MEV  THETA 158.000 DEG

     NI     NF     II     IF     YIELD     NORMALIZED YIELD

      5      4    8.0    6.0   0.12249E-04   0.47307E-06
      8      3    5.0    4.0   0.28374E-06   0.10959E-07
      8      4    5.0    6.0   0.91202E-11   0.35224E-12
      8      7    5.0    4.0   0.26111E-08   0.10085E-09
      4      3    6.0    4.0   0.61710E-02   0.23833E-03
      4      7    6.0    4.0   0.33258E-07   0.12845E-08
      7      2    4.0    2.0   0.37132E-02   0.14341E-03
      7      3    4.0    4.0   0.13951E-02   0.53880E-04
      7      6    4.0    2.0   0.25950E-01   0.10022E-02
      3      2    4.0    2.0   0.83601E+00   0.32288E-01
      3      6    4.0    2.0   0.10564E-02   0.40800E-04
      6      1    2.0    0.0   0.83607E-01   0.32290E-02
      6      2    2.0    2.0   0.75206E+00   0.29046E-01
      2      1    2.0    0.0   0.25892E+02   0.10000E+01


                                                  CALCULATED YIELDS

     EXPERIMENT  1  DETECTOR  1
     ENERGY     43.000 MEV  THETA 160.000 DEG

     NI     NF     II     IF     YIELD     NORMALIZED YIELD

      5      4    8.0    6.0   0.12158E-04   0.47398E-06
      8      3    5.0    4.0   0.23716E-06   0.92455E-08
      8      4    5.0    6.0   0.76217E-11   0.29713E-12
      8      7    5.0    4.0   0.21822E-08   0.85071E-10
      4      3    6.0    4.0   0.61545E-02   0.23993E-03
      4      7    6.0    4.0   0.33171E-07   0.12932E-08
      7      2    4.0    2.0   0.36883E-02   0.14379E-03
      7      3    4.0    4.0   0.13890E-02   0.54151E-04
      7      6    4.0    2.0   0.25777E-01   0.10049E-02
      3      2    4.0    2.0   0.83295E+00   0.32472E-01
      3      6    4.0    2.0   0.10526E-02   0.41036E-04
      6      1    2.0    0.0   0.83424E-01   0.32523E-02
      6      2    2.0    2.0   0.75468E+00   0.29421E-01
      2      1    2.0    0.0   0.25651E+02   0.10000E+01


                                                  CALCULATED YIELDS

     EXPERIMENT  1  DETECTOR  1
     ENERGY     44.000 MEV  THETA 132.000 DEG

     NI     NF     II     IF     YIELD     NORMALIZED YIELD

      5      4    8.0    6.0   0.17419E-04   0.53902E-06
      8      3    5.0    4.0   0.13437E-05   0.41581E-07
      8      4    5.0    6.0   0.43158E-10   0.13355E-11
      8      7    5.0    4.0   0.12368E-07   0.38272E-09
      4      3    6.0    4.0   0.76919E-02   0.23802E-03
      4      7    6.0    4.0   0.41406E-07   0.12813E-08
      7      2    4.0    2.0   0.48726E-02   0.15078E-03
      7      3    4.0    4.0   0.17566E-02   0.54356E-04
      7      6    4.0    2.0   0.34045E-01   0.10535E-02
      3      2    4.0    2.0   0.99652E+00   0.30837E-01
      3      6    4.0    2.0   0.12575E-02   0.38911E-04
      6      1    2.0    0.0   0.95425E-01   0.29529E-02
      6      2    2.0    2.0   0.77199E+00   0.23889E-01
      2      1    2.0    0.0   0.32316E+02   0.10000E+01


                                                  CALCULATED YIELDS

     EXPERIMENT  1  DETECTOR  1
     ENERGY     44.000 MEV  THETA 134.000 DEG

     NI     NF     II     IF     YIELD     NORMALIZED YIELD

      5      4    8.0    6.0   0.17603E-04   0.55464E-06
      8      3    5.0    4.0   0.12700E-05   0.40013E-07
      8      4    5.0    6.0   0.40795E-10   0.12853E-11
      8      7    5.0    4.0   0.11689E-07   0.36828E-09
      4      3    6.0    4.0   0.77441E-02   0.24400E-03
      4      7    6.0    4.0   0.41691E-07   0.13136E-08
      7      2    4.0    2.0   0.48494E-02   0.15279E-03
      7      3    4.0    4.0   0.17544E-02   0.55277E-04
      7      6    4.0    2.0   0.33884E-01   0.10676E-02
      3      2    4.0    2.0   0.99411E+00   0.31322E-01
      3      6    4.0    2.0   0.12546E-02   0.39528E-04
      6      1    2.0    0.0   0.95351E-01   0.30043E-02
      6      2    2.0    2.0   0.77857E+00   0.24531E-01
      2      1    2.0    0.0   0.31738E+02   0.10000E+01


                                                  CALCULATED YIELDS

     EXPERIMENT  1  DETECTOR  1
     ENERGY     44.000 MEV  THETA 136.000 DEG

     NI     NF     II     IF     YIELD     NORMALIZED YIELD

      5      4    8.0    6.0   0.17749E-04   0.56910E-06
      8      3    5.0    4.0   0.11938E-05   0.38279E-07
      8      4    5.0    6.0   0.38354E-10   0.12298E-11
      8      7    5.0    4.0   0.10988E-07   0.35231E-09
      4      3    6.0    4.0   0.77869E-02   0.24968E-03
      4      7    6.0    4.0   0.41925E-07   0.13443E-08
      7      2    4.0    2.0   0.48239E-02   0.15467E-03
      7      3    4.0    4.0   0.17513E-02   0.56154E-04
      7      6    4.0    2.0   0.33706E-01   0.10808E-02
      3      2    4.0    2.0   0.99134E+00   0.31787E-01
      3      6    4.0    2.0   0.12512E-02   0.40119E-04
      6      1    2.0    0.0   0.95250E-01   0.30541E-02
      6      2    2.0    2.0   0.78489E+00   0.25167E-01
      2      1    2.0    0.0   0.31187E+02   0.10000E+01


                                                  CALCULATED YIELDS

     EXPERIMENT  1  DETECTOR  1
     ENERGY     44.000 MEV  THETA 138.000 DEG

     NI     NF     II     IF     YIELD     NORMALIZED YIELD

      5      4    8.0    6.0   0.17858E-04   0.58238E-06
      8      3    5.0    4.0   0.11159E-05   0.36393E-07
      8      4    5.0    6.0   0.35854E-10   0.11693E-11
      8      7    5.0    4.0   0.10271E-07   0.33495E-09
      4      3    6.0    4.0   0.78209E-02   0.25506E-03
      4      7    6.0    4.0   0.42112E-07   0.13734E-08
      7      2    4.0    2.0   0.47963E-02   0.15642E-03
      7      3    4.0    4.0   0.17473E-02   0.56985E-04
      7      6    4.0    2.0   0.33514E-01   0.10930E-02
      3      2    4.0    2.0   0.98827E+00   0.32230E-01
      3      6    4.0    2.0   0.12475E-02   0.40683E-04
      6      1    2.0    0.0   0.95125E-01   0.31023E-02
      6      2    2.0    2.0   0.79096E+00   0.25795E-01
      2      1    2.0    0.0   0.30663E+02   0.10000E+01


                                                  CALCULATED YIELDS

     EXPERIMENT  1  DETECTOR  1
     ENERGY     44.000 MEV  THETA 140.000 DEG

     NI     NF     II     IF     YIELD     NORMALIZED YIELD

      5      4    8.0    6.0   0.17931E-04   0.59444E-06
      8      3    5.0    4.0   0.10368E-05   0.34372E-07
      8      4    5.0    6.0   0.33317E-10   0.11045E-11
      8      7    5.0    4.0   0.95427E-08   0.31635E-09
      4      3    6.0    4.0   0.78468E-02   0.26013E-03
      4      7    6.0    4.0   0.42256E-07   0.14008E-08
      7      2    4.0    2.0   0.47670E-02   0.15803E-03
      7      3    4.0    4.0   0.17427E-02   0.57770E-04
      7      6    4.0    2.0   0.33310E-01   0.11043E-02
      3      2    4.0    2.0   0.98494E+00   0.32652E-01
      3      6    4.0    2.0   0.12434E-02   0.41220E-04
      6      1    2.0    0.0   0.94979E-01   0.31486E-02
      6      2    2.0    2.0   0.79677E+00   0.26414E-01
      2      1    2.0    0.0   0.30165E+02   0.10000E+01


                                                  CALCULATED YIELDS

     EXPERIMENT  1  DETECTOR  1
     ENERGY     44.000 MEV  THETA 142.000 DEG

     NI     NF     II     IF     YIELD     NORMALIZED YIELD

      5      4    8.0    6.0   0.17973E-04   0.60528E-06
      8      3    5.0    4.0   0.95720E-06   0.32236E-07
      8      4    5.0    6.0   0.30759E-10   0.10359E-11
      8      7    5.0    4.0   0.88095E-08   0.29668E-09
      4      3    6.0    4.0   0.78653E-02   0.26489E-03
      4      7    6.0    4.0   0.42359E-07   0.14266E-08
      7      2    4.0    2.0   0.47364E-02   0.15951E-03
      7      3    4.0    4.0   0.17373E-02   0.58509E-04
      7      6    4.0    2.0   0.33097E-01   0.11146E-02
      3      2    4.0    2.0   0.98142E+00   0.33052E-01
      3      6    4.0    2.0   0.12391E-02   0.41730E-04
      6      1    2.0    0.0   0.94817E-01   0.31932E-02
      6      2    2.0    2.0   0.80232E+00   0.27020E-01
      2      1    2.0    0.0   0.29693E+02   0.10000E+01


                                                  CALCULATED YIELDS

     EXPERIMENT  1  DETECTOR  1
     ENERGY     44.000 MEV  THETA 144.000 DEG

     NI     NF     II     IF     YIELD     NORMALIZED YIELD

      5      4    8.0    6.0   0.17985E-04   0.61493E-06
      8      3    5.0    4.0   0.87756E-06   0.30005E-07
      8      4    5.0    6.0   0.28201E-10   0.96424E-12
      8      7    5.0    4.0   0.80764E-08   0.27614E-09
      4      3    6.0    4.0   0.78771E-02   0.26933E-03
      4      7    6.0    4.0   0.42427E-07   0.14506E-08
      7      2    4.0    2.0   0.47048E-02   0.16086E-03
      7      3    4.0    4.0   0.17315E-02   0.59202E-04
      7      6    4.0    2.0   0.32877E-01   0.11241E-02
      3      2    4.0    2.0   0.97775E+00   0.33431E-01
      3      6    4.0    2.0   0.12346E-02   0.42213E-04
      6      1    2.0    0.0   0.94640E-01   0.32359E-02
      6      2    2.0    2.0   0.80759E+00   0.27613E-01
      2      1    2.0    0.0   0.29247E+02   0.10000E+01


                                                  CALCULATED YIELDS

     EXPERIMENT  1  DETECTOR  1
     ENERGY     44.000 MEV  THETA 146.000 DEG

     NI     NF     II     IF     YIELD     NORMALIZED YIELD

      5      4    8.0    6.0   0.17970E-04   0.62339E-06
      8      3    5.0    4.0   0.79850E-06   0.27700E-07
      8      4    5.0    6.0   0.25662E-10   0.89021E-12
      8      7    5.0    4.0   0.73488E-08   0.25493E-09
      4      3    6.0    4.0   0.78829E-02   0.27346E-03
      4      7    6.0    4.0   0.42462E-07   0.14730E-08
      7      2    4.0    2.0   0.46726E-02   0.16209E-03
      7      3    4.0    4.0   0.17252E-02   0.59848E-04
      7      6    4.0    2.0   0.32652E-01   0.11327E-02
      3      2    4.0    2.0   0.97399E+00   0.33788E-01
      3      6    4.0    2.0   0.12300E-02   0.42669E-04
      6      1    2.0    0.0   0.94452E-01   0.32766E-02
      6      2    2.0    2.0   0.81260E+00   0.28189E-01
      2      1    2.0    0.0   0.28827E+02   0.10000E+01


                                                  CALCULATED YIELDS

     EXPERIMENT  1  DETECTOR  1
     ENERGY     44.000 MEV  THETA 148.000 DEG

     NI     NF     II     IF     YIELD     NORMALIZED YIELD

      5      4    8.0    6.0   0.17932E-04   0.63072E-06
      8      3    5.0    4.0   0.72060E-06   0.25345E-07
      8      4    5.0    6.0   0.23159E-10   0.81454E-12
      8      7    5.0    4.0   0.66317E-08   0.23325E-09
      4      3    6.0    4.0   0.78835E-02   0.27728E-03
      4      7    6.0    4.0   0.42469E-07   0.14937E-08
      7      2    4.0    2.0   0.46401E-02   0.16320E-03
      7      3    4.0    4.0   0.17186E-02   0.60448E-04
      7      6    4.0    2.0   0.32425E-01   0.11405E-02
      3      2    4.0    2.0   0.97017E+00   0.34123E-01
      3      6    4.0    2.0   0.12253E-02   0.43097E-04
      6      1    2.0    0.0   0.94257E-01   0.33152E-02
      6      2    2.0    2.0   0.81732E+00   0.28747E-01
      2      1    2.0    0.0   0.28431E+02   0.10000E+01


                                                  CALCULATED YIELDS

     EXPERIMENT  1  DETECTOR  1
     ENERGY     44.000 MEV  THETA 150.000 DEG

     NI     NF     II     IF     YIELD     NORMALIZED YIELD

      5      4    8.0    6.0   0.17874E-04   0.63697E-06
      8      3    5.0    4.0   0.64440E-06   0.22964E-07
      8      4    5.0    6.0   0.20710E-10   0.73802E-12
      8      7    5.0    4.0   0.59304E-08   0.21134E-09
      4      3    6.0    4.0   0.78796E-02   0.28080E-03
      4      7    6.0    4.0   0.42452E-07   0.15128E-08
      7      2    4.0    2.0   0.46075E-02   0.16420E-03
      7      3    4.0    4.0   0.17118E-02   0.61004E-04
      7      6    4.0    2.0   0.32198E-01   0.11474E-02
      3      2    4.0    2.0   0.96635E+00   0.34437E-01
      3      6    4.0    2.0   0.12206E-02   0.43498E-04
      6      1    2.0    0.0   0.94058E-01   0.33519E-02
      6      2    2.0    2.0   0.82177E+00   0.29285E-01
      2      1    2.0    0.0   0.28061E+02   0.10000E+01


                                                  CALCULATED YIELDS

     EXPERIMENT  1  DETECTOR  1
     ENERGY     44.000 MEV  THETA 152.000 DEG

     NI     NF     II     IF     YIELD     NORMALIZED YIELD

      5      4    8.0    6.0   0.17800E-04   0.64221E-06
      8      3    5.0    4.0   0.57043E-06   0.20581E-07
      8      4    5.0    6.0   0.18333E-10   0.66144E-12
      8      7    5.0    4.0   0.52496E-08   0.18940E-09
      4      3    6.0    4.0   0.78720E-02   0.28402E-03
      4      7    6.0    4.0   0.42414E-07   0.15303E-08
      7      2    4.0    2.0   0.45754E-02   0.16508E-03
      7      3    4.0    4.0   0.17050E-02   0.61514E-04
      7      6    4.0    2.0   0.31974E-01   0.11536E-02
      3      2    4.0    2.0   0.96257E+00   0.34729E-01
      3      6    4.0    2.0   0.12160E-02   0.43872E-04
      6      1    2.0    0.0   0.93857E-01   0.33864E-02
      6      2    2.0    2.0   0.82593E+00   0.29800E-01
      2      1    2.0    0.0   0.27716E+02   0.10000E+01


                                                  CALCULATED YIELDS

     EXPERIMENT  1  DETECTOR  1
     ENERGY     44.000 MEV  THETA 154.000 DEG

     NI     NF     II     IF     YIELD     NORMALIZED YIELD

      5      4    8.0    6.0   0.17712E-04   0.64651E-06
      8      3    5.0    4.0   0.49920E-06   0.18222E-07
      8      4    5.0    6.0   0.16043E-10   0.58561E-12
      8      7    5.0    4.0   0.45940E-08   0.16769E-09
      4      3    6.0    4.0   0.78613E-02   0.28695E-03
      4      7    6.0    4.0   0.42360E-07   0.15462E-08
      7      2    4.0    2.0   0.45440E-02   0.16586E-03
      7      3    4.0    4.0   0.16980E-02   0.61982E-04
      7      6    4.0    2.0   0.31755E-01   0.11591E-02
      3      2    4.0    2.0   0.95887E+00   0.35000E-01
      3      6    4.0    2.0   0.12114E-02   0.44219E-04
      6      1    2.0    0.0   0.93658E-01   0.34187E-02
      6      2    2.0    2.0   0.82982E+00   0.30290E-01
      2      1    2.0    0.0   0.27396E+02   0.10000E+01


                                                  CALCULATED YIELDS

     EXPERIMENT  1  DETECTOR  1
     ENERGY     44.000 MEV  THETA 156.000 DEG

     NI     NF     II     IF     YIELD     NORMALIZED YIELD

      5      4    8.0    6.0   0.17614E-04   0.64996E-06
      8      3    5.0    4.0   0.43119E-06   0.15911E-07
      8      4    5.0    6.0   0.13857E-10   0.51134E-12
      8      7    5.0    4.0   0.39681E-08   0.14642E-09
      4      3    6.0    4.0   0.78482E-02   0.28960E-03
      4      7    6.0    4.0   0.42293E-07   0.15606E-08
      7      2    4.0    2.0   0.45135E-02   0.16655E-03
      7      3    4.0    4.0   0.16912E-02   0.62407E-04
      7      6    4.0    2.0   0.31543E-01   0.11639E-02
      3      2    4.0    2.0   0.95528E+00   0.35250E-01
      3      6    4.0    2.0   0.12070E-02   0.44538E-04
      6      1    2.0    0.0   0.93462E-01   0.34488E-02
      6      2    2.0    2.0   0.83342E+00   0.30753E-01
      2      1    2.0    0.0   0.27100E+02   0.10000E+01


                                                  CALCULATED YIELDS

     EXPERIMENT  1  DETECTOR  1
     ENERGY     44.000 MEV  THETA 158.000 DEG

     NI     NF     II     IF     YIELD     NORMALIZED YIELD

      5      4    8.0    6.0   0.17510E-04   0.65265E-06
      8      3    5.0    4.0   0.36686E-06   0.13674E-07
      8      4    5.0    6.0   0.11790E-10   0.43944E-12
      8      7    5.0    4.0   0.33760E-08   0.12584E-09
      4      3    6.0    4.0   0.78335E-02   0.29198E-03
      4      7    6.0    4.0   0.42217E-07   0.15736E-08
      7      2    4.0    2.0   0.44843E-02   0.16715E-03
      7      3    4.0    4.0   0.16846E-02   0.62791E-04
      7      6    4.0    2.0   0.31339E-01   0.11681E-02
      3      2    4.0    2.0   0.95185E+00   0.35479E-01
      3      6    4.0    2.0   0.12028E-02   0.44831E-04
      6      1    2.0    0.0   0.93273E-01   0.34766E-02
      6      2    2.0    2.0   0.83673E+00   0.31188E-01
      2      1    2.0    0.0   0.26828E+02   0.10000E+01


                                                  CALCULATED YIELDS

     EXPERIMENT  1  DETECTOR  1
     ENERGY     44.000 MEV  THETA 160.000 DEG

     NI     NF     II     IF     YIELD     NORMALIZED YIELD

      5      4    8.0    6.0   0.17402E-04   0.65468E-06
      8      3    5.0    4.0   0.30663E-06   0.11536E-07
      8      4    5.0    6.0   0.98539E-11   0.37071E-12
      8      7    5.0    4.0   0.28218E-08   0.10616E-09
      4      3    6.0    4.0   0.78177E-02   0.29411E-03
      4      7    6.0    4.0   0.42135E-07   0.15852E-08
      7      2    4.0    2.0   0.44567E-02   0.16767E-03
      7      3    4.0    4.0   0.16782E-02   0.63136E-04
      7      6    4.0    2.0   0.31147E-01   0.11718E-02
      3      2    4.0    2.0   0.94860E+00   0.35687E-01
      3      6    4.0    2.0   0.11988E-02   0.45098E-04
      6      1    2.0    0.0   0.93092E-01   0.35022E-02
      6      2    2.0    2.0   0.83976E+00   0.31592E-01
      2      1    2.0    0.0   0.26581E+02   0.10000E+01


                                                  CALCULATED YIELDS

     EXPERIMENT  1  DETECTOR  1
     ENERGY     45.000 MEV  THETA 132.000 DEG

     NI     NF     II     IF     YIELD     NORMALIZED YIELD

      5      4    8.0    6.0   0.24077E-04   0.72153E-06
      8      3    5.0    4.0   0.17150E-05   0.51394E-07
      8      4    5.0    6.0   0.55071E-10   0.16504E-11
      8      7    5.0    4.0   0.15785E-07   0.47304E-09
      4      3    6.0    4.0   0.95653E-02   0.28665E-03
      4      7    6.0    4.0   0.51490E-07   0.15430E-08
      7      2    4.0    2.0   0.57845E-02   0.17335E-03
      7      3    4.0    4.0   0.20848E-02   0.62476E-04
      7      6    4.0    2.0   0.40417E-01   0.12112E-02
      3      2    4.0    2.0   0.11236E+01   0.33671E-01
      3      6    4.0    2.0   0.14178E-02   0.42488E-04
      6      1    2.0    0.0   0.10555E+00   0.31630E-02
      6      2    2.0    2.0   0.85306E+00   0.25564E-01
      2      1    2.0    0.0   0.33369E+02   0.10000E+01


                                                  CALCULATED YIELDS

     EXPERIMENT  1  DETECTOR  1
     ENERGY     45.000 MEV  THETA 134.000 DEG

     NI     NF     II     IF     YIELD     NORMALIZED YIELD

      5      4    8.0    6.0   0.24369E-04   0.74348E-06
      8      3    5.0    4.0   0.16212E-05   0.49463E-07
      8      4    5.0    6.0   0.52068E-10   0.15886E-11
      8      7    5.0    4.0   0.14922E-07   0.45525E-09
      4      3    6.0    4.0   0.96392E-02   0.29409E-03
      4      7    6.0    4.0   0.51893E-07   0.15832E-08
      7      2    4.0    2.0   0.57621E-02   0.17580E-03
      7      3    4.0    4.0   0.20841E-02   0.63585E-04
      7      6    4.0    2.0   0.40261E-01   0.12284E-02
      3      2    4.0    2.0   0.11213E+01   0.34211E-01
      3      6    4.0    2.0   0.14151E-02   0.43173E-04
      6      1    2.0    0.0   0.10551E+00   0.32192E-02
      6      2    2.0    2.0   0.86061E+00   0.26257E-01
      2      1    2.0    0.0   0.32777E+02   0.10000E+01


                                                  CALCULATED YIELDS

     EXPERIMENT  1  DETECTOR  1
     ENERGY     45.000 MEV  THETA 136.000 DEG

     NI     NF     II     IF     YIELD     NORMALIZED YIELD

      5      4    8.0    6.0   0.24608E-04   0.76395E-06
      8      3    5.0    4.0   0.15244E-05   0.47324E-07
      8      4    5.0    6.0   0.48964E-10   0.15201E-11
      8      7    5.0    4.0   0.14030E-07   0.43556E-09
      4      3    6.0    4.0   0.97015E-02   0.30118E-03
      4      7    6.0    4.0   0.52233E-07   0.16216E-08
      7      2    4.0    2.0   0.57367E-02   0.17810E-03
      7      3    4.0    4.0   0.20823E-02   0.64644E-04
      7      6    4.0    2.0   0.40085E-01   0.12444E-02
      3      2    4.0    2.0   0.11186E+01   0.34727E-01
      3      6    4.0    2.0   0.14118E-02   0.43829E-04
      6      1    2.0    0.0   0.10545E+00   0.32736E-02
      6      2    2.0    2.0   0.86787E+00   0.26943E-01
      2      1    2.0    0.0   0.32211E+02   0.10000E+01


                                                  CALCULATED YIELDS

     EXPERIMENT  1  DETECTOR  1
     ENERGY     45.000 MEV  THETA 138.000 DEG

     NI     NF     II     IF     YIELD     NORMALIZED YIELD

      5      4    8.0    6.0   0.24797E-04   0.78288E-06
      8      3    5.0    4.0   0.14252E-05   0.44997E-07
      8      4    5.0    6.0   0.45784E-10   0.14455E-11
      8      7    5.0    4.0   0.13117E-07   0.41414E-09
      4      3    6.0    4.0   0.97528E-02   0.30792E-03
      4      7    6.0    4.0   0.52514E-07   0.16580E-08
      7      2    4.0    2.0   0.57087E-02   0.18024E-03
      7      3    4.0    4.0   0.20794E-02   0.65650E-04
      7      6    4.0    2.0   0.39890E-01   0.12594E-02
      3      2    4.0    2.0   0.11155E+01   0.35220E-01
      3      6    4.0    2.0   0.14081E-02   0.44457E-04
      6      1    2.0    0.0   0.10535E+00   0.33262E-02
      6      2    2.0    2.0   0.87483E+00   0.27620E-01
      2      1    2.0    0.0   0.31674E+02   0.10000E+01


                                                  CALCULATED YIELDS

     EXPERIMENT  1  DETECTOR  1
     ENERGY     45.000 MEV  THETA 140.000 DEG

     NI     NF     II     IF     YIELD     NORMALIZED YIELD

      5      4    8.0    6.0   0.24937E-04   0.80022E-06
      8      3    5.0    4.0   0.13245E-05   0.42504E-07
      8      4    5.0    6.0   0.42553E-10   0.13655E-11
      8      7    5.0    4.0   0.12190E-07   0.39119E-09
      4      3    6.0    4.0   0.97940E-02   0.31429E-03
      4      7    6.0    4.0   0.52741E-07   0.16924E-08
      7      2    4.0    2.0   0.56786E-02   0.18222E-03
      7      3    4.0    4.0   0.20755E-02   0.66603E-04
      7      6    4.0    2.0   0.39680E-01   0.12733E-02
      3      2    4.0    2.0   0.11122E+01   0.35689E-01
      3      6    4.0    2.0   0.14040E-02   0.45055E-04
      6      1    2.0    0.0   0.10523E+00   0.33769E-02
      6      2    2.0    2.0   0.88150E+00   0.28287E-01
      2      1    2.0    0.0   0.31163E+02   0.10000E+01


                                                  CALCULATED YIELDS

     EXPERIMENT  1  DETECTOR  1
     ENERGY     45.000 MEV  THETA 142.000 DEG

     NI     NF     II     IF     YIELD     NORMALIZED YIELD

      5      4    8.0    6.0   0.25033E-04   0.81597E-06
      8      3    5.0    4.0   0.12231E-05   0.39866E-07
      8      4    5.0    6.0   0.39295E-10   0.12808E-11
      8      7    5.0    4.0   0.11256E-07   0.36691E-09
      4      3    6.0    4.0   0.98259E-02   0.32028E-03
      4      7    6.0    4.0   0.52918E-07   0.17249E-08
      7      2    4.0    2.0   0.56466E-02   0.18406E-03
      7      3    4.0    4.0   0.20709E-02   0.67502E-04
      7      6    4.0    2.0   0.39457E-01   0.12861E-02
      3      2    4.0    2.0   0.11086E+01   0.36135E-01
      3      6    4.0    2.0   0.13997E-02   0.45623E-04
      6      1    2.0    0.0   0.10509E+00   0.34256E-02
      6      2    2.0    2.0   0.88786E+00   0.28940E-01
      2      1    2.0    0.0   0.30679E+02   0.10000E+01


                                                  CALCULATED YIELDS

     EXPERIMENT  1  DETECTOR  1
     ENERGY     45.000 MEV  THETA 144.000 DEG

     NI     NF     II     IF     YIELD     NORMALIZED YIELD

      5      4    8.0    6.0   0.25088E-04   0.83014E-06
      8      3    5.0    4.0   0.11215E-05   0.37110E-07
      8      4    5.0    6.0   0.36035E-10   0.11924E-11
      8      7    5.0    4.0   0.10322E-07   0.34154E-09
      4      3    6.0    4.0   0.98493E-02   0.32590E-03
      4      7    6.0    4.0   0.53049E-07   0.17553E-08
      7      2    4.0    2.0   0.56133E-02   0.18574E-03
      7      3    4.0    4.0   0.20656E-02   0.68347E-04
      7      6    4.0    2.0   0.39225E-01   0.12979E-02
      3      2    4.0    2.0   0.11048E+01   0.36557E-01
      3      6    4.0    2.0   0.13951E-02   0.46161E-04
      6      1    2.0    0.0   0.10494E+00   0.34723E-02
      6      2    2.0    2.0   0.89390E+00   0.29578E-01
      2      1    2.0    0.0   0.30221E+02   0.10000E+01


                                                  CALCULATED YIELDS

     EXPERIMENT  1  DETECTOR  1
     ENERGY     45.000 MEV  THETA 146.000 DEG

     NI     NF     II     IF     YIELD     NORMALIZED YIELD

      5      4    8.0    6.0   0.25105E-04   0.84274E-06
      8      3    5.0    4.0   0.10207E-05   0.34263E-07
      8      4    5.0    6.0   0.32796E-10   0.11009E-11
      8      7    5.0    4.0   0.93937E-08   0.31533E-09
      4      3    6.0    4.0   0.98650E-02   0.33115E-03
      4      7    6.0    4.0   0.53138E-07   0.17837E-08
      7      2    4.0    2.0   0.55791E-02   0.18728E-03
      7      3    4.0    4.0   0.20596E-02   0.69138E-04
      7      6    4.0    2.0   0.38986E-01   0.13087E-02
      3      2    4.0    2.0   0.11009E+01   0.36956E-01
      3      6    4.0    2.0   0.13903E-02   0.46669E-04
      6      1    2.0    0.0   0.10477E+00   0.35168E-02
      6      2    2.0    2.0   0.89964E+00   0.30199E-01
      2      1    2.0    0.0   0.29790E+02   0.10000E+01


                                                  CALCULATED YIELDS

     EXPERIMENT  1  DETECTOR  1
     ENERGY     45.000 MEV  THETA 148.000 DEG

     NI     NF     II     IF     YIELD     NORMALIZED YIELD

      5      4    8.0    6.0   0.25090E-04   0.85382E-06
      8      3    5.0    4.0   0.92129E-06   0.31352E-07
      8      4    5.0    6.0   0.29603E-10   0.10074E-11
      8      7    5.0    4.0   0.84787E-08   0.28854E-09
      4      3    6.0    4.0   0.98740E-02   0.33602E-03
      4      7    6.0    4.0   0.53192E-07   0.18102E-08
      7      2    4.0    2.0   0.55443E-02   0.18867E-03
      7      3    4.0    4.0   0.20533E-02   0.69875E-04
      7      6    4.0    2.0   0.38744E-01   0.13185E-02
      3      2    4.0    2.0   0.10970E+01   0.37330E-01
      3      6    4.0    2.0   0.13854E-02   0.47147E-04
      6      1    2.0    0.0   0.10459E+00   0.35591E-02
      6      2    2.0    2.0   0.90505E+00   0.30800E-01
      2      1    2.0    0.0   0.29385E+02   0.10000E+01


                                                  CALCULATED YIELDS

     EXPERIMENT  1  DETECTOR  1
     ENERGY     45.000 MEV  THETA 150.000 DEG

     NI     NF     II     IF     YIELD     NORMALIZED YIELD

      5      4    8.0    6.0   0.25045E-04   0.86346E-06
      8      3    5.0    4.0   0.82401E-06   0.28408E-07
      8      4    5.0    6.0   0.26477E-10   0.91282E-12
      8      7    5.0    4.0   0.75834E-08   0.26144E-09
      4      3    6.0    4.0   0.98771E-02   0.34052E-03
      4      7    6.0    4.0   0.53213E-07   0.18346E-08
      7      2    4.0    2.0   0.55093E-02   0.18994E-03
      7      3    4.0    4.0   0.20466E-02   0.70559E-04
      7      6    4.0    2.0   0.38500E-01   0.13273E-02
      3      2    4.0    2.0   0.10930E+01   0.37681E-01
      3      6    4.0    2.0   0.13805E-02   0.47595E-04
      6      1    2.0    0.0   0.10440E+00   0.35992E-02
      6      2    2.0    2.0   0.91015E+00   0.31378E-01
      2      1    2.0    0.0   0.29006E+02   0.10000E+01


                                                  CALCULATED YIELDS

     EXPERIMENT  1  DETECTOR  1
     ENERGY     45.000 MEV  THETA 152.000 DEG

     NI     NF     II     IF     YIELD     NORMALIZED YIELD

      5      4    8.0    6.0   0.24976E-04   0.87171E-06
      8      3    5.0    4.0   0.72955E-06   0.25462E-07
      8      4    5.0    6.0   0.23442E-10   0.81815E-12
      8      7    5.0    4.0   0.67139E-08   0.23432E-09
      4      3    6.0    4.0   0.98753E-02   0.34466E-03
      4      7    6.0    4.0   0.53208E-07   0.18570E-08
      7      2    4.0    2.0   0.54745E-02   0.19107E-03
      7      3    4.0    4.0   0.20398E-02   0.71190E-04
      7      6    4.0    2.0   0.38257E-01   0.13352E-02
      3      2    4.0    2.0   0.10890E+01   0.38008E-01
      3      6    4.0    2.0   0.13757E-02   0.48013E-04
      6      1    2.0    0.0   0.10421E+00   0.36370E-02
      6      2    2.0    2.0   0.91492E+00   0.31932E-01
      2      1    2.0    0.0   0.28652E+02   0.10000E+01


                                                  CALCULATED YIELDS

     EXPERIMENT  1  DETECTOR  1
     ENERGY     45.000 MEV  THETA 154.000 DEG

     NI     NF     II     IF     YIELD     NORMALIZED YIELD

      5      4    8.0    6.0   0.24888E-04   0.87868E-06
      8      3    5.0    4.0   0.63854E-06   0.22544E-07
      8      4    5.0    6.0   0.20518E-10   0.72439E-12
      8      7    5.0    4.0   0.58764E-08   0.20747E-09
      4      3    6.0    4.0   0.98692E-02   0.34844E-03
      4      7    6.0    4.0   0.53180E-07   0.18776E-08
      7      2    4.0    2.0   0.54403E-02   0.19208E-03
      7      3    4.0    4.0   0.20328E-02   0.71769E-04
      7      6    4.0    2.0   0.38019E-01   0.13423E-02
      3      2    4.0    2.0   0.10851E+01   0.38312E-01
      3      6    4.0    2.0   0.13709E-02   0.48401E-04
      6      1    2.0    0.0   0.10402E+00   0.36724E-02
      6      2    2.0    2.0   0.91937E+00   0.32459E-01
      2      1    2.0    0.0   0.28324E+02   0.10000E+01


                                                  CALCULATED YIELDS

     EXPERIMENT  1  DETECTOR  1
     ENERGY     45.000 MEV  THETA 156.000 DEG

     NI     NF     II     IF     YIELD     NORMALIZED YIELD

      5      4    8.0    6.0   0.24784E-04   0.88448E-06
      8      3    5.0    4.0   0.55163E-06   0.19686E-07
      8      4    5.0    6.0   0.17725E-10   0.63255E-12
      8      7    5.0    4.0   0.50765E-08   0.18117E-09
      4      3    6.0    4.0   0.98599E-02   0.35188E-03
      4      7    6.0    4.0   0.53134E-07   0.18962E-08
      7      2    4.0    2.0   0.54071E-02   0.19297E-03
      7      3    4.0    4.0   0.20258E-02   0.72298E-04
      7      6    4.0    2.0   0.37788E-01   0.13486E-02
      3      2    4.0    2.0   0.10814E+01   0.38591E-01
      3      6    4.0    2.0   0.13663E-02   0.48759E-04
      6      1    2.0    0.0   0.10383E+00   0.37055E-02
      6      2    2.0    2.0   0.92350E+00   0.32958E-01
      2      1    2.0    0.0   0.28021E+02   0.10000E+01


                                                  CALCULATED YIELDS

     EXPERIMENT  1  DETECTOR  1
     ENERGY     45.000 MEV  THETA 158.000 DEG

     NI     NF     II     IF     YIELD     NORMALIZED YIELD

      5      4    8.0    6.0   0.24669E-04   0.88920E-06
      8      3    5.0    4.0   0.46939E-06   0.16919E-07
      8      4    5.0    6.0   0.15082E-10   0.54364E-12
      8      7    5.0    4.0   0.43196E-08   0.15570E-09
      4      3    6.0    4.0   0.98480E-02   0.35498E-03
      4      7    6.0    4.0   0.53074E-07   0.19131E-08
      7      2    4.0    2.0   0.53752E-02   0.19375E-03
      7      3    4.0    4.0   0.20190E-02   0.72777E-04
      7      6    4.0    2.0   0.37565E-01   0.13541E-02
      3      2    4.0    2.0   0.10777E+01   0.38848E-01
      3      6    4.0    2.0   0.13618E-02   0.49088E-04
      6      1    2.0    0.0   0.10365E+00   0.37360E-02
      6      2    2.0    2.0   0.92729E+00   0.33425E-01
      2      1    2.0    0.0   0.27743E+02   0.10000E+01


                                                  CALCULATED YIELDS

     EXPERIMENT  1  DETECTOR  1
     ENERGY     45.000 MEV  THETA 160.000 DEG

     NI     NF     II     IF     YIELD     NORMALIZED YIELD

      5      4    8.0    6.0   0.24547E-04   0.89298E-06
      8      3    5.0    4.0   0.39238E-06   0.14274E-07
      8      4    5.0    6.0   0.12607E-10   0.45862E-12
      8      7    5.0    4.0   0.36108E-08   0.13136E-09
      4      3    6.0    4.0   0.98344E-02   0.35776E-03
      4      7    6.0    4.0   0.53004E-07   0.19282E-08
      7      2    4.0    2.0   0.53449E-02   0.19444E-03
      7      3    4.0    4.0   0.20124E-02   0.73208E-04
      7      6    4.0    2.0   0.37354E-01   0.13589E-02
      3      2    4.0    2.0   0.10743E+01   0.39081E-01
      3      6    4.0    2.0   0.13576E-02   0.49386E-04
      6      1    2.0    0.0   0.10347E+00   0.37640E-02
      6      2    2.0    2.0   0.93076E+00   0.33859E-01
      2      1    2.0    0.0   0.27489E+02   0.10000E+01





     INTEGRATED RUTHERFORD CROSS SECTION=.8559E+03  FOR EXP. 1





                                                  INTEGRATED YIELDS

     EXPERIMENT  1  DETECTOR  1
     ENERGY RANGE   42.000---  45.000 MEV   SCATTERING ANGLE RANGE 132.000---160.000 DEG

     NI     NF     II     IF     YIELD     NORMALIZED YIELD

      5      4    8.0    6.0   0.11495E-04   0.53958E-06
      8      3    5.0    4.0   0.57844E-06   0.27152E-07
      8      4    5.0    6.0   0.18587E-10   0.87247E-12
      8      7    5.0    4.0   0.53236E-08   0.24989E-09
      4      3    6.0    4.0   0.52372E-02   0.24583E-03
      4      7    6.0    4.0   0.28208E-07   0.13241E-08
      7      2    4.0    2.0   0.31947E-02   0.14996E-03
      7      3    4.0    4.0   0.11754E-02   0.55171E-04
      7      6    4.0    2.0   0.22324E-01   0.10479E-02
      3      2    4.0    2.0   0.67919E+00   0.31881E-01
      3      6    4.0    2.0   0.85762E-03   0.40256E-04
      6      1    2.0    0.0   0.66339E-01   0.31139E-02
      6      2    2.0    2.0   0.56616E+00   0.26575E-01
      2      1    2.0    0.0   0.21304E+02   0.10000E+01


                                                  CALCULATED YIELDS

     EXPERIMENT  1  DETECTOR  1
     ENERGY     43.750 MEV  THETA 135.400 DEG

     NI     NF     II     IF     YIELD     NORMALIZED YIELD

      5      4    8.0    6.0   0.11436E-04   0.52391E-06
      8      3    5.0    4.0   0.80253E-06   0.36764E-07
      8      4    5.0    6.0   0.25783E-10   0.11811E-11
      8      7    5.0    4.0   0.73863E-08   0.33837E-09
      4      3    6.0    4.0   0.51605E-02   0.23640E-03
      4      7    6.0    4.0   0.27784E-07   0.12728E-08
      7      2    4.0    2.0   0.32455E-02   0.14868E-03
      7      3    4.0    4.0   0.11771E-02   0.53923E-04
      7      6    4.0    2.0   0.22677E-01   0.10388E-02
      3      2    4.0    2.0   0.67544E+00   0.30942E-01
      3      6    4.0    2.0   0.85247E-03   0.39052E-04
      6      1    2.0    0.0   0.65189E-01   0.29863E-02
      6      2    2.0    2.0   0.53587E+00   0.24548E-01
      2      1    2.0    0.0   0.21829E+02   0.10000E+01



          EXPERIMENT  1        DETECTOR  1

         NI     NF     YEXP        YCOR        COR.F

        4        3   .166E+04    .160E+04    .962E+00
        7        6   .625E+04    .620E+04    .991E+00
        3        2   .149E+06    .145E+06    .971E+00
        6        1   .143E+05    .137E+05    .959E+00
        6        2   .118E+06    .109E+06    .924E+00
        2        1   .484E+07    .484E+07    .100E+01
               ********* END OF EXECUTION **********
