1
 *****************************************************************************************************************************
 *****************************************************************************************************************************
 **************************************************                         **************************************************
 **************************************************          GOSIA          **************************************************
 **************************************************                         **************************************************
 *****************************************************************************************************************************
 *****************************************************************************************************************************





                    ROCHESTER COULOMB EXCITATION DATA ANALYSIS CODE BY T.CZOSNYKA,D.CLINE AND C.Y.WU
                                                  VERS. 20110524.2   NOV 2011






          14C beam on 194Pt target integration                                            
          ----------------------------------------------------------------------------------------------------

                                        LEVELS

     INDEX     PARITY         SPIN           ENERGY(MEV)
       1           +           0.0            0.0000
       2           +           2.0            0.3280
       3           +           4.0            0.8110
       4           +           6.0            1.4118
       5           +           8.0            2.0995
       6           +           2.0            0.6220
       7           +           4.0            1.2290
       8           +           5.0            1.4980
       9           -           3.0            1.4320

                                        MATRIX ELEMENTS


     MULTIPOLARITY=1
    INDEX   NF     NS          ME               LIMITS
       1      2      9        0.00030       -4.00000        4.00000
       2      3      9        0.00044       -4.00000        4.00000
       3      6      9        0.10000       -4.00000        4.00000
       4      7      9        0.15160       -4.00000        4.00000
     MULTIPOLARITY=2
    INDEX   NF     NS          ME               LIMITS
       5      1      2        1.28108        0.00010        4.00000
       6      1      6        0.09835       -4.00000        4.00000
       7      2      2        0.83000       -4.00000        4.00000
       8      2      3        2.25913        0.00010        4.00000
       9      2      6        1.72302       -4.00000        4.00000
      10      2      7        0.14702       -4.00000        4.00000
      11      3      3        0.10000     COUPLED TO   7
      12      3      4        2.41057        0.00010        4.00000
      13      3      6        0.10000       -4.00000        4.00000
      14      3      7        0.91684       -4.00000        4.00000
      15      3      8        0.10000       -4.00000        4.00000
      16      4      4        0.10000     COUPLED TO  11
      17      4      5        2.41057        0.00010        4.00000
      18      4      7        0.10000       -4.00000        4.00000
      19      4      8        0.10000       -4.00000        4.00000
      20      6      6       -0.65960       -4.00000        4.00000
      21      6      7        1.12290        0.00010        4.00000
      22      7      7       -0.65960     COUPLED TO  20
      23      7      8        0.10000       -4.00000        4.00000
     MULTIPOLARITY=3
    INDEX   NF     NS          ME               LIMITS
      24      1      9        0.29867       -4.00000        4.00000
     MULTIPOLARITY=7
    INDEX   NF     NS          ME               LIMITS
      25      2      6        0.02992       -4.00000        4.00000
      26      3      7        0.13314       -4.00000        4.00000

                                               REPRINT OF EXPERIMENTAL DATA TO BE FITTED





     EXPERIMENT  1
  PROJECTILE ( 78.,194.)  43.750 MEV ---1 GE(LI) DETECTOR(S)  WEIGHT=0.10E+01
                    ** EXPERIMENTAL YIELDS **
    DECAY IS  IF         YIELD+/-ERROR

       6   9   2  0.131521E+05     0.216710E+03
       7   9   3  0.316064E+04     0.566473E+02
       8   9   6  0.173556E+04     0.715418E+02
      10   4   3  0.160243E+04     0.611092E+02
      14   7   6  0.613503E+04     0.121114E+03
      15   3   2  0.144819E+06     0.546218E+03
      17   6   1  0.136491E+05     0.114250E+03
      18   6   2  0.109412E+06     0.407075E+03
      19   2   1  0.483610E+07     0.289158E+04


        9 EXPERIMENTAL YIELDS           23 MATRIX ELEMENTS TO BE VARIED



                                        BRANCHING RATIOS

     NS1     NF1     NS2     NF2     RATIO(1:2)         ERROR
      6       1       6       2        0.13690        0.02300
      7       3       7       6        0.14400        0.01400
      7       2       7       6        0.12200        0.00800
      9       1       9       2        0.00330        0.00030
      9       3       9       2        0.08100        0.00300
      9       7       9       2        0.01600        0.00600
     BRANCHING RATIOS ARE TAKEN WITH WEIGHT    0.100000E+01



                              LIFETIMES(PSEC)


     LEVEL         LIFETIME     ERROR

        2           60.45         0.86
        3            5.34         0.29
        4            2.31         0.72
        5            1.59         0.43
        6           50.50         5.77
        7            5.50         0.87
        9            0.22         0.03

          LIFETIMES ARE TAKEN WITH WEIGHT    0.100000E+01


                    EXPERIMENTAL E2/M1 MIXING RATIOS


          TRANSITION            DELTA          ERROR

           6---  2               15.0000           2.0000

          E2/M1 MIXING RATIOS ARE TAKEN WITH WEIGHT    0.100000E+01


                              EXPERIMENTAL MATRIX ELEMENT(S)


          TRANSITION          MAT.EL.          ERROR

           2---  2                0.8300           0.0800
           6---  6               -0.6596           0.6596

           MATRIX ELEMENT(S) ARE TAKEN WITH WEIGHT    0.100000E+01



     *****  RESTART-MATRIX ELEMENTS OVERWRITTEN  *****




                                        MATRIX ELEMENTS


     MULTIPOLARITY=1
    INDEX   NF     NS          ME               LIMITS
       1      2      9        0.00083       -4.00000        4.00000
       2      3      9        0.00056       -4.00000        4.00000
       3      6      9        0.08711       -4.00000        4.00000
       4      7      9        0.00174       -4.00000        4.00000
     MULTIPOLARITY=2
    INDEX   NF     NS          ME               LIMITS
       5      1      2        1.29013        0.00010        4.00000
       6      1      6        0.10710       -4.00000        4.00000
       7      2      2        0.81426       -4.00000        4.00000
       8      2      3        2.39460        0.00010        4.00000
       9      2      6        1.78021       -4.00000        4.00000
      10      2      7        0.40427       -4.00000        4.00000
      11      3      3        0.47010     COUPLED TO   7
      12      3      4        3.01489        0.00010        4.00000
      13      3      6        0.76822       -4.00000        4.00000
      14      3      7        2.11532       -4.00000        4.00000
      15      3      8        0.09996       -4.00000        4.00000
      16      4      4        0.47010     COUPLED TO  11
      17      4      5        2.37182        0.00010        4.00000
      18      4      7        0.18230       -4.00000        4.00000
      19      4      8        0.09999       -4.00000        4.00000
      20      6      6       -0.46035       -4.00000        4.00000
      21      6      7        3.05001        0.00010        4.00000
      22      7      7       -0.46035     COUPLED TO  20
      23      7      8        0.09996       -4.00000        4.00000
     MULTIPOLARITY=3
    INDEX   NF     NS          ME               LIMITS
      24      1      9        0.11892       -4.00000        4.00000
     MULTIPOLARITY=7
    INDEX   NF     NS          ME               LIMITS
      25      2      6        0.02975       -4.00000        4.00000
      26      3      7        0.55727       -4.00000        4.00000



          ** EXPERIMENT  1 **


     TARGET EXCITATION OF( 78,194.000) BY(  6, 14.000)
     ENERGY     43.750 MEV     BETA   0.819121E-01
     DISTANCE OF CLOSEST APPROACH FOR HEAD-ON COLLISIONS    16.5143 FM
     CM SCATTERING ANGLE    138.316 DEG     EPSILON     1.0700
     RECOIL ENERGY(MEV)      9.5568
     RECOIL BETA    0.102844E-01
     BOMBARDING ENERGY=     0.892 OF SAFE BOMBARDING ENERGY AT THIS ANGLE


                              EXPERIMENT  1          MAX.XI=0.5887

                              E1        MI=0     MAX.ZETA= 3.069


     XI             Q1                      Q2


             SLOPE  INTERCEPT       SLOPE     INTERCEPT


  0.0000   0.00E+00  0.00E+00      -.11E-02  0.90E+00
  0.0654   0.12E-01  0.78E-01      -.40E-02  0.82E+00
  0.1308   0.87E-02  0.13E+00      -.33E-02  0.71E+00
  0.1962   0.37E-02  0.16E+00      0.12E-02  0.60E+00
  0.2616   -.85E-03  0.18E+00      0.70E-02  0.50E+00
  0.3270   -.51E-02  0.21E+00      0.13E-01  0.42E+00
  0.3924   -.92E-02  0.23E+00      0.19E-01  0.35E+00
  0.4578   -.13E-01  0.24E+00      0.24E-01  0.29E+00
  0.5232   -.18E-01  0.26E+00      0.28E-01  0.23E+00
  0.5887   -.24E-01  0.29E+00      0.32E-01  0.19E+00


                              E1        MI=+/-1     MAX.ZETA= 2.506


     XI             Q1                      Q2


             SLOPE  INTERCEPT       SLOPE     INTERCEPT


  0.0000   0.00E+00  0.11E-01      0.00E+00  -.00E+00
  0.1472   0.00E+00  0.35E-02      0.00E+00  -.57E-01
  0.2943   0.00E+00  0.51E-02      0.00E+00  -.58E-01
  0.4415   0.00E+00  0.11E-01      0.00E+00  -.48E-01
  0.5887   0.00E+00  0.15E-01      0.00E+00  -.36E-01


                              EXPERIMENT  1          MAX.XI=0.4786

                              E2        MI=0     MAX.ZETA= 1.473


     XI             Q1                      Q2


             SLOPE  INTERCEPT       SLOPE     INTERCEPT


  0.0000   0.00E+00  0.00E+00      -.70E-04  0.88E+00
  0.0532   0.23E-02  0.38E-01      -.45E-03  0.87E+00
  0.1063   0.38E-02  0.72E-01      -.14E-02  0.83E+00
  0.1595   0.44E-02  0.10E+00      -.22E-02  0.78E+00
  0.2127   0.42E-02  0.13E+00      -.24E-02  0.73E+00
  0.2659   0.34E-02  0.15E+00      -.19E-02  0.67E+00
  0.3190   0.23E-02  0.17E+00      -.73E-03  0.62E+00
  0.3722   0.10E-02  0.18E+00      0.10E-02  0.56E+00
  0.4254   -.42E-03  0.20E+00      0.32E-02  0.51E+00
  0.4786   -.20E-02  0.21E+00      0.58E-02  0.46E+00


                              E2        MI=+/-1     MAX.ZETA= 1.473


     XI             Q1                      Q2


             SLOPE  INTERCEPT       SLOPE     INTERCEPT


  0.0000   0.00E+00  0.20E-01      0.00E+00  -.00E+00
  0.1196   0.00E+00  0.16E-01      0.00E+00  -.55E-01
  0.2393   0.00E+00  0.74E-02      0.00E+00  -.82E-01
  0.3589   0.00E+00  0.12E-02      0.00E+00  -.89E-01
  0.4786   0.00E+00  0.86E-02      0.00E+00  -.85E-01


                              EXPERIMENT  1          MAX.XI=0.7589

                              E3        MI=0     MAX.ZETA= 0.500


     XI             Q1                      Q2


             SLOPE  INTERCEPT       SLOPE     INTERCEPT


  0.0000   0.00E+00  0.00E+00      -.13E-04  0.84E+00
  0.0843   0.72E-03  0.40E-01      -.17E-03  0.83E+00
  0.1687   0.12E-02  0.77E-01      -.52E-03  0.79E+00
  0.2530   0.14E-02  0.11E+00      -.81E-03  0.73E+00
  0.3373   0.12E-02  0.14E+00      -.82E-03  0.67E+00
  0.4216   0.84E-03  0.16E+00      -.47E-03  0.60E+00
  0.5060   0.32E-03  0.18E+00      0.25E-03  0.53E+00
  0.5903   -.31E-03  0.20E+00      0.13E-02  0.47E+00
  0.6746   -.11E-02  0.22E+00      0.25E-02  0.41E+00
  0.7589   -.20E-02  0.24E+00      0.39E-02  0.35E+00


                              E3        MI=+/-1     MAX.ZETA= 0.500


     XI             Q1                      Q2


             SLOPE  INTERCEPT       SLOPE     INTERCEPT


  0.0000   0.00E+00  0.25E-01      0.00E+00  -.00E+00
  0.1897   0.00E+00  0.19E-01      0.00E+00  -.71E-01
  0.3795   0.00E+00  0.55E-02      0.00E+00  -.10E+00
  0.5692   0.00E+00  0.74E-02      0.00E+00  -.11E+00
  0.7589   0.00E+00  0.18E-01      0.00E+00  -.93E-01
     *** CHISQ=  0.278920E+03 ***

     MATRIX ELEMENT  14 LOCKED!

     MATRIX ELEMENT  12 LOCKED!

     MATRIX ELEMENT  21 LOCKED!

     MATRIX ELEMENT   5 LOCKED!
     MINIMIZATION STOPPED-NUMBER OF STEPS NPTL=   30 EXCEEDED
     *** CHISQ=  0.278535E+03 ***



          EXP. AND CALCULATED BRANCHING RATIOS

     NS1     NF1     NS2     NF2     RATIO(1:2)         ERROR       CALC.RATIO     (EXP-CAL)/ERROR


      6       1       6       2        0.13690        0.02300        0.15289          -0.7
      7       3       7       6        0.14400        0.01400        0.12587           1.3
      7       2       7       6        0.12200        0.00800        0.13022          -1.0
      9       1       9       2        0.00330        0.00030        0.00078           8.4
      9       3       9       2        0.08100        0.00300        0.08179          -0.3
      9       7       9       2        0.01600        0.00600        0.02608          -1.7
          EXPERIMENT  1
          D(LOG(Y)/D(LOG(ME))


   9-- 2     (  1  0.21E+01)   ( 24  0.19E+01)   (  3  -.17E+01)   (  9  0.14E+00)   (  6  0.66E-01)   ( 21  -.14E-01)
   9-- 3     (  2  0.21E+01)   ( 24  0.19E+01)   (  3  -.17E+01)   (  9  0.14E+00)   (  6  0.66E-01)   (  1  0.18E-01)
   9-- 6     ( 24  0.19E+01)   (  3  0.20E+00)   (  9  0.14E+00)   (  6  0.66E-01)   (  1  0.18E-01)   ( 21  -.14E-01)
   4-- 3     ( 12  0.20E+01)   (  8  0.19E+01)   (  5  0.19E+01)   (  6  0.71E-01)   ( 13  0.54E-01)   ( 18  0.27E-01)
   7-- 6     (  5  0.20E+01)   ( 21  0.12E+01)   ( 10  0.77E+00)   (  9  0.64E+00)   (  8  0.35E+00)   ( 14  0.29E+00)
   3-- 2     (  5  0.19E+01)   (  8  0.18E+01)   (  6  0.60E-01)   ( 13  0.56E-01)   ( 14  0.25E-01)   ( 10  0.18E-01)
   6-- 1     (  6  0.20E+01)   (  5  0.15E+01)   (  9  -.34E+00)   ( 21  0.58E-01)   ( 10  0.58E-01)   (  7  -.38E-01)
   6-- 2     (  9  0.17E+01)   (  5  0.15E+01)   ( 21  0.61E-01)   ( 10  0.59E-01)   (  7  -.38E-01)   ( 20  -.33E-01)
   2-- 1     (  5  0.17E+01)   (  7  0.31E-01)   (  6  0.14E-01)   (  8  -.10E-01)   (  9  0.91E-02)   ( 13  -.56E-03)


                    VACUUM DEPOLARIZATION COEFFICIENTS 


     EXPERIMENT  1
     LEVEL          G2          G4          G6

        2         0.4833      0.2238      0.1068
        3         0.8486      0.6458      0.4872
        4         0.9502      0.8594      0.7668
        5         0.9439      0.8410      0.7338
        6         0.5210      0.2533      0.1281
        7         0.9743      0.9252      0.8665
        8         0.3549      0.1398      0.0677
        9         1.0000      0.9999      0.9999


                    NORMALIZATION CONSTANTS

  EXPERIMENT     DETECTORS(1-32)
  1  0.3110E+08


                    RECOMMENDED RELATIVE GE(LI) EFFICIENCIES

  EXPERIMENT
  1  0.1000E+01


     CALCULATED AND EXPERIMENTAL YIELDS   EXPERIMENT  1 DETECTOR  1

      NI     NF       II        IF         ENERGY(MEV)      YCAL        YEXP       PC. DIFF.  (YE-YC)/SIGMA
       9      2        3.0       2.0         1.1040      .4091E+00      .1315E+05    100.0     60.7          *?!*
       9      3        3.0       4.0         0.6210      .3090E-01      .3161E+04    100.0     55.8          *?!*
       9      6        3.0       2.0         0.8100      .1810E+04      .1736E+04     -4.3     -1.0              
       4      3        6.0       4.0         0.6008      .1607E+04      .1602E+04     -0.3     -0.1              
       7      6        4.0       2.0         0.6070      .5988E+04      .6135E+04      2.4      1.2              
       3      2        4.0       2.0         0.4830      .1446E+06      .1448E+06      0.2      0.4              
       6      1        2.0       0.0         0.6220      .1366E+05      .1365E+05     -0.1     -0.1              
       6      2        2.0       2.0         0.2940      .1093E+06      .1094E+06      0.1      0.3              
       2      1        2.0       0.0         0.3280      .4836E+07      .4836E+07     -0.0     -0.1              

                                                  CHISQ SUBTOTAL =   0.680020E+04


          E2/M1 MIXING RATIOS
          TRANSITION          EXP.DELTA          CALC.DELTA          SIGMA

           6---  2               15.00              14.74             -0.13


                    CALCULATED LIFETIMES

     LEVEL     LIFETIME(PSEC)     EXP        ERROR

        2       0.6010E+02     0.6045E+02    0.8650E+00
        3       0.4750E+01     0.5340E+01    0.2880E+00
        4       0.1362E+01     0.2310E+01    0.7220E+00
        5       0.1586E+01     0.1590E+01    0.4300E+00
        6       0.4632E+02     0.5050E+02    0.5770E+01
        7       0.7667E+00     0.5500E+01    0.8660E+00
        8       0.5742E+03
        9       0.1212E-01     0.2160E+00    0.2890E-01


CALCULATED AND EXPERIMENTAL MATRIX ELEMENTS


     NI NF  EXP. ME   CURRENT ME   SIGMA
      2   2    0.8300    0.8157   -0.1786
      6   6   -0.6596   -0.4588    0.3044

                                        MATRIX ELEMENTS


     MULTIPOLARITY=1
    INDEX   NF     NS          ME          PC CHANGE     RED. TRANS. PROB.
       1      2      9        0.00078       -6.43491        0.00000   
       2      3      9        0.00053       -6.33153        0.00000   
       3      6      9        0.08252       -5.27748        0.00097   
       4      7      9        0.00160       -8.12879        0.00000   
     MULTIPOLARITY=2
    INDEX   NF     NS          ME          PC CHANGE     RED. TRANS. PROB.
       5      1      2        1.29039        0.01984        0.33302   
       6      1      6        0.10718        0.07312        0.00230   
       7      2      2        0.81572        0.17847     **********   
       8      2      3        2.39182       -0.11632        0.63564   
       9      2      6        1.78054        0.01876        0.63407   
      10      2      7        0.40493        0.16195        0.01822   
      11      3      3        0.47094        0.17847     **********   
      12      3      4        3.12921        3.79194        0.75323   
      13      3      6        0.77379        0.72460        0.11975   
      14      3      7        2.14791        1.54054        0.51261   
      15      3      8        0.09996       -0.00001        0.00091   
      16      4      4        0.47094        0.17847     **********   
      17      4      5        2.37087       -0.04016        0.33065   
      18      4      7        0.18236        0.03327        0.00370   
      19      4      8        0.09999       -0.00000        0.00091   
      20      6      6       -0.45881       -0.33599     **********   
      21      6      7        3.01218       -1.24030        1.00814   
      22      7      7       -0.45881       -0.33599     **********   
      23      7      8        0.09996       -0.00001        0.00091   
     MULTIPOLARITY=3
    INDEX   NF     NS          ME          PC CHANGE     RED. TRANS. PROB.
      24      1      9        0.11980        0.73908        0.00205   
     MULTIPOLARITY=7
    INDEX   NF     NS          ME          PC CHANGE     RED. TRANS. PROB.
      25      2      6        0.02957       -0.61012        0.00017   
      26      3      7        0.57979        4.04020        0.03735   
               ********* END OF EXECUTION **********
