1
 *****************************************************************************************************************************
 *****************************************************************************************************************************
 **************************************************                         **************************************************
 **************************************************          GOSIA          **************************************************
 **************************************************                         **************************************************
 *****************************************************************************************************************************
 *****************************************************************************************************************************





                    ROCHESTER COULOMB EXCITATION DATA ANALYSIS CODE BY T.CZOSNYKA,D.CLINE AND C.Y.WU
                                                  VERS. 20110524.2   NOV 2011






          14C beam on 194Pt target integration                                            
          ----------------------------------------------------------------------------------------------------

                                        LEVELS

     INDEX     PARITY         SPIN           ENERGY(MEV)
       1           +           0.0            0.0000
       2           +           2.0            0.3280
       3           +           4.0            0.8110
       4           +           6.0            1.4118
       5           +           8.0            2.0995
       6           +           2.0            0.6220
       7           +           4.0            1.2290
       8           +           5.0            1.4980
       9           -           3.0            1.4320

                                        MATRIX ELEMENTS


     MULTIPOLARITY=1
    INDEX   NF     NS          ME               LIMITS
       1      2      9        0.00030       -4.00000        4.00000
       2      3      9        0.00044       -4.00000        4.00000
       3      6      9        0.00014       -4.00000        4.00000
       4      7      9        0.00152       -4.00000        4.00000
     MULTIPOLARITY=2
    INDEX   NF     NS          ME               LIMITS
       5      1      2        1.28108        0.00010        4.00000
       6      1      6        0.09835       -4.00000        4.00000
       7      2      2        0.83000       -4.00000        4.00000
       8      2      3        2.25913        0.00010        4.00000
       9      2      6        1.72302       -4.00000        4.00000
      10      2      7        0.14702       -4.00000        4.00000
      11      3      3        0.10000     COUPLED TO   7
      12      3      4        2.41057        0.00010        4.00000
      13      3      6        0.10000       -4.00000        4.00000
      14      3      7        0.91684       -4.00000        4.00000
      15      3      8        0.10000       -4.00000        4.00000
      16      4      4        0.10000     COUPLED TO  11
      17      4      5        2.41057        0.00010        4.00000
      18      4      7        0.10000       -4.00000        4.00000
      19      4      8        0.10000       -4.00000        4.00000
      20      6      6       -0.65960       -4.00000        4.00000
      21      6      7        1.12290        0.00010        4.00000
      22      7      7       -0.65960     COUPLED TO  20
      23      7      8        0.10000       -4.00000        4.00000
     MULTIPOLARITY=3
    INDEX   NF     NS          ME               LIMITS
      24      1      9        0.29867       -4.00000        4.00000
     MULTIPOLARITY=7
    INDEX   NF     NS          ME               LIMITS
      25      2      6        0.02992       -4.00000        4.00000
      26      3      7        0.13314       -4.00000        4.00000


        7 EXPERIMENTAL YIELDS           23 MATRIX ELEMENTS TO BE VARIED



                                        BRANCHING RATIOS

     NS1     NF1     NS2     NF2     RATIO(1:2)         ERROR
      6       1       6       2        0.13690        0.02300
      7       3       7       6        0.14400        0.01400
      7       2       7       6        0.12200        0.00800
      9       1       9       2        0.00330        0.00030
      9       3       9       2        0.08100        0.00300
      9       7       9       2        0.01600        0.00600
     BRANCHING RATIOS ARE TAKEN WITH WEIGHT    0.100000E+01



                              LIFETIMES(PSEC)


     LEVEL         LIFETIME     ERROR

        2           60.45         0.86
        3            5.34         0.29
        4            2.31         0.72
        5            1.59         0.43
        6           50.50         5.77
        7            5.50         0.87
        9          104.00        14.00

          LIFETIMES ARE TAKEN WITH WEIGHT    0.100000E+01


                    EXPERIMENTAL E2/M1 MIXING RATIOS


          TRANSITION            DELTA          ERROR

           6---  2               15.0000           2.0000

          E2/M1 MIXING RATIOS ARE TAKEN WITH WEIGHT    0.100000E+01


                              EXPERIMENTAL MATRIX ELEMENT(S)


          TRANSITION          MAT.EL.          ERROR

           2---  2                0.8300           0.0800
           6---  6               -0.6596           0.6596

           MATRIX ELEMENT(S) ARE TAKEN WITH WEIGHT    0.100000E+01



     *****  RESTART-MATRIX ELEMENTS OVERWRITTEN  *****




                                        MATRIX ELEMENTS


     MULTIPOLARITY=1
    INDEX   NF     NS          ME               LIMITS
       1      2      9        0.00133       -4.00000        4.00000
       2      3      9        0.00089       -4.00000        4.00000
       3      6      9        0.00136       -4.00000        4.00000
       4      7      9        0.00198       -4.00000        4.00000
     MULTIPOLARITY=2
    INDEX   NF     NS          ME               LIMITS
       5      1      2        1.28733        0.00010        4.00000
       6      1      6        0.10535       -4.00000        4.00000
       7      2      2        0.82283       -4.00000        4.00000
       8      2      3        2.39222        0.00010        4.00000
       9      2      6        1.75638       -4.00000        4.00000
      10      2      7        0.40458       -4.00000        4.00000
      11      3      3        0.47505     COUPLED TO   7
      12      3      4        3.12122        0.00010        4.00000
      13      3      6        0.77976       -4.00000        4.00000
      14      3      7        2.21700       -4.00000        4.00000
      15      3      8        0.09996       -4.00000        4.00000
      16      4      4        0.47505     COUPLED TO  11
      17      4      5        2.37068        0.00010        4.00000
      18      4      7        0.18436       -4.00000        4.00000
      19      4      8        0.09999       -4.00000        4.00000
      20      6      6       -0.46432       -4.00000        4.00000
      21      6      7        3.07944        0.00010        4.00000
      22      7      7       -0.46432     COUPLED TO  20
      23      7      8        0.09996       -4.00000        4.00000
     MULTIPOLARITY=3
    INDEX   NF     NS          ME               LIMITS
      24      1      9        0.42985       -4.00000        4.00000
     MULTIPOLARITY=7
    INDEX   NF     NS          ME               LIMITS
      25      2      6        0.03005       -4.00000        4.00000
      26      3      7        0.63621       -4.00000        4.00000



          ** EXPERIMENT  1 **


     TARGET EXCITATION OF( 78,194.000) BY(  6, 14.000)
     ENERGY     43.750 MEV     BETA   0.819121E-01
     DISTANCE OF CLOSEST APPROACH FOR HEAD-ON COLLISIONS    16.5143 FM
     CM SCATTERING ANGLE    138.316 DEG     EPSILON     1.0700
     RECOIL ENERGY(MEV)      9.5568
     RECOIL BETA    0.102844E-01
     BOMBARDING ENERGY=     0.892 OF SAFE BOMBARDING ENERGY AT THIS ANGLE
     *** CHISQ=  0.356560E+01 ***
     *** CHISQ=  0.356340E+01 ***
     *** CHISQ=  0.356191E+01 ***
     *** CHISQ=  0.356058E+01 ***
     *** CHISQ=  0.355968E+01 ***
     *** CHISQ=  0.355884E+01 ***
     *** CHISQ=  0.355826E+01 ***
     *** CHISQ=  0.355769E+01 ***
     *** CHISQ=  0.355728E+01 ***
     *** CHISQ=  0.355687E+01 ***
     *** CHISQ=  0.355641E+01 ***
     *** CHISQ=  0.355596E+01 ***
     *** CHISQ=  0.355543E+01 ***
     *** CHISQ=  0.355496E+01 ***
     *** CHISQ=  0.355423E+01 ***
     *** CHISQ=  0.355365E+01 ***
     *** CHISQ=  0.355207E+01 ***
     *** CHISQ=  0.355167E+01 ***
     *** CHISQ=  0.355164E+01 ***
     *** CHISQ=  0.355169E+01 ***
     *** CHISQ=  0.355159E+01 ***
     *** CHISQ=  0.355155E+01 ***
     *** CHISQ=  0.355154E+01 ***
     *** CHISQ=  0.355152E+01 ***
     *** CHISQ=  0.355148E+01 ***
     *** CHISQ=  0.355141E+01 ***
     *** CHISQ=  0.355137E+01 ***
     *** CHISQ=  0.355136E+01 ***
     *** CHISQ=  0.355135E+01 ***
     *** CHISQ=  0.355130E+01 ***
     MINIMIZATION STOPPED-NUMBER OF STEPS NPTL=   30 EXCEEDED
     *** CHISQ=  0.355122E+01 ***


                    NORMALIZATION CONSTANTS

  EXPERIMENT     DETECTORS(1-32)
  1  0.3115E+08


                    RECOMMENDED RELATIVE GE(LI) EFFICIENCIES

  EXPERIMENT
  1  0.1000E+01


     CALCULATED AND EXPERIMENTAL YIELDS   EXPERIMENT  1 DETECTOR  1

      NI     NF       II        IF         ENERGY(MEV)      YCAL        YEXP       PC. DIFF.  (YE-YC)/SIGMA
       9      2        3.0       2.0         1.1040      .1272E+05      .1325E+05      4.0      0.0              
       4      3        6.0       4.0         0.6008      .1595E+04      .1603E+04      0.5      0.1              
       7      6        4.0       2.0         0.6070      .6173E+04      .6134E+04     -0.6     -0.3              
       3      2        4.0       2.0         0.4830      .1451E+06      .1449E+06     -0.2     -0.5              
       6      1        2.0       0.0         0.6220      .1367E+05      .1367E+05     -0.0     -0.1              
       6      2        2.0       2.0         0.2940      .1096E+06      .1097E+06      0.1      0.2              
       2      1        2.0       0.0         0.3280      .4836E+07      .4836E+07      0.0      0.1              

                                                  CHISQ SUBTOTAL =   0.436345E+00



          EXP. AND CALCULATED BRANCHING RATIOS

     NS1     NF1     NS2     NF2     RATIO(1:2)         ERROR       CALC.RATIO     (EXP-CAL)/ERROR


      6       1       6       2        0.13690        0.02300        0.15172          -0.6
      7       3       7       6        0.14400        0.01400        0.13456           0.7
      7       2       7       6        0.12200        0.00800        0.12438          -0.3
      9       1       9       2        0.00330        0.00030        0.00346          -0.5
      9       3       9       2        0.08100        0.00300        0.08086           0.0
      9       7       9       2        0.01600        0.00600        0.01403           0.3


          E2/M1 MIXING RATIOS
          TRANSITION          EXP.DELTA          CALC.DELTA          SIGMA

           6---  2               15.00              14.31             -0.35


                    CALCULATED LIFETIMES

     LEVEL     LIFETIME(PSEC)     EXP        ERROR

        2       0.6039E+02     0.6045E+02    0.8650E+00
        3       0.4749E+01     0.5340E+01    0.2880E+00
        4       0.1369E+01     0.2310E+01    0.7220E+00
        5       0.1586E+01     0.1590E+01    0.4300E+00
        6       0.4764E+02     0.5050E+02    0.5770E+01
        7       0.7314E+00     0.5500E+01    0.8660E+00
        8       0.5742E+03
        9       0.1198E+02     0.1040E+03    0.1400E+02


CALCULATED AND EXPERIMENTAL MATRIX ELEMENTS


     NI NF  EXP. ME   CURRENT ME   SIGMA
      2   2    0.8300    0.8228   -0.0896
      6   6   -0.6596   -0.4643    0.2961

                                        MATRIX ELEMENTS


     MULTIPOLARITY=1
    INDEX   NF     NS          ME          PC CHANGE     RED. TRANS. PROB.
       1      2      9        0.00133        0.05234        0.00000   
       2      3      9        0.00089        0.10451        0.00000   
       3      6      9        0.00141        3.70392        0.00000   
       4      7      9        0.00199        0.85783        0.00000   
     MULTIPOLARITY=2
    INDEX   NF     NS          ME          PC CHANGE     RED. TRANS. PROB.
       5      1      2        1.28733       -0.00008        0.33144   
       6      1      6        0.10534       -0.00709        0.00222   
       7      2      2        0.82283       -0.00001     **********   
       8      2      3        2.39222       -0.00018        0.63586   
       9      2      6        1.75638        0.00017        0.61698   
      10      2      7        0.40458       -0.00035        0.01819   
      11      3      3        0.47505       -0.00001     ***********?*
      12      3      4        3.12122        0.00000        0.74939   
      13      3      6        0.77976       -0.00003        0.12161   
      14      3      7        2.21700       -0.00000        0.54612   
      15      3      8        0.09996       -0.00000        0.00091   
      16      4      4        0.47505       -0.00001     ***********?*
      17      4      5        2.37068       -0.00000        0.33060   
      18      4      7        0.18436        0.00001        0.00378   
      19      4      8        0.09999       -0.00000        0.00091   
      20      6      6       -0.46432       -0.00004     **********   
      21      6      7        3.07944       -0.00001        1.05366   
      22      7      7       -0.46432       -0.00004     **********   
      23      7      8        0.09996       -0.00000        0.00091   
     MULTIPOLARITY=3
    INDEX   NF     NS          ME          PC CHANGE     RED. TRANS. PROB.
      24      1      9        0.42985       -0.00016        0.02640   
     MULTIPOLARITY=7
    INDEX   NF     NS          ME          PC CHANGE     RED. TRANS. PROB.
      25      2      6        0.03005       -0.01602        0.00018   
      26      3      7        0.63621        0.00004        0.04497   
               ********* END OF EXECUTION **********
