1
 *****************************************************************************************************************************
 *****************************************************************************************************************************
 **************************************************                         **************************************************
 **************************************************          GOSIA          **************************************************
 **************************************************                         **************************************************
 *****************************************************************************************************************************
 *****************************************************************************************************************************





                    ROCHESTER COULOMB EXCITATION DATA ANALYSIS CODE BY T.CZOSNYKA,D.CLINE AND C.Y.WU
                                                  VERS. 20110524.2   NOV 2011






          14C beam on 194Pt target integration                                            
          ----------------------------------------------------------------------------------------------------

                                        LEVELS

     INDEX     PARITY         SPIN           ENERGY(MEV)
       1           +           0.0            0.0000
       2           +           2.0            0.3280
       3           +           4.0            0.8110
       4           +           6.0            1.4118
       5           +           8.0            2.0995
       6           +           2.0            0.6220

                                        MATRIX ELEMENTS


     MULTIPOLARITY=2
    INDEX   NF     NS          ME               LIMITS
       1      1      2        1.28108        0.00010        3.00000
       2      1      6        0.09835       -2.00000        2.00000
       3      2      2        0.83000       -2.00000        2.00000
       4      2      3        2.25913        0.00010        3.00000
       5      2      6        1.72302       -2.00000        2.00000
       6      3      3        0.10000       -2.00000        2.00000
       7      3      4        2.41057        0.00010        3.00000
       8      3      6        0.10000       -2.00000        2.00000
       9      4      4        0.10000     COUPLED TO   6
      10      4      5        2.41057        0.00010        3.00000
      11      6      6       -0.65960       -2.00000        2.00000
     MULTIPOLARITY=7
    INDEX   NF     NS          ME               LIMITS
      12      2      6        0.02992       -2.00000        2.00000

                                               REPRINT OF EXPERIMENTAL DATA TO BE FITTED





     EXPERIMENT  1
  PROJECTILE ( 78.,194.)  43.750 MEV ---1 GE(LI) DETECTOR(S)  WEIGHT=0.10E+01
                    ** EXPERIMENTAL YIELDS **
    DECAY IS  IF         YIELD+/-ERROR

       2   4   3  0.160156E+04     0.157410E+03
       3   3   2  0.145314E+06     0.548083E+03
       5   6   1  0.138191E+05     0.115674E+03
       6   6   2  0.110381E+06     0.410682E+03
       7   2   1  0.483610E+07     0.289158E+04


        5 EXPERIMENTAL YIELDS           11 MATRIX ELEMENTS TO BE VARIED



                                        BRANCHING RATIOS

     NS1     NF1     NS2     NF2     RATIO(1:2)         ERROR
      6       1       6       2        0.13690        0.02300
     BRANCHING RATIOS ARE TAKEN WITH WEIGHT    0.100000E+01



                              LIFETIMES(PSEC)


     LEVEL         LIFETIME     ERROR

        2           60.45         0.86
        3            5.34         0.29
        4            2.31         0.72
        5            1.59         0.43
        6           50.50         5.77

          LIFETIMES ARE TAKEN WITH WEIGHT    0.100000E+01


                    EXPERIMENTAL E2/M1 MIXING RATIOS


          TRANSITION            DELTA          ERROR

           6---  2               15.0000           2.0000

          E2/M1 MIXING RATIOS ARE TAKEN WITH WEIGHT    0.100000E+01


                              EXPERIMENTAL MATRIX ELEMENT(S)


          TRANSITION          MAT.EL.          ERROR

           2---  2                0.8300           0.0800
           6---  6               -0.6596           0.6596

           MATRIX ELEMENT(S) ARE TAKEN WITH WEIGHT    0.100000E+01



     *****  RESTART-MATRIX ELEMENTS OVERWRITTEN  *****




                                        MATRIX ELEMENTS


     MULTIPOLARITY=2
    INDEX   NF     NS          ME               LIMITS
       1      1      2        1.28718        0.00010        3.00000
       2      1      6        0.11244       -2.00000        2.00000
       3      2      2        0.79841       -2.00000        2.00000
       4      2      3        2.38895        0.00010        3.00000
       5      2      6        1.85649       -2.00000        2.00000
       6      3      3        0.82420       -2.00000        2.00000
       7      3      4        2.49853        0.00010        3.00000
       8      3      6        0.99919       -2.00000        2.00000
       9      4      4        0.81672     COUPLED TO   6
      10      4      5        2.37036        0.00010        3.00000
      11      6      6       -0.44748       -2.00000        2.00000
     MULTIPOLARITY=7
    INDEX   NF     NS          ME               LIMITS
      12      2      6        0.03009       -2.00000        2.00000



          ** EXPERIMENT  1 **


     TARGET EXCITATION OF( 78,194.000) BY(  6, 14.000)
     ENERGY     43.750 MEV     BETA   0.819121E-01
     DISTANCE OF CLOSEST APPROACH FOR HEAD-ON COLLISIONS    16.5143 FM
     CM SCATTERING ANGLE    138.316 DEG     EPSILON     1.0700
     RECOIL ENERGY(MEV)      9.5568
     RECOIL BETA    0.102844E-01
     BOMBARDING ENERGY=     0.892 OF SAFE BOMBARDING ENERGY AT THIS ANGLE


                              EXPERIMENT  1          MAX.XI=0.3791

                              E2        MI=0     MAX.ZETA= 1.105


     XI             Q1                      Q2


             SLOPE  INTERCEPT       SLOPE     INTERCEPT


  0.0000   0.00E+00  0.00E+00      -.50E-04  0.88E+00
  0.0421   0.13E-02  0.31E-01      -.21E-03  0.87E+00
  0.0842   0.24E-02  0.59E-01      -.69E-03  0.85E+00
  0.1264   0.29E-02  0.83E-01      -.12E-02  0.81E+00
  0.1685   0.31E-02  0.11E+00      -.16E-02  0.77E+00
  0.2106   0.30E-02  0.12E+00      -.17E-02  0.73E+00
  0.2527   0.26E-02  0.14E+00      -.15E-02  0.69E+00
  0.2948   0.21E-02  0.16E+00      -.96E-03  0.64E+00
  0.3370   0.14E-02  0.17E+00      -.11E-03  0.60E+00
  0.3791   0.58E-03  0.19E+00      0.10E-02  0.55E+00


                              E2        MI=+/-1     MAX.ZETA= 1.105


     XI             Q1                      Q2


             SLOPE  INTERCEPT       SLOPE     INTERCEPT


  0.0000   0.00E+00  0.20E-01      0.00E+00  -.00E+00
  0.0948   0.00E+00  0.18E-01      0.00E+00  -.47E-01
  0.1895   0.00E+00  0.11E-01      0.00E+00  -.74E-01
  0.2843   0.00E+00  0.41E-02      0.00E+00  -.86E-01
  0.3791   0.00E+00  0.26E-02      0.00E+00  -.89E-01
     *** CHISQ=  0.143255E+01 ***

     MATRIX ELEMENT   7 LOCKED!

     MATRIX ELEMENT   2 LOCKED!

     MATRIX ELEMENT   8 LOCKED!

     MATRIX ELEMENT   6 LOCKED!

     MATRIX ELEMENT   3 LOCKED!

     MATRIX ELEMENT  11 LOCKED!

     MATRIX ELEMENT  12 LOCKED!

     MATRIX ELEMENT   5 LOCKED!

     MATRIX ELEMENT   4 LOCKED!

     MATRIX ELEMENT   1 LOCKED!
     MINIMIZATION STOPPED-NUMBER OF STEPS NPTL=   50 EXCEEDED
     *** CHISQ=  0.141404E+01 ***



          EXP. AND CALCULATED BRANCHING RATIOS

     NS1     NF1     NS2     NF2     RATIO(1:2)         ERROR       CALC.RATIO     (EXP-CAL)/ERROR


      6       1       6       2        0.13690        0.02300        0.15484          -0.8
          EXPERIMENT  1
          D(LOG(Y)/D(LOG(ME))


   4-- 3     (  7  0.20E+01)   (  4  0.20E+01)   (  1  0.20E+01)   (  2  0.80E-01)   (  8  0.76E-01)   (  9  0.29E-01)
   3-- 2     (  1  0.19E+01)   (  4  0.18E+01)   (  8  0.78E-01)   (  2  0.63E-01)   (  6  0.32E-01)   (  5  0.49E-02)
   6-- 1     (  2  0.21E+01)   (  1  0.16E+01)   (  5  -.17E+00)   (  3  -.43E-01)   ( 11  -.37E-01)   (  4  -.21E-01)
   6-- 2     (  5  0.19E+01)   (  1  0.16E+01)   (  3  -.43E-01)   (  2  0.41E-01)   ( 11  -.37E-01)   (  4  -.21E-01)
   2-- 1     (  1  0.17E+01)   (  3  0.30E-01)   (  2  0.16E-01)   (  4  -.11E-01)   (  5  0.94E-02)   (  8  -.78E-03)


                    VACUUM DEPOLARIZATION COEFFICIENTS 


     EXPERIMENT  1
     LEVEL          G2          G4          G6

        2         0.4826      0.2232      0.1064
        3         0.8484      0.6455      0.4869
        4         0.9228      0.7918      0.6721
        5         0.9438      0.8409      0.7337
        6         0.5338      0.2637      0.1357


                    NORMALIZATION CONSTANTS

  EXPERIMENT     DETECTORS(1-32)
  1  0.3121E+08


                    RECOMMENDED RELATIVE GE(LI) EFFICIENCIES

  EXPERIMENT
  1  0.1000E+01


     CALCULATED AND EXPERIMENTAL YIELDS   EXPERIMENT  1 DETECTOR  1

      NI     NF       II        IF         ENERGY(MEV)      YCAL        YEXP       PC. DIFF.  (YE-YC)/SIGMA
       4      3        6.0       4.0         0.6008      .1037E+04      .1602E+04     35.3      3.6          *?!*
       3      2        4.0       2.0         0.4830      .1453E+06      .1453E+06      0.0      0.1              
       6      1        2.0       0.0         0.6220      .1381E+05      .1382E+05      0.0      0.1              
       6      2        2.0       2.0         0.2940      .1104E+06      .1104E+06      0.0      0.0              
       2      1        2.0       0.0         0.3280      .4836E+07      .4836E+07     -0.0     -0.0              

                                                  CHISQ SUBTOTAL =   0.128903E+02


          E2/M1 MIXING RATIOS
          TRANSITION          EXP.DELTA          CALC.DELTA          SIGMA

           6---  2               15.00              15.10              0.05


                    CALCULATED LIFETIMES

     LEVEL     LIFETIME(PSEC)     EXP        ERROR

        2       0.6041E+02     0.6045E+02    0.8650E+00
        3       0.4758E+01     0.5340E+01    0.2880E+00
        4       0.2125E+01     0.2310E+01    0.7220E+00
        5       0.1587E+01     0.1590E+01    0.4300E+00
        6       0.4255E+02     0.5050E+02    0.5770E+01


CALCULATED AND EXPERIMENTAL MATRIX ELEMENTS


     NI NF  EXP. ME   CURRENT ME   SIGMA
      2   2    0.8300    0.7998   -0.3771
      6   6   -0.6596   -0.4466    0.3230

                                        MATRIX ELEMENTS


     MULTIPOLARITY=2
    INDEX   NF     NS          ME          PC CHANGE     RED. TRANS. PROB.
       1      1      2        1.28709       -0.00745        0.33132   
       2      1      6        0.11246        0.01304        0.00253   
       3      2      2        0.79983        0.17820     **********   
       4      2      3        2.38881       -0.00603        0.63404   
       5      2      6        1.85659        0.00550        0.68939   
       6      3      3        0.82509        0.10827     **********   
       7      3      4        2.50529        0.27036        0.48281   
       8      3      6        1.00100        0.18105        0.20040   
       9      4      4        0.81761        0.10827     **********   
      10      4      5        2.37007       -0.01216        0.33043   
      11      6      6       -0.44656       -0.20502     **********   
     MULTIPOLARITY=7
    INDEX   NF     NS          ME          PC CHANGE     RED. TRANS. PROB.
      12      2      6        0.03011        0.04946        0.00018   
               ********* END OF EXECUTION **********
