1
 *****************************************************************************************************************************
 *****************************************************************************************************************************
 **************************************************                         **************************************************
 **************************************************          GOSIA          **************************************************
 **************************************************                         **************************************************
 *****************************************************************************************************************************
 *****************************************************************************************************************************





                    ROCHESTER COULOMB EXCITATION DATA ANALYSIS CODE BY T.CZOSNYKA,D.CLINE AND C.Y.WU
                                                  VERS. 20110524.2   NOV 2011






          14C beam on 194Pt target integration                                            
          ----------------------------------------------------------------------------------------------------

                                        LEVELS

     INDEX     PARITY         SPIN           ENERGY(MEV)
       1           +           0.0            0.0000
       2           +           2.0            0.3280
       3           +           4.0            0.8110
       4           +           6.0            1.4118
       5           +           8.0            2.0995
       6           +           2.0            0.6220
       7           +           4.0            1.2290
       8           +           5.0            1.4980
       9           -           3.0            1.4320

                                        MATRIX ELEMENTS


     MULTIPOLARITY=1
    INDEX   NF     NS          ME               LIMITS
       1      2      9        0.00030       -4.00000        4.00000
       2      3      9        0.00044       -4.00000        4.00000
       3      6      9        0.10000       -4.00000        4.00000
       4      7      9        0.15160       -4.00000        4.00000
     MULTIPOLARITY=2
    INDEX   NF     NS          ME               LIMITS
       5      1      2        1.28108        0.00010        4.00000
       6      1      6        0.09835       -4.00000        4.00000
       7      2      2        0.83000       -4.00000        4.00000
       8      2      3        2.25913        0.00010        4.00000
       9      2      6        1.72302       -4.00000        4.00000
      10      2      7        0.14702       -4.00000        4.00000
      11      3      3        0.10000     COUPLED TO   7
      12      3      4        2.41057        0.00010        4.00000
      13      3      6        0.10000       -4.00000        4.00000
      14      3      7        0.91684       -4.00000        4.00000
      15      3      8        0.10000       -4.00000        4.00000
      16      4      4        0.10000     COUPLED TO  11
      17      4      5        2.41057        0.00010        4.00000
      18      4      7        0.10000       -4.00000        4.00000
      19      4      8        0.10000       -4.00000        4.00000
      20      6      6       -0.65960       -4.00000        4.00000
      21      6      7        1.12290        0.00010        4.00000
      22      7      7       -0.65960     COUPLED TO  20
      23      7      8        0.10000       -4.00000        4.00000
     MULTIPOLARITY=3
    INDEX   NF     NS          ME               LIMITS
      24      1      9        0.29867       -4.00000        4.00000
     MULTIPOLARITY=7
    INDEX   NF     NS          ME               LIMITS
      25      2      6        0.02992       -4.00000        4.00000
      26      3      7        0.13314       -4.00000        4.00000

                                               REPRINT OF EXPERIMENTAL DATA TO BE FITTED





     EXPERIMENT  1
  PROJECTILE ( 78.,194.)  45.000 MEV ---1 GE(LI) DETECTOR(S)  WEIGHT=0.10E+01
                    ** EXPERIMENTAL YIELDS **
    DECAY IS  IF         YIELD+/-ERROR

      19   2   1  0.483610E+07     0.289187E+04
      15   3   2  0.149279E+06     0.563094E+03
      10   4   3  0.166234E+04     0.634000E+02
      17   6   1  0.142688E+05     0.119450E+03
      18   6   2  0.118497E+06     0.440920E+03
      14   7   6  0.624957E+04     0.123388E+03
       6   9   2  0.130161E+05     0.200145E+05


        7 EXPERIMENTAL YIELDS           23 MATRIX ELEMENTS TO BE VARIED



                                        BRANCHING RATIOS

     NS1     NF1     NS2     NF2     RATIO(1:2)         ERROR
      6       1       6       2        0.13690        0.02300
      7       3       7       6        0.14400        0.01400
      7       2       7       6        0.12200        0.00800
      9       1       9       2        0.00330        0.00030
      9       3       9       2        0.08100        0.00300
      9       7       9       2        0.01600        0.00600
     BRANCHING RATIOS ARE TAKEN WITH WEIGHT    0.100000E+01



                              LIFETIMES(PSEC)


     LEVEL         LIFETIME     ERROR

        2           60.45         0.86
        3            5.34         0.29
        4            2.31         0.72
        5            1.59         0.43
        6           50.50         5.77
        7            5.50         0.87
        9            0.22         0.03

          LIFETIMES ARE TAKEN WITH WEIGHT    0.100000E+01


                    EXPERIMENTAL E2/M1 MIXING RATIOS


          TRANSITION            DELTA          ERROR

           6---  2               15.0000           2.0000

          E2/M1 MIXING RATIOS ARE TAKEN WITH WEIGHT    0.100000E+01


                              EXPERIMENTAL MATRIX ELEMENT(S)


          TRANSITION          MAT.EL.          ERROR

           2---  2                0.8300           0.0800
           6---  6               -0.6596           0.6596

           MATRIX ELEMENT(S) ARE TAKEN WITH WEIGHT    0.100000E+01



     *****  RESTART-MATRIX ELEMENTS OVERWRITTEN  *****




                                        MATRIX ELEMENTS


     MULTIPOLARITY=1
    INDEX   NF     NS          ME               LIMITS
       1      2      9        0.00133       -4.00000        4.00000
       2      3      9        0.00089       -4.00000        4.00000
       3      6      9        0.00136       -4.00000        4.00000
       4      7      9        0.00198       -4.00000        4.00000
     MULTIPOLARITY=2
    INDEX   NF     NS          ME               LIMITS
       5      1      2        1.28733        0.00010        4.00000
       6      1      6        0.10535       -4.00000        4.00000
       7      2      2        0.82283       -4.00000        4.00000
       8      2      3        2.39222        0.00010        4.00000
       9      2      6        1.75638       -4.00000        4.00000
      10      2      7        0.40458       -4.00000        4.00000
      11      3      3        0.47505     COUPLED TO   7
      12      3      4        3.12122        0.00010        4.00000
      13      3      6        0.77976       -4.00000        4.00000
      14      3      7        2.21700       -4.00000        4.00000
      15      3      8        0.09996       -4.00000        4.00000
      16      4      4        0.47505     COUPLED TO  11
      17      4      5        2.37068        0.00010        4.00000
      18      4      7        0.18436       -4.00000        4.00000
      19      4      8        0.09999       -4.00000        4.00000
      20      6      6       -0.46432       -4.00000        4.00000
      21      6      7        3.07944        0.00010        4.00000
      22      7      7       -0.46432     COUPLED TO  20
      23      7      8        0.09996       -4.00000        4.00000
     MULTIPOLARITY=3
    INDEX   NF     NS          ME               LIMITS
      24      1      9        0.42985       -4.00000        4.00000
     MULTIPOLARITY=7
    INDEX   NF     NS          ME               LIMITS
      25      2      6        0.03005       -4.00000        4.00000
      26      3      7        0.63621       -4.00000        4.00000


                                                  CALCULATED YIELDS

     EXPERIMENT  1  DETECTOR  1
     ENERGY     42.000 MEV  THETA 132.000 DEG

     NI     NF     II     IF     YIELD     NORMALIZED YIELD

      5      4    8.0    6.0   0.12492E-04   0.41347E-06
      8      3    5.0    4.0   0.83786E-06   0.27732E-07
      8      4    5.0    6.0   0.26930E-10   0.89135E-12
      8      7    5.0    4.0   0.77118E-08   0.25525E-09
      9      1    3.0    0.0   0.15088E-03   0.49939E-05
      9      2    3.0    2.0   0.64851E-01   0.21465E-02
      9      3    3.0    4.0   0.49407E-02   0.16353E-03
      9      6    3.0    2.0   0.27029E-01   0.89463E-03
      9      7    3.0    4.0   0.84452E-03   0.27952E-04
      4      3    6.0    4.0   0.68086E-02   0.22535E-03
      4      7    6.0    4.0   0.62096E-07   0.20553E-08
      7      2    4.0    2.0   0.35965E-02   0.11904E-03
      7      3    4.0    4.0   0.41020E-02   0.13577E-03
      7      6    4.0    2.0   0.28924E-01   0.95735E-03
      3      2    4.0    2.0   0.75285E+00   0.24918E-01
      3      6    4.0    2.0   0.73531E-03   0.24338E-04
      6      1    2.0    0.0   0.72740E-01   0.24076E-02
      6      2    2.0    2.0   0.57750E+00   0.19114E-01
      2      1    2.0    0.0   0.30213E+02   0.10000E+01


                                                  CALCULATED YIELDS

     EXPERIMENT  1  DETECTOR  1
     ENERGY     42.000 MEV  THETA 134.000 DEG

     NI     NF     II     IF     YIELD     NORMALIZED YIELD

      5      4    8.0    6.0   0.12581E-04   0.42413E-06
      8      3    5.0    4.0   0.79199E-06   0.26700E-07
      8      4    5.0    6.0   0.25459E-10   0.85829E-12
      8      7    5.0    4.0   0.72895E-08   0.24574E-09
      9      1    3.0    0.0   0.14841E-03   0.50033E-05
      9      2    3.0    2.0   0.63769E-01   0.21498E-02
      9      3    3.0    4.0   0.48536E-02   0.16362E-03
      9      6    3.0    2.0   0.26578E-01   0.89601E-03
      9      7    3.0    4.0   0.82962E-03   0.27968E-04
      4      3    6.0    4.0   0.68359E-02   0.23045E-03
      4      7    6.0    4.0   0.62351E-07   0.21020E-08
      7      2    4.0    2.0   0.35824E-02   0.12077E-03
      7      3    4.0    4.0   0.40920E-02   0.13795E-03
      7      6    4.0    2.0   0.28811E-01   0.97126E-03
      3      2    4.0    2.0   0.75033E+00   0.25295E-01
      3      6    4.0    2.0   0.73294E-03   0.24709E-04
      6      1    2.0    0.0   0.72630E-01   0.24485E-02
      6      2    2.0    2.0   0.58164E+00   0.19608E-01
      2      1    2.0    0.0   0.29663E+02   0.10000E+01


                                                  CALCULATED YIELDS

     EXPERIMENT  1  DETECTOR  1
     ENERGY     42.000 MEV  THETA 136.000 DEG

     NI     NF     II     IF     YIELD     NORMALIZED YIELD

      5      4    8.0    6.0   0.12641E-04   0.43384E-06
      8      3    5.0    4.0   0.74463E-06   0.25555E-07
      8      4    5.0    6.0   0.23940E-10   0.82158E-12
      8      7    5.0    4.0   0.68534E-08   0.23520E-09
      9      1    3.0    0.0   0.14615E-03   0.50156E-05
      9      2    3.0    2.0   0.62726E-01   0.21527E-02
      9      3    3.0    4.0   0.47696E-02   0.16369E-03
      9      6    3.0    2.0   0.26144E-01   0.89722E-03
      9      7    3.0    4.0   0.81528E-03   0.27979E-04
      4      3    6.0    4.0   0.68548E-02   0.23525E-03
      4      7    6.0    4.0   0.62530E-07   0.21459E-08
      7      2    4.0    2.0   0.35663E-02   0.12239E-03
      7      3    4.0    4.0   0.40799E-02   0.14002E-03
      7      6    4.0    2.0   0.28682E-01   0.98433E-03
      3      2    4.0    2.0   0.74757E+00   0.25656E-01
      3      6    4.0    2.0   0.73033E-03   0.25064E-04
      6      1    2.0    0.0   0.72504E-01   0.24882E-02
      6      2    2.0    2.0   0.58564E+00   0.20099E-01
      2      1    2.0    0.0   0.29139E+02   0.10000E+01


                                                  CALCULATED YIELDS

     EXPERIMENT  1  DETECTOR  1
     ENERGY     42.000 MEV  THETA 138.000 DEG

     NI     NF     II     IF     YIELD     NORMALIZED YIELD

      5      4    8.0    6.0   0.12675E-04   0.44257E-06
      8      3    5.0    4.0   0.69614E-06   0.24307E-07
      8      4    5.0    6.0   0.22383E-10   0.78154E-12
      8      7    5.0    4.0   0.64071E-08   0.22371E-09
      9      1    3.0    0.0   0.14408E-03   0.50308E-05
      9      2    3.0    2.0   0.61722E-01   0.21551E-02
      9      3    3.0    4.0   0.46889E-02   0.16372E-03
      9      6    3.0    2.0   0.25725E-01   0.89824E-03
      9      7    3.0    4.0   0.80148E-03   0.27985E-04
      4      3    6.0    4.0   0.68660E-02   0.23974E-03
      4      7    6.0    4.0   0.62638E-07   0.21871E-08
      7      2    4.0    2.0   0.35487E-02   0.12391E-03
      7      3    4.0    4.0   0.40659E-02   0.14197E-03
      7      6    4.0    2.0   0.28540E-01   0.99654E-03
      3      2    4.0    2.0   0.74461E+00   0.25999E-01
      3      6    4.0    2.0   0.72751E-03   0.25402E-04
      6      1    2.0    0.0   0.72365E-01   0.25267E-02
      6      2    2.0    2.0   0.58949E+00   0.20583E-01
      2      1    2.0    0.0   0.28640E+02   0.10000E+01


                                                  CALCULATED YIELDS

     EXPERIMENT  1  DETECTOR  1
     ENERGY     42.000 MEV  THETA 140.000 DEG

     NI     NF     II     IF     YIELD     NORMALIZED YIELD

      5      4    8.0    6.0   0.12684E-04   0.45033E-06
      8      3    5.0    4.0   0.64690E-06   0.22968E-07
      8      4    5.0    6.0   0.20802E-10   0.73855E-12
      8      7    5.0    4.0   0.59538E-08   0.21139E-09
      9      1    3.0    0.0   0.14220E-03   0.50489E-05
      9      2    3.0    2.0   0.60761E-01   0.21573E-02
      9      3    3.0    4.0   0.46117E-02   0.16374E-03
      9      6    3.0    2.0   0.25324E-01   0.89913E-03
      9      7    3.0    4.0   0.78827E-03   0.27987E-04
      4      3    6.0    4.0   0.68701E-02   0.24392E-03
      4      7    6.0    4.0   0.62682E-07   0.22255E-08
      7      2    4.0    2.0   0.35296E-02   0.12532E-03
      7      3    4.0    4.0   0.40503E-02   0.14381E-03
      7      6    4.0    2.0   0.28388E-01   0.10079E-02
      3      2    4.0    2.0   0.74148E+00   0.26326E-01
      3      6    4.0    2.0   0.72454E-03   0.25724E-04
      6      1    2.0    0.0   0.72214E-01   0.25639E-02
      6      2    2.0    2.0   0.59318E+00   0.21061E-01
      2      1    2.0    0.0   0.28165E+02   0.10000E+01


                                                  CALCULATED YIELDS

     EXPERIMENT  1  DETECTOR  1
     ENERGY     42.000 MEV  THETA 142.000 DEG

     NI     NF     II     IF     YIELD     NORMALIZED YIELD

      5      4    8.0    6.0   0.12669E-04   0.45711E-06
      8      3    5.0    4.0   0.59729E-06   0.21551E-07
      8      4    5.0    6.0   0.19207E-10   0.69301E-12
      8      7    5.0    4.0   0.54971E-08   0.19834E-09
      9      1    3.0    0.0   0.14051E-03   0.50696E-05
      9      2    3.0    2.0   0.59843E-01   0.21592E-02
      9      3    3.0    4.0   0.45380E-02   0.16374E-03
      9      6    3.0    2.0   0.24942E-01   0.89992E-03
      9      7    3.0    4.0   0.77568E-03   0.27987E-04
      4      3    6.0    4.0   0.68680E-02   0.24780E-03
      4      7    6.0    4.0   0.62669E-07   0.22611E-08
      7      2    4.0    2.0   0.35095E-02   0.12662E-03
      7      3    4.0    4.0   0.40334E-02   0.14553E-03
      7      6    4.0    2.0   0.28226E-01   0.10184E-02
      3      2    4.0    2.0   0.73823E+00   0.26636E-01
      3      6    4.0    2.0   0.72144E-03   0.26030E-04
      6      1    2.0    0.0   0.72054E-01   0.25997E-02
      6      2    2.0    2.0   0.59671E+00   0.21530E-01
      2      1    2.0    0.0   0.27716E+02   0.10000E+01


                                                  CALCULATED YIELDS

     EXPERIMENT  1  DETECTOR  1
     ENERGY     42.000 MEV  THETA 144.000 DEG

     NI     NF     II     IF     YIELD     NORMALIZED YIELD

      5      4    8.0    6.0   0.12634E-04   0.46296E-06
      8      3    5.0    4.0   0.54766E-06   0.20068E-07
      8      4    5.0    6.0   0.17612E-10   0.64536E-12
      8      7    5.0    4.0   0.50403E-08   0.18469E-09
      9      1    3.0    0.0   0.13899E-03   0.50928E-05
      9      2    3.0    2.0   0.58968E-01   0.21607E-02
      9      3    3.0    4.0   0.44679E-02   0.16371E-03
      9      6    3.0    2.0   0.24577E-01   0.90057E-03
      9      7    3.0    4.0   0.76368E-03   0.27983E-04
      4      3    6.0    4.0   0.68602E-02   0.25138E-03
      4      7    6.0    4.0   0.62604E-07   0.22940E-08
      7      2    4.0    2.0   0.34884E-02   0.12783E-03
      7      3    4.0    4.0   0.40154E-02   0.14714E-03
      7      6    4.0    2.0   0.28057E-01   0.10281E-02
      3      2    4.0    2.0   0.73489E+00   0.26928E-01
      3      6    4.0    2.0   0.71826E-03   0.26319E-04
      6      1    2.0    0.0   0.71887E-01   0.26341E-02
      6      2    2.0    2.0   0.60008E+00   0.21988E-01
      2      1    2.0    0.0   0.27291E+02   0.10000E+01


                                                  CALCULATED YIELDS

     EXPERIMENT  1  DETECTOR  1
     ENERGY     42.000 MEV  THETA 146.000 DEG

     NI     NF     II     IF     YIELD     NORMALIZED YIELD

      5      4    8.0    6.0   0.12581E-04   0.46789E-06
      8      3    5.0    4.0   0.49839E-06   0.18534E-07
      8      4    5.0    6.0   0.16028E-10   0.59606E-12
      8      7    5.0    4.0   0.45867E-08   0.17058E-09
      9      1    3.0    0.0   0.13762E-03   0.51181E-05
      9      2    3.0    2.0   0.58137E-01   0.21621E-02
      9      3    3.0    4.0   0.44014E-02   0.16368E-03
      9      6    3.0    2.0   0.24231E-01   0.90112E-03
      9      7    3.0    4.0   0.75231E-03   0.27977E-04
      4      3    6.0    4.0   0.68476E-02   0.25466E-03
      4      7    6.0    4.0   0.62496E-07   0.23241E-08
      7      2    4.0    2.0   0.34668E-02   0.12893E-03
      7      3    4.0    4.0   0.39966E-02   0.14863E-03
      7      6    4.0    2.0   0.27884E-01   0.10370E-02
      3      2    4.0    2.0   0.73151E+00   0.27204E-01
      3      6    4.0    2.0   0.71503E-03   0.26591E-04
      6      1    2.0    0.0   0.71716E-01   0.26670E-02
      6      2    2.0    2.0   0.60327E+00   0.22435E-01
      2      1    2.0    0.0   0.26890E+02   0.10000E+01


                                                  CALCULATED YIELDS

     EXPERIMENT  1  DETECTOR  1
     ENERGY     42.000 MEV  THETA 148.000 DEG

     NI     NF     II     IF     YIELD     NORMALIZED YIELD

      5      4    8.0    6.0   0.12513E-04   0.47195E-06
      8      3    5.0    4.0   0.44981E-06   0.16966E-07
      8      4    5.0    6.0   0.14466E-10   0.54562E-12
      8      7    5.0    4.0   0.41397E-08   0.15614E-09
      9      1    3.0    0.0   0.13641E-03   0.51451E-05
      9      2    3.0    2.0   0.57351E-01   0.21631E-02
      9      3    3.0    4.0   0.43384E-02   0.16363E-03
      9      6    3.0    2.0   0.23903E-01   0.90157E-03
      9      7    3.0    4.0   0.74155E-03   0.27969E-04
      4      3    6.0    4.0   0.68309E-02   0.25764E-03
      4      7    6.0    4.0   0.62349E-07   0.23516E-08
      7      2    4.0    2.0   0.34447E-02   0.12993E-03
      7      3    4.0    4.0   0.39772E-02   0.15001E-03
      7      6    4.0    2.0   0.27707E-01   0.10450E-02
      3      2    4.0    2.0   0.72812E+00   0.27463E-01
      3      6    4.0    2.0   0.71179E-03   0.26847E-04
      6      1    2.0    0.0   0.71542E-01   0.26984E-02
      6      2    2.0    2.0   0.60630E+00   0.22868E-01
      2      1    2.0    0.0   0.26513E+02   0.10000E+01


                                                  CALCULATED YIELDS

     EXPERIMENT  1  DETECTOR  1
     ENERGY     42.000 MEV  THETA 150.000 DEG

     NI     NF     II     IF     YIELD     NORMALIZED YIELD

      5      4    8.0    6.0   0.12431E-04   0.47520E-06
      8      3    5.0    4.0   0.40229E-06   0.15378E-07
      8      4    5.0    6.0   0.12938E-10   0.49456E-12
      8      7    5.0    4.0   0.37023E-08   0.14152E-09
      9      1    3.0    0.0   0.13534E-03   0.51734E-05
      9      2    3.0    2.0   0.56610E-01   0.21640E-02
      9      3    3.0    4.0   0.42791E-02   0.16358E-03
      9      6    3.0    2.0   0.23594E-01   0.90193E-03
      9      7    3.0    4.0   0.73141E-03   0.27959E-04
      4      3    6.0    4.0   0.68109E-02   0.26035E-03
      4      7    6.0    4.0   0.62172E-07   0.23766E-08
      7      2    4.0    2.0   0.34226E-02   0.13083E-03
      7      3    4.0    4.0   0.39575E-02   0.15128E-03
      7      6    4.0    2.0   0.27529E-01   0.10523E-02
      3      2    4.0    2.0   0.72475E+00   0.27705E-01
      3      6    4.0    2.0   0.70858E-03   0.27086E-04
      6      1    2.0    0.0   0.71368E-01   0.27281E-02
      6      2    2.0    2.0   0.60915E+00   0.23286E-01
      2      1    2.0    0.0   0.26160E+02   0.10000E+01


                                                  CALCULATED YIELDS

     EXPERIMENT  1  DETECTOR  1
     ENERGY     42.000 MEV  THETA 152.000 DEG

     NI     NF     II     IF     YIELD     NORMALIZED YIELD

      5      4    8.0    6.0   0.12339E-04   0.47770E-06
      8      3    5.0    4.0   0.35615E-06   0.13788E-07
      8      4    5.0    6.0   0.11454E-10   0.44342E-12
      8      7    5.0    4.0   0.32776E-08   0.12689E-09
      9      1    3.0    0.0   0.13440E-03   0.52029E-05
      9      2    3.0    2.0   0.55916E-01   0.21647E-02
      9      3    3.0    4.0   0.42236E-02   0.16351E-03
      9      6    3.0    2.0   0.23305E-01   0.90222E-03
      9      7    3.0    4.0   0.72192E-03   0.27948E-04
      4      3    6.0    4.0   0.67882E-02   0.26279E-03
      4      7    6.0    4.0   0.61971E-07   0.23991E-08
      7      2    4.0    2.0   0.34006E-02   0.13165E-03
      7      3    4.0    4.0   0.39378E-02   0.15245E-03
      7      6    4.0    2.0   0.27352E-01   0.10589E-02
      3      2    4.0    2.0   0.72145E+00   0.27930E-01
      3      6    4.0    2.0   0.70542E-03   0.27309E-04
      6      1    2.0    0.0   0.71195E-01   0.27562E-02
      6      2    2.0    2.0   0.61183E+00   0.23686E-01
      2      1    2.0    0.0   0.25831E+02   0.10000E+01


                                                  CALCULATED YIELDS

     EXPERIMENT  1  DETECTOR  1
     ENERGY     42.000 MEV  THETA 154.000 DEG

     NI     NF     II     IF     YIELD     NORMALIZED YIELD

      5      4    8.0    6.0   0.12240E-04   0.47953E-06
      8      3    5.0    4.0   0.31170E-06   0.12212E-07
      8      4    5.0    6.0   0.10024E-10   0.39272E-12
      8      7    5.0    4.0   0.28685E-08   0.11238E-09
      9      1    3.0    0.0   0.13357E-03   0.52330E-05
      9      2    3.0    2.0   0.55268E-01   0.21653E-02
      9      3    3.0    4.0   0.41719E-02   0.16344E-03
      9      6    3.0    2.0   0.23035E-01   0.90245E-03
      9      7    3.0    4.0   0.71307E-03   0.27936E-04
      4      3    6.0    4.0   0.67636E-02   0.26498E-03
      4      7    6.0    4.0   0.61752E-07   0.24193E-08
      7      2    4.0    2.0   0.33789E-02   0.13238E-03
      7      3    4.0    4.0   0.39182E-02   0.15350E-03
      7      6    4.0    2.0   0.27179E-01   0.10648E-02
      3      2    4.0    2.0   0.71823E+00   0.28138E-01
      3      6    4.0    2.0   0.70234E-03   0.27516E-04
      6      1    2.0    0.0   0.71026E-01   0.27826E-02
      6      2    2.0    2.0   0.61433E+00   0.24068E-01
      2      1    2.0    0.0   0.25525E+02   0.10000E+01


                                                  CALCULATED YIELDS

     EXPERIMENT  1  DETECTOR  1
     ENERGY     42.000 MEV  THETA 156.000 DEG

     NI     NF     II     IF     YIELD     NORMALIZED YIELD

      5      4    8.0    6.0   0.12135E-04   0.48075E-06
      8      3    5.0    4.0   0.26926E-06   0.10667E-07
      8      4    5.0    6.0   0.86592E-11   0.34304E-12
      8      7    5.0    4.0   0.24779E-08   0.98163E-10
      9      1    3.0    0.0   0.13286E-03   0.52634E-05
      9      2    3.0    2.0   0.54668E-01   0.21657E-02
      9      3    3.0    4.0   0.41239E-02   0.16337E-03
      9      6    3.0    2.0   0.22785E-01   0.90264E-03
      9      7    3.0    4.0   0.70488E-03   0.27924E-04
      4      3    6.0    4.0   0.67377E-02   0.26692E-03
      4      7    6.0    4.0   0.61521E-07   0.24372E-08
      7      2    4.0    2.0   0.33578E-02   0.13302E-03
      7      3    4.0    4.0   0.38990E-02   0.15446E-03
      7      6    4.0    2.0   0.27009E-01   0.10700E-02
      3      2    4.0    2.0   0.71513E+00   0.28330E-01
      3      6    4.0    2.0   0.69937E-03   0.27706E-04
      6      1    2.0    0.0   0.70862E-01   0.28072E-02
      6      2    2.0    2.0   0.61664E+00   0.24429E-01
      2      1    2.0    0.0   0.25243E+02   0.10000E+01


                                                  CALCULATED YIELDS

     EXPERIMENT  1  DETECTOR  1
     ENERGY     42.000 MEV  THETA 158.000 DEG

     NI     NF     II     IF     YIELD     NORMALIZED YIELD

      5      4    8.0    6.0   0.12029E-04   0.48146E-06
      8      3    5.0    4.0   0.22913E-06   0.91714E-08
      8      4    5.0    6.0   0.73677E-11   0.29490E-12
      8      7    5.0    4.0   0.21084E-08   0.84390E-10
      9      1    3.0    0.0   0.13225E-03   0.52934E-05
      9      2    3.0    2.0   0.54115E-01   0.21660E-02
      9      3    3.0    4.0   0.40798E-02   0.16330E-03
      9      6    3.0    2.0   0.22554E-01   0.90278E-03
      9      7    3.0    4.0   0.69733E-03   0.27912E-04
      4      3    6.0    4.0   0.67113E-02   0.26863E-03
      4      7    6.0    4.0   0.61285E-07   0.24530E-08
      7      2    4.0    2.0   0.33375E-02   0.13359E-03
      7      3    4.0    4.0   0.38805E-02   0.15532E-03
      7      6    4.0    2.0   0.26847E-01   0.10746E-02
      3      2    4.0    2.0   0.71218E+00   0.28506E-01
      3      6    4.0    2.0   0.69655E-03   0.27880E-04
      6      1    2.0    0.0   0.70704E-01   0.28301E-02
      6      2    2.0    2.0   0.61878E+00   0.24768E-01
      2      1    2.0    0.0   0.24983E+02   0.10000E+01


                                                  CALCULATED YIELDS

     EXPERIMENT  1  DETECTOR  1
     ENERGY     42.000 MEV  THETA 160.000 DEG

     NI     NF     II     IF     YIELD     NORMALIZED YIELD

      5      4    8.0    6.0   0.11922E-04   0.48174E-06
      8      3    5.0    4.0   0.19153E-06   0.77395E-08
      8      4    5.0    6.0   0.61585E-11   0.24886E-12
      8      7    5.0    4.0   0.17624E-08   0.71214E-10
      9      1    3.0    0.0   0.13172E-03   0.53227E-05
      9      2    3.0    2.0   0.53609E-01   0.21663E-02
      9      3    3.0    4.0   0.40394E-02   0.16323E-03
      9      6    3.0    2.0   0.22344E-01   0.90288E-03
      9      7    3.0    4.0   0.69043E-03   0.27899E-04
      4      3    6.0    4.0   0.66850E-02   0.27013E-03
      4      7    6.0    4.0   0.61050E-07   0.24669E-08
      7      2    4.0    2.0   0.33182E-02   0.13409E-03
      7      3    4.0    4.0   0.38628E-02   0.15609E-03
      7      6    4.0    2.0   0.26692E-01   0.10786E-02
      3      2    4.0    2.0   0.70940E+00   0.28666E-01
      3      6    4.0    2.0   0.69388E-03   0.28039E-04
      6      1    2.0    0.0   0.70555E-01   0.28510E-02
      6      2    2.0    2.0   0.62074E+00   0.25083E-01
      2      1    2.0    0.0   0.24747E+02   0.10000E+01


                                                  CALCULATED YIELDS

     EXPERIMENT  1  DETECTOR  1
     ENERGY     43.000 MEV  THETA 132.000 DEG

     NI     NF     II     IF     YIELD     NORMALIZED YIELD

      5      4    8.0    6.0   0.17753E-04   0.56671E-06
      8      3    5.0    4.0   0.10929E-05   0.34886E-07
      8      4    5.0    6.0   0.35119E-10   0.11211E-11
      8      7    5.0    4.0   0.10059E-07   0.32110E-09
      9      1    3.0    0.0   0.17833E-03   0.56925E-05
      9      2    3.0    2.0   0.76549E-01   0.24436E-02
      9      3    3.0    4.0   0.58329E-02   0.18620E-03
      9      6    3.0    2.0   0.31905E-01   0.10185E-02
      9      7    3.0    4.0   0.99704E-03   0.31827E-04
      4      3    6.0    4.0   0.86199E-02   0.27517E-03
      4      7    6.0    4.0   0.78615E-07   0.25095E-08
      7      2    4.0    2.0   0.43471E-02   0.13877E-03
      7      3    4.0    4.0   0.49576E-02   0.15826E-03
      7      6    4.0    2.0   0.34960E-01   0.11160E-02
      3      2    4.0    2.0   0.85805E+00   0.27391E-01
      3      6    4.0    2.0   0.83806E-03   0.26752E-04
      6      1    2.0    0.0   0.81305E-01   0.25954E-02
      6      2    2.0    2.0   0.64467E+00   0.20579E-01
      2      1    2.0    0.0   0.31326E+02   0.10000E+01


                                                  CALCULATED YIELDS

     EXPERIMENT  1  DETECTOR  1
     ENERGY     43.000 MEV  THETA 134.000 DEG

     NI     NF     II     IF     YIELD     NORMALIZED YIELD

      5      4    8.0    6.0   0.17909E-04   0.58220E-06
      8      3    5.0    4.0   0.10333E-05   0.33592E-07
      8      4    5.0    6.0   0.33210E-10   0.10796E-11
      8      7    5.0    4.0   0.95107E-08   0.30918E-09
      9      1    3.0    0.0   0.17554E-03   0.57065E-05
      9      2    3.0    2.0   0.75325E-01   0.24487E-02
      9      3    3.0    4.0   0.57341E-02   0.18641E-03
      9      6    3.0    2.0   0.31395E-01   0.10206E-02
      9      7    3.0    4.0   0.98014E-03   0.31863E-04
      4      3    6.0    4.0   0.86634E-02   0.28163E-03
      4      7    6.0    4.0   0.79019E-07   0.25688E-08
      7      2    4.0    2.0   0.43342E-02   0.14090E-03
      7      3    4.0    4.0   0.49504E-02   0.16093E-03
      7      6    4.0    2.0   0.34857E-01   0.11332E-02
      3      2    4.0    2.0   0.85558E+00   0.27814E-01
      3      6    4.0    2.0   0.83573E-03   0.27169E-04
      6      1    2.0    0.0   0.81222E-01   0.26404E-02
      6      2    2.0    2.0   0.64954E+00   0.21116E-01
      2      1    2.0    0.0   0.30761E+02   0.10000E+01


                                                  CALCULATED YIELDS

     EXPERIMENT  1  DETECTOR  1
     ENERGY     43.000 MEV  THETA 136.000 DEG

     NI     NF     II     IF     YIELD     NORMALIZED YIELD

      5      4    8.0    6.0   0.18025E-04   0.59643E-06
      8      3    5.0    4.0   0.97180E-06   0.32156E-07
      8      4    5.0    6.0   0.31237E-10   0.10336E-11
      8      7    5.0    4.0   0.89444E-08   0.29596E-09
      9      1    3.0    0.0   0.17298E-03   0.57237E-05
      9      2    3.0    2.0   0.74144E-01   0.24533E-02
      9      3    3.0    4.0   0.56388E-02   0.18658E-03
      9      6    3.0    2.0   0.30902E-01   0.10225E-02
      9      7    3.0    4.0   0.96384E-03   0.31892E-04
      4      3    6.0    4.0   0.86962E-02   0.28775E-03
      4      7    6.0    4.0   0.79326E-07   0.26248E-08
      7      2    4.0    2.0   0.43189E-02   0.14291E-03
      7      3    4.0    4.0   0.49406E-02   0.16348E-03
      7      6    4.0    2.0   0.34735E-01   0.11493E-02
      3      2    4.0    2.0   0.85281E+00   0.28218E-01
      3      6    4.0    2.0   0.83312E-03   0.27567E-04
      6      1    2.0    0.0   0.81120E-01   0.26842E-02
      6      2    2.0    2.0   0.65424E+00   0.21648E-01
      2      1    2.0    0.0   0.30222E+02   0.10000E+01


                                                  CALCULATED YIELDS

     EXPERIMENT  1  DETECTOR  1
     ENERGY     43.000 MEV  THETA 138.000 DEG

     NI     NF     II     IF     YIELD     NORMALIZED YIELD

      5      4    8.0    6.0   0.18103E-04   0.60937E-06
      8      3    5.0    4.0   0.90878E-06   0.30590E-07
      8      4    5.0    6.0   0.29214E-10   0.98336E-12
      8      7    5.0    4.0   0.83641E-08   0.28154E-09
      9      1    3.0    0.0   0.17065E-03   0.57443E-05
      9      2    3.0    2.0   0.73009E-01   0.24575E-02
      9      3    3.0    4.0   0.55473E-02   0.18673E-03
      9      6    3.0    2.0   0.30429E-01   0.10243E-02
      9      7    3.0    4.0   0.94820E-03   0.31917E-04
      4      3    6.0    4.0   0.87191E-02   0.29349E-03
      4      7    6.0    4.0   0.79543E-07   0.26775E-08
      7      2    4.0    2.0   0.43016E-02   0.14479E-03
      7      3    4.0    4.0   0.49283E-02   0.16589E-03
      7      6    4.0    2.0   0.34596E-01   0.11645E-02
      3      2    4.0    2.0   0.84980E+00   0.28605E-01
      3      6    4.0    2.0   0.83027E-03   0.27948E-04
      6      1    2.0    0.0   0.81002E-01   0.27266E-02
      6      2    2.0    2.0   0.65876E+00   0.22174E-01
      2      1    2.0    0.0   0.29708E+02   0.10000E+01


                                                  CALCULATED YIELDS

     EXPERIMENT  1  DETECTOR  1
     ENERGY     43.000 MEV  THETA 140.000 DEG

     NI     NF     II     IF     YIELD     NORMALIZED YIELD

      5      4    8.0    6.0   0.18146E-04   0.62100E-06
      8      3    5.0    4.0   0.84473E-06   0.28909E-07
      8      4    5.0    6.0   0.27157E-10   0.92939E-12
      8      7    5.0    4.0   0.77745E-08   0.26606E-09
      9      1    3.0    0.0   0.16855E-03   0.57681E-05
      9      2    3.0    2.0   0.71922E-01   0.24613E-02
      9      3    3.0    4.0   0.54598E-02   0.18685E-03
      9      6    3.0    2.0   0.29976E-01   0.10259E-02
      9      7    3.0    4.0   0.93323E-03   0.31938E-04
      4      3    6.0    4.0   0.87331E-02   0.29887E-03
      4      7    6.0    4.0   0.79679E-07   0.27268E-08
      7      2    4.0    2.0   0.42824E-02   0.14655E-03
      7      3    4.0    4.0   0.49140E-02   0.16817E-03
      7      6    4.0    2.0   0.34442E-01   0.11787E-02
      3      2    4.0    2.0   0.84659E+00   0.28972E-01
      3      6    4.0    2.0   0.82723E-03   0.28310E-04
      6      1    2.0    0.0   0.80869E-01   0.27675E-02
      6      2    2.0    2.0   0.66308E+00   0.22692E-01
      2      1    2.0    0.0   0.29221E+02   0.10000E+01


                                                  CALCULATED YIELDS

     EXPERIMENT  1  DETECTOR  1
     ENERGY     43.000 MEV  THETA 142.000 DEG

     NI     NF     II     IF     YIELD     NORMALIZED YIELD

      5      4    8.0    6.0   0.18156E-04   0.63133E-06
      8      3    5.0    4.0   0.78014E-06   0.27127E-07
      8      4    5.0    6.0   0.25082E-10   0.87218E-12
      8      7    5.0    4.0   0.71800E-08   0.24967E-09
      9      1    3.0    0.0   0.16665E-03   0.57948E-05
      9      2    3.0    2.0   0.70882E-01   0.24648E-02
      9      3    3.0    4.0   0.53761E-02   0.18694E-03
      9      6    3.0    2.0   0.29543E-01   0.10273E-02
      9      7    3.0    4.0   0.91893E-03   0.31953E-04
      4      3    6.0    4.0   0.87390E-02   0.30388E-03
      4      7    6.0    4.0   0.79740E-07   0.27728E-08
      7      2    4.0    2.0   0.42617E-02   0.14819E-03
      7      3    4.0    4.0   0.48978E-02   0.17031E-03
      7      6    4.0    2.0   0.34276E-01   0.11919E-02
      3      2    4.0    2.0   0.84323E+00   0.29321E-01
      3      6    4.0    2.0   0.82404E-03   0.28654E-04
      6      1    2.0    0.0   0.80725E-01   0.28070E-02
      6      2    2.0    2.0   0.66722E+00   0.23201E-01
      2      1    2.0    0.0   0.28758E+02   0.10000E+01


                                                  CALCULATED YIELDS

     EXPERIMENT  1  DETECTOR  1
     ENERGY     43.000 MEV  THETA 144.000 DEG

     NI     NF     II     IF     YIELD     NORMALIZED YIELD

      5      4    8.0    6.0   0.18136E-04   0.64038E-06
      8      3    5.0    4.0   0.71550E-06   0.25264E-07
      8      4    5.0    6.0   0.23005E-10   0.81229E-12
      8      7    5.0    4.0   0.65850E-08   0.23251E-09
      9      1    3.0    0.0   0.16495E-03   0.58241E-05
      9      2    3.0    2.0   0.69892E-01   0.24678E-02
      9      3    3.0    4.0   0.52965E-02   0.18701E-03
      9      6    3.0    2.0   0.29130E-01   0.10286E-02
      9      7    3.0    4.0   0.90531E-03   0.31966E-04
      4      3    6.0    4.0   0.87376E-02   0.30852E-03
      4      7    6.0    4.0   0.79736E-07   0.28154E-08
      7      2    4.0    2.0   0.42398E-02   0.14970E-03
      7      3    4.0    4.0   0.48802E-02   0.17231E-03
      7      6    4.0    2.0   0.34101E-01   0.12041E-02
      3      2    4.0    2.0   0.83976E+00   0.29651E-01
      3      6    4.0    2.0   0.82074E-03   0.28980E-04
      6      1    2.0    0.0   0.80572E-01   0.28449E-02
      6      2    2.0    2.0   0.67117E+00   0.23698E-01
      2      1    2.0    0.0   0.28321E+02   0.10000E+01


                                                  CALCULATED YIELDS

     EXPERIMENT  1  DETECTOR  1
     ENERGY     43.000 MEV  THETA 146.000 DEG

     NI     NF     II     IF     YIELD     NORMALIZED YIELD

      5      4    8.0    6.0   0.18090E-04   0.64819E-06
      8      3    5.0    4.0   0.65127E-06   0.23335E-07
      8      4    5.0    6.0   0.20941E-10   0.75031E-12
      8      7    5.0    4.0   0.59938E-08   0.21476E-09
      9      1    3.0    0.0   0.16343E-03   0.58557E-05
      9      2    3.0    2.0   0.68950E-01   0.24705E-02
      9      3    3.0    4.0   0.52209E-02   0.18707E-03
      9      6    3.0    2.0   0.28738E-01   0.10297E-02
      9      7    3.0    4.0   0.89239E-03   0.31975E-04
      4      3    6.0    4.0   0.87298E-02   0.31279E-03
      4      7    6.0    4.0   0.79673E-07   0.28547E-08
      7      2    4.0    2.0   0.42170E-02   0.15110E-03
      7      3    4.0    4.0   0.48614E-02   0.17419E-03
      7      6    4.0    2.0   0.33918E-01   0.12153E-02
      3      2    4.0    2.0   0.83622E+00   0.29962E-01
      3      6    4.0    2.0   0.81738E-03   0.29287E-04
      6      1    2.0    0.0   0.80413E-01   0.28812E-02
      6      2    2.0    2.0   0.67491E+00   0.24182E-01
      2      1    2.0    0.0   0.27909E+02   0.10000E+01


                                                  CALCULATED YIELDS

     EXPERIMENT  1  DETECTOR  1
     ENERGY     43.000 MEV  THETA 148.000 DEG

     NI     NF     II     IF     YIELD     NORMALIZED YIELD

      5      4    8.0    6.0   0.18021E-04   0.65480E-06
      8      3    5.0    4.0   0.58793E-06   0.21362E-07
      8      4    5.0    6.0   0.18904E-10   0.68688E-12
      8      7    5.0    4.0   0.54108E-08   0.19660E-09
      9      1    3.0    0.0   0.16208E-03   0.58892E-05
      9      2    3.0    2.0   0.68060E-01   0.24729E-02
      9      3    3.0    4.0   0.51494E-02   0.18710E-03
      9      6    3.0    2.0   0.28366E-01   0.10307E-02
      9      7    3.0    4.0   0.88016E-03   0.31980E-04
      4      3    6.0    4.0   0.87166E-02   0.31672E-03
      4      7    6.0    4.0   0.79560E-07   0.28908E-08
      7      2    4.0    2.0   0.41935E-02   0.15237E-03
      7      3    4.0    4.0   0.48417E-02   0.17592E-03
      7      6    4.0    2.0   0.33730E-01   0.12256E-02
      3      2    4.0    2.0   0.83266E+00   0.30254E-01
      3      6    4.0    2.0   0.81398E-03   0.29576E-04
      6      1    2.0    0.0   0.80249E-01   0.29158E-02
      6      2    2.0    2.0   0.67846E+00   0.24652E-01
      2      1    2.0    0.0   0.27522E+02   0.10000E+01


                                                  CALCULATED YIELDS

     EXPERIMENT  1  DETECTOR  1
     ENERGY     43.000 MEV  THETA 150.000 DEG

     NI     NF     II     IF     YIELD     NORMALIZED YIELD

      5      4    8.0    6.0   0.17933E-04   0.66029E-06
      8      3    5.0    4.0   0.52592E-06   0.19364E-07
      8      4    5.0    6.0   0.16911E-10   0.62265E-12
      8      7    5.0    4.0   0.48400E-08   0.17821E-09
      9      1    3.0    0.0   0.16090E-03   0.59242E-05
      9      2    3.0    2.0   0.67221E-01   0.24751E-02
      9      3    3.0    4.0   0.50821E-02   0.18712E-03
      9      6    3.0    2.0   0.28017E-01   0.10316E-02
      9      7    3.0    4.0   0.86866E-03   0.31984E-04
      4      3    6.0    4.0   0.86988E-02   0.32029E-03
      4      7    6.0    4.0   0.79406E-07   0.29237E-08
      7      2    4.0    2.0   0.41698E-02   0.15353E-03
      7      3    4.0    4.0   0.48214E-02   0.17753E-03
      7      6    4.0    2.0   0.33539E-01   0.12349E-02
      3      2    4.0    2.0   0.82911E+00   0.30528E-01
      3      6    4.0    2.0   0.81060E-03   0.29846E-04
      6      1    2.0    0.0   0.80083E-01   0.29486E-02
      6      2    2.0    2.0   0.68180E+00   0.25104E-01
      2      1    2.0    0.0   0.27159E+02   0.10000E+01


                                                  CALCULATED YIELDS

     EXPERIMENT  1  DETECTOR  1
     ENERGY     43.000 MEV  THETA 152.000 DEG

     NI     NF     II     IF     YIELD     NORMALIZED YIELD

      5      4    8.0    6.0   0.17829E-04   0.66474E-06
      8      3    5.0    4.0   0.46569E-06   0.17363E-07
      8      4    5.0    6.0   0.14974E-10   0.55829E-12
      8      7    5.0    4.0   0.42857E-08   0.15979E-09
      9      1    3.0    0.0   0.15986E-03   0.59603E-05
      9      2    3.0    2.0   0.66435E-01   0.24770E-02
      9      3    3.0    4.0   0.50191E-02   0.18714E-03
      9      6    3.0    2.0   0.27689E-01   0.10324E-02
      9      7    3.0    4.0   0.85789E-03   0.31986E-04
      4      3    6.0    4.0   0.86774E-02   0.32353E-03
      4      7    6.0    4.0   0.79218E-07   0.29536E-08
      7      2    4.0    2.0   0.41460E-02   0.15458E-03
      7      3    4.0    4.0   0.48009E-02   0.17900E-03
      7      6    4.0    2.0   0.33348E-01   0.12434E-02
      3      2    4.0    2.0   0.82562E+00   0.30783E-01
      3      6    4.0    2.0   0.80726E-03   0.30098E-04
      6      1    2.0    0.0   0.79917E-01   0.29797E-02
      6      2    2.0    2.0   0.68493E+00   0.25537E-01
      2      1    2.0    0.0   0.26821E+02   0.10000E+01


                                                  CALCULATED YIELDS

     EXPERIMENT  1  DETECTOR  1
     ENERGY     43.000 MEV  THETA 154.000 DEG

     NI     NF     II     IF     YIELD     NORMALIZED YIELD

      5      4    8.0    6.0   0.17712E-04   0.66823E-06
      8      3    5.0    4.0   0.40765E-06   0.15379E-07
      8      4    5.0    6.0   0.13107E-10   0.49450E-12
      8      7    5.0    4.0   0.37515E-08   0.14153E-09
      9      1    3.0    0.0   0.15896E-03   0.59969E-05
      9      2    3.0    2.0   0.65702E-01   0.24787E-02
      9      3    3.0    4.0   0.49604E-02   0.18714E-03
      9      6    3.0    2.0   0.27384E-01   0.10331E-02
      9      7    3.0    4.0   0.84785E-03   0.31986E-04
      4      3    6.0    4.0   0.86532E-02   0.32646E-03
      4      7    6.0    4.0   0.79004E-07   0.29805E-08
      7      2    4.0    2.0   0.41224E-02   0.15552E-03
      7      3    4.0    4.0   0.47804E-02   0.18035E-03
      7      6    4.0    2.0   0.33159E-01   0.12510E-02
      3      2    4.0    2.0   0.82221E+00   0.31019E-01
      3      6    4.0    2.0   0.80401E-03   0.30332E-04
      6      1    2.0    0.0   0.79753E-01   0.30088E-02
      6      2    2.0    2.0   0.68786E+00   0.25950E-01
      2      1    2.0    0.0   0.26507E+02   0.10000E+01


                                                  CALCULATED YIELDS

     EXPERIMENT  1  DETECTOR  1
     ENERGY     43.000 MEV  THETA 156.000 DEG

     NI     NF     II     IF     YIELD     NORMALIZED YIELD

      5      4    8.0    6.0   0.17588E-04   0.67086E-06
      8      3    5.0    4.0   0.35220E-06   0.13434E-07
      8      4    5.0    6.0   0.11324E-10   0.43196E-12
      8      7    5.0    4.0   0.32412E-08   0.12363E-09
      9      1    3.0    0.0   0.15818E-03   0.60336E-05
      9      2    3.0    2.0   0.65021E-01   0.24802E-02
      9      3    3.0    4.0   0.49059E-02   0.18713E-03
      9      6    3.0    2.0   0.27100E-01   0.10337E-02
      9      7    3.0    4.0   0.83853E-03   0.31985E-04
      4      3    6.0    4.0   0.86271E-02   0.32907E-03
      4      7    6.0    4.0   0.78772E-07   0.30047E-08
      7      2    4.0    2.0   0.40994E-02   0.15637E-03
      7      3    4.0    4.0   0.47601E-02   0.18157E-03
      7      6    4.0    2.0   0.32975E-01   0.12578E-02
      3      2    4.0    2.0   0.81892E+00   0.31237E-01
      3      6    4.0    2.0   0.80086E-03   0.30548E-04
      6      1    2.0    0.0   0.79594E-01   0.30360E-02
      6      2    2.0    2.0   0.69057E+00   0.26341E-01
      2      1    2.0    0.0   0.26216E+02   0.10000E+01


                                                  CALCULATED YIELDS

     EXPERIMENT  1  DETECTOR  1
     ENERGY     43.000 MEV  THETA 158.000 DEG

     NI     NF     II     IF     YIELD     NORMALIZED YIELD

      5      4    8.0    6.0   0.17458E-04   0.67274E-06
      8      3    5.0    4.0   0.29972E-06   0.11550E-07
      8      4    5.0    6.0   0.96369E-11   0.37136E-12
      8      7    5.0    4.0   0.27582E-08   0.10629E-09
      9      1    3.0    0.0   0.15751E-03   0.60698E-05
      9      2    3.0    2.0   0.64394E-01   0.24815E-02
      9      3    3.0    4.0   0.48557E-02   0.18712E-03
      9      6    3.0    2.0   0.26839E-01   0.10342E-02
      9      7    3.0    4.0   0.82996E-03   0.31983E-04
      4      3    6.0    4.0   0.85998E-02   0.33140E-03
      4      7    6.0    4.0   0.78529E-07   0.30262E-08
      7      2    4.0    2.0   0.40772E-02   0.15712E-03
      7      3    4.0    4.0   0.47404E-02   0.18268E-03
      7      6    4.0    2.0   0.32796E-01   0.12638E-02
      3      2    4.0    2.0   0.81578E+00   0.31436E-01
      3      6    4.0    2.0   0.79786E-03   0.30746E-04
      6      1    2.0    0.0   0.79440E-01   0.30613E-02
      6      2    2.0    2.0   0.69307E+00   0.26708E-01
      2      1    2.0    0.0   0.25950E+02   0.10000E+01


                                                  CALCULATED YIELDS

     EXPERIMENT  1  DETECTOR  1
     ENERGY     43.000 MEV  THETA 160.000 DEG

     NI     NF     II     IF     YIELD     NORMALIZED YIELD

      5      4    8.0    6.0   0.17326E-04   0.67398E-06
      8      3    5.0    4.0   0.25057E-06   0.97471E-08
      8      4    5.0    6.0   0.80564E-11   0.31339E-12
      8      7    5.0    4.0   0.23059E-08   0.89698E-10
      9      1    3.0    0.0   0.15694E-03   0.61049E-05
      9      2    3.0    2.0   0.63821E-01   0.24826E-02
      9      3    3.0    4.0   0.48099E-02   0.18710E-03
      9      6    3.0    2.0   0.26600E-01   0.10347E-02
      9      7    3.0    4.0   0.82212E-03   0.31980E-04
      4      3    6.0    4.0   0.85721E-02   0.33345E-03
      4      7    6.0    4.0   0.78283E-07   0.30451E-08
      7      2    4.0    2.0   0.40559E-02   0.15777E-03
      7      3    4.0    4.0   0.47215E-02   0.18366E-03
      7      6    4.0    2.0   0.32626E-01   0.12691E-02
      3      2    4.0    2.0   0.81281E+00   0.31618E-01
      3      6    4.0    2.0   0.79502E-03   0.30926E-04
      6      1    2.0    0.0   0.79294E-01   0.30845E-02
      6      2    2.0    2.0   0.69536E+00   0.27049E-01
      2      1    2.0    0.0   0.25707E+02   0.10000E+01


                                                  CALCULATED YIELDS

     EXPERIMENT  1  DETECTOR  1
     ENERGY     44.000 MEV  THETA 132.000 DEG

     NI     NF     II     IF     YIELD     NORMALIZED YIELD

      5      4    8.0    6.0   0.24862E-04   0.76690E-06
      8      3    5.0    4.0   0.14098E-05   0.43488E-07
      8      4    5.0    6.0   0.45294E-10   0.13972E-11
      8      7    5.0    4.0   0.12976E-07   0.40027E-09
      9      1    3.0    0.0   0.20888E-03   0.64433E-05
      9      2    3.0    2.0   0.89550E-01   0.27624E-02
      9      3    3.0    4.0   0.68248E-02   0.21052E-03
      9      6    3.0    2.0   0.37324E-01   0.11513E-02
      9      7    3.0    4.0   0.11666E-02   0.35985E-04
      4      3    6.0    4.0   0.10808E-01   0.33338E-03
      4      7    6.0    4.0   0.98566E-07   0.30405E-08
      7      2    4.0    2.0   0.52141E-02   0.16084E-03
      7      3    4.0    4.0   0.59460E-02   0.18342E-03
      7      6    4.0    2.0   0.41933E-01   0.12935E-02
      3      2    4.0    2.0   0.97252E+00   0.29999E-01
      3      6    4.0    2.0   0.94985E-03   0.29300E-04
      6      1    2.0    0.0   0.90523E-01   0.27924E-02
      6      2    2.0    2.0   0.71685E+00   0.22113E-01
      2      1    2.0    0.0   0.32418E+02   0.10000E+01


                                                  CALCULATED YIELDS

     EXPERIMENT  1  DETECTOR  1
     ENERGY     44.000 MEV  THETA 134.000 DEG

     NI     NF     II     IF     YIELD     NORMALIZED YIELD

      5      4    8.0    6.0   0.25120E-04   0.78902E-06
      8      3    5.0    4.0   0.13333E-05   0.41880E-07
      8      4    5.0    6.0   0.42844E-10   0.13457E-11
      8      7    5.0    4.0   0.12272E-07   0.38547E-09
      9      1    3.0    0.0   0.20575E-03   0.64626E-05
      9      2    3.0    2.0   0.88177E-01   0.27696E-02
      9      3    3.0    4.0   0.67135E-02   0.21087E-03
      9      6    3.0    2.0   0.36751E-01   0.11543E-02
      9      7    3.0    4.0   0.11476E-02   0.36045E-04
      4      3    6.0    4.0   0.10873E-01   0.34151E-03
      4      7    6.0    4.0   0.99168E-07   0.31149E-08
      7      2    4.0    2.0   0.52035E-02   0.16344E-03
      7      3    4.0    4.0   0.59430E-02   0.18667E-03
      7      6    4.0    2.0   0.41848E-01   0.13145E-02
      3      2    4.0    2.0   0.97012E+00   0.30471E-01
      3      6    4.0    2.0   0.94760E-03   0.29764E-04
      6      1    2.0    0.0   0.90473E-01   0.28417E-02
      6      2    2.0    2.0   0.72251E+00   0.22694E-01
      2      1    2.0    0.0   0.31837E+02   0.10000E+01


                                                  CALCULATED YIELDS

     EXPERIMENT  1  DETECTOR  1
     ENERGY     44.000 MEV  THETA 136.000 DEG

     NI     NF     II     IF     YIELD     NORMALIZED YIELD

      5      4    8.0    6.0   0.25323E-04   0.80950E-06
      8      3    5.0    4.0   0.12543E-05   0.40095E-07
      8      4    5.0    6.0   0.40309E-10   0.12885E-11
      8      7    5.0    4.0   0.11544E-07   0.36903E-09
      9      1    3.0    0.0   0.20289E-03   0.64857E-05
      9      2    3.0    2.0   0.86852E-01   0.27763E-02
      9      3    3.0    4.0   0.66064E-02   0.21118E-03
      9      6    3.0    2.0   0.36199E-01   0.11572E-02
      9      7    3.0    4.0   0.11292E-02   0.36097E-04
      4      3    6.0    4.0   0.10924E-01   0.34920E-03
      4      7    6.0    4.0   0.99649E-07   0.31854E-08
      7      2    4.0    2.0   0.51900E-02   0.16590E-03
      7      3    4.0    4.0   0.59366E-02   0.18977E-03
      7      6    4.0    2.0   0.41740E-01   0.13343E-02
      3      2    4.0    2.0   0.96737E+00   0.30923E-01
      3      6    4.0    2.0   0.94503E-03   0.30209E-04
      6      1    2.0    0.0   0.90399E-01   0.28897E-02
      6      2    2.0    2.0   0.72797E+00   0.23270E-01
      2      1    2.0    0.0   0.31283E+02   0.10000E+01


                                                  CALCULATED YIELDS

     EXPERIMENT  1  DETECTOR  1
     ENERGY     44.000 MEV  THETA 138.000 DEG

     NI     NF     II     IF     YIELD     NORMALIZED YIELD

      5      4    8.0    6.0   0.25474E-04   0.82827E-06
      8      3    5.0    4.0   0.11732E-05   0.38147E-07
      8      4    5.0    6.0   0.37708E-10   0.12260E-11
      8      7    5.0    4.0   0.10798E-07   0.35109E-09
      9      1    3.0    0.0   0.20030E-03   0.65127E-05
      9      2    3.0    2.0   0.85581E-01   0.27826E-02
      9      3    3.0    4.0   0.65036E-02   0.21146E-03
      9      6    3.0    2.0   0.35669E-01   0.11598E-02
      9      7    3.0    4.0   0.11117E-02   0.36145E-04
      4      3    6.0    4.0   0.10963E-01   0.35647E-03
      4      7    6.0    4.0   0.10002E-06   0.32520E-08
      7      2    4.0    2.0   0.51737E-02   0.16822E-03
      7      3    4.0    4.0   0.59273E-02   0.19272E-03
      7      6    4.0    2.0   0.41610E-01   0.13529E-02
      3      2    4.0    2.0   0.96433E+00   0.31355E-01
      3      6    4.0    2.0   0.94217E-03   0.30634E-04
      6      1    2.0    0.0   0.90307E-01   0.29363E-02
      6      2    2.0    2.0   0.73321E+00   0.23840E-01
      2      1    2.0    0.0   0.30756E+02   0.10000E+01


                                                  CALCULATED YIELDS

     EXPERIMENT  1  DETECTOR  1
     ENERGY     44.000 MEV  THETA 140.000 DEG

     NI     NF     II     IF     YIELD     NORMALIZED YIELD

      5      4    8.0    6.0   0.25575E-04   0.84533E-06
      8      3    5.0    4.0   0.10908E-05   0.36054E-07
      8      4    5.0    6.0   0.35061E-10   0.11589E-11
      8      7    5.0    4.0   0.10039E-07   0.33183E-09
      9      1    3.0    0.0   0.19796E-03   0.65430E-05
      9      2    3.0    2.0   0.84360E-01   0.27883E-02
      9      3    3.0    4.0   0.64050E-02   0.21170E-03
      9      6    3.0    2.0   0.35160E-01   0.11621E-02
      9      7    3.0    4.0   0.10948E-02   0.36186E-04
      4      3    6.0    4.0   0.10991E-01   0.36329E-03
      4      7    6.0    4.0   0.10028E-06   0.33146E-08
      7      2    4.0    2.0   0.51552E-02   0.17039E-03
      7      3    4.0    4.0   0.59152E-02   0.19551E-03
      7      6    4.0    2.0   0.41461E-01   0.13704E-02
      3      2    4.0    2.0   0.96106E+00   0.31766E-01
      3      6    4.0    2.0   0.93908E-03   0.31039E-04
      6      1    2.0    0.0   0.90197E-01   0.29813E-02
      6      2    2.0    2.0   0.73823E+00   0.24401E-01
      2      1    2.0    0.0   0.30255E+02   0.10000E+01


                                                  CALCULATED YIELDS

     EXPERIMENT  1  DETECTOR  1
     ENERGY     44.000 MEV  THETA 142.000 DEG

     NI     NF     II     IF     YIELD     NORMALIZED YIELD

      5      4    8.0    6.0   0.25630E-04   0.86065E-06
      8      3    5.0    4.0   0.10076E-05   0.33836E-07
      8      4    5.0    6.0   0.32390E-10   0.10876E-11
      8      7    5.0    4.0   0.92736E-08   0.31141E-09
      9      1    3.0    0.0   0.19585E-03   0.65765E-05
      9      2    3.0    2.0   0.83193E-01   0.27936E-02
      9      3    3.0    4.0   0.63109E-02   0.21192E-03
      9      6    3.0    2.0   0.34674E-01   0.11643E-02
      9      7    3.0    4.0   0.10787E-02   0.36223E-04
      4      3    6.0    4.0   0.11009E-01   0.36968E-03
      4      7    6.0    4.0   0.10045E-06   0.33732E-08
      7      2    4.0    2.0   0.51346E-02   0.17242E-03
      7      3    4.0    4.0   0.59008E-02   0.19815E-03
      7      6    4.0    2.0   0.41297E-01   0.13867E-02
      3      2    4.0    2.0   0.95761E+00   0.32156E-01
      3      6    4.0    2.0   0.93581E-03   0.31424E-04
      6      1    2.0    0.0   0.90073E-01   0.30246E-02
      6      2    2.0    2.0   0.74304E+00   0.24951E-01
      2      1    2.0    0.0   0.29780E+02   0.10000E+01


                                                  CALCULATED YIELDS

     EXPERIMENT  1  DETECTOR  1
     ENERGY     44.000 MEV  THETA 144.000 DEG

     NI     NF     II     IF     YIELD     NORMALIZED YIELD

      5      4    8.0    6.0   0.25643E-04   0.87426E-06
      8      3    5.0    4.0   0.92433E-06   0.31514E-07
      8      4    5.0    6.0   0.29714E-10   0.10130E-11
      8      7    5.0    4.0   0.85070E-08   0.29003E-09
      9      1    3.0    0.0   0.19396E-03   0.66128E-05
      9      2    3.0    2.0   0.82080E-01   0.27984E-02
      9      3    3.0    4.0   0.62212E-02   0.21210E-03
      9      6    3.0    2.0   0.34210E-01   0.11663E-02
      9      7    3.0    4.0   0.10634E-02   0.36254E-04
      4      3    6.0    4.0   0.11017E-01   0.37561E-03
      4      7    6.0    4.0   0.10054E-06   0.34277E-08
      7      2    4.0    2.0   0.51124E-02   0.17430E-03
      7      3    4.0    4.0   0.58845E-02   0.20062E-03
      7      6    4.0    2.0   0.41119E-01   0.14019E-02
      3      2    4.0    2.0   0.95402E+00   0.32526E-01
      3      6    4.0    2.0   0.93241E-03   0.31789E-04
      6      1    2.0    0.0   0.89937E-01   0.30663E-02
      6      2    2.0    2.0   0.74761E+00   0.25489E-01
      2      1    2.0    0.0   0.29331E+02   0.10000E+01


                                                  CALCULATED YIELDS

     EXPERIMENT  1  DETECTOR  1
     ENERGY     44.000 MEV  THETA 146.000 DEG

     NI     NF     II     IF     YIELD     NORMALIZED YIELD

      5      4    8.0    6.0   0.25618E-04   0.88619E-06
      8      3    5.0    4.0   0.84154E-06   0.29111E-07
      8      4    5.0    6.0   0.27053E-10   0.93584E-12
      8      7    5.0    4.0   0.77449E-08   0.26792E-09
      9      1    3.0    0.0   0.19228E-03   0.66516E-05
      9      2    3.0    2.0   0.81023E-01   0.28028E-02
      9      3    3.0    4.0   0.61361E-02   0.21226E-03
      9      6    3.0    2.0   0.33769E-01   0.11682E-02
      9      7    3.0    4.0   0.10488E-02   0.36281E-04
      4      3    6.0    4.0   0.11017E-01   0.38111E-03
      4      7    6.0    4.0   0.10055E-06   0.34782E-08
      7      2    4.0    2.0   0.50889E-02   0.17604E-03
      7      3    4.0    4.0   0.58665E-02   0.20294E-03
      7      6    4.0    2.0   0.40931E-01   0.14159E-02
      3      2    4.0    2.0   0.95034E+00   0.32875E-01
      3      6    4.0    2.0   0.92891E-03   0.32134E-04
      6      1    2.0    0.0   0.89793E-01   0.31062E-02
      6      2    2.0    2.0   0.75196E+00   0.26012E-01
      2      1    2.0    0.0   0.28908E+02   0.10000E+01


                                                  CALCULATED YIELDS

     EXPERIMENT  1  DETECTOR  1
     ENERGY     44.000 MEV  THETA 148.000 DEG

     NI     NF     II     IF     YIELD     NORMALIZED YIELD

      5      4    8.0    6.0   0.25560E-04   0.89652E-06
      8      3    5.0    4.0   0.75984E-06   0.26652E-07
      8      4    5.0    6.0   0.24427E-10   0.85679E-12
      8      7    5.0    4.0   0.69929E-08   0.24528E-09
      9      1    3.0    0.0   0.19080E-03   0.66925E-05
      9      2    3.0    2.0   0.80023E-01   0.28068E-02
      9      3    3.0    4.0   0.60556E-02   0.21240E-03
      9      6    3.0    2.0   0.33353E-01   0.11699E-02
      9      7    3.0    4.0   0.10351E-02   0.36305E-04
      4      3    6.0    4.0   0.11010E-01   0.38618E-03
      4      7    6.0    4.0   0.10049E-06   0.35248E-08
      7      2    4.0    2.0   0.50645E-02   0.17764E-03
      7      3    4.0    4.0   0.58472E-02   0.20509E-03
      7      6    4.0    2.0   0.40735E-01   0.14288E-02
      3      2    4.0    2.0   0.94663E+00   0.33203E-01
      3      6    4.0    2.0   0.92538E-03   0.32458E-04
      6      1    2.0    0.0   0.89642E-01   0.31442E-02
      6      2    2.0    2.0   0.75607E+00   0.26519E-01
      2      1    2.0    0.0   0.28510E+02   0.10000E+01


                                                  CALCULATED YIELDS

     EXPERIMENT  1  DETECTOR  1
     ENERGY     44.000 MEV  THETA 150.000 DEG

     NI     NF     II     IF     YIELD     NORMALIZED YIELD

      5      4    8.0    6.0   0.25473E-04   0.90531E-06
      8      3    5.0    4.0   0.67983E-06   0.24161E-07
      8      4    5.0    6.0   0.21855E-10   0.77673E-12
      8      7    5.0    4.0   0.62565E-08   0.22235E-09
      9      1    3.0    0.0   0.18951E-03   0.67350E-05
      9      2    3.0    2.0   0.79082E-01   0.28105E-02
      9      3    3.0    4.0   0.59800E-02   0.21252E-03
      9      6    3.0    2.0   0.32961E-01   0.11714E-02
      9      7    3.0    4.0   0.10221E-02   0.36326E-04
      4      3    6.0    4.0   0.10997E-01   0.39082E-03
      4      7    6.0    4.0   0.10038E-06   0.35675E-08
      7      2    4.0    2.0   0.50394E-02   0.17910E-03
      7      3    4.0    4.0   0.58270E-02   0.20709E-03
      7      6    4.0    2.0   0.40534E-01   0.14406E-02
      3      2    4.0    2.0   0.94291E+00   0.33510E-01
      3      6    4.0    2.0   0.92184E-03   0.32761E-04
      6      1    2.0    0.0   0.89487E-01   0.31803E-02
      6      2    2.0    2.0   0.75994E+00   0.27008E-01
      2      1    2.0    0.0   0.28138E+02   0.10000E+01


                                                  CALCULATED YIELDS

     EXPERIMENT  1  DETECTOR  1
     ENERGY     44.000 MEV  THETA 152.000 DEG

     NI     NF     II     IF     YIELD     NORMALIZED YIELD

      5      4    8.0    6.0   0.25363E-04   0.91266E-06
      8      3    5.0    4.0   0.60208E-06   0.21665E-07
      8      4    5.0    6.0   0.19356E-10   0.69649E-12
      8      7    5.0    4.0   0.55409E-08   0.19938E-09
      9      1    3.0    0.0   0.18838E-03   0.67784E-05
      9      2    3.0    2.0   0.78199E-01   0.28139E-02
      9      3    3.0    4.0   0.59090E-02   0.21263E-03
      9      6    3.0    2.0   0.32592E-01   0.11728E-02
      9      7    3.0    4.0   0.10100E-02   0.36343E-04
      4      3    6.0    4.0   0.10979E-01   0.39505E-03
      4      7    6.0    4.0   0.10023E-06   0.36065E-08
      7      2    4.0    2.0   0.50142E-02   0.18043E-03
      7      3    4.0    4.0   0.58062E-02   0.20893E-03
      7      6    4.0    2.0   0.40331E-01   0.14513E-02
      3      2    4.0    2.0   0.93923E+00   0.33797E-01
      3      6    4.0    2.0   0.91833E-03   0.33045E-04
      6      1    2.0    0.0   0.89331E-01   0.32144E-02
      6      2    2.0    2.0   0.76357E+00   0.27476E-01
      2      1    2.0    0.0   0.27791E+02   0.10000E+01


                                                  CALCULATED YIELDS

     EXPERIMENT  1  DETECTOR  1
     ENERGY     44.000 MEV  THETA 154.000 DEG

     NI     NF     II     IF     YIELD     NORMALIZED YIELD

      5      4    8.0    6.0   0.25234E-04   0.91868E-06
      8      3    5.0    4.0   0.52714E-06   0.19191E-07
      8      4    5.0    6.0   0.16946E-10   0.61694E-12
      8      7    5.0    4.0   0.48511E-08   0.17661E-09
      9      1    3.0    0.0   0.18740E-03   0.68223E-05
      9      2    3.0    2.0   0.77375E-01   0.28169E-02
      9      3    3.0    4.0   0.58428E-02   0.21271E-03
      9      6    3.0    2.0   0.32249E-01   0.11741E-02
      9      7    3.0    4.0   0.99868E-03   0.36358E-04
      4      3    6.0    4.0   0.10957E-01   0.39889E-03
      4      7    6.0    4.0   0.10003E-06   0.36418E-08
      7      2    4.0    2.0   0.49889E-02   0.18163E-03
      7      3    4.0    4.0   0.57852E-02   0.21061E-03
      7      6    4.0    2.0   0.40129E-01   0.14609E-02
      3      2    4.0    2.0   0.93563E+00   0.34063E-01
      3      6    4.0    2.0   0.91491E-03   0.33308E-04
      6      1    2.0    0.0   0.89176E-01   0.32465E-02
      6      2    2.0    2.0   0.76696E+00   0.27922E-01
      2      1    2.0    0.0   0.27468E+02   0.10000E+01


                                                  CALCULATED YIELDS

     EXPERIMENT  1  DETECTOR  1
     ENERGY     44.000 MEV  THETA 156.000 DEG

     NI     NF     II     IF     YIELD     NORMALIZED YIELD

      5      4    8.0    6.0   0.25092E-04   0.92350E-06
      8      3    5.0    4.0   0.45551E-06   0.16765E-07
      8      4    5.0    6.0   0.14643E-10   0.53895E-12
      8      7    5.0    4.0   0.41919E-08   0.15428E-09
      9      1    3.0    0.0   0.18655E-03   0.68661E-05
      9      2    3.0    2.0   0.76611E-01   0.28196E-02
      9      3    3.0    4.0   0.57815E-02   0.21279E-03
      9      6    3.0    2.0   0.31930E-01   0.11752E-02
      9      7    3.0    4.0   0.98819E-03   0.36370E-04
      4      3    6.0    4.0   0.10932E-01   0.40234E-03
      4      7    6.0    4.0   0.99815E-07   0.36737E-08
      7      2    4.0    2.0   0.49642E-02   0.18271E-03
      7      3    4.0    4.0   0.57642E-02   0.21215E-03
      7      6    4.0    2.0   0.39930E-01   0.14696E-02
      3      2    4.0    2.0   0.93215E+00   0.34308E-01
      3      6    4.0    2.0   0.91159E-03   0.33551E-04
      6      1    2.0    0.0   0.89023E-01   0.32765E-02
      6      2    2.0    2.0   0.77011E+00   0.28344E-01
      2      1    2.0    0.0   0.27170E+02   0.10000E+01


                                                  CALCULATED YIELDS

     EXPERIMENT  1  DETECTOR  1
     ENERGY     44.000 MEV  THETA 158.000 DEG

     NI     NF     II     IF     YIELD     NORMALIZED YIELD

      5      4    8.0    6.0   0.24940E-04   0.92725E-06
      8      3    5.0    4.0   0.38770E-06   0.14414E-07
      8      4    5.0    6.0   0.12463E-10   0.46337E-12
      8      7    5.0    4.0   0.35679E-08   0.13265E-09
      9      1    3.0    0.0   0.18584E-03   0.69091E-05
      9      2    3.0    2.0   0.75906E-01   0.28221E-02
      9      3    3.0    4.0   0.57249E-02   0.21285E-03
      9      6    3.0    2.0   0.31637E-01   0.11762E-02
      9      7    3.0    4.0   0.97852E-03   0.36380E-04
      4      3    6.0    4.0   0.10905E-01   0.40543E-03
      4      7    6.0    4.0   0.99577E-07   0.37022E-08
      7      2    4.0    2.0   0.49401E-02   0.18367E-03
      7      3    4.0    4.0   0.57437E-02   0.21354E-03
      7      6    4.0    2.0   0.39737E-01   0.14774E-02
      3      2    4.0    2.0   0.92883E+00   0.34533E-01
      3      6    4.0    2.0   0.90841E-03   0.33774E-04
      6      1    2.0    0.0   0.88875E-01   0.33043E-02
      6      2    2.0    2.0   0.77301E+00   0.28740E-01
      2      1    2.0    0.0   0.26897E+02   0.10000E+01


                                                  CALCULATED YIELDS

     EXPERIMENT  1  DETECTOR  1
     ENERGY     44.000 MEV  THETA 160.000 DEG

     NI     NF     II     IF     YIELD     NORMALIZED YIELD

      5      4    8.0    6.0   0.24784E-04   0.93006E-06
      8      3    5.0    4.0   0.32417E-06   0.12165E-07
      8      4    5.0    6.0   0.10421E-10   0.39105E-12
      8      7    5.0    4.0   0.29832E-08   0.11195E-09
      9      1    3.0    0.0   0.18523E-03   0.69508E-05
      9      2    3.0    2.0   0.75260E-01   0.28242E-02
      9      3    3.0    4.0   0.56732E-02   0.21289E-03
      9      6    3.0    2.0   0.31368E-01   0.11771E-02
      9      7    3.0    4.0   0.96968E-03   0.36388E-04
      4      3    6.0    4.0   0.10877E-01   0.40817E-03
      4      7    6.0    4.0   0.99330E-07   0.37275E-08
      7      2    4.0    2.0   0.49170E-02   0.18452E-03
      7      3    4.0    4.0   0.57238E-02   0.21479E-03
      7      6    4.0    2.0   0.39553E-01   0.14843E-02
      3      2    4.0    2.0   0.92568E+00   0.34737E-01
      3      6    4.0    2.0   0.90541E-03   0.33976E-04
      6      1    2.0    0.0   0.88733E-01   0.33298E-02
      6      2    2.0    2.0   0.77566E+00   0.29108E-01
      2      1    2.0    0.0   0.26648E+02   0.10000E+01


                                                  CALCULATED YIELDS

     EXPERIMENT  1  DETECTOR  1
     ENERGY     45.000 MEV  THETA 132.000 DEG

     NI     NF     II     IF     YIELD     NORMALIZED YIELD

      5      4    8.0    6.0   0.34347E-04   0.10257E-05
      8      3    5.0    4.0   0.18000E-05   0.53752E-07
      8      4    5.0    6.0   0.57819E-10   0.17266E-11
      8      7    5.0    4.0   0.16568E-07   0.49475E-09
      9      1    3.0    0.0   0.24265E-03   0.72461E-05
      9      2    3.0    2.0   0.10390E+00   0.31026E-02
      9      3    3.0    4.0   0.79196E-02   0.23650E-03
      9      6    3.0    2.0   0.43303E-01   0.12931E-02
      9      7    3.0    4.0   0.13537E-02   0.40425E-04
      4      3    6.0    4.0   0.13429E-01   0.40103E-03
      4      7    6.0    4.0   0.12247E-06   0.36573E-08
      7      2    4.0    2.0   0.62101E-02   0.18545E-03
      7      3    4.0    4.0   0.70813E-02   0.21146E-03
      7      6    4.0    2.0   0.49943E-01   0.14914E-02
      3      2    4.0    2.0   0.10965E+01   0.32745E-01
      3      6    4.0    2.0   0.10709E-02   0.31981E-04
      6      1    2.0    0.0   0.10042E+00   0.29987E-02
      6      2    2.0    2.0   0.79418E+00   0.23716E-01
      2      1    2.0    0.0   0.33487E+02   0.10000E+01


                                                  CALCULATED YIELDS

     EXPERIMENT  1  DETECTOR  1
     ENERGY     45.000 MEV  THETA 134.000 DEG

     NI     NF     II     IF     YIELD     NORMALIZED YIELD

      5      4    8.0    6.0   0.34756E-04   0.10567E-05
      8      3    5.0    4.0   0.17028E-05   0.51772E-07
      8      4    5.0    6.0   0.54705E-10   0.16633E-11
      8      7    5.0    4.0   0.15673E-07   0.47651E-09
      9      1    3.0    0.0   0.23917E-03   0.72718E-05
      9      2    3.0    2.0   0.10237E+00   0.31124E-02
      9      3    3.0    4.0   0.77954E-02   0.23701E-03
      9      6    3.0    2.0   0.42666E-01   0.12972E-02
      9      7    3.0    4.0   0.13325E-02   0.40513E-04
      4      3    6.0    4.0   0.13522E-01   0.41112E-03
      4      7    6.0    4.0   0.12333E-06   0.37498E-08
      7      2    4.0    2.0   0.62031E-02   0.18860E-03
      7      3    4.0    4.0   0.70841E-02   0.21539E-03
      7      6    4.0    2.0   0.49887E-01   0.15168E-02
      3      2    4.0    2.0   0.10942E+01   0.33269E-01
      3      6    4.0    2.0   0.10688E-02   0.32496E-04
      6      1    2.0    0.0   0.10040E+00   0.30527E-02
      6      2    2.0    2.0   0.80069E+00   0.24344E-01
      2      1    2.0    0.0   0.32890E+02   0.10000E+01


                                                  CALCULATED YIELDS

     EXPERIMENT  1  DETECTOR  1
     ENERGY     45.000 MEV  THETA 136.000 DEG

     NI     NF     II     IF     YIELD     NORMALIZED YIELD

      5      4    8.0    6.0   0.35091E-04   0.10857E-05
      8      3    5.0    4.0   0.16022E-05   0.49571E-07
      8      4    5.0    6.0   0.51480E-10   0.15927E-11
      8      7    5.0    4.0   0.14747E-07   0.45625E-09
      9      1    3.0    0.0   0.23601E-03   0.73018E-05
      9      2    3.0    2.0   0.10090E+00   0.31216E-02
      9      3    3.0    4.0   0.76760E-02   0.23749E-03
      9      6    3.0    2.0   0.42053E-01   0.13011E-02
      9      7    3.0    4.0   0.13121E-02   0.40594E-04
      4      3    6.0    4.0   0.13598E-01   0.42072E-03
      4      7    6.0    4.0   0.12404E-06   0.38377E-08
      7      2    4.0    2.0   0.61923E-02   0.19158E-03
      7      3    4.0    4.0   0.70828E-02   0.21913E-03
      7      6    4.0    2.0   0.49801E-01   0.15408E-02
      3      2    4.0    2.0   0.10915E+01   0.33770E-01
      3      6    4.0    2.0   0.10663E-02   0.32990E-04
      6      1    2.0    0.0   0.10036E+00   0.31052E-02
      6      2    2.0    2.0   0.80697E+00   0.24967E-01
      2      1    2.0    0.0   0.32322E+02   0.10000E+01


                                                  CALCULATED YIELDS

     EXPERIMENT  1  DETECTOR  1
     ENERGY     45.000 MEV  THETA 138.000 DEG

     NI     NF     II     IF     YIELD     NORMALIZED YIELD

      5      4    8.0    6.0   0.35353E-04   0.11124E-05
      8      3    5.0    4.0   0.14990E-05   0.47168E-07
      8      4    5.0    6.0   0.48170E-10   0.15157E-11
      8      7    5.0    4.0   0.13797E-07   0.43412E-09
      9      1    3.0    0.0   0.23313E-03   0.73358E-05
      9      2    3.0    2.0   0.99480E-01   0.31302E-02
      9      3    3.0    4.0   0.75611E-02   0.23792E-03
      9      6    3.0    2.0   0.41462E-01   0.13046E-02
      9      7    3.0    4.0   0.12924E-02   0.40667E-04
      4      3    6.0    4.0   0.13659E-01   0.42980E-03
      4      7    6.0    4.0   0.12461E-06   0.39210E-08
      7      2    4.0    2.0   0.61782E-02   0.19440E-03
      7      3    4.0    4.0   0.70777E-02   0.22271E-03
      7      6    4.0    2.0   0.49688E-01   0.15635E-02
      3      2    4.0    2.0   0.10885E+01   0.34250E-01
      3      6    4.0    2.0   0.10635E-02   0.33463E-04
      6      1    2.0    0.0   0.10030E+00   0.31561E-02
      6      2    2.0    2.0   0.81301E+00   0.25582E-01
      2      1    2.0    0.0   0.31780E+02   0.10000E+01


                                                  CALCULATED YIELDS

     EXPERIMENT  1  DETECTOR  1
     ENERGY     45.000 MEV  THETA 140.000 DEG

     NI     NF     II     IF     YIELD     NORMALIZED YIELD

      5      4    8.0    6.0   0.35547E-04   0.11369E-05
      8      3    5.0    4.0   0.13940E-05   0.44585E-07
      8      4    5.0    6.0   0.44799E-10   0.14328E-11
      8      7    5.0    4.0   0.12830E-07   0.41035E-09
      9      1    3.0    0.0   0.23055E-03   0.73736E-05
      9      2    3.0    2.0   0.98121E-01   0.31382E-02
      9      3    3.0    4.0   0.74511E-02   0.23831E-03
      9      6    3.0    2.0   0.40896E-01   0.13080E-02
      9      7    3.0    4.0   0.12736E-02   0.40734E-04
      4      3    6.0    4.0   0.13706E-01   0.43837E-03
      4      7    6.0    4.0   0.12505E-06   0.39995E-08
      7      2    4.0    2.0   0.61611E-02   0.19705E-03
      7      3    4.0    4.0   0.70692E-02   0.22610E-03
      7      6    4.0    2.0   0.49552E-01   0.15848E-02
      3      2    4.0    2.0   0.10852E+01   0.34708E-01
      3      6    4.0    2.0   0.10603E-02   0.33913E-04
      6      1    2.0    0.0   0.10022E+00   0.32053E-02
      6      2    2.0    2.0   0.81879E+00   0.26187E-01
      2      1    2.0    0.0   0.31266E+02   0.10000E+01


                                                  CALCULATED YIELDS

     EXPERIMENT  1  DETECTOR  1
     ENERGY     45.000 MEV  THETA 142.000 DEG

     NI     NF     II     IF     YIELD     NORMALIZED YIELD

      5      4    8.0    6.0   0.35678E-04   0.11591E-05
      8      3    5.0    4.0   0.12880E-05   0.41847E-07
      8      4    5.0    6.0   0.41395E-10   0.13449E-11
      8      7    5.0    4.0   0.11854E-07   0.38514E-09
      9      1    3.0    0.0   0.22822E-03   0.74148E-05
      9      2    3.0    2.0   0.96820E-01   0.31456E-02
      9      3    3.0    4.0   0.73459E-02   0.23866E-03
      9      6    3.0    2.0   0.40354E-01   0.13111E-02
      9      7    3.0    4.0   0.12556E-02   0.40794E-04
      4      3    6.0    4.0   0.13740E-01   0.44640E-03
      4      7    6.0    4.0   0.12537E-06   0.40732E-08
      7      2    4.0    2.0   0.61415E-02   0.19953E-03
      7      3    4.0    4.0   0.70577E-02   0.22930E-03
      7      6    4.0    2.0   0.49395E-01   0.16048E-02
      3      2    4.0    2.0   0.10817E+01   0.35142E-01
      3      6    4.0    2.0   0.10570E-02   0.34342E-04
      6      1    2.0    0.0   0.10012E+00   0.32528E-02
      6      2    2.0    2.0   0.82431E+00   0.26781E-01
      2      1    2.0    0.0   0.30779E+02   0.10000E+01


                                                  CALCULATED YIELDS

     EXPERIMENT  1  DETECTOR  1
     ENERGY     45.000 MEV  THETA 144.000 DEG

     NI     NF     II     IF     YIELD     NORMALIZED YIELD

      5      4    8.0    6.0   0.35750E-04   0.11791E-05
      8      3    5.0    4.0   0.11818E-05   0.38979E-07
      8      4    5.0    6.0   0.37983E-10   0.12528E-11
      8      7    5.0    4.0   0.10877E-07   0.35874E-09
      9      1    3.0    0.0   0.22615E-03   0.74591E-05
      9      2    3.0    2.0   0.95581E-01   0.31525E-02
      9      3    3.0    4.0   0.72457E-02   0.23898E-03
      9      6    3.0    2.0   0.39837E-01   0.13139E-02
      9      7    3.0    4.0   0.12385E-02   0.40849E-04
      4      3    6.0    4.0   0.13762E-01   0.45391E-03
      4      7    6.0    4.0   0.12558E-06   0.41421E-08
      7      2    4.0    2.0   0.61196E-02   0.20184E-03
      7      3    4.0    4.0   0.70436E-02   0.23232E-03
      7      6    4.0    2.0   0.49220E-01   0.16234E-02
      3      2    4.0    2.0   0.10780E+01   0.35554E-01
      3      6    4.0    2.0   0.10535E-02   0.34748E-04
      6      1    2.0    0.0   0.10000E+00   0.32984E-02
      6      2    2.0    2.0   0.82957E+00   0.27362E-01
      2      1    2.0    0.0   0.30319E+02   0.10000E+01


                                                  CALCULATED YIELDS

     EXPERIMENT  1  DETECTOR  1
     ENERGY     45.000 MEV  THETA 146.000 DEG

     NI     NF     II     IF     YIELD     NORMALIZED YIELD

      5      4    8.0    6.0   0.35768E-04   0.11969E-05
      8      3    5.0    4.0   0.10762E-05   0.36010E-07
      8      4    5.0    6.0   0.34589E-10   0.11574E-11
      8      7    5.0    4.0   0.99042E-08   0.33141E-09
      9      1    3.0    0.0   0.22432E-03   0.75061E-05
      9      2    3.0    2.0   0.94404E-01   0.31589E-02
      9      3    3.0    4.0   0.71507E-02   0.23927E-03
      9      6    3.0    2.0   0.39347E-01   0.13166E-02
      9      7    3.0    4.0   0.12222E-02   0.40898E-04
      4      3    6.0    4.0   0.13774E-01   0.46088E-03
      4      7    6.0    4.0   0.12570E-06   0.42062E-08
      7      2    4.0    2.0   0.60961E-02   0.20398E-03
      7      3    4.0    4.0   0.70274E-02   0.23515E-03
      7      6    4.0    2.0   0.49031E-01   0.16407E-02
      3      2    4.0    2.0   0.10742E+01   0.35943E-01
      3      6    4.0    2.0   0.10499E-02   0.35132E-04
      6      1    2.0    0.0   0.99879E-01   0.33421E-02
      6      2    2.0    2.0   0.83457E+00   0.27926E-01
      2      1    2.0    0.0   0.29885E+02   0.10000E+01


                                                  CALCULATED YIELDS

     EXPERIMENT  1  DETECTOR  1
     ENERGY     45.000 MEV  THETA 148.000 DEG

     NI     NF     II     IF     YIELD     NORMALIZED YIELD

      5      4    8.0    6.0   0.35740E-04   0.12125E-05
      8      3    5.0    4.0   0.97187E-06   0.32970E-07
      8      4    5.0    6.0   0.31238E-10   0.10597E-11
      8      7    5.0    4.0   0.89443E-08   0.30343E-09
      9      1    3.0    0.0   0.22271E-03   0.75553E-05
      9      2    3.0    2.0   0.93292E-01   0.31649E-02
      9      3    3.0    4.0   0.70609E-02   0.23954E-03
      9      6    3.0    2.0   0.38883E-01   0.13191E-02
      9      7    3.0    4.0   0.12069E-02   0.40944E-04
      4      3    6.0    4.0   0.13776E-01   0.46734E-03
      4      7    6.0    4.0   0.12574E-06   0.42655E-08
      7      2    4.0    2.0   0.60711E-02   0.20596E-03
      7      3    4.0    4.0   0.70093E-02   0.23779E-03
      7      6    4.0    2.0   0.48832E-01   0.16566E-02
      3      2    4.0    2.0   0.10703E+01   0.36310E-01
      3      6    4.0    2.0   0.10463E-02   0.35494E-04
      6      1    2.0    0.0   0.99745E-01   0.33838E-02
      6      2    2.0    2.0   0.83930E+00   0.28473E-01
      2      1    2.0    0.0   0.29477E+02   0.10000E+01


                                                  CALCULATED YIELDS

     EXPERIMENT  1  DETECTOR  1
     ENERGY     45.000 MEV  THETA 150.000 DEG

     NI     NF     II     IF     YIELD     NORMALIZED YIELD

      5      4    8.0    6.0   0.35671E-04   0.12260E-05
      8      3    5.0    4.0   0.86970E-06   0.29891E-07
      8      4    5.0    6.0   0.27954E-10   0.96078E-12
      8      7    5.0    4.0   0.80039E-08   0.27509E-09
      9      1    3.0    0.0   0.22130E-03   0.76060E-05
      9      2    3.0    2.0   0.92242E-01   0.31704E-02
      9      3    3.0    4.0   0.69763E-02   0.23978E-03
      9      6    3.0    2.0   0.38445E-01   0.13214E-02
      9      7    3.0    4.0   0.11924E-02   0.40984E-04
      4      3    6.0    4.0   0.13770E-01   0.47328E-03
      4      7    6.0    4.0   0.12570E-06   0.43202E-08
      7      2    4.0    2.0   0.60453E-02   0.20778E-03
      7      3    4.0    4.0   0.69899E-02   0.24024E-03
      7      6    4.0    2.0   0.48625E-01   0.16712E-02
      3      2    4.0    2.0   0.10664E+01   0.36653E-01
      3      6    4.0    2.0   0.10426E-02   0.35833E-04
      6      1    2.0    0.0   0.99605E-01   0.34234E-02
      6      2    2.0    2.0   0.84375E+00   0.28999E-01
      2      1    2.0    0.0   0.29095E+02   0.10000E+01


                                                  CALCULATED YIELDS

     EXPERIMENT  1  DETECTOR  1
     ENERGY     45.000 MEV  THETA 152.000 DEG

     NI     NF     II     IF     YIELD     NORMALIZED YIELD

      5      4    8.0    6.0   0.35567E-04   0.12376E-05
      8      3    5.0    4.0   0.77036E-06   0.26805E-07
      8      4    5.0    6.0   0.24761E-10   0.86158E-12
      8      7    5.0    4.0   0.70896E-08   0.24669E-09
      9      1    3.0    0.0   0.22008E-03   0.76577E-05
      9      2    3.0    2.0   0.91258E-01   0.31754E-02
      9      3    3.0    4.0   0.68971E-02   0.23999E-03
      9      6    3.0    2.0   0.38035E-01   0.13235E-02
      9      7    3.0    4.0   0.11789E-02   0.41020E-04
      4      3    6.0    4.0   0.13758E-01   0.47872E-03
      4      7    6.0    4.0   0.12560E-06   0.43702E-08
      7      2    4.0    2.0   0.60189E-02   0.20943E-03
      7      3    4.0    4.0   0.69696E-02   0.24251E-03
      7      6    4.0    2.0   0.48413E-01   0.16846E-02
      3      2    4.0    2.0   0.10626E+01   0.36973E-01
      3      6    4.0    2.0   0.10389E-02   0.36150E-04
      6      1    2.0    0.0   0.99462E-01   0.34608E-02
      6      2    2.0    2.0   0.84792E+00   0.29504E-01
      2      1    2.0    0.0   0.28739E+02   0.10000E+01


                                                  CALCULATED YIELDS

     EXPERIMENT  1  DETECTOR  1
     ENERGY     45.000 MEV  THETA 154.000 DEG

     NI     NF     II     IF     YIELD     NORMALIZED YIELD

      5      4    8.0    6.0   0.35436E-04   0.12474E-05
      8      3    5.0    4.0   0.67457E-06   0.23745E-07
      8      4    5.0    6.0   0.21682E-10   0.76322E-12
      8      7    5.0    4.0   0.62080E-08   0.21853E-09
      9      1    3.0    0.0   0.21902E-03   0.77097E-05
      9      2    3.0    2.0   0.90340E-01   0.31800E-02
      9      3    3.0    4.0   0.68231E-02   0.24018E-03
      9      6    3.0    2.0   0.37652E-01   0.13254E-02
      9      7    3.0    4.0   0.11662E-02   0.41052E-04
      4      3    6.0    4.0   0.13740E-01   0.48367E-03
      4      7    6.0    4.0   0.12545E-06   0.44158E-08
      7      2    4.0    2.0   0.59924E-02   0.21094E-03
      7      3    4.0    4.0   0.69487E-02   0.24460E-03
      7      6    4.0    2.0   0.48200E-01   0.16967E-02
      3      2    4.0    2.0   0.10588E+01   0.37270E-01
      3      6    4.0    2.0   0.10353E-02   0.36444E-04
      6      1    2.0    0.0   0.99317E-01   0.34960E-02
      6      2    2.0    2.0   0.85182E+00   0.29985E-01
      2      1    2.0    0.0   0.28409E+02   0.10000E+01


                                                  CALCULATED YIELDS

     EXPERIMENT  1  DETECTOR  1
     ENERGY     45.000 MEV  THETA 156.000 DEG

     NI     NF     II     IF     YIELD     NORMALIZED YIELD

      5      4    8.0    6.0   0.35283E-04   0.12555E-05
      8      3    5.0    4.0   0.58300E-06   0.20745E-07
      8      4    5.0    6.0   0.18739E-10   0.66677E-12
      8      7    5.0    4.0   0.53652E-08   0.19091E-09
      9      1    3.0    0.0   0.21812E-03   0.77613E-05
      9      2    3.0    2.0   0.89487E-01   0.31842E-02
      9      3    3.0    4.0   0.67545E-02   0.24034E-03
      9      6    3.0    2.0   0.37297E-01   0.13271E-02
      9      7    3.0    4.0   0.11545E-02   0.41081E-04
      4      3    6.0    4.0   0.13719E-01   0.48815E-03
      4      7    6.0    4.0   0.12526E-06   0.44571E-08
      7      2    4.0    2.0   0.59661E-02   0.21229E-03
      7      3    4.0    4.0   0.69275E-02   0.24650E-03
      7      6    4.0    2.0   0.47990E-01   0.17076E-02
      3      2    4.0    2.0   0.10551E+01   0.37545E-01
      3      6    4.0    2.0   0.10318E-02   0.36716E-04
      6      1    2.0    0.0   0.99174E-01   0.35289E-02
      6      2    2.0    2.0   0.85543E+00   0.30439E-01
      2      1    2.0    0.0   0.28103E+02   0.10000E+01


                                                  CALCULATED YIELDS

     EXPERIMENT  1  DETECTOR  1
     ENERGY     45.000 MEV  THETA 158.000 DEG

     NI     NF     II     IF     YIELD     NORMALIZED YIELD

      5      4    8.0    6.0   0.35114E-04   0.12621E-05
      8      3    5.0    4.0   0.49628E-06   0.17837E-07
      8      4    5.0    6.0   0.15951E-10   0.57329E-12
      8      7    5.0    4.0   0.45671E-08   0.16415E-09
      9      1    3.0    0.0   0.21735E-03   0.78119E-05
      9      2    3.0    2.0   0.88700E-01   0.31880E-02
      9      3    3.0    4.0   0.66912E-02   0.24049E-03
      9      6    3.0    2.0   0.36969E-01   0.13287E-02
      9      7    3.0    4.0   0.11437E-02   0.41106E-04
      4      3    6.0    4.0   0.13694E-01   0.49217E-03
      4      7    6.0    4.0   0.12504E-06   0.44942E-08
      7      2    4.0    2.0   0.59404E-02   0.21350E-03
      7      3    4.0    4.0   0.69066E-02   0.24823E-03
      7      6    4.0    2.0   0.47784E-01   0.17174E-02
      3      2    4.0    2.0   0.10516E+01   0.37797E-01
      3      6    4.0    2.0   0.10285E-02   0.36965E-04
      6      1    2.0    0.0   0.99034E-01   0.35594E-02
      6      2    2.0    2.0   0.85876E+00   0.30865E-01
      2      1    2.0    0.0   0.27823E+02   0.10000E+01


                                                  CALCULATED YIELDS

     EXPERIMENT  1  DETECTOR  1
     ENERGY     45.000 MEV  THETA 160.000 DEG

     NI     NF     II     IF     YIELD     NORMALIZED YIELD

      5      4    8.0    6.0   0.34937E-04   0.12673E-05
      8      3    5.0    4.0   0.41500E-06   0.15054E-07
      8      4    5.0    6.0   0.13338E-10   0.48383E-12
      8      7    5.0    4.0   0.38191E-08   0.13853E-09
      9      1    3.0    0.0   0.21671E-03   0.78609E-05
      9      2    3.0    2.0   0.87981E-01   0.31914E-02
      9      3    3.0    4.0   0.66334E-02   0.24062E-03
      9      6    3.0    2.0   0.36669E-01   0.13301E-02
      9      7    3.0    4.0   0.11338E-02   0.41128E-04
      4      3    6.0    4.0   0.13667E-01   0.49576E-03
      4      7    6.0    4.0   0.12481E-06   0.45274E-08
      7      2    4.0    2.0   0.59156E-02   0.21458E-03
      7      3    4.0    4.0   0.68862E-02   0.24979E-03
      7      6    4.0    2.0   0.47586E-01   0.17261E-02
      3      2    4.0    2.0   0.10483E+01   0.38026E-01
      3      6    4.0    2.0   0.10253E-02   0.37193E-04
      6      1    2.0    0.0   0.98899E-01   0.35875E-02
      6      2    2.0    2.0   0.86181E+00   0.31261E-01
      2      1    2.0    0.0   0.27568E+02   0.10000E+01





     INTEGRATED RUTHERFORD CROSS SECTION=.8559E+03  FOR EXP. 1





                                                  INTEGRATED YIELDS

     EXPERIMENT  1  DETECTOR  1
     ENERGY RANGE   42.000---  45.000 MEV   SCATTERING ANGLE RANGE 132.000---160.000 DEG

     NI     NF     II     IF     YIELD     NORMALIZED YIELD

      5      4    8.0    6.0   0.16392E-04   0.76735E-06
      8      3    5.0    4.0   0.60865E-06   0.28492E-07
      8      4    5.0    6.0   0.19564E-10   0.91582E-12
      8      7    5.0    4.0   0.56017E-08   0.26223E-09
      9      1    3.0    0.0   0.13386E-03   0.62664E-05
      9      2    3.0    2.0   0.56483E-01   0.26441E-02
      9      3    3.0    4.0   0.42821E-02   0.20045E-03
      9      6    3.0    2.0   0.23542E-01   0.11020E-02
      9      7    3.0    4.0   0.73193E-03   0.34263E-04
      4      3    6.0    4.0   0.73270E-02   0.34299E-03
      4      7    6.0    4.0   0.66863E-07   0.31300E-08
      7      2    4.0    2.0   0.34653E-02   0.16221E-03
      7      3    4.0    4.0   0.39886E-02   0.18672E-03
      7      6    4.0    2.0   0.27871E-01   0.13047E-02
      3      2    4.0    2.0   0.66272E+00   0.31023E-01
      3      6    4.0    2.0   0.64770E-03   0.30320E-04
      6      1    2.0    0.0   0.62974E-01   0.29479E-02
      6      2    2.0    2.0   0.52363E+00   0.24512E-01
      2      1    2.0    0.0   0.21362E+02   0.10000E+01


                                                  CALCULATED YIELDS

     EXPERIMENT  1  DETECTOR  1
     ENERGY     43.750 MEV  THETA 135.400 DEG

     NI     NF     II     IF     YIELD     NORMALIZED YIELD

      5      4    8.0    6.0   0.16320E-04   0.74539E-06
      8      3    5.0    4.0   0.84291E-06   0.38499E-07
      8      4    5.0    6.0   0.27089E-10   0.12372E-11
      8      7    5.0    4.0   0.77581E-08   0.35434E-09
      9      1    3.0    0.0   0.13757E-03   0.62834E-05
      9      2    3.0    2.0   0.58935E-01   0.26918E-02
      9      3    3.0    4.0   0.44839E-02   0.20480E-03
      9      6    3.0    2.0   0.24563E-01   0.11219E-02
      9      7    3.0    4.0   0.76645E-03   0.35006E-04
      4      3    6.0    4.0   0.72428E-02   0.33080E-03
      4      7    6.0    4.0   0.66066E-07   0.30174E-08
      7      2    4.0    2.0   0.34861E-02   0.15922E-03
      7      3    4.0    4.0   0.39859E-02   0.18205E-03
      7      6    4.0    2.0   0.28037E-01   0.12805E-02
      3      2    4.0    2.0   0.65911E+00   0.30104E-01
      3      6    4.0    2.0   0.64387E-03   0.29408E-04
      6      1    2.0    0.0   0.61819E-01   0.28235E-02
      6      2    2.0    2.0   0.49677E+00   0.22689E-01
      2      1    2.0    0.0   0.21895E+02   0.10000E+01



          EXPERIMENT  1        DETECTOR  1

         NI     NF     YEXP        YCOR        COR.F

        9        2   .130E+05    .133E+05    .102E+01
        4        3   .166E+04    .160E+04    .964E+00
        7        6   .625E+04    .613E+04    .981E+00
        3        2   .149E+06    .145E+06    .970E+00
        6        1   .143E+05    .137E+05    .958E+00
        6        2   .118E+06    .110E+06    .926E+00
        2        1   .484E+07    .484E+07    .100E+01
               ********* END OF EXECUTION **********
