1
 *****************************************************************************************************************************
 *****************************************************************************************************************************
 **************************************************                         **************************************************
 **************************************************          GOSIA          **************************************************
 **************************************************                         **************************************************
 *****************************************************************************************************************************
 *****************************************************************************************************************************





                    ROCHESTER COULOMB EXCITATION DATA ANALYSIS CODE BY T.CZOSNYKA,D.CLINE AND C.Y.WU
                                                  VERS. 20110524.2   NOV 2011






          14C beam on 194Pt target integration                                            
          ----------------------------------------------------------------------------------------------------

                                        LEVELS

     INDEX     PARITY         SPIN           ENERGY(MEV)
       1           +           0.0            0.0000
       2           +           2.0            0.3280
       3           +           4.0            0.8110
       4           +           6.0            1.4118
       5           +           8.0            2.0995
       6           +           2.0            0.6220
       7           +           4.0            1.2290

                                        MATRIX ELEMENTS


     MULTIPOLARITY=2
    INDEX   NF     NS          ME               LIMITS
       1      1      2        1.28108        0.00010        4.00000
       2      1      6        0.09835       -4.00000        4.00000
       3      2      2        0.83000       -2.00000        2.00000
       4      2      3        2.25913        0.00010        4.00000
       5      2      6        1.72302       -4.00000        4.00000
       6      2      7        0.14702       -4.00000        4.00000
       7      3      3        0.10000       -2.00000        2.00000
       8      3      4        2.41057        0.00010        4.00000
       9      3      6        0.10000       -2.00000        2.00000
      10      3      7        0.91684       -4.00000        4.00000
      11      4      4        0.10000     COUPLED TO   7
      12      4      5        2.41057        0.00010        4.00000
      13      4      7        0.10000       -4.00000        4.00000
      14      6      6       -0.65960       -4.00000        4.00000
      15      6      7        1.12290        0.00010        4.00000
      16      7      7       -0.65960     COUPLED TO  14
     MULTIPOLARITY=7
    INDEX   NF     NS          ME               LIMITS
      17      2      6        0.02992       -2.00000        2.00000
      18      3      7        0.13314       -2.00000        2.00000

                                               REPRINT OF EXPERIMENTAL DATA TO BE FITTED





     EXPERIMENT  1
  PROJECTILE ( 78.,194.)  43.750 MEV ---1 GE(LI) DETECTOR(S)  WEIGHT=0.10E+01
                    ** EXPERIMENTAL YIELDS **
    DECAY IS  IF         YIELD+/-ERROR

       2   4   3  0.160068E+04     0.157324E+03
       6   7   6  0.615741E+04     0.121556E+03
       7   3   2  0.144640E+06     0.545542E+03
       9   6   1  0.136296E+05     0.114088E+03
      10   6   2  0.109252E+06     0.406481E+03
      11   2   1  0.483610E+07     0.289158E+04


        6 EXPERIMENTAL YIELDS           16 MATRIX ELEMENTS TO BE VARIED



                                        BRANCHING RATIOS

     NS1     NF1     NS2     NF2     RATIO(1:2)         ERROR
      6       1       6       2        0.13690        0.02300
      7       3       7       6        0.14400        0.01400
      7       2       7       6        0.12200        0.00800
     BRANCHING RATIOS ARE TAKEN WITH WEIGHT    0.100000E+01



                              LIFETIMES(PSEC)


     LEVEL         LIFETIME     ERROR

        2           60.45         0.86
        3            5.34         0.29
        4            2.31         0.72
        5            1.59         0.43
        6           50.50         5.77
        7            5.50         0.87

          LIFETIMES ARE TAKEN WITH WEIGHT    0.100000E+01


                    EXPERIMENTAL E2/M1 MIXING RATIOS


          TRANSITION            DELTA          ERROR

           6---  2               15.0000           2.0000

          E2/M1 MIXING RATIOS ARE TAKEN WITH WEIGHT    0.100000E+01


                              EXPERIMENTAL MATRIX ELEMENT(S)


          TRANSITION          MAT.EL.          ERROR

           2---  2                0.8300           0.0800
           6---  6               -0.6596           0.6596

           MATRIX ELEMENT(S) ARE TAKEN WITH WEIGHT    0.100000E+01



     *****  RESTART-MATRIX ELEMENTS OVERWRITTEN  *****




                                        MATRIX ELEMENTS


     MULTIPOLARITY=2
    INDEX   NF     NS          ME               LIMITS
       1      1      2        1.28711        0.00010        4.00000
       2      1      6        0.10708       -4.00000        4.00000
       3      2      2        0.80607       -2.00000        2.00000
       4      2      3        2.34171        0.00010        4.00000
       5      2      6        1.77793       -4.00000        4.00000
       6      2      7        0.41481       -4.00000        4.00000
       7      3      3        0.98649       -2.00000        2.00000
       8      3      4        2.56684        0.00010        4.00000
       9      3      6        1.01706       -2.00000        2.00000
      10      3      7        2.16074       -4.00000        4.00000
      11      4      4        0.97755     COUPLED TO   7
      12      4      5        2.36811        0.00010        4.00000
      13      4      7        1.90387       -4.00000        4.00000
      14      6      6       -0.39223       -4.00000        4.00000
      15      6      7        3.18028        0.00010        4.00000
      16      7      7       -0.39223     COUPLED TO  14
     MULTIPOLARITY=7
    INDEX   NF     NS          ME               LIMITS
      17      2      6        0.02887       -2.00000        2.00000
      18      3      7        0.75867       -2.00000        2.00000



          ** EXPERIMENT  1 **


     TARGET EXCITATION OF( 78,194.000) BY(  6, 14.000)
     ENERGY     43.750 MEV     BETA   0.819121E-01
     DISTANCE OF CLOSEST APPROACH FOR HEAD-ON COLLISIONS    16.5143 FM
     CM SCATTERING ANGLE    138.316 DEG     EPSILON     1.0700
     RECOIL ENERGY(MEV)      9.5568
     RECOIL BETA    0.102844E-01
     BOMBARDING ENERGY=     0.892 OF SAFE BOMBARDING ENERGY AT THIS ANGLE


                              EXPERIMENT  1          MAX.XI=0.4786

                              E2        MI=0     MAX.ZETA= 1.105


     XI             Q1                      Q2


             SLOPE  INTERCEPT       SLOPE     INTERCEPT


  0.0000   0.00E+00  0.00E+00      -.50E-04  0.88E+00
  0.0532   0.16E-02  0.39E-01      -.32E-03  0.87E+00
  0.1063   0.27E-02  0.72E-01      -.98E-03  0.83E+00
  0.1595   0.31E-02  0.10E+00      -.15E-02  0.78E+00
  0.2127   0.30E-02  0.13E+00      -.17E-02  0.73E+00
  0.2659   0.25E-02  0.15E+00      -.14E-02  0.67E+00
  0.3190   0.17E-02  0.17E+00      -.50E-03  0.62E+00
  0.3722   0.71E-03  0.18E+00      0.81E-03  0.56E+00
  0.4254   -.37E-03  0.20E+00      0.25E-02  0.51E+00
  0.4786   -.16E-02  0.21E+00      0.44E-02  0.46E+00


                              E2        MI=+/-1     MAX.ZETA= 1.105


     XI             Q1                      Q2


             SLOPE  INTERCEPT       SLOPE     INTERCEPT


  0.0000   0.00E+00  0.20E-01      0.00E+00  -.00E+00
  0.1196   0.00E+00  0.16E-01      0.00E+00  -.55E-01
  0.2393   0.00E+00  0.74E-02      0.00E+00  -.82E-01
  0.3589   0.00E+00  0.12E-02      0.00E+00  -.89E-01
  0.4786   0.00E+00  0.86E-02      0.00E+00  -.85E-01
     *** CHISQ=  0.190462E+01 ***

     MATRIX ELEMENT   5 LOCKED!

     MATRIX ELEMENT   2 LOCKED!

     MATRIX ELEMENT  17 LOCKED!

     MATRIX ELEMENT   6 LOCKED!
     MINIMIZATION STOPPED-NUMBER OF STEPS NPTL=  100 EXCEEDED
     *** CHISQ=  0.190361E+01 ***



          EXP. AND CALCULATED BRANCHING RATIOS

     NS1     NF1     NS2     NF2     RATIO(1:2)         ERROR       CALC.RATIO     (EXP-CAL)/ERROR


      6       1       6       2        0.13690        0.02300        0.15311          -0.7
      7       3       7       6        0.14400        0.01400        0.14317           0.1
      7       2       7       6        0.12200        0.00800        0.12282          -0.1
          EXPERIMENT  1
          D(LOG(Y)/D(LOG(ME))


   4-- 3     (  1  0.17E+01)   (  4  0.16E+01)   (  8  0.15E+01)   ( 13  0.27E+00)   (  2  0.13E+00)   ( 15  0.12E+00)
   7-- 6     (  1  0.20E+01)   ( 15  0.13E+01)   (  6  0.78E+00)   (  5  0.68E+00)   (  4  0.34E+00)   ( 10  0.30E+00)
   3-- 2     (  1  0.18E+01)   (  4  0.17E+01)   (  2  0.77E-01)   (  9  0.72E-01)   (  7  0.37E-01)   ( 10  0.25E-01)
   6-- 1     (  2  0.20E+01)   (  1  0.16E+01)   (  5  -.31E+00)   ( 15  0.63E-01)   (  6  0.63E-01)   (  3  -.38E-01)
   6-- 2     (  5  0.18E+01)   (  1  0.16E+01)   ( 15  0.65E-01)   (  6  0.64E-01)   (  3  -.38E-01)   ( 14  -.27E-01)
   2-- 1     (  1  0.17E+01)   (  3  0.30E-01)   (  2  0.14E-01)   (  4  -.10E-01)   (  5  0.88E-02)   (  9  -.76E-03)


                    VACUUM DEPOLARIZATION COEFFICIENTS 


     EXPERIMENT  1
     LEVEL          G2          G4          G6

        2         0.4826      0.2232      0.1064
        3         0.8440      0.6375      0.4779
        4         0.9261      0.7998      0.6829
        5         0.9438      0.8407      0.7333
        6         0.5201      0.2526      0.1276
        7         0.9781      0.9356      0.8837


                    NORMALIZATION CONSTANTS

  EXPERIMENT     DETECTORS(1-32)
  1  0.3127E+08


                    RECOMMENDED RELATIVE GE(LI) EFFICIENCIES

  EXPERIMENT
  1  0.1000E+01


     CALCULATED AND EXPERIMENTAL YIELDS   EXPERIMENT  1 DETECTOR  1

      NI     NF       II        IF         ENERGY(MEV)      YCAL        YEXP       PC. DIFF.  (YE-YC)/SIGMA
       4      3        6.0       4.0         0.6008      .1589E+04      .1601E+04      0.8      0.1              
       7      6        4.0       2.0         0.6070      .6150E+04      .6157E+04      0.1      0.1              
       3      2        4.0       2.0         0.4830      .1446E+06      .1446E+06      0.0      0.1              
       6      1        2.0       0.0         0.6220      .1364E+05      .1363E+05     -0.1     -0.1              
       6      2        2.0       2.0         0.2940      .1092E+06      .1093E+06      0.1      0.2              
       2      1        2.0       0.0         0.3280      .4836E+07      .4836E+07     -0.0     -0.0              

                                                  CHISQ SUBTOTAL =   0.836343E-01


          E2/M1 MIXING RATIOS
          TRANSITION          EXP.DELTA          CALC.DELTA          SIGMA

           6---  2               15.00              15.28              0.14


                    CALCULATED LIFETIMES

     LEVEL     LIFETIME(PSEC)     EXP        ERROR

        2       0.6042E+02     0.6045E+02    0.8650E+00
        3       0.4961E+01     0.5340E+01    0.2880E+00
        4       0.2024E+01     0.2310E+01    0.7220E+00
        5       0.1589E+01     0.1590E+01    0.4300E+00
        6       0.4661E+02     0.5050E+02    0.5770E+01
        7       0.6796E+00     0.5500E+01    0.8660E+00


CALCULATED AND EXPERIMENTAL MATRIX ELEMENTS


     NI NF  EXP. ME   CURRENT ME   SIGMA
      2   2    0.8300    0.8007   -0.3660
      6   6   -0.6596   -0.3747    0.4319

                                        MATRIX ELEMENTS


     MULTIPOLARITY=2
    INDEX   NF     NS          ME          PC CHANGE     RED. TRANS. PROB.
       1      1      2        1.28703       -0.00662        0.33129   
       2      1      6        0.10693       -0.14492        0.00229   
       3      2      2        0.80072       -0.66446     **********   
       4      2      3        2.33917       -0.10864        0.60797   
       5      2      6        1.77531       -0.14730        0.63034   
       6      2      7        0.41565        0.20305        0.01920   
       7      3      3        0.99108        0.46455     **********   
       8      3      4        2.56439       -0.09564        0.50585   
       9      3      6        1.03265        1.53295        0.21328   
      10      3      7        2.16330        0.11876        0.51999   
      11      4      4        0.98209        0.46455     **********   
      12      4      5        2.36812        0.00011        0.32988   
      13      4      7        1.90428        0.02176        0.40292   
      14      6      6       -0.37471       -4.46701     **********   
      15      6      7        3.18372        0.10803        1.12623   
      16      7      7       -0.37471       -4.46701     **********   
     MULTIPOLARITY=7
    INDEX   NF     NS          ME          PC CHANGE     RED. TRANS. PROB.
      17      2      6        0.02845       -1.48442        0.00016   
      18      3      7        0.75569       -0.39230        0.06345   
               ********* END OF EXECUTION **********
