1
 *****************************************************************************************************************************
 *****************************************************************************************************************************
 **************************************************                         **************************************************
 **************************************************          GOSIA          **************************************************
 **************************************************                         **************************************************
 *****************************************************************************************************************************
 *****************************************************************************************************************************





                    ROCHESTER COULOMB EXCITATION DATA ANALYSIS CODE BY T.CZOSNYKA,D.CLINE AND C.Y.WU
                                                  VERS. 20110524.2   NOV 2011






          14C beam on 194Pt target integration                                            
          ----------------------------------------------------------------------------------------------------

                                        LEVELS

     INDEX     PARITY         SPIN           ENERGY(MEV)
       1           +           0.0            0.0000
       2           +           2.0            0.3280
       3           +           4.0            0.8110
       4           +           6.0            1.4118
       5           +           8.0            2.0995
       6           +           2.0            0.6220
       7           +           4.0            1.2290
       8           +           5.0            1.4980

                                        MATRIX ELEMENTS


     MULTIPOLARITY=2
    INDEX   NF     NS          ME               LIMITS
       1      1      2        1.28108        0.00010        4.00000
       2      1      6        0.09835       -4.00000        4.00000
       3      2      2        0.83000       -4.00000        4.00000
       4      2      3        2.25913        0.00010        4.00000
       5      2      6        1.72302       -4.00000        4.00000
       6      2      7        0.14702       -4.00000        4.00000
       7      3      3        0.10000       -4.00000        4.00000
       8      3      4        2.41057        0.00010        4.00000
       9      3      6        0.10000       -4.00000        4.00000
      10      3      7        0.91684       -4.00000        4.00000
      11      3      8        0.10000       -4.00000        4.00000
      12      4      4        0.10000     COUPLED TO   7
      13      4      5        2.41057        0.00010        4.00000
      14      4      7        0.10000       -4.00000        4.00000
      15      4      8        0.10000       -4.00000        4.00000
      16      6      6       -0.65960       -4.00000        4.00000
      17      6      7        1.12290        0.00010        4.00000
      18      7      7       -0.65960     COUPLED TO  16
      19      7      8        0.10000       -4.00000        4.00000
     MULTIPOLARITY=7
    INDEX   NF     NS          ME               LIMITS
      20      2      6        0.02992       -2.00000        2.00000
      21      3      7        0.13314       -2.00000        2.00000

                                               REPRINT OF EXPERIMENTAL DATA TO BE FITTED





     EXPERIMENT  1
  PROJECTILE ( 78.,194.)  45.000 MEV ---1 GE(LI) DETECTOR(S)  WEIGHT=0.10E+01
                    ** EXPERIMENTAL YIELDS **
    DECAY IS  IF         YIELD+/-ERROR

      14   2   1  0.483610E+07     0.289187E+04
      10   3   2  0.149279E+06     0.563094E+03
       5   4   3  0.166234E+04     0.163400E+03
      12   6   1  0.142688E+05     0.119450E+03
      13   6   2  0.118497E+06     0.440920E+03
       9   7   6  0.624957E+04     0.123388E+03


        6 EXPERIMENTAL YIELDS           19 MATRIX ELEMENTS TO BE VARIED



                                        BRANCHING RATIOS

     NS1     NF1     NS2     NF2     RATIO(1:2)         ERROR
      6       1       6       2        0.13690        0.02300
      7       3       7       6        0.14400        0.01400
      7       2       7       6        0.12200        0.00800
     BRANCHING RATIOS ARE TAKEN WITH WEIGHT    0.100000E+01



                              LIFETIMES(PSEC)


     LEVEL         LIFETIME     ERROR

        2           60.45         0.86
        3            5.34         0.29
        4            2.31         0.72
        5            1.59         0.43
        6           50.50         5.77
        7            5.50         0.87

          LIFETIMES ARE TAKEN WITH WEIGHT    0.100000E+01


                    EXPERIMENTAL E2/M1 MIXING RATIOS


          TRANSITION            DELTA          ERROR

           6---  2               15.0000           2.0000

          E2/M1 MIXING RATIOS ARE TAKEN WITH WEIGHT    0.100000E+01


                              EXPERIMENTAL MATRIX ELEMENT(S)


          TRANSITION          MAT.EL.          ERROR

           2---  2                0.8300           0.0800
           6---  6               -0.6596           0.6596

           MATRIX ELEMENT(S) ARE TAKEN WITH WEIGHT    0.100000E+01



     *****  RESTART-MATRIX ELEMENTS OVERWRITTEN  *****




                                        MATRIX ELEMENTS


     MULTIPOLARITY=2
    INDEX   NF     NS          ME               LIMITS
       1      1      2        1.28726        0.00010        4.00000
       2      1      6        0.11114       -4.00000        4.00000
       3      2      2        0.84685       -4.00000        4.00000
       4      2      3        2.42754        0.00010        4.00000
       5      2      6        1.87295       -4.00000        4.00000
       6      2      7        0.39851       -4.00000        4.00000
       7      3      3        0.78302       -4.00000        4.00000
       8      3      4        2.81502        0.00010        4.00000
       9      3      6        0.74645       -4.00000        4.00000
      10      3      7        2.02326       -4.00000        4.00000
      11      3      8        0.09996       -4.00000        4.00000
      12      4      4        0.77591     COUPLED TO   7
      13      4      5        2.37024        0.00010        4.00000
      14      4      7        0.17970       -4.00000        4.00000
      15      4      8        0.09999       -4.00000        4.00000
      16      6      6       -0.47013       -4.00000        4.00000
      17      6      7        3.02804        0.00010        4.00000
      18      7      7       -0.47013     COUPLED TO  16
      19      7      8        0.09996       -4.00000        4.00000
     MULTIPOLARITY=7
    INDEX   NF     NS          ME               LIMITS
      20      2      6        0.03044       -2.00000        2.00000
      21      3      7        0.50511       -2.00000        2.00000



          ** EXPERIMENT  1 **


     TARGET EXCITATION OF( 78,194.000) BY(  6, 14.000)
     ENERGY     43.750 MEV     BETA   0.819121E-01
     DISTANCE OF CLOSEST APPROACH FOR HEAD-ON COLLISIONS    16.5143 FM
     CM SCATTERING ANGLE    138.316 DEG     EPSILON     1.0700
     RECOIL ENERGY(MEV)      9.5568
     RECOIL BETA    0.102844E-01
     BOMBARDING ENERGY=     0.892 OF SAFE BOMBARDING ENERGY AT THIS ANGLE


                              EXPERIMENT  1          MAX.XI=0.4786

                              E2        MI=0     MAX.ZETA= 1.105


     XI             Q1                      Q2


             SLOPE  INTERCEPT       SLOPE     INTERCEPT


  0.0000   0.00E+00  0.00E+00      -.50E-04  0.88E+00
  0.0532   0.16E-02  0.39E-01      -.32E-03  0.87E+00
  0.1063   0.27E-02  0.72E-01      -.98E-03  0.83E+00
  0.1595   0.31E-02  0.10E+00      -.15E-02  0.78E+00
  0.2127   0.30E-02  0.13E+00      -.17E-02  0.73E+00
  0.2659   0.25E-02  0.15E+00      -.14E-02  0.67E+00
  0.3190   0.17E-02  0.17E+00      -.50E-03  0.62E+00
  0.3722   0.71E-03  0.18E+00      0.81E-03  0.56E+00
  0.4254   -.37E-03  0.20E+00      0.25E-02  0.51E+00
  0.4786   -.16E-02  0.21E+00      0.44E-02  0.46E+00


                              E2        MI=+/-1     MAX.ZETA= 1.105


     XI             Q1                      Q2


             SLOPE  INTERCEPT       SLOPE     INTERCEPT


  0.0000   0.00E+00  0.20E-01      0.00E+00  -.00E+00
  0.1196   0.00E+00  0.16E-01      0.00E+00  -.55E-01
  0.2393   0.00E+00  0.74E-02      0.00E+00  -.82E-01
  0.3589   0.00E+00  0.12E-02      0.00E+00  -.89E-01
  0.4786   0.00E+00  0.86E-02      0.00E+00  -.85E-01
     *** CHISQ=  0.283727E+01 ***
     MINIMIZATION STOPPED-NUMBER OF STEPS NPTL=   30 EXCEEDED
     *** CHISQ=  0.283064E+01 ***
     *** CHISQ=  0.283064E+01 ***
     MINIMIZATION STOPPED-NUMBER OF STEPS NPTL=   30 EXCEEDED
     *** CHISQ=  0.282416E+01 ***
     *** CHISQ=  0.282416E+01 ***
     MINIMIZATION STOPPED-NUMBER OF STEPS NPTL=   30 EXCEEDED
     *** CHISQ=  0.281780E+01 ***
     *** CHISQ=  0.281780E+01 ***
     MINIMIZATION STOPPED-NUMBER OF STEPS NPTL=   30 EXCEEDED
     *** CHISQ=  0.281154E+01 ***
     *** CHISQ=  0.281154E+01 ***
     MINIMIZATION STOPPED-NUMBER OF STEPS NPTL=   30 EXCEEDED
     *** CHISQ=  0.280537E+01 ***



          EXP. AND CALCULATED BRANCHING RATIOS

     NS1     NF1     NS2     NF2     RATIO(1:2)         ERROR       CALC.RATIO     (EXP-CAL)/ERROR


      6       1       6       2        0.13690        0.02300        0.14860          -0.5
      7       3       7       6        0.14400        0.01400        0.10592           2.7
      7       2       7       6        0.12200        0.00800        0.12508          -0.4
          EXPERIMENT  1
          D(LOG(Y)/D(LOG(ME))


   4-- 3     (  8  0.20E+01)   (  4  0.20E+01)   (  1  0.19E+01)   (  2  0.71E-01)   (  9  0.54E-01)   ( 14  0.29E-01)
   7-- 6     (  1  0.20E+01)   ( 17  0.12E+01)   (  6  0.74E+00)   (  5  0.67E+00)   (  4  0.33E+00)   (  2  0.29E+00)
   3-- 2     (  1  0.19E+01)   (  4  0.18E+01)   (  2  0.60E-01)   (  9  0.57E-01)   (  7  0.30E-01)   ( 10  0.23E-01)
   6-- 1     (  2  0.21E+01)   (  1  0.16E+01)   (  5  -.31E+00)   ( 17  0.56E-01)   (  6  0.55E-01)   (  3  -.40E-01)
   6-- 2     (  5  0.18E+01)   (  1  0.16E+01)   ( 17  0.58E-01)   (  6  0.56E-01)   (  3  -.40E-01)   ( 16  -.34E-01)
   2-- 1     (  1  0.17E+01)   (  3  0.32E-01)   (  2  0.15E-01)   (  4  -.11E-01)   (  5  0.96E-02)   (  9  -.58E-03)


                    VACUUM DEPOLARIZATION COEFFICIENTS 


     EXPERIMENT  1
     LEVEL          G2          G4          G6

        2         0.4827      0.2232      0.1064
        3         0.8517      0.6515      0.4936
        4         0.9382      0.8292      0.7233
        5         0.9439      0.8409      0.7337
        6         0.5356      0.2653      0.1369
        7         0.9739      0.9241      0.8648
        8         0.3549      0.1398      0.0677


                    NORMALIZATION CONSTANTS

  EXPERIMENT     DETECTORS(1-32)
  1  0.3116E+08


                    RECOMMENDED RELATIVE GE(LI) EFFICIENCIES

  EXPERIMENT
  1  0.1000E+01


     CALCULATED AND EXPERIMENTAL YIELDS   EXPERIMENT  1 DETECTOR  1

      NI     NF       II        IF         ENERGY(MEV)      YCAL        YEXP       PC. DIFF.  (YE-YC)/SIGMA
       4      3        6.0       4.0         0.6008      .1363E+04      .1662E+04     18.0      1.8              
       7      6        4.0       2.0         0.6070      .6202E+04      .6250E+04      0.8      0.4              
       3      2        4.0       2.0         0.4830      .1492E+06      .1493E+06      0.0      0.1              
       6      1        2.0       0.0         0.6220      .1427E+05      .1427E+05      0.0      0.0              
       6      2        2.0       2.0         0.2940      .1185E+06      .1185E+06      0.0      0.0              
       2      1        2.0       0.0         0.3280      .4836E+07      .4836E+07     -0.0     -0.0              

                                                  CHISQ SUBTOTAL =   0.352753E+01


          E2/M1 MIXING RATIOS
          TRANSITION          EXP.DELTA          CALC.DELTA          SIGMA

           6---  2               15.00              15.06              0.03


                    CALCULATED LIFETIMES

     LEVEL     LIFETIME(PSEC)     EXP        ERROR

        2       0.6040E+02     0.6045E+02    0.8650E+00
        3       0.4614E+01     0.5340E+01    0.2880E+00
        4       0.1680E+01     0.2310E+01    0.7220E+00
        5       0.1587E+01     0.1590E+01    0.4300E+00
        6       0.4202E+02     0.5050E+02    0.5770E+01
        7       0.7756E+00     0.5500E+01    0.8660E+00
        8       0.5742E+03


CALCULATED AND EXPERIMENTAL MATRIX ELEMENTS


     NI NF  EXP. ME   CURRENT ME   SIGMA
      2   2    0.8300    0.8450    0.1879
      6   6   -0.6596   -0.4698    0.2878

                                        MATRIX ELEMENTS


     MULTIPOLARITY=2
    INDEX   NF     NS          ME          PC CHANGE     RED. TRANS. PROB.
       1      1      2        1.28726       -0.00004        0.33141   
       2      1      6        0.11113       -0.00121        0.00247   
       3      2      2        0.84503       -0.04209     **********   
       4      2      3        2.42720       -0.00273        0.65459   
       5      2      6        1.87284       -0.00121        0.70151   
       6      2      7        0.39874        0.01118        0.01767   
       7      3      3        0.78341        0.01006     **********   
       8      3      4        2.81750        0.01751        0.61064   
       9      3      6        0.74719        0.01921        0.11166   
      10      3      7        2.02762        0.04242        0.45680   
      11      3      8        0.09996       -0.00001        0.00091   
      12      4      4        0.77631        0.01006     **********   
      13      4      5        2.37024       -0.00000        0.33047   
      14      4      7        0.18039        0.07635        0.00362   
      15      4      8        0.09999       -0.00001        0.00091   
      16      6      6       -0.46977       -0.01555     **********   
      17      6      7        3.02653       -0.00896        1.01777   
      18      7      7       -0.46977       -0.01555     **********   
      19      7      8        0.09996       -0.00001        0.00091   
     MULTIPOLARITY=7
    INDEX   NF     NS          ME          PC CHANGE     RED. TRANS. PROB.
      20      2      6        0.03044        0.00337        0.00019   
      21      3      7        0.51210        0.26864        0.02914   
               ********* END OF EXECUTION **********
