1
 *****************************************************************************************************************************
 *****************************************************************************************************************************
 **************************************************                         **************************************************
 **************************************************          GOSIA          **************************************************
 **************************************************                         **************************************************
 *****************************************************************************************************************************
 *****************************************************************************************************************************





                    ROCHESTER COULOMB EXCITATION DATA ANALYSIS CODE BY T.CZOSNYKA,D.CLINE AND C.Y.WU
                                                  VERS. 20110524.2   NOV 2011






          14C beam on 194Pt target integration                                            
          ----------------------------------------------------------------------------------------------------

                                        LEVELS

     INDEX     PARITY         SPIN           ENERGY(MEV)
       1           +           0.0            0.0000
       2           +           2.0            0.3280
       3           +           4.0            0.8110
       4           +           6.0            1.4118
       5           +           8.0            2.0995
       6           +           2.0            0.6220
       7           +           4.0            1.2295
       8           +           5.0            1.4987
       9           -           3.0            1.4320

                                        MATRIX ELEMENTS


     MULTIPOLARITY=1
    INDEX   NF     NS          ME               LIMITS
       1      2      9        0.00030       -2.00000        2.00000
       2      3      9        0.00044       -2.00000        2.00000
       3      6      9        0.10000       -2.00000        2.00000
       4      7      9        0.15160       -2.00000        2.00000
     MULTIPOLARITY=2
    INDEX   NF     NS          ME               LIMITS
       5      1      2        1.28108        0.00010        3.00000
       6      1      6        0.09835       -2.00000        2.00000
       7      2      2        0.83000       -2.00000        2.00000
       8      2      3        2.25913        0.00010        3.00000
       9      2      6        1.72302       -2.00000        2.00000
      10      2      7        0.14702       -2.00000        2.00000
      11      3      3        0.10000       -2.00000        2.00000
      12      3      4        2.41057        0.00010        3.00000
      13      3      6        0.10000       -2.00000        2.00000
      14      3      7        0.91684       -2.00000        2.00000
      15      3      8        0.10000       -2.00000        2.00000
      16      4      4        0.10000       -2.00000        2.00000
      17      4      5        2.41057        0.00010        3.00000
      18      4      7        0.10000       -2.00000        2.00000
      19      4      8        0.10000       -2.00000        2.00000
      20      6      6       -0.65960       -2.00000        2.00000
      21      6      7        1.12290        0.00010        2.00000
      22      7      8        0.10000       -2.00000        2.00000
     MULTIPOLARITY=3
    INDEX   NF     NS          ME               LIMITS
      23      1      9        0.29867       -2.00000        2.00000
     MULTIPOLARITY=7
    INDEX   NF     NS          ME               LIMITS
      24      2      6        0.02992       -2.00000        2.00000
      25      3      7        0.13314       -2.00000        2.00000

                                               REPRINT OF EXPERIMENTAL DATA TO BE FITTED





     EXPERIMENT  1
  PROJECTILE ( 78.,194.)  43.750 MEV ---1 GE(LI) DETECTOR(S)  WEIGHT=0.10E+01
                    ** EXPERIMENTAL YIELDS **
    DECAY IS  IF         YIELD+/-ERROR

      15   3   2  0.108532E+01     0.108522E+01
      19   2   1  0.100000E+01     0.999900E+00


        2 EXPERIMENTAL YIELDS           25 MATRIX ELEMENTS TO BE VARIED



                                        BRANCHING RATIOS

     NS1     NF1     NS2     NF2     RATIO(1:2)         ERROR
      6       1       6       2        0.13690        0.02300
      7       3       7       6        0.14400        0.01400
      7       2       7       6        0.12200        0.00800
      9       1       9       2        0.00330        0.00030
      9       3       9       2        0.08100        0.00300
      9       4       9       2        0.03900        0.01100
      9       7       9       2        0.01600        0.00600
     BRANCHING RATIOS ARE TAKEN WITH WEIGHT    0.100000E+01



                              LIFETIMES(PSEC)


     LEVEL         LIFETIME     ERROR

        2           60.45         0.86
        3            5.34         0.29
        4            2.31         0.72
        5            1.59         0.43
        6           50.50         5.77
        7            5.50         0.00
        9            0.22        28.90

          LIFETIMES ARE TAKEN WITH WEIGHT    0.100000E+01


                    EXPERIMENTAL E2/M1 MIXING RATIOS


          TRANSITION            DELTA          ERROR

           6---  2               15.0000           2.0000

          E2/M1 MIXING RATIOS ARE TAKEN WITH WEIGHT    0.100000E+01


                              EXPERIMENTAL MATRIX ELEMENT(S)


          TRANSITION          MAT.EL.          ERROR

           2---  2                0.8300           0.0800
           6---  6               -0.6596           0.6596

           MATRIX ELEMENT(S) ARE TAKEN WITH WEIGHT    0.100000E+01



          ** EXPERIMENT  1 **


     TARGET EXCITATION OF( 78,194.000) BY(  6, 14.000)
     ENERGY     43.750 MEV     BETA   0.819121E-01
     DISTANCE OF CLOSEST APPROACH FOR HEAD-ON COLLISIONS    16.5143 FM
     CM SCATTERING ANGLE    138.316 DEG     EPSILON     1.0700
     RECOIL ENERGY(MEV)      9.5568
     RECOIL BETA    0.102844E-01
     BOMBARDING ENERGY=     0.892 OF SAFE BOMBARDING ENERGY AT THIS ANGLE


                              EXPERIMENT  1          MAX.XI=0.5887

                              E1        MI=0     MAX.ZETA= 1.535


     XI             Q1                      Q2


             SLOPE  INTERCEPT       SLOPE     INTERCEPT


  0.0000   0.00E+00  0.00E+00      -.25E-03  0.90E+00
  0.0654   0.35E-02  0.85E-01      -.11E-02  0.82E+00
  0.1308   0.30E-02  0.13E+00      -.96E-03  0.70E+00
  0.1962   0.11E-02  0.16E+00      0.10E-02  0.60E+00
  0.2616   -.95E-03  0.19E+00      0.41E-02  0.50E+00
  0.3270   -.32E-02  0.20E+00      0.76E-02  0.42E+00
  0.3924   -.56E-02  0.22E+00      0.11E-01  0.35E+00
  0.4578   -.84E-02  0.24E+00      0.14E-01  0.29E+00
  0.5232   -.12E-01  0.26E+00      0.17E-01  0.24E+00
  0.5887   -.17E-01  0.28E+00      0.20E-01  0.20E+00


                              E1        MI=+/-1     MAX.ZETA= 1.253


     XI             Q1                      Q2


             SLOPE  INTERCEPT       SLOPE     INTERCEPT


  0.0000   0.00E+00  0.11E-01      0.00E+00  -.00E+00
  0.1472   0.00E+00  0.35E-02      0.00E+00  -.57E-01
  0.2943   0.00E+00  0.52E-02      0.00E+00  -.58E-01
  0.4415   0.00E+00  0.11E-01      0.00E+00  -.48E-01
  0.5887   0.00E+00  0.15E-01      0.00E+00  -.36E-01


                              EXPERIMENT  1          MAX.XI=0.4788

                              E2        MI=0     MAX.ZETA= 1.105


     XI             Q1                      Q2


             SLOPE  INTERCEPT       SLOPE     INTERCEPT


  0.0000   0.00E+00  0.00E+00      -.50E-04  0.88E+00
  0.0532   0.16E-02  0.39E-01      -.32E-03  0.87E+00
  0.1064   0.27E-02  0.72E-01      -.98E-03  0.83E+00
  0.1596   0.31E-02  0.10E+00      -.15E-02  0.78E+00
  0.2128   0.30E-02  0.13E+00      -.17E-02  0.73E+00
  0.2660   0.25E-02  0.15E+00      -.14E-02  0.67E+00
  0.3192   0.17E-02  0.17E+00      -.50E-03  0.62E+00
  0.3724   0.71E-03  0.18E+00      0.82E-03  0.56E+00
  0.4256   -.37E-03  0.20E+00      0.25E-02  0.51E+00
  0.4788   -.16E-02  0.21E+00      0.44E-02  0.46E+00


                              E2        MI=+/-1     MAX.ZETA= 1.105


     XI             Q1                      Q2


             SLOPE  INTERCEPT       SLOPE     INTERCEPT


  0.0000   0.00E+00  0.20E-01      0.00E+00  -.00E+00
  0.1197   0.00E+00  0.16E-01      0.00E+00  -.55E-01
  0.2394   0.00E+00  0.74E-02      0.00E+00  -.82E-01
  0.3591   0.00E+00  0.13E-02      0.00E+00  -.89E-01
  0.4788   0.00E+00  0.86E-02      0.00E+00  -.85E-01


                              EXPERIMENT  1          MAX.XI=0.7589

                              E3        MI=0     MAX.ZETA= 0.500


     XI             Q1                      Q2


             SLOPE  INTERCEPT       SLOPE     INTERCEPT


  0.0000   0.00E+00  0.00E+00      -.13E-04  0.84E+00
  0.0843   0.72E-03  0.40E-01      -.17E-03  0.83E+00
  0.1687   0.12E-02  0.77E-01      -.52E-03  0.79E+00
  0.2530   0.14E-02  0.11E+00      -.81E-03  0.73E+00
  0.3373   0.12E-02  0.14E+00      -.82E-03  0.67E+00
  0.4216   0.84E-03  0.16E+00      -.47E-03  0.60E+00
  0.5060   0.32E-03  0.18E+00      0.25E-03  0.53E+00
  0.5903   -.31E-03  0.20E+00      0.13E-02  0.47E+00
  0.6746   -.11E-02  0.22E+00      0.25E-02  0.41E+00
  0.7589   -.20E-02  0.24E+00      0.39E-02  0.35E+00


                              E3        MI=+/-1     MAX.ZETA= 0.500


     XI             Q1                      Q2


             SLOPE  INTERCEPT       SLOPE     INTERCEPT


  0.0000   0.00E+00  0.25E-01      0.00E+00  -.00E+00
  0.1897   0.00E+00  0.19E-01      0.00E+00  -.71E-01
  0.3795   0.00E+00  0.55E-02      0.00E+00  -.10E+00
  0.5692   0.00E+00  0.74E-02      0.00E+00  -.11E+00
  0.7589   0.00E+00  0.18E-01      0.00E+00  -.93E-01


          E2/M1 MIXING RATIOS
          TRANSITION          EXP.DELTA          CALC.DELTA          SIGMA

           6---  2               15.00              14.10             -0.45


                    CALCULATED LIFETIMES

     LEVEL     LIFETIME(PSEC)     EXP        ERROR

        2       -.1000E+01     0.6045E+02    0.8650E+00
        3       -.1000E+01     0.5340E+01    0.2880E+00
        4       -.1000E+01     0.2310E+01    0.7220E+00
        5       -.1000E+01     0.1590E+01    0.4300E+00
        6       -.1000E+01     0.5050E+02    0.5770E+01
        7       -.1000E+01     0.5500E+01    0.0000E+00
        8       -.1000E+01
        9       -.1000E+01     0.2160E+00    0.2890E+02


CALCULATED AND EXPERIMENTAL MATRIX ELEMENTS


     NI NF  EXP. ME   CURRENT ME   SIGMA
      2   2    0.8300    0.8300    0.0000
      6   6   -0.6596   -0.6596    0.0000
               ********* END OF EXECUTION **********
