 1 0 0 0 0
  2 11 1  -2.0   2.0
  3  9 1  -2.0   2.0
  3 11 1  -2.0   2.0
  4  9 1  -2.0   2.0
  4 10 1  -2.0   2.0
  6 11 1  -2.0   2.0
  7  9 1  -2.0   2.0
  7 11 1  -2.0   2.0
  8  9 1  -2.0   2.0
  8 10 1  -2.0   2.0
 2 0 0 0 0
  1  2 1  -2.0   2.0
  1  6 1  -2.0   2.0
  2  2 1  -2.0   2.0
  2  3 1  -2.0   2.0
  2  6 1  -2.0   2.0
  2  7 1  -2.0   2.0
  3  3 1  -2.0   2.0
  3  4 1  -2.0   2.0
  3  6 1  -2.0   2.0
  3  7 1  -2.0   2.0
  3  8 1  -2.0   2.0
  4  4 1  -2.0   2.0
  4  5 1  -2.0   2.0
  4  7 1  -2.0   2.0
  4  8 1  -2.0   2.0
  5  5 1  -2.0   2.0
  6  6 1  -2.0   2.0
  6  7 1  -2.0   2.0
  7  7 1  -2.0   2.0
  7  8 1  -2.0   2.0
  8  8 1  -2.0   2.0
  9  9 1  -2.0   2.0
  9 10 1  -2.0   2.0
  9 11 1  -2.0   2.0
 10 10 1  -2.0   2.0
 11 11 1  -2.0   2.0
 3 0 0 0 0
  1 11 1  -2.0   2.0
  2  9 1  -2.0   2.0
  2 11 1  -2.0   2.0
  3  9 1  -2.0   2.0
  3 10 1  -2.0   2.0
  3 11 1  -2.0   2.0
  4  9 1  -2.0   2.0
  4 10 1  -2.0   2.0
  4 11 1  -2.0   2.0
  5  9 1  -2.0   2.0
  5 10 1  -2.0   2.0
  6  9 1  -2.0   2.0
  6 11 1  -2.0   2.0
  7  9 1  -2.0   2.0
  7 10 1  -2.0   2.0
  7 11 1  -2.0   2.0
  8  9 1  -2.0   2.0
  8 10 1  -2.0   2.0
  8 11 1  -2.0   2.0
 7 0 0 0 0
  2  2 1  -2.0   2.0
  2  6 1  -2.0   2.0
  3  3 1  -2.0   2.0
  3  7 1  -2.0   2.0
  3  8 1  -2.0   2.0
  4  4 1  -2.0   2.0
  4  8 1  -2.0   2.0
  5  5 1  -2.0   2.0
  6  6 1  -2.0   2.0
  7  7 1  -2.0   2.0
  7  8 1  -2.0   2.0
  8  8 1  -2.0   2.0
  9  9 1  -2.0   2.0
  9 10 1  -2.0   2.0
 10 10 1  -2.0   2.0
 11 11 1  -2.0   2.0
 0 0 0 0 0
