1
 *****************************************************************************************************************************
 *****************************************************************************************************************************
 **************************************************                         **************************************************
 **************************************************          GOSIA          **************************************************
 **************************************************                         **************************************************
 *****************************************************************************************************************************
 *****************************************************************************************************************************





                    ROCHESTER COULOMB EXCITATION DATA ANALYSIS CODE BY T.CZOSNYKA,D.CLINE AND C.Y.WU
                                                  VERSION: 20110524.5






          OP,STAR output                                                                  
          ----------------------------------------------------------------------------------------------------

                                        LEVELS

     INDEX     PARITY         SPIN           ENERGY(MEV)
       1           +           0.0            0.0000
       2           +           2.0            0.3280
       3           +           4.0            0.8110
       4           +           6.0            1.4118
       5           +           8.0            2.0995
       6           +           2.0            0.6220
       7           +           4.0            1.2295
       8           +           5.0            1.4987
       9           -           3.0            1.4320

                                        MATRIX ELEMENTS


     MULTIPOLARITY=1
    INDEX   NF     NS          ME               LIMITS
       1      2      9        0.00030       -1.00000        1.00000
       2      3      9        0.00044       -1.00000        1.00000
       3      6      9        0.00014       -1.00000        1.00000
       4      7      9        0.00152       -1.00000        1.00000
     MULTIPOLARITY=2
    INDEX   NF     NS          ME               LIMITS
       5      1      2        1.28108       -2.00000        2.00000
       6      1      6        0.09835       -1.00000        1.00000
       7      2      2        1.00000       -1.00000        1.00000
       8      2      3        2.25913       -2.00000        2.00000
       9      2      6        1.72302       -2.00000        2.00000
      10      2      7        0.14702       -1.00000        1.00000
      11      3      3        1.00000       -1.00000        3.00000
      12      3      6        1.00000       -1.00000        1.00000
      13      3      7        0.91684       -1.50000        1.50000
      14      3      8        1.00000       -1.00000        1.00000
      15      4      5        1.00000       -1.00000        1.00000
      16      4      7        1.00000       -1.00000        1.00000
      17      4      8        1.00000       -1.00000        1.00000
      18      6      6        1.00000       -1.00000        1.00000
      19      6      7        1.12290       -2.00000        2.00000
      20      7      8        1.00000       -1.00000        1.00000
     MULTIPOLARITY=3
    INDEX   NF     NS          ME               LIMITS
      21      1      9        0.29867       -1.00000        1.00000
     MULTIPOLARITY=7
    INDEX   NF     NS          ME               LIMITS
      22      2      6        0.02992       -1.00000        1.00000
      23      3      7        0.13314       -1.00000        1.00000



          ** EXPERIMENT  1 **


     TARGET EXCITATION OF( 78,194.000) BY(  6, 14.000)
     ENERGY     43.750 MEV     BETA   0.819121E-01
     DISTANCE OF CLOSEST APPROACH FOR HEAD-ON COLLISIONS    16.5143 FM
     CM SCATTERING ANGLE    147.382 DEG     EPSILON     1.0419
     RECOIL ENERGY(MEV)     10.0790
     RECOIL BETA    0.105616E-01
     BOMBARDING ENERGY=     0.904 OF SAFE BOMBARDING ENERGY AT THIS ANGLE


                                        EXCITATION AMPLITUDES

          M=  0.0     EXPERIMENT  1

     LEVEL  SPIN  M     REAL AMPLITUDE  IMAGINARY AMPLITUDE


        1    0.0    0.0    0.923709E+00    0.338746E-01
        2    2.0   -2.0    0.562459E-03    0.223892E-02
        2    2.0   -1.0   -0.243107E-02    0.250032E-01
        2    2.0    0.0    0.466151E-01   -0.366903E+00
        2    2.0    1.0   -0.243107E-02    0.250032E-01
        2    2.0    2.0    0.562459E-03    0.223892E-02
        3    4.0   -3.0   -0.486344E-04    0.915174E-05
        3    4.0   -2.0    0.111274E-04   -0.199671E-03
        3    4.0   -1.0    0.922994E-02    0.245286E-02
        3    4.0    0.0   -0.603935E-01   -0.150949E-01
        3    4.0    1.0    0.922994E-02    0.245286E-02
        3    4.0    2.0    0.111274E-04   -0.199671E-03
        3    4.0    3.0   -0.486344E-04    0.915174E-05
        4    6.0   -3.0   -0.113316E-06    0.118783E-06
        4    6.0   -2.0   -0.183326E-06    0.288606E-05
        4    6.0   -1.0    0.215788E-04   -0.536421E-04
        4    6.0    0.0   -0.122074E-03    0.208918E-03
        4    6.0    1.0    0.215788E-04   -0.536421E-04
        4    6.0    2.0   -0.183326E-06    0.288606E-05
        4    6.0    3.0   -0.113316E-06    0.118783E-06
        5    8.0   -3.0   -0.351731E-08   -0.443877E-08
        5    8.0   -2.0    0.131848E-06    0.102794E-06
        5    8.0   -1.0   -0.997573E-06   -0.829738E-06
        5    8.0    0.0    0.271103E-05    0.253021E-05
        5    8.0    1.0   -0.997573E-06   -0.829738E-06
        5    8.0    2.0    0.131848E-06    0.102794E-06
        5    8.0    3.0   -0.351731E-08   -0.443877E-08
        6    2.0   -2.0    0.994263E-03    0.620266E-04
        6    2.0   -1.0   -0.338332E-02    0.156579E-02
        6    2.0    0.0    0.553585E-01   -0.131081E-01
        6    2.0    1.0   -0.338332E-02    0.156579E-02
        6    2.0    2.0    0.994263E-03    0.620266E-04
        7    4.0   -3.0   -0.530111E-05    0.701355E-05
        7    4.0   -2.0   -0.173817E-05   -0.930595E-04
        7    4.0   -1.0    0.574590E-03    0.898715E-03
        7    4.0    0.0   -0.270043E-02   -0.506047E-02
        7    4.0    1.0    0.574590E-03    0.898715E-03
        7    4.0    2.0   -0.173817E-05   -0.930595E-04
        7    4.0    3.0   -0.530111E-05    0.701355E-05
        8    5.0   -3.0   -0.297663E-05   -0.436502E-05
        8    5.0   -2.0    0.478689E-04    0.392690E-04
        8    5.0   -1.0   -0.256329E-03   -0.139639E-03
        8    5.0    0.0   -0.158730E-21   -0.220763E-21
        8    5.0    1.0    0.256329E-03    0.139639E-03
        8    5.0    2.0   -0.478689E-04   -0.392690E-04
        8    5.0    3.0    0.297663E-05    0.436502E-05
        9    3.0   -3.0   -0.301930E-06   -0.967487E-05
        9    3.0   -2.0    0.700505E-05   -0.978878E-04
        9    3.0   -1.0   -0.325830E-05    0.277060E-02
        9    3.0    0.0   -0.273772E-03   -0.132801E-01
        9    3.0    1.0   -0.325830E-05    0.277060E-02
        9    3.0    2.0    0.700505E-05   -0.978878E-04
        9    3.0    3.0   -0.301930E-06   -0.967487E-05

     SUM OF PROBABILITIES=  0.100000E+01
  LEVEL  1          POPULATION   0.854386E+00
  LEVEL  2          POPULATION   0.138063E+00
  LEVEL  3          POPULATION   0.405773E-02
  LEVEL  4          POPULATION   0.652518E-07
  LEVEL  5          POPULATION   0.171748E-10
  LEVEL  6          POPULATION   0.326616E-02
  LEVEL  7          POPULATION   0.351938E-04
  LEVEL  8          POPULATION   0.178130E-06
  LEVEL  9          POPULATION   0.191809E-03
               ********* END OF EXECUTION **********
